2023-11-04 12:44:30,116 - [INFO] - {'dataset': 'ml', 'data_path': './data/', 'name': 'ICDE_rebuttal_ml_DRO_POS_mf_frame_t1_0.17_t2_1.06_t3_1.0_2048_800_lr_1e-4_l2_1e-3_NODROP_False_MODE_multi_04_11_2023_12:44:30', 'train_ratio': 0.8, 'gnn': 'mf_frame', 'epoch': 1000, 'batch_size': 2048, 'test_batch_size': 2048, 'dim': 64, 'l2': 0.001, 'lr': 0.0001, 'mess_dropout': False, 'mess_dropout_rate': 0.1, 'edge_dropout': False, 'edge_dropout_rate': 0.1, 'batch_test_flag': True, 'ns': 'mixgcf', 'K': 1, 'n_negs': 800, 'pool': 'mean', 'cuda': True, 'gpu_id': 0, 'Ks': '[5, 10, 15, 20]', 'test_flag': 'part', 'context_hops': 3, 'eval_earlystop': 'recall@20', 'tau_plus': 0.1, 'temperature': 0.17, 'beta': 1.0, 'sample_num': 2048, 's_neg': 64, 's_pos': 64, 'norm_change': False, 'norm_path': None, 'u_norm': True, 'i_norm': True, 'alpha': 0.1, 'save': False, 'save_analyses': False, 'log_hard_rate': False, 'norm_before': False, 'norm_after': False, 'batch_var': False, 'out_dir': './weights/', 'log_dir': './log_pos/', 'config_dir': './config/', 'restore': False, 'bash_train': False, 'emb_l2': False, 'lam': 0.1, 'lam_per_epoch': 0.1, 'margin': 0.9, 'negative_weight': 150, 'loss_fn': 'Pos_DROLoss', 'sampling_method': 'uniform', 'load_name': 'uniform', 'generate_mode': 'cosine', 'reweight_period': 5, 'mix_target': 'mix_target', 'mask_distribution': 'mask_distribution', 'neg_alpha': 1.6, 'pos_alpha': 2.0, 'dim_mask': 'both', 'expolation_mask': False, 'mix_replace': False, 'save_emb': False, 'sample_replace': False, 'init_norm': 'uniform', 'init_mean': 2.0, 'init_std': 2.0, 'pop_pow': 1.0, 'save_mle': False, 'l2_mode': 'static', 'temperature_2': 1.06, 'temperature_3': 1.0, 'group_valid': False, 'score_save': 'alpha', 'tau_min': 0.05, 'tau_max': 0.15, 'm': 0.9, 'pow_rate': 0.9, 't_min': 0.05, 't_max': 0.15, 't_epoch': 0.01, 't_patience': 50, 'tau_mode': 'static', 'pos_num': 10, 'beta_1': 10, 'beta_2': 10, 'kl_mode': 'kl', 'lam_bank': False, 'neg_rate': '', 'trans_mode': 'else', 'group_mode': 'equal_pop', 'pos_mode': 'multi', 'group_mix_mode': 'v1', 'kl_memory_fun': 'v0', 'm_tau': 0.9, 'loss_re': False, 'min_lr': 1e-06, 'cnt_lr': 10, 'group_num': 10, 'w1': 0.9, 'w2': 0.9, 'w3': 0.9, 'w4': 0.9, 'negative_weight2': 0.9, 'gamma': 0.9, 'lambda_': 0.9, 'initial_weight': 0.9, 'ii_neighbor_num': 0.9, 'bool_sigmoid': 1, 'bool_normalized': 1, 'bool_omega': 1, 'lambda_thresh': 10.0, 'lam_epoch': 5, 'add_epoch': 5, 'bool_save': 1, 'lambda_mode': 1, 'pos_prob': 1.0}
2023-11-04 12:44:31,383 - [INFO] - load train.txt
2023-11-04 12:44:33,082 - [INFO] - building the adj mat ...
2023-11-04 12:44:33,487 - [INFO] - train set len is 796244
2023-11-04 12:44:33,487 - [INFO] - test set len is 99455
2023-11-04 12:44:33,487 - [INFO] - loading over ...
2023-11-04 12:44:33,487 - [INFO] - users are 6022 items are 3043
Here is Pos_DROLoss loss
tau_1	tau_2 tau_3 	 is 0.17	1.06	 1.0 loss_re False MODE multi
2023-11-04 12:44:39,826 - [INFO] - Evaluation Protocols is 1 @ 20
2023-11-04 12:44:39,828 - [INFO] - start training ...
2023-11-04 12:45:03,086 - [INFO] - E:0|train_time: 22.77, VALID_time: 0.4322, losses:0.2256, losses_emb:0.01633, best_valid(recall@20): -inf
valid 	 N@5: 0.00847, R@5: 0.002167, P@5: 0.007904
valid 	 N@10: 0.008658, R@10: 0.004366, P@10: 0.007705
valid 	 N@15: 0.008867, R@15: 0.006118, P@15: 0.007462
valid 	 N@20: 0.009353, R@20: 0.007964, P@20: 0.007481

2023-11-04 12:45:24,988 - [INFO] - E:1|train_time: 21.49, VALID_time: 0.3638, losses:0.01976, losses_emb:0.01611, best_valid(recall@20): 0.007964
valid 	 N@5: 0.02411, R@5: 0.005788, P@5: 0.02321
valid 	 N@10: 0.02364, R@10: 0.01074, P@10: 0.02157
valid 	 N@15: 0.02422, R@15: 0.01605, P@15: 0.02077
valid 	 N@20: 0.02482, R@20: 0.02008, P@20: 0.01996

2023-11-04 12:45:47,222 - [INFO] - E:2|train_time: 21.76, VALID_time: 0.3936, losses:-0.4439, losses_emb:0.01588, best_valid(recall@20): 0.02008
valid 	 N@5: 0.05977, R@5: 0.0162, P@5: 0.05759
valid 	 N@10: 0.05965, R@10: 0.03092, P@10: 0.05413
valid 	 N@15: 0.06132, R@15: 0.04409, P@15: 0.05174
valid 	 N@20: 0.06414, R@20: 0.05724, P@20: 0.05002

2023-11-04 12:46:08,877 - [INFO] - E:3|train_time: 21.11, VALID_time: 0.4886, losses:-0.684, losses_emb:0.01558, best_valid(recall@20): 0.05724
valid 	 N@5: 0.08533, R@5: 0.02678, P@5: 0.08193
valid 	 N@10: 0.08408, R@10: 0.04799, P@10: 0.07381
valid 	 N@15: 0.08702, R@15: 0.06743, P@15: 0.06991
valid 	 N@20: 0.0902, R@20: 0.08422, P@20: 0.06559

2023-11-04 12:46:30,969 - [INFO] - E:4|train_time: 21.7, VALID_time: 0.3188, losses:-0.8075, losses_emb:0.01528, best_valid(recall@20): 0.08422
valid 	 N@5: 0.1118, R@5: 0.03855, P@5: 0.1053
valid 	 N@10: 0.1093, R@10: 0.06581, P@10: 0.09286
valid 	 N@15: 0.1124, R@15: 0.09091, P@15: 0.0859
valid 	 N@20: 0.1165, R@20: 0.1126, P@20: 0.0797

2023-11-04 12:46:52,653 - [INFO] - E:5|train_time: 21.22, VALID_time: 0.4118, losses:-0.9243, losses_emb:0.01498, best_valid(recall@20): 0.1126
valid 	 N@5: 0.1357, R@5: 0.05036, P@5: 0.1273
valid 	 N@10: 0.1343, R@10: 0.08601, P@10: 0.1121
valid 	 N@15: 0.1375, R@15: 0.115, P@15: 0.1018
valid 	 N@20: 0.1421, R@20: 0.1392, P@20: 0.09389

2023-11-04 12:47:14,677 - [INFO] - E:6|train_time: 21.62, VALID_time: 0.3542, losses:-1.024, losses_emb:0.0147, best_valid(recall@20): 0.1392
valid 	 N@5: 0.1541, R@5: 0.06045, P@5: 0.1436
valid 	 N@10: 0.1535, R@10: 0.1022, P@10: 0.1261
valid 	 N@15: 0.1582, R@15: 0.1364, P@15: 0.1148
valid 	 N@20: 0.1648, R@20: 0.1655, P@20: 0.1067

2023-11-04 12:47:36,780 - [INFO] - E:7|train_time: 21.63, VALID_time: 0.4155, losses:-1.1, losses_emb:0.01443, best_valid(recall@20): 0.1655
valid 	 N@5: 0.1695, R@5: 0.06868, P@5: 0.1565
valid 	 N@10: 0.1695, R@10: 0.1159, P@10: 0.1374
valid 	 N@15: 0.1748, R@15: 0.153, P@15: 0.1248
valid 	 N@20: 0.1822, R@20: 0.1854, P@20: 0.1159

2023-11-04 12:47:58,356 - [INFO] - E:8|train_time: 21.22, VALID_time: 0.2795, losses:-1.155, losses_emb:0.01416, best_valid(recall@20): 0.1854
valid 	 N@5: 0.1805, R@5: 0.0755, P@5: 0.1663
valid 	 N@10: 0.1806, R@10: 0.1255, P@10: 0.1454
valid 	 N@15: 0.1869, R@15: 0.1661, P@15: 0.1319
valid 	 N@20: 0.1952, R@20: 0.201, P@20: 0.1227

2023-11-04 12:48:20,161 - [INFO] - E:9|train_time: 21.34, VALID_time: 0.4124, losses:-1.197, losses_emb:0.01392, best_valid(recall@20): 0.201
valid 	 N@5: 0.1889, R@5: 0.08056, P@5: 0.1736
valid 	 N@10: 0.1896, R@10: 0.1343, P@10: 0.1514
valid 	 N@15: 0.1967, R@15: 0.1768, P@15: 0.1379
valid 	 N@20: 0.2045, R@20: 0.2113, P@20: 0.1271

2023-11-04 12:48:42,125 - [INFO] - E:10|train_time: 21.59, VALID_time: 0.3009, losses:-1.229, losses_emb:0.01368, best_valid(recall@20): 0.2113
valid 	 N@5: 0.1952, R@5: 0.08504, P@5: 0.179
valid 	 N@10: 0.197, R@10: 0.141, P@10: 0.1567
valid 	 N@15: 0.2046, R@15: 0.1854, P@15: 0.1426
valid 	 N@20: 0.2125, R@20: 0.2205, P@20: 0.131

2023-11-04 12:49:04,064 - [INFO] - E:11|train_time: 21.58, VALID_time: 0.3159, losses:-1.253, losses_emb:0.01346, best_valid(recall@20): 0.2205
valid 	 N@5: 0.2, R@5: 0.08857, P@5: 0.1834
valid 	 N@10: 0.2025, R@10: 0.1465, P@10: 0.1608
valid 	 N@15: 0.2097, R@15: 0.1908, P@15: 0.1454
valid 	 N@20: 0.2187, R@20: 0.2283, P@20: 0.1344

2023-11-04 12:49:25,254 - [INFO] - E:12|train_time: 20.86, VALID_time: 0.2639, losses:-1.273, losses_emb:0.01325, best_valid(recall@20): 0.2283
valid 	 N@5: 0.2039, R@5: 0.0914, P@5: 0.1872
valid 	 N@10: 0.2062, R@10: 0.1501, P@10: 0.1634
valid 	 N@15: 0.2146, R@15: 0.1965, P@15: 0.1487
valid 	 N@20: 0.2232, R@20: 0.2332, P@20: 0.1369

2023-11-04 12:49:47,164 - [INFO] - E:13|train_time: 21.5, VALID_time: 0.3665, losses:-1.289, losses_emb:0.01306, best_valid(recall@20): 0.2332
valid 	 N@5: 0.2078, R@5: 0.09366, P@5: 0.1896
valid 	 N@10: 0.2117, R@10: 0.155, P@10: 0.1673
valid 	 N@15: 0.2195, R@15: 0.201, P@15: 0.1514
valid 	 N@20: 0.2282, R@20: 0.2391, P@20: 0.1389

2023-11-04 12:50:08,365 - [INFO] - E:14|train_time: 20.89, VALID_time: 0.2748, losses:-1.302, losses_emb:0.01287, best_valid(recall@20): 0.2391
valid 	 N@5: 0.2114, R@5: 0.09583, P@5: 0.1938
valid 	 N@10: 0.2145, R@10: 0.1578, P@10: 0.1691
valid 	 N@15: 0.2222, R@15: 0.204, P@15: 0.1525
valid 	 N@20: 0.232, R@20: 0.2436, P@20: 0.1412

2023-11-04 12:50:29,523 - [INFO] - E:15|train_time: 20.86, VALID_time: 0.2516, losses:-1.313, losses_emb:0.01269, best_valid(recall@20): 0.2436
valid 	 N@5: 0.2152, R@5: 0.09771, P@5: 0.1972
valid 	 N@10: 0.218, R@10: 0.161, P@10: 0.1717
valid 	 N@15: 0.2254, R@15: 0.2068, P@15: 0.1543
valid 	 N@20: 0.2352, R@20: 0.2467, P@20: 0.1426

2023-11-04 12:50:51,116 - [INFO] - E:16|train_time: 21.27, VALID_time: 0.2725, losses:-1.322, losses_emb:0.01252, best_valid(recall@20): 0.2467
valid 	 N@5: 0.2172, R@5: 0.09815, P@5: 0.1979
valid 	 N@10: 0.2203, R@10: 0.1624, P@10: 0.1728
valid 	 N@15: 0.2285, R@15: 0.2097, P@15: 0.1563
valid 	 N@20: 0.2386, R@20: 0.2507, P@20: 0.1443

2023-11-04 12:51:12,854 - [INFO] - E:17|train_time: 21.34, VALID_time: 0.3518, losses:-1.331, losses_emb:0.01235, best_valid(recall@20): 0.2507
valid 	 N@5: 0.2205, R@5: 0.1008, P@5: 0.2012
valid 	 N@10: 0.2226, R@10: 0.1639, P@10: 0.1742
valid 	 N@15: 0.2315, R@15: 0.2125, P@15: 0.1581
valid 	 N@20: 0.2413, R@20: 0.2534, P@20: 0.1457

2023-11-04 12:51:34,024 - [INFO] - E:18|train_time: 20.78, VALID_time: 0.35, losses:-1.337, losses_emb:0.0122, best_valid(recall@20): 0.2534
valid 	 N@5: 0.2223, R@5: 0.1016, P@5: 0.2023
valid 	 N@10: 0.2256, R@10: 0.1667, P@10: 0.1764
valid 	 N@15: 0.2346, R@15: 0.2159, P@15: 0.1601
valid 	 N@20: 0.2435, R@20: 0.2551, P@20: 0.1466

2023-11-04 12:51:55,377 - [INFO] - E:19|train_time: 21.03, VALID_time: 0.2625, losses:-1.343, losses_emb:0.01205, best_valid(recall@20): 0.2551
valid 	 N@5: 0.2245, R@5: 0.1029, P@5: 0.2051
valid 	 N@10: 0.2268, R@10: 0.167, P@10: 0.1775
valid 	 N@15: 0.2359, R@15: 0.2173, P@15: 0.1611
valid 	 N@20: 0.2453, R@20: 0.2577, P@20: 0.1479

2023-11-04 12:52:16,699 - [INFO] - E:20|train_time: 20.96, VALID_time: 0.3218, losses:-1.348, losses_emb:0.0119, best_valid(recall@20): 0.2577
valid 	 N@5: 0.2251, R@5: 0.104, P@5: 0.2056
valid 	 N@10: 0.2281, R@10: 0.1681, P@10: 0.1789
valid 	 N@15: 0.2369, R@15: 0.2185, P@15: 0.1616
valid 	 N@20: 0.2467, R@20: 0.2595, P@20: 0.1488

2023-11-04 12:52:38,345 - [INFO] - E:21|train_time: 21.34, VALID_time: 0.237, losses:-1.351, losses_emb:0.01177, best_valid(recall@20): 0.2595
valid 	 N@5: 0.2268, R@5: 0.1045, P@5: 0.2068
valid 	 N@10: 0.2292, R@10: 0.1687, P@10: 0.1792
valid 	 N@15: 0.2384, R@15: 0.2194, P@15: 0.1624
valid 	 N@20: 0.2481, R@20: 0.2606, P@20: 0.1492

2023-11-04 12:53:00,185 - [INFO] - E:22|train_time: 21.41, VALID_time: 0.3938, losses:-1.356, losses_emb:0.01163, best_valid(recall@20): 0.2606
valid 	 N@5: 0.2269, R@5: 0.1047, P@5: 0.2069
valid 	 N@10: 0.2299, R@10: 0.1701, P@10: 0.1798
valid 	 N@15: 0.2393, R@15: 0.2214, P@15: 0.163
valid 	 N@20: 0.2497, R@20: 0.2632, P@20: 0.1506

2023-11-04 12:53:22,144 - [INFO] - E:23|train_time: 21.6, VALID_time: 0.2907, losses:-1.359, losses_emb:0.01151, best_valid(recall@20): 0.2632
valid 	 N@5: 0.2278, R@5: 0.1044, P@5: 0.2078
valid 	 N@10: 0.2316, R@10: 0.1713, P@10: 0.1814
valid 	 N@15: 0.241, R@15: 0.2233, P@15: 0.164
valid 	 N@20: 0.2504, R@20: 0.2636, P@20: 0.1506

2023-11-04 12:53:43,706 - [INFO] - E:24|train_time: 21.22, VALID_time: 0.2891, losses:-1.362, losses_emb:0.01138, best_valid(recall@20): 0.2636
valid 	 N@5: 0.2303, R@5: 0.1064, P@5: 0.2108
valid 	 N@10: 0.2332, R@10: 0.1728, P@10: 0.1827
valid 	 N@15: 0.2416, R@15: 0.2235, P@15: 0.1641
valid 	 N@20: 0.2515, R@20: 0.2643, P@20: 0.1515

2023-11-04 12:54:05,468 - [INFO] - E:25|train_time: 21.45, VALID_time: 0.2614, losses:-1.364, losses_emb:0.01127, best_valid(recall@20): 0.2643
valid 	 N@5: 0.2308, R@5: 0.1063, P@5: 0.2107
valid 	 N@10: 0.2341, R@10: 0.1739, P@10: 0.1833
valid 	 N@15: 0.2425, R@15: 0.2239, P@15: 0.165
valid 	 N@20: 0.2525, R@20: 0.2657, P@20: 0.1518

2023-11-04 12:54:26,847 - [INFO] - E:26|train_time: 21.03, VALID_time: 0.3149, losses:-1.367, losses_emb:0.01116, best_valid(recall@20): 0.2657
valid 	 N@5: 0.2331, R@5: 0.1082, P@5: 0.2124
valid 	 N@10: 0.2348, R@10: 0.1736, P@10: 0.1829
valid 	 N@15: 0.2438, R@15: 0.2253, P@15: 0.1652
valid 	 N@20: 0.2537, R@20: 0.2668, P@20: 0.152

2023-11-04 12:54:48,368 - [INFO] - E:27|train_time: 21.27, VALID_time: 0.2028, losses:-1.369, losses_emb:0.01105, best_valid(recall@20): 0.2668
valid 	 N@5: 0.2327, R@5: 0.1078, P@5: 0.2125
valid 	 N@10: 0.2355, R@10: 0.1744, P@10: 0.1841
valid 	 N@15: 0.2444, R@15: 0.2257, P@15: 0.166
valid 	 N@20: 0.2547, R@20: 0.2687, P@20: 0.1529

2023-11-04 12:55:09,986 - [INFO] - E:28|train_time: 21.15, VALID_time: 0.4412, losses:-1.37, losses_emb:0.01094, best_valid(recall@20): 0.2687
valid 	 N@5: 0.2334, R@5: 0.1071, P@5: 0.2128
valid 	 N@10: 0.2363, R@10: 0.1745, P@10: 0.1845
valid 	 N@15: 0.2451, R@15: 0.2261, P@15: 0.1662
valid 	 N@20: 0.2553, R@20: 0.2686, P@20: 0.1531

2023-11-04 12:55:31,366 - [INFO] - E:29|train_time: 21.03, VALID_time: 0.3082, losses:-1.372, losses_emb:0.01084, best_valid(recall@20): 0.2687
valid 	 N@5: 0.2343, R@5: 0.1079, P@5: 0.2134
valid 	 N@10: 0.2373, R@10: 0.1756, P@10: 0.1853
valid 	 N@15: 0.2461, R@15: 0.2271, P@15: 0.1669
valid 	 N@20: 0.2564, R@20: 0.2701, P@20: 0.1536

2023-11-04 12:55:53,281 - [INFO] - E:30|train_time: 21.44, VALID_time: 0.3823, losses:-1.373, losses_emb:0.01074, best_valid(recall@20): 0.2701
valid 	 N@5: 0.2346, R@5: 0.1078, P@5: 0.2132
valid 	 N@10: 0.2375, R@10: 0.1756, P@10: 0.1851
valid 	 N@15: 0.2469, R@15: 0.2278, P@15: 0.1676
valid 	 N@20: 0.2568, R@20: 0.2701, P@20: 0.1538

2023-11-04 12:56:15,075 - [INFO] - E:31|train_time: 21.37, VALID_time: 0.3455, losses:-1.375, losses_emb:0.01065, best_valid(recall@20): 0.2701
valid 	 N@5: 0.2361, R@5: 0.1079, P@5: 0.215
valid 	 N@10: 0.2385, R@10: 0.1755, P@10: 0.1861
valid 	 N@15: 0.2473, R@15: 0.228, P@15: 0.1677
valid 	 N@20: 0.2577, R@20: 0.2712, P@20: 0.1544

2023-11-04 12:56:37,215 - [INFO] - E:32|train_time: 21.83, VALID_time: 0.2649, losses:-1.377, losses_emb:0.01056, best_valid(recall@20): 0.2712
valid 	 N@5: 0.2354, R@5: 0.1085, P@5: 0.214
valid 	 N@10: 0.2388, R@10: 0.1768, P@10: 0.1863
valid 	 N@15: 0.2475, R@15: 0.2284, P@15: 0.1677
valid 	 N@20: 0.2579, R@20: 0.2714, P@20: 0.1545

2023-11-04 12:56:58,615 - [INFO] - E:33|train_time: 21.01, VALID_time: 0.3426, losses:-1.378, losses_emb:0.01047, best_valid(recall@20): 0.2714
valid 	 N@5: 0.2369, R@5: 0.1093, P@5: 0.2161
valid 	 N@10: 0.2391, R@10: 0.1765, P@10: 0.1864
valid 	 N@15: 0.2482, R@15: 0.2286, P@15: 0.1683
valid 	 N@20: 0.2585, R@20: 0.2719, P@20: 0.1548

2023-11-04 12:57:20,571 - [INFO] - E:34|train_time: 21.54, VALID_time: 0.3386, losses:-1.379, losses_emb:0.01039, best_valid(recall@20): 0.2719
valid 	 N@5: 0.2361, R@5: 0.1088, P@5: 0.215
valid 	 N@10: 0.2394, R@10: 0.1774, P@10: 0.1869
valid 	 N@15: 0.2489, R@15: 0.2302, P@15: 0.1691
valid 	 N@20: 0.2587, R@20: 0.2722, P@20: 0.1551

2023-11-04 12:57:42,007 - [INFO] - E:35|train_time: 20.97, VALID_time: 0.4074, losses:-1.379, losses_emb:0.01031, best_valid(recall@20): 0.2722
valid 	 N@5: 0.2372, R@5: 0.1091, P@5: 0.2156
valid 	 N@10: 0.2401, R@10: 0.1777, P@10: 0.1868
valid 	 N@15: 0.2494, R@15: 0.2304, P@15: 0.1688
valid 	 N@20: 0.2597, R@20: 0.2731, P@20: 0.1556

2023-11-04 12:58:03,839 - [INFO] - E:36|train_time: 21.41, VALID_time: 0.3624, losses:-1.38, losses_emb:0.01023, best_valid(recall@20): 0.2731
valid 	 N@5: 0.2398, R@5: 0.1094, P@5: 0.2177
valid 	 N@10: 0.2423, R@10: 0.1789, P@10: 0.1883
valid 	 N@15: 0.2509, R@15: 0.2309, P@15: 0.1694
valid 	 N@20: 0.2611, R@20: 0.274, P@20: 0.1558

2023-11-04 12:58:25,191 - [INFO] - E:37|train_time: 20.9, VALID_time: 0.3942, losses:-1.381, losses_emb:0.01016, best_valid(recall@20): 0.274
valid 	 N@5: 0.239, R@5: 0.1099, P@5: 0.2174
valid 	 N@10: 0.2414, R@10: 0.1786, P@10: 0.1878
valid 	 N@15: 0.25, R@15: 0.2299, P@15: 0.169
valid 	 N@20: 0.2606, R@20: 0.2731, P@20: 0.1559

2023-11-04 12:58:46,979 - [INFO] - E:38|train_time: 21.35, VALID_time: 0.394, losses:-1.382, losses_emb:0.01008, best_valid(recall@20): 0.274
valid 	 N@5: 0.2396, R@5: 0.11, P@5: 0.2182
valid 	 N@10: 0.2417, R@10: 0.1783, P@10: 0.188
valid 	 N@15: 0.2508, R@15: 0.2308, P@15: 0.1698
valid 	 N@20: 0.2609, R@20: 0.274, P@20: 0.1558

2023-11-04 12:59:08,306 - [INFO] - E:39|train_time: 20.87, VALID_time: 0.409, losses:-1.382, losses_emb:0.01001, best_valid(recall@20): 0.274
valid 	 N@5: 0.2407, R@5: 0.1113, P@5: 0.2199
valid 	 N@10: 0.2419, R@10: 0.1791, P@10: 0.1878
valid 	 N@15: 0.2509, R@15: 0.2308, P@15: 0.1695
valid 	 N@20: 0.2615, R@20: 0.2745, P@20: 0.1562

2023-11-04 12:59:30,362 - [INFO] - E:40|train_time: 21.7, VALID_time: 0.3107, losses:-1.383, losses_emb:0.009946, best_valid(recall@20): 0.2745
valid 	 N@5: 0.2396, R@5: 0.1111, P@5: 0.2183
valid 	 N@10: 0.2419, R@10: 0.1789, P@10: 0.1882
valid 	 N@15: 0.2506, R@15: 0.2301, P@15: 0.1694
valid 	 N@20: 0.2613, R@20: 0.2745, P@20: 0.1562

2023-11-04 12:59:51,841 - [INFO] - E:41|train_time: 21.08, VALID_time: 0.3469, losses:-1.384, losses_emb:0.00988, best_valid(recall@20): 0.2745
valid 	 N@5: 0.2395, R@5: 0.1103, P@5: 0.2173
valid 	 N@10: 0.2428, R@10: 0.1795, P@10: 0.1889
valid 	 N@15: 0.2517, R@15: 0.2318, P@15: 0.1701
valid 	 N@20: 0.2617, R@20: 0.2744, P@20: 0.1562

2023-11-04 13:00:13,473 - [INFO] - E:42|train_time: 21.28, VALID_time: 0.3073, losses:-1.385, losses_emb:0.009817, best_valid(recall@20): 0.2745
valid 	 N@5: 0.2398, R@5: 0.1102, P@5: 0.2178
valid 	 N@10: 0.2425, R@10: 0.1793, P@10: 0.1885
valid 	 N@15: 0.2518, R@15: 0.2324, P@15: 0.1702
valid 	 N@20: 0.2619, R@20: 0.2751, P@20: 0.1563

2023-11-04 13:00:35,312 - [INFO] - E:43|train_time: 21.24, VALID_time: 0.5519, losses:-1.385, losses_emb:0.009755, best_valid(recall@20): 0.2751
valid 	 N@5: 0.2412, R@5: 0.1111, P@5: 0.2195
valid 	 N@10: 0.2432, R@10: 0.18, P@10: 0.189
valid 	 N@15: 0.2522, R@15: 0.2322, P@15: 0.1702
valid 	 N@20: 0.2626, R@20: 0.2755, P@20: 0.1567

2023-11-04 13:00:57,129 - [INFO] - E:44|train_time: 21.5, VALID_time: 0.2386, losses:-1.385, losses_emb:0.009696, best_valid(recall@20): 0.2755
valid 	 N@5: 0.2414, R@5: 0.1112, P@5: 0.2202
valid 	 N@10: 0.2434, R@10: 0.1796, P@10: 0.1895
valid 	 N@15: 0.2522, R@15: 0.2323, P@15: 0.1702
valid 	 N@20: 0.2623, R@20: 0.2751, P@20: 0.1564

2023-11-04 13:01:18,448 - [INFO] - E:45|train_time: 21.0, VALID_time: 0.292, losses:-1.386, losses_emb:0.009639, best_valid(recall@20): 0.2755
valid 	 N@5: 0.2406, R@5: 0.1104, P@5: 0.2186
valid 	 N@10: 0.2438, R@10: 0.1809, P@10: 0.1894
valid 	 N@15: 0.2528, R@15: 0.2333, P@15: 0.1706
valid 	 N@20: 0.2626, R@20: 0.2752, P@20: 0.1566

2023-11-04 13:01:40,025 - [INFO] - E:46|train_time: 21.19, VALID_time: 0.3329, losses:-1.387, losses_emb:0.009584, best_valid(recall@20): 0.2755
valid 	 N@5: 0.2405, R@5: 0.11, P@5: 0.2186
valid 	 N@10: 0.2436, R@10: 0.1797, P@10: 0.1896
valid 	 N@15: 0.2528, R@15: 0.2333, P@15: 0.1707
valid 	 N@20: 0.2627, R@20: 0.2755, P@20: 0.1567

2023-11-04 13:02:01,634 - [INFO] - E:47|train_time: 21.3, VALID_time: 0.2598, losses:-1.387, losses_emb:0.009529, best_valid(recall@20): 0.2755
valid 	 N@5: 0.2413, R@5: 0.1115, P@5: 0.2192
valid 	 N@10: 0.2444, R@10: 0.1812, P@10: 0.19
valid 	 N@15: 0.2528, R@15: 0.2325, P@15: 0.1705
valid 	 N@20: 0.2629, R@20: 0.2752, P@20: 0.1566

2023-11-04 13:02:23,701 - [INFO] - E:48|train_time: 21.64, VALID_time: 0.3917, losses:-1.387, losses_emb:0.009478, best_valid(recall@20): 0.2755
valid 	 N@5: 0.241, R@5: 0.1109, P@5: 0.2184
valid 	 N@10: 0.2448, R@10: 0.1812, P@10: 0.1903
valid 	 N@15: 0.2538, R@15: 0.234, P@15: 0.1714
valid 	 N@20: 0.2634, R@20: 0.2757, P@20: 0.157

2023-11-04 13:02:45,358 - [INFO] - E:49|train_time: 21.21, VALID_time: 0.4083, losses:-1.388, losses_emb:0.009427, best_valid(recall@20): 0.2757
valid 	 N@5: 0.2427, R@5: 0.1119, P@5: 0.2213
valid 	 N@10: 0.2444, R@10: 0.1805, P@10: 0.1897
valid 	 N@15: 0.2532, R@15: 0.2326, P@15: 0.1708
valid 	 N@20: 0.2633, R@20: 0.2758, P@20: 0.1569

2023-11-04 13:03:07,116 - [INFO] - E:50|train_time: 21.37, VALID_time: 0.3468, losses:-1.388, losses_emb:0.009379, best_valid(recall@20): 0.2758
valid 	 N@5: 0.2423, R@5: 0.1117, P@5: 0.2204
valid 	 N@10: 0.2445, R@10: 0.1805, P@10: 0.1899
valid 	 N@15: 0.2537, R@15: 0.2341, P@15: 0.1712
valid 	 N@20: 0.2634, R@20: 0.276, P@20: 0.1569

2023-11-04 13:03:28,962 - [INFO] - E:51|train_time: 21.41, VALID_time: 0.3762, losses:-1.389, losses_emb:0.009332, best_valid(recall@20): 0.276
valid 	 N@5: 0.2422, R@5: 0.1113, P@5: 0.2198
valid 	 N@10: 0.2445, R@10: 0.1803, P@10: 0.1897
valid 	 N@15: 0.2536, R@15: 0.2333, P@15: 0.1709
valid 	 N@20: 0.2637, R@20: 0.2759, P@20: 0.1573

2023-11-04 13:03:50,286 - [INFO] - E:52|train_time: 21.02, VALID_time: 0.2416, losses:-1.389, losses_emb:0.009286, best_valid(recall@20): 0.276
valid 	 N@5: 0.2403, R@5: 0.1112, P@5: 0.2188
valid 	 N@10: 0.2442, R@10: 0.1812, P@10: 0.1905
valid 	 N@15: 0.2532, R@15: 0.2343, P@15: 0.1714
valid 	 N@20: 0.2631, R@20: 0.2763, P@20: 0.1571

2023-11-04 13:04:11,898 - [INFO] - E:53|train_time: 21.27, VALID_time: 0.2876, losses:-1.389, losses_emb:0.009242, best_valid(recall@20): 0.2763
valid 	 N@5: 0.2406, R@5: 0.1106, P@5: 0.2181
valid 	 N@10: 0.2444, R@10: 0.181, P@10: 0.1901
valid 	 N@15: 0.2537, R@15: 0.2345, P@15: 0.1714
valid 	 N@20: 0.2636, R@20: 0.2766, P@20: 0.1572

2023-11-04 13:04:33,425 - [INFO] - E:54|train_time: 21.14, VALID_time: 0.3472, losses:-1.39, losses_emb:0.009199, best_valid(recall@20): 0.2766
valid 	 N@5: 0.2423, R@5: 0.1116, P@5: 0.22
valid 	 N@10: 0.2452, R@10: 0.1816, P@10: 0.1903
valid 	 N@15: 0.2541, R@15: 0.2338, P@15: 0.1715
valid 	 N@20: 0.264, R@20: 0.2761, P@20: 0.1573

2023-11-04 13:04:54,773 - [INFO] - E:55|train_time: 21.0, VALID_time: 0.306, losses:-1.39, losses_emb:0.009157, best_valid(recall@20): 0.2766
valid 	 N@5: 0.2424, R@5: 0.1124, P@5: 0.2207
valid 	 N@10: 0.2448, R@10: 0.1814, P@10: 0.1901
valid 	 N@15: 0.2539, R@15: 0.2339, P@15: 0.1713
valid 	 N@20: 0.2641, R@20: 0.2768, P@20: 0.1575

2023-11-04 13:05:16,590 - [INFO] - E:56|train_time: 21.43, VALID_time: 0.3519, losses:-1.39, losses_emb:0.009116, best_valid(recall@20): 0.2768
valid 	 N@5: 0.2414, R@5: 0.1115, P@5: 0.219
valid 	 N@10: 0.2453, R@10: 0.1815, P@10: 0.1905
valid 	 N@15: 0.2543, R@15: 0.2339, P@15: 0.1715
valid 	 N@20: 0.2646, R@20: 0.277, P@20: 0.1576

2023-11-04 13:05:38,473 - [INFO] - E:57|train_time: 21.47, VALID_time: 0.3749, losses:-1.39, losses_emb:0.009076, best_valid(recall@20): 0.277
valid 	 N@5: 0.2412, R@5: 0.1116, P@5: 0.2192
valid 	 N@10: 0.2453, R@10: 0.182, P@10: 0.1908
valid 	 N@15: 0.2539, R@15: 0.2337, P@15: 0.1715
valid 	 N@20: 0.2641, R@20: 0.2767, P@20: 0.1575

2023-11-04 13:06:00,092 - [INFO] - E:58|train_time: 21.16, VALID_time: 0.4025, losses:-1.39, losses_emb:0.009038, best_valid(recall@20): 0.277
valid 	 N@5: 0.2425, R@5: 0.1111, P@5: 0.2193
valid 	 N@10: 0.2463, R@10: 0.182, P@10: 0.1911
valid 	 N@15: 0.2546, R@15: 0.2338, P@15: 0.1714
valid 	 N@20: 0.2652, R@20: 0.2776, P@20: 0.1579

2023-11-04 13:06:21,509 - [INFO] - E:59|train_time: 21.06, VALID_time: 0.2705, losses:-1.391, losses_emb:0.009002, best_valid(recall@20): 0.2776
valid 	 N@5: 0.2415, R@5: 0.1109, P@5: 0.2194
valid 	 N@10: 0.245, R@10: 0.1815, P@10: 0.1904
valid 	 N@15: 0.2539, R@15: 0.234, P@15: 0.1714
valid 	 N@20: 0.2642, R@20: 0.2772, P@20: 0.1576

2023-11-04 13:06:42,388 - [INFO] - E:60|train_time: 20.48, VALID_time: 0.3654, losses:-1.391, losses_emb:0.008965, best_valid(recall@20): 0.2776
valid 	 N@5: 0.2417, R@5: 0.1113, P@5: 0.2194
valid 	 N@10: 0.2464, R@10: 0.1829, P@10: 0.1918
valid 	 N@15: 0.254, R@15: 0.2338, P@15: 0.1709
valid 	 N@20: 0.2647, R@20: 0.2772, P@20: 0.1576

2023-11-04 13:07:04,055 - [INFO] - E:61|train_time: 21.36, VALID_time: 0.2608, losses:-1.391, losses_emb:0.008931, best_valid(recall@20): 0.2776
valid 	 N@5: 0.2427, R@5: 0.1115, P@5: 0.2198
valid 	 N@10: 0.2465, R@10: 0.1821, P@10: 0.1913
valid 	 N@15: 0.2555, R@15: 0.2351, P@15: 0.1721
valid 	 N@20: 0.2654, R@20: 0.2777, P@20: 0.1578

2023-11-04 13:07:25,450 - [INFO] - E:62|train_time: 21.03, VALID_time: 0.3236, losses:-1.392, losses_emb:0.008896, best_valid(recall@20): 0.2777
valid 	 N@5: 0.2423, R@5: 0.1116, P@5: 0.2204
valid 	 N@10: 0.2456, R@10: 0.182, P@10: 0.191
valid 	 N@15: 0.2547, R@15: 0.2349, P@15: 0.1719
valid 	 N@20: 0.2643, R@20: 0.2764, P@20: 0.1575

2023-11-04 13:07:47,603 - [INFO] - E:63|train_time: 21.8, VALID_time: 0.303, losses:-1.391, losses_emb:0.008863, best_valid(recall@20): 0.2777
valid 	 N@5: 0.2438, R@5: 0.1123, P@5: 0.2216
valid 	 N@10: 0.2465, R@10: 0.182, P@10: 0.1913
valid 	 N@15: 0.2558, R@15: 0.2352, P@15: 0.1725
valid 	 N@20: 0.2657, R@20: 0.2774, P@20: 0.1583

2023-11-04 13:08:09,675 - [INFO] - E:64|train_time: 21.72, VALID_time: 0.3154, losses:-1.391, losses_emb:0.008831, best_valid(recall@20): 0.2777
valid 	 N@5: 0.2435, R@5: 0.1125, P@5: 0.2207
valid 	 N@10: 0.2468, R@10: 0.1825, P@10: 0.1917
valid 	 N@15: 0.2546, R@15: 0.2335, P@15: 0.1712
valid 	 N@20: 0.2651, R@20: 0.2773, P@20: 0.1577

2023-11-04 13:08:31,848 - [INFO] - E:65|train_time: 21.69, VALID_time: 0.4163, losses:-1.393, losses_emb:0.0088, best_valid(recall@20): 0.2777
valid 	 N@5: 0.2432, R@5: 0.1121, P@5: 0.2209
valid 	 N@10: 0.2466, R@10: 0.1826, P@10: 0.1917
valid 	 N@15: 0.2547, R@15: 0.2338, P@15: 0.1716
valid 	 N@20: 0.2651, R@20: 0.2777, P@20: 0.1578

2023-11-04 13:08:53,665 - [INFO] - E:66|train_time: 21.37, VALID_time: 0.3927, losses:-1.392, losses_emb:0.00877, best_valid(recall@20): 0.2777
valid 	 N@5: 0.243, R@5: 0.1119, P@5: 0.2213
valid 	 N@10: 0.2457, R@10: 0.1824, P@10: 0.1907
valid 	 N@15: 0.2546, R@15: 0.2344, P@15: 0.172
valid 	 N@20: 0.2648, R@20: 0.2781, P@20: 0.1577

2023-11-04 13:09:15,668 - [INFO] - E:67|train_time: 21.64, VALID_time: 0.2883, losses:-1.393, losses_emb:0.00874, best_valid(recall@20): 0.2781
valid 	 N@5: 0.2439, R@5: 0.1128, P@5: 0.2213
valid 	 N@10: 0.2465, R@10: 0.182, P@10: 0.1915
valid 	 N@15: 0.2557, R@15: 0.2352, P@15: 0.1725
valid 	 N@20: 0.2652, R@20: 0.2772, P@20: 0.1579

2023-11-04 13:09:37,379 - [INFO] - E:68|train_time: 21.3, VALID_time: 0.3522, losses:-1.393, losses_emb:0.008711, best_valid(recall@20): 0.2781
valid 	 N@5: 0.243, R@5: 0.1123, P@5: 0.2206
valid 	 N@10: 0.2461, R@10: 0.1824, P@10: 0.191
valid 	 N@15: 0.2546, R@15: 0.2345, P@15: 0.1712
valid 	 N@20: 0.265, R@20: 0.2776, P@20: 0.1577

2023-11-04 13:09:59,311 - [INFO] - E:69|train_time: 21.48, VALID_time: 0.384, losses:-1.393, losses_emb:0.008683, best_valid(recall@20): 0.2781
valid 	 N@5: 0.2442, R@5: 0.1122, P@5: 0.2218
valid 	 N@10: 0.2466, R@10: 0.1822, P@10: 0.1912
valid 	 N@15: 0.2557, R@15: 0.2353, P@15: 0.1724
valid 	 N@20: 0.2655, R@20: 0.2776, P@20: 0.1579

2023-11-04 13:10:20,798 - [INFO] - E:70|train_time: 21.13, VALID_time: 0.3094, losses:-1.393, losses_emb:0.008656, best_valid(recall@20): 0.2781
valid 	 N@5: 0.2445, R@5: 0.1124, P@5: 0.2221
valid 	 N@10: 0.2471, R@10: 0.1828, P@10: 0.1917
valid 	 N@15: 0.2563, R@15: 0.2359, P@15: 0.1728
valid 	 N@20: 0.2661, R@20: 0.2789, P@20: 0.1581

2023-11-04 13:10:42,685 - [INFO] - E:71|train_time: 21.48, VALID_time: 0.3461, losses:-1.393, losses_emb:0.008629, best_valid(recall@20): 0.2789
valid 	 N@5: 0.2437, R@5: 0.1128, P@5: 0.2212
valid 	 N@10: 0.2466, R@10: 0.1824, P@10: 0.1912
valid 	 N@15: 0.2555, R@15: 0.2349, P@15: 0.1721
valid 	 N@20: 0.2657, R@20: 0.278, P@20: 0.1579

2023-11-04 13:11:04,426 - [INFO] - E:72|train_time: 21.43, VALID_time: 0.2811, losses:-1.393, losses_emb:0.008603, best_valid(recall@20): 0.2789
valid 	 N@5: 0.2432, R@5: 0.1125, P@5: 0.2205
valid 	 N@10: 0.2469, R@10: 0.1833, P@10: 0.1919
valid 	 N@15: 0.2548, R@15: 0.2344, P@15: 0.1715
valid 	 N@20: 0.2651, R@20: 0.2777, P@20: 0.1576

2023-11-04 13:11:26,202 - [INFO] - E:73|train_time: 21.31, VALID_time: 0.4267, losses:-1.393, losses_emb:0.008578, best_valid(recall@20): 0.2789
valid 	 N@5: 0.2439, R@5: 0.1133, P@5: 0.2219
valid 	 N@10: 0.2464, R@10: 0.182, P@10: 0.1915
valid 	 N@15: 0.2556, R@15: 0.2348, P@15: 0.1725
valid 	 N@20: 0.2655, R@20: 0.2776, P@20: 0.1581

2023-11-04 13:11:47,794 - [INFO] - E:74|train_time: 21.2, VALID_time: 0.3385, losses:-1.393, losses_emb:0.008553, best_valid(recall@20): 0.2789
valid 	 N@5: 0.2437, R@5: 0.1126, P@5: 0.2209
valid 	 N@10: 0.2474, R@10: 0.183, P@10: 0.1924
valid 	 N@15: 0.2553, R@15: 0.2343, P@15: 0.1719
valid 	 N@20: 0.2657, R@20: 0.278, P@20: 0.1581

2023-11-04 13:12:09,547 - [INFO] - E:75|train_time: 21.31, VALID_time: 0.3744, losses:-1.394, losses_emb:0.00853, best_valid(recall@20): 0.2789
valid 	 N@5: 0.2424, R@5: 0.112, P@5: 0.2195
valid 	 N@10: 0.2468, R@10: 0.1828, P@10: 0.1919
valid 	 N@15: 0.2556, R@15: 0.2355, P@15: 0.1725
valid 	 N@20: 0.2654, R@20: 0.278, P@20: 0.1578

2023-11-04 13:12:31,443 - [INFO] - E:76|train_time: 21.49, VALID_time: 0.3644, losses:-1.394, losses_emb:0.008506, best_valid(recall@20): 0.2789
valid 	 N@5: 0.2442, R@5: 0.1131, P@5: 0.222
valid 	 N@10: 0.2463, R@10: 0.1824, P@10: 0.1908
valid 	 N@15: 0.255, R@15: 0.2342, P@15: 0.1717
valid 	 N@20: 0.265, R@20: 0.2773, P@20: 0.1575

2023-11-04 13:12:53,074 - [INFO] - E:77|train_time: 21.24, VALID_time: 0.3426, losses:-1.394, losses_emb:0.008484, best_valid(recall@20): 0.2789
valid 	 N@5: 0.2437, R@5: 0.1125, P@5: 0.2214
valid 	 N@10: 0.2463, R@10: 0.1829, P@10: 0.1909
valid 	 N@15: 0.2553, R@15: 0.2351, P@15: 0.172
valid 	 N@20: 0.2653, R@20: 0.2777, P@20: 0.1579

2023-11-04 13:13:14,804 - [INFO] - E:78|train_time: 21.35, VALID_time: 0.3456, losses:-1.394, losses_emb:0.008462, best_valid(recall@20): 0.2789
valid 	 N@5: 0.2444, R@5: 0.1125, P@5: 0.2224
valid 	 N@10: 0.2469, R@10: 0.183, P@10: 0.1917
valid 	 N@15: 0.2554, R@15: 0.2347, P@15: 0.1722
valid 	 N@20: 0.2658, R@20: 0.2785, P@20: 0.1583

2023-11-04 13:13:36,567 - [INFO] - E:79|train_time: 21.36, VALID_time: 0.3608, losses:-1.394, losses_emb:0.008441, best_valid(recall@20): 0.2789
valid 	 N@5: 0.2451, R@5: 0.1133, P@5: 0.2229
valid 	 N@10: 0.2473, R@10: 0.1833, P@10: 0.1919
valid 	 N@15: 0.2553, R@15: 0.2343, P@15: 0.1718
valid 	 N@20: 0.2656, R@20: 0.2776, P@20: 0.1581

2023-11-04 13:13:58,236 - [INFO] - E:80|train_time: 21.38, VALID_time: 0.2464, losses:-1.395, losses_emb:0.00842, best_valid(recall@20): 0.2789
valid 	 N@5: 0.2445, R@5: 0.1131, P@5: 0.2229
valid 	 N@10: 0.2468, R@10: 0.1828, P@10: 0.192
valid 	 N@15: 0.2552, R@15: 0.2346, P@15: 0.1721
valid 	 N@20: 0.2657, R@20: 0.2783, P@20: 0.1586

2023-11-04 13:14:19,715 - [INFO] - E:81|train_time: 21.09, VALID_time: 0.3643, losses:-1.394, losses_emb:0.0084, best_valid(recall@20): 0.2789
valid 	 N@5: 0.244, R@5: 0.1127, P@5: 0.2222
valid 	 N@10: 0.2466, R@10: 0.1829, P@10: 0.1917
valid 	 N@15: 0.2551, R@15: 0.2347, P@15: 0.1722
valid 	 N@20: 0.2654, R@20: 0.278, P@20: 0.1583

2023-11-04 13:14:41,296 - [INFO] - E:82|train_time: 21.24, VALID_time: 0.2891, losses:-1.395, losses_emb:0.00838, best_valid(recall@20): 0.2789
valid 	 N@5: 0.2439, R@5: 0.1129, P@5: 0.2216
valid 	 N@10: 0.2466, R@10: 0.1825, P@10: 0.1914
valid 	 N@15: 0.2557, R@15: 0.2351, P@15: 0.1723
valid 	 N@20: 0.266, R@20: 0.2784, P@20: 0.1585

2023-11-04 13:15:02,889 - [INFO] - E:83|train_time: 21.24, VALID_time: 0.3273, losses:-1.395, losses_emb:0.00836, best_valid(recall@20): 0.2789
valid 	 N@5: 0.2438, R@5: 0.1125, P@5: 0.2221
valid 	 N@10: 0.2465, R@10: 0.1828, P@10: 0.1915
valid 	 N@15: 0.2554, R@15: 0.2353, P@15: 0.1723
valid 	 N@20: 0.2655, R@20: 0.2781, P@20: 0.1583

2023-11-04 13:15:24,552 - [INFO] - E:84|train_time: 21.29, VALID_time: 0.3093, losses:-1.395, losses_emb:0.008342, best_valid(recall@20): 0.2789
valid 	 N@5: 0.2451, R@5: 0.113, P@5: 0.2225
valid 	 N@10: 0.248, R@10: 0.1835, P@10: 0.1926
valid 	 N@15: 0.2564, R@15: 0.2352, P@15: 0.1729
valid 	 N@20: 0.2663, R@20: 0.2781, P@20: 0.1585

2023-11-04 13:15:45,966 - [INFO] - E:85|train_time: 20.99, VALID_time: 0.3915, losses:-1.395, losses_emb:0.008323, best_valid(recall@20): 0.2789
valid 	 N@5: 0.2425, R@5: 0.1121, P@5: 0.22
valid 	 N@10: 0.2462, R@10: 0.1818, P@10: 0.1915
valid 	 N@15: 0.2552, R@15: 0.2353, P@15: 0.1722
valid 	 N@20: 0.2651, R@20: 0.2774, P@20: 0.1579

2023-11-04 13:16:07,566 - [INFO] - E:86|train_time: 21.38, VALID_time: 0.1895, losses:-1.395, losses_emb:0.008306, best_valid(recall@20): 0.2789
valid 	 N@5: 0.2436, R@5: 0.1128, P@5: 0.2216
valid 	 N@10: 0.2469, R@10: 0.1828, P@10: 0.1921
valid 	 N@15: 0.2552, R@15: 0.2342, P@15: 0.1722
valid 	 N@20: 0.2651, R@20: 0.2773, P@20: 0.1577

2023-11-04 13:16:29,165 - [INFO] - E:87|train_time: 21.23, VALID_time: 0.3425, losses:-1.395, losses_emb:0.008288, best_valid(recall@20): 0.2789
valid 	 N@5: 0.2447, R@5: 0.113, P@5: 0.2229
valid 	 N@10: 0.2474, R@10: 0.1831, P@10: 0.1924
valid 	 N@15: 0.2558, R@15: 0.2347, P@15: 0.1727
valid 	 N@20: 0.2662, R@20: 0.2787, P@20: 0.1586

2023-11-04 13:16:50,478 - [INFO] - E:88|train_time: 21.07, VALID_time: 0.1972, losses:-1.395, losses_emb:0.008271, best_valid(recall@20): 0.2789
valid 	 N@5: 0.2443, R@5: 0.1126, P@5: 0.2221
valid 	 N@10: 0.2474, R@10: 0.1831, P@10: 0.1922
valid 	 N@15: 0.2555, R@15: 0.2344, P@15: 0.1722
valid 	 N@20: 0.2657, R@20: 0.2778, P@20: 0.1581

2023-11-04 13:17:12,080 - [INFO] - E:89|train_time: 21.26, VALID_time: 0.3209, losses:-1.395, losses_emb:0.008254, best_valid(recall@20): 0.2789
valid 	 N@5: 0.2455, R@5: 0.1139, P@5: 0.2229
valid 	 N@10: 0.2475, R@10: 0.1826, P@10: 0.192
valid 	 N@15: 0.2562, R@15: 0.2348, P@15: 0.1726
valid 	 N@20: 0.2663, R@20: 0.2779, P@20: 0.1586

2023-11-04 13:17:33,822 - [INFO] - E:90|train_time: 21.45, VALID_time: 0.2491, losses:-1.395, losses_emb:0.008238, best_valid(recall@20): 0.2789
valid 	 N@5: 0.2439, R@5: 0.1129, P@5: 0.2226
valid 	 N@10: 0.2465, R@10: 0.1829, P@10: 0.1918
valid 	 N@15: 0.255, R@15: 0.2345, P@15: 0.1721
valid 	 N@20: 0.2653, R@20: 0.2777, P@20: 0.1582

2023-11-04 13:17:55,439 - [INFO] - E:91|train_time: 21.24, VALID_time: 0.3552, losses:-1.396, losses_emb:0.008222, best_valid(recall@20): 0.2789
valid 	 N@5: 0.2436, R@5: 0.1115, P@5: 0.2197
valid 	 N@10: 0.2478, R@10: 0.1832, P@10: 0.1918
valid 	 N@15: 0.256, R@15: 0.2345, P@15: 0.172
valid 	 N@20: 0.2662, R@20: 0.278, P@20: 0.1578

2023-11-04 13:18:17,861 - [INFO] - E:92|train_time: 21.93, VALID_time: 0.428, losses:-1.396, losses_emb:0.008206, best_valid(recall@20): 0.2789
valid 	 N@5: 0.2436, R@5: 0.1126, P@5: 0.221
valid 	 N@10: 0.2475, R@10: 0.1828, P@10: 0.1924
valid 	 N@15: 0.256, R@15: 0.2351, P@15: 0.1724
valid 	 N@20: 0.2658, R@20: 0.2779, P@20: 0.1581

2023-11-04 13:18:39,083 - [INFO] - E:93|train_time: 20.9, VALID_time: 0.2772, losses:-1.396, losses_emb:0.008191, best_valid(recall@20): 0.2789
valid 	 N@5: 0.2434, R@5: 0.1121, P@5: 0.2204
valid 	 N@10: 0.2481, R@10: 0.1839, P@10: 0.193
valid 	 N@15: 0.2557, R@15: 0.2349, P@15: 0.172
valid 	 N@20: 0.2656, R@20: 0.2778, P@20: 0.1576

2023-11-04 13:19:00,357 - [INFO] - E:94|train_time: 21.04, VALID_time: 0.1992, losses:-1.396, losses_emb:0.008176, best_valid(recall@20): 0.2789
valid 	 N@5: 0.2445, R@5: 0.1129, P@5: 0.2218
valid 	 N@10: 0.2475, R@10: 0.1832, P@10: 0.1919
valid 	 N@15: 0.2556, R@15: 0.2343, P@15: 0.1717
valid 	 N@20: 0.266, R@20: 0.2779, P@20: 0.1579

2023-11-04 13:19:22,032 - [INFO] - E:95|train_time: 21.13, VALID_time: 0.4951, losses:-1.396, losses_emb:0.008162, best_valid(recall@20): 0.2789
valid 	 N@5: 0.2445, R@5: 0.1126, P@5: 0.2216
valid 	 N@10: 0.2477, R@10: 0.183, P@10: 0.1919
valid 	 N@15: 0.2564, R@15: 0.2348, P@15: 0.1727
valid 	 N@20: 0.2663, R@20: 0.278, P@20: 0.1581

2023-11-04 13:19:43,494 - [INFO] - E:96|train_time: 21.07, VALID_time: 0.3234, losses:-1.396, losses_emb:0.008148, best_valid(recall@20): 0.2789
valid 	 N@5: 0.2446, R@5: 0.1127, P@5: 0.2223
valid 	 N@10: 0.2474, R@10: 0.1835, P@10: 0.192
valid 	 N@15: 0.2561, R@15: 0.2353, P@15: 0.1728
valid 	 N@20: 0.2659, R@20: 0.2777, P@20: 0.1584

2023-11-04 13:20:05,935 - [INFO] - E:97|train_time: 22.0, VALID_time: 0.3792, losses:-1.396, losses_emb:0.008134, best_valid(recall@20): 0.2789
valid 	 N@5: 0.2454, R@5: 0.1128, P@5: 0.2222
valid 	 N@10: 0.2477, R@10: 0.1827, P@10: 0.1914
valid 	 N@15: 0.2574, R@15: 0.2367, P@15: 0.1731
valid 	 N@20: 0.2668, R@20: 0.2781, P@20: 0.1584

2023-11-04 13:20:27,857 - [INFO] - E:98|train_time: 21.43, VALID_time: 0.4614, losses:-1.396, losses_emb:0.00812, best_valid(recall@20): 0.2789
valid 	 N@5: 0.2448, R@5: 0.1134, P@5: 0.2227
valid 	 N@10: 0.2474, R@10: 0.1834, P@10: 0.1921
valid 	 N@15: 0.2556, R@15: 0.2347, P@15: 0.1722
valid 	 N@20: 0.2663, R@20: 0.2787, P@20: 0.1588

2023-11-04 13:20:49,322 - [INFO] - E:99|train_time: 21.21, VALID_time: 0.1997, losses:-1.396, losses_emb:0.008107, best_valid(recall@20): 0.2789
valid 	 N@5: 0.2445, R@5: 0.1127, P@5: 0.2224
valid 	 N@10: 0.2472, R@10: 0.1831, P@10: 0.1921
valid 	 N@15: 0.2561, R@15: 0.236, P@15: 0.1728
valid 	 N@20: 0.2658, R@20: 0.2785, P@20: 0.1582

2023-11-04 13:21:10,534 - [INFO] - E:100|train_time: 20.86, VALID_time: 0.31, losses:-1.396, losses_emb:0.008095, best_valid(recall@20): 0.2789
valid 	 N@5: 0.2441, R@5: 0.113, P@5: 0.2221
valid 	 N@10: 0.2471, R@10: 0.1837, P@10: 0.1918
valid 	 N@15: 0.2555, R@15: 0.2345, P@15: 0.1724
valid 	 N@20: 0.2661, R@20: 0.2783, P@20: 0.1587

2023-11-04 13:21:32,318 - [INFO] - E:101|train_time: 21.39, VALID_time: 0.3271, losses:-1.396, losses_emb:0.008082, best_valid(recall@20): 0.2789
valid 	 N@5: 0.2462, R@5: 0.1134, P@5: 0.2233
valid 	 N@10: 0.2481, R@10: 0.1834, P@10: 0.1919
valid 	 N@15: 0.2571, R@15: 0.2359, P@15: 0.173
valid 	 N@20: 0.2669, R@20: 0.2784, P@20: 0.1585

2023-11-04 13:21:54,115 - [INFO] - E:102|train_time: 21.37, VALID_time: 0.3612, losses:-1.397, losses_emb:0.008069, best_valid(recall@20): 0.2789
valid 	 N@5: 0.2446, R@5: 0.1122, P@5: 0.2215
valid 	 N@10: 0.2472, R@10: 0.1824, P@10: 0.1916
valid 	 N@15: 0.2564, R@15: 0.2356, P@15: 0.1727
valid 	 N@20: 0.2662, R@20: 0.2786, P@20: 0.1582

2023-11-04 13:22:16,004 - [INFO] - E:103|train_time: 21.57, VALID_time: 0.2809, losses:-1.396, losses_emb:0.008058, best_valid(recall@20): 0.2789
valid 	 N@5: 0.2446, R@5: 0.1134, P@5: 0.2222
valid 	 N@10: 0.2475, R@10: 0.1836, P@10: 0.1925
valid 	 N@15: 0.2554, R@15: 0.2342, P@15: 0.1721
valid 	 N@20: 0.266, R@20: 0.279, P@20: 0.1582

2023-11-04 13:22:37,441 - [INFO] - E:104|train_time: 21.06, VALID_time: 0.3426, losses:-1.397, losses_emb:0.008045, best_valid(recall@20): 0.279
valid 	 N@5: 0.2447, R@5: 0.1134, P@5: 0.2225
valid 	 N@10: 0.2468, R@10: 0.1831, P@10: 0.1913
valid 	 N@15: 0.2558, R@15: 0.2353, P@15: 0.1724
valid 	 N@20: 0.2661, R@20: 0.2782, P@20: 0.1586

2023-11-04 13:22:59,142 - [INFO] - E:105|train_time: 21.39, VALID_time: 0.2681, losses:-1.397, losses_emb:0.008034, best_valid(recall@20): 0.279
valid 	 N@5: 0.2446, R@5: 0.1138, P@5: 0.2227
valid 	 N@10: 0.2481, R@10: 0.1841, P@10: 0.1933
valid 	 N@15: 0.256, R@15: 0.2354, P@15: 0.1726
valid 	 N@20: 0.2663, R@20: 0.279, P@20: 0.1587

2023-11-04 13:23:20,593 - [INFO] - E:106|train_time: 20.96, VALID_time: 0.4483, losses:-1.397, losses_emb:0.008022, best_valid(recall@20): 0.279
valid 	 N@5: 0.245, R@5: 0.1139, P@5: 0.2231
valid 	 N@10: 0.2473, R@10: 0.1835, P@10: 0.1923
valid 	 N@15: 0.2559, R@15: 0.2355, P@15: 0.1727
valid 	 N@20: 0.266, R@20: 0.2785, P@20: 0.1586

2023-11-04 13:23:41,965 - [INFO] - E:107|train_time: 21.12, VALID_time: 0.2007, losses:-1.397, losses_emb:0.008012, best_valid(recall@20): 0.279
valid 	 N@5: 0.2435, R@5: 0.1131, P@5: 0.221
valid 	 N@10: 0.2479, R@10: 0.1838, P@10: 0.1929
valid 	 N@15: 0.2563, R@15: 0.2354, P@15: 0.1729
valid 	 N@20: 0.2664, R@20: 0.2786, P@20: 0.1587

2023-11-04 13:24:03,637 - [INFO] - E:108|train_time: 21.21, VALID_time: 0.437, losses:-1.396, losses_emb:0.008001, best_valid(recall@20): 0.279
valid 	 N@5: 0.245, R@5: 0.1131, P@5: 0.2225
valid 	 N@10: 0.2473, R@10: 0.1833, P@10: 0.1916
valid 	 N@15: 0.2563, R@15: 0.2351, P@15: 0.1729
valid 	 N@20: 0.2665, R@20: 0.2787, P@20: 0.1587

2023-11-04 13:24:25,130 - [INFO] - E:109|train_time: 21.22, VALID_time: 0.2093, losses:-1.397, losses_emb:0.007991, best_valid(recall@20): 0.279
valid 	 N@5: 0.2444, R@5: 0.1124, P@5: 0.2217
valid 	 N@10: 0.2483, R@10: 0.1839, P@10: 0.193
valid 	 N@15: 0.2569, R@15: 0.236, P@15: 0.1733
valid 	 N@20: 0.267, R@20: 0.279, P@20: 0.1591

2023-11-04 13:24:46,445 - [INFO] - E:110|train_time: 20.93, VALID_time: 0.3457, losses:-1.397, losses_emb:0.00798, best_valid(recall@20): 0.279
valid 	 N@5: 0.2438, R@5: 0.1127, P@5: 0.2213
valid 	 N@10: 0.2479, R@10: 0.1835, P@10: 0.1927
valid 	 N@15: 0.2566, R@15: 0.2359, P@15: 0.173
valid 	 N@20: 0.2667, R@20: 0.2789, P@20: 0.1589

2023-11-04 13:25:07,552 - [INFO] - E:111|train_time: 20.82, VALID_time: 0.2512, losses:-1.398, losses_emb:0.007971, best_valid(recall@20): 0.279
valid 	 N@5: 0.2438, R@5: 0.113, P@5: 0.2212
valid 	 N@10: 0.2472, R@10: 0.1829, P@10: 0.1919
valid 	 N@15: 0.2563, R@15: 0.2358, P@15: 0.1729
valid 	 N@20: 0.2665, R@20: 0.2789, P@20: 0.1588

2023-11-04 13:25:28,488 - [INFO] - E:112|train_time: 20.62, VALID_time: 0.2719, losses:-1.398, losses_emb:0.007961, best_valid(recall@20): 0.279
valid 	 N@5: 0.2458, R@5: 0.1139, P@5: 0.2229
valid 	 N@10: 0.2484, R@10: 0.1834, P@10: 0.1929
valid 	 N@15: 0.2569, R@15: 0.2357, P@15: 0.173
valid 	 N@20: 0.2672, R@20: 0.2794, P@20: 0.1589

2023-11-04 13:25:49,827 - [INFO] - E:113|train_time: 20.86, VALID_time: 0.4313, losses:-1.397, losses_emb:0.007952, best_valid(recall@20): 0.2794
valid 	 N@5: 0.2447, R@5: 0.1128, P@5: 0.2224
valid 	 N@10: 0.2476, R@10: 0.1833, P@10: 0.1922
valid 	 N@15: 0.2565, R@15: 0.236, P@15: 0.1729
valid 	 N@20: 0.2665, R@20: 0.2792, P@20: 0.1586

2023-11-04 13:26:11,094 - [INFO] - E:114|train_time: 20.94, VALID_time: 0.2518, losses:-1.397, losses_emb:0.007942, best_valid(recall@20): 0.2794
valid 	 N@5: 0.2441, R@5: 0.1129, P@5: 0.2218
valid 	 N@10: 0.2474, R@10: 0.1828, P@10: 0.1922
valid 	 N@15: 0.2564, R@15: 0.2355, P@15: 0.173
valid 	 N@20: 0.2671, R@20: 0.2801, P@20: 0.1591

2023-11-04 13:26:33,070 - [INFO] - E:115|train_time: 21.65, VALID_time: 0.2713, losses:-1.397, losses_emb:0.007934, best_valid(recall@20): 0.2801
valid 	 N@5: 0.244, R@5: 0.1126, P@5: 0.2204
valid 	 N@10: 0.2481, R@10: 0.1835, P@10: 0.1923
valid 	 N@15: 0.2569, R@15: 0.2354, P@15: 0.1731
valid 	 N@20: 0.2671, R@20: 0.2791, P@20: 0.1589

2023-11-04 13:26:54,465 - [INFO] - E:116|train_time: 21.13, VALID_time: 0.216, losses:-1.398, losses_emb:0.007924, best_valid(recall@20): 0.2801
valid 	 N@5: 0.2432, R@5: 0.1127, P@5: 0.2211
valid 	 N@10: 0.2474, R@10: 0.1837, P@10: 0.1928
valid 	 N@15: 0.2559, R@15: 0.235, P@15: 0.173
valid 	 N@20: 0.2659, R@20: 0.2782, P@20: 0.1585

2023-11-04 13:27:15,890 - [INFO] - E:117|train_time: 21.06, VALID_time: 0.3323, losses:-1.398, losses_emb:0.007915, best_valid(recall@20): 0.2801
valid 	 N@5: 0.2446, R@5: 0.1123, P@5: 0.2215
valid 	 N@10: 0.248, R@10: 0.1836, P@10: 0.1922
valid 	 N@15: 0.2565, R@15: 0.2351, P@15: 0.1727
valid 	 N@20: 0.2664, R@20: 0.2779, P@20: 0.1583

2023-11-04 13:27:37,326 - [INFO] - E:118|train_time: 21.06, VALID_time: 0.3201, losses:-1.397, losses_emb:0.007907, best_valid(recall@20): 0.2801
valid 	 N@5: 0.2466, R@5: 0.114, P@5: 0.2243
valid 	 N@10: 0.2486, R@10: 0.1832, P@10: 0.1931
valid 	 N@15: 0.2574, R@15: 0.2359, P@15: 0.1735
valid 	 N@20: 0.2669, R@20: 0.2783, P@20: 0.1586

2023-11-04 13:27:59,057 - [INFO] - E:119|train_time: 21.32, VALID_time: 0.3795, losses:-1.398, losses_emb:0.007898, best_valid(recall@20): 0.2801
valid 	 N@5: 0.2453, R@5: 0.113, P@5: 0.2224
valid 	 N@10: 0.2483, R@10: 0.1833, P@10: 0.1927
valid 	 N@15: 0.2569, R@15: 0.2349, P@15: 0.1731
valid 	 N@20: 0.2671, R@20: 0.2788, P@20: 0.1588

2023-11-04 13:28:20,536 - [INFO] - E:120|train_time: 21.03, VALID_time: 0.3943, losses:-1.398, losses_emb:0.007889, best_valid(recall@20): 0.2801
valid 	 N@5: 0.2452, R@5: 0.1137, P@5: 0.2232
valid 	 N@10: 0.2473, R@10: 0.1831, P@10: 0.1919
valid 	 N@15: 0.2564, R@15: 0.2358, P@15: 0.1729
valid 	 N@20: 0.2667, R@20: 0.2793, P@20: 0.1589

2023-11-04 13:28:41,573 - [INFO] - E:121|train_time: 20.79, VALID_time: 0.2012, losses:-1.397, losses_emb:0.007881, best_valid(recall@20): 0.2801
valid 	 N@5: 0.2447, R@5: 0.113, P@5: 0.2223
valid 	 N@10: 0.2481, R@10: 0.1837, P@10: 0.1927
valid 	 N@15: 0.2564, R@15: 0.2354, P@15: 0.1727
valid 	 N@20: 0.2668, R@20: 0.2794, P@20: 0.1587

2023-11-04 13:29:03,155 - [INFO] - E:122|train_time: 21.19, VALID_time: 0.3654, losses:-1.398, losses_emb:0.007873, best_valid(recall@20): 0.2801
valid 	 N@5: 0.2446, R@5: 0.1131, P@5: 0.2217
valid 	 N@10: 0.2482, R@10: 0.1842, P@10: 0.1926
valid 	 N@15: 0.2561, R@15: 0.2344, P@15: 0.1725
valid 	 N@20: 0.2663, R@20: 0.2781, P@20: 0.1584

2023-11-04 13:29:23,941 - [INFO] - E:123|train_time: 20.43, VALID_time: 0.3153, losses:-1.398, losses_emb:0.007866, best_valid(recall@20): 0.2801
valid 	 N@5: 0.2452, R@5: 0.1132, P@5: 0.2221
valid 	 N@10: 0.2482, R@10: 0.1837, P@10: 0.1919
valid 	 N@15: 0.257, R@15: 0.2355, P@15: 0.1728
valid 	 N@20: 0.2671, R@20: 0.2783, P@20: 0.1587

2023-11-04 13:29:45,589 - [INFO] - E:124|train_time: 21.26, VALID_time: 0.3311, losses:-1.398, losses_emb:0.007858, best_valid(recall@20): 0.2801
valid 	 N@5: 0.2458, R@5: 0.114, P@5: 0.2233
valid 	 N@10: 0.2486, R@10: 0.1841, P@10: 0.1927
valid 	 N@15: 0.257, R@15: 0.2357, P@15: 0.173
valid 	 N@20: 0.2672, R@20: 0.2792, P@20: 0.1588

2023-11-04 13:30:06,986 - [INFO] - E:125|train_time: 21.05, VALID_time: 0.2762, losses:-1.398, losses_emb:0.007851, best_valid(recall@20): 0.2801
valid 	 N@5: 0.2453, R@5: 0.1139, P@5: 0.2229
valid 	 N@10: 0.2482, R@10: 0.1842, P@10: 0.1924
valid 	 N@15: 0.2567, R@15: 0.2352, P@15: 0.173
valid 	 N@20: 0.2669, R@20: 0.279, P@20: 0.1588

2023-11-04 13:30:28,490 - [INFO] - E:126|train_time: 21.24, VALID_time: 0.227, losses:-1.398, losses_emb:0.007843, best_valid(recall@20): 0.2801
valid 	 N@5: 0.2453, R@5: 0.1136, P@5: 0.223
valid 	 N@10: 0.2482, R@10: 0.1841, P@10: 0.1929
valid 	 N@15: 0.2564, R@15: 0.2351, P@15: 0.1727
valid 	 N@20: 0.2666, R@20: 0.2787, P@20: 0.1586

2023-11-04 13:30:49,970 - [INFO] - E:127|train_time: 21.11, VALID_time: 0.3313, losses:-1.398, losses_emb:0.007837, best_valid(recall@20): 0.2801
valid 	 N@5: 0.2448, R@5: 0.1124, P@5: 0.2221
valid 	 N@10: 0.2482, R@10: 0.1835, P@10: 0.1927
valid 	 N@15: 0.2568, R@15: 0.2358, P@15: 0.1731
valid 	 N@20: 0.2669, R@20: 0.2785, P@20: 0.1589

2023-11-04 13:31:11,539 - [INFO] - E:128|train_time: 21.23, VALID_time: 0.287, losses:-1.398, losses_emb:0.007829, best_valid(recall@20): 0.2801
valid 	 N@5: 0.246, R@5: 0.1144, P@5: 0.2233
valid 	 N@10: 0.2485, R@10: 0.1834, P@10: 0.193
valid 	 N@15: 0.2571, R@15: 0.2357, P@15: 0.1733
valid 	 N@20: 0.2672, R@20: 0.2796, P@20: 0.1588

2023-11-04 13:31:32,541 - [INFO] - E:129|train_time: 20.57, VALID_time: 0.3893, losses:-1.399, losses_emb:0.007823, best_valid(recall@20): 0.2801
valid 	 N@5: 0.2461, R@5: 0.1138, P@5: 0.2229
valid 	 N@10: 0.2488, R@10: 0.184, P@10: 0.1928
valid 	 N@15: 0.2573, R@15: 0.2361, P@15: 0.1731
valid 	 N@20: 0.2672, R@20: 0.2792, P@20: 0.1584

2023-11-04 13:31:54,424 - [INFO] - E:130|train_time: 21.35, VALID_time: 0.491, losses:-1.398, losses_emb:0.007815, best_valid(recall@20): 0.2801
valid 	 N@5: 0.2447, R@5: 0.1132, P@5: 0.222
valid 	 N@10: 0.2477, R@10: 0.1829, P@10: 0.1922
valid 	 N@15: 0.2568, R@15: 0.2363, P@15: 0.1729
valid 	 N@20: 0.2668, R@20: 0.2796, P@20: 0.1585

2023-11-04 13:32:15,520 - [INFO] - E:131|train_time: 20.77, VALID_time: 0.2792, losses:-1.398, losses_emb:0.007809, best_valid(recall@20): 0.2801
valid 	 N@5: 0.2453, R@5: 0.1136, P@5: 0.2219
valid 	 N@10: 0.2481, R@10: 0.1836, P@10: 0.1921
valid 	 N@15: 0.2569, R@15: 0.2353, P@15: 0.1729
valid 	 N@20: 0.2669, R@20: 0.2786, P@20: 0.1585

2023-11-04 13:32:36,964 - [INFO] - E:132|train_time: 21.17, VALID_time: 0.2367, losses:-1.399, losses_emb:0.007802, best_valid(recall@20): 0.2801
valid 	 N@5: 0.2459, R@5: 0.114, P@5: 0.2227
valid 	 N@10: 0.2487, R@10: 0.184, P@10: 0.1928
valid 	 N@15: 0.2571, R@15: 0.2356, P@15: 0.173
valid 	 N@20: 0.2667, R@20: 0.2781, P@20: 0.1582

2023-11-04 13:32:57,992 - [INFO] - E:133|train_time: 20.63, VALID_time: 0.3391, losses:-1.399, losses_emb:0.007796, best_valid(recall@20): 0.2801
valid 	 N@5: 0.2452, R@5: 0.1134, P@5: 0.222
valid 	 N@10: 0.2481, R@10: 0.1832, P@10: 0.1923
valid 	 N@15: 0.2568, R@15: 0.236, P@15: 0.1727
valid 	 N@20: 0.2669, R@20: 0.2791, P@20: 0.1588

2023-11-04 13:33:19,252 - [INFO] - E:134|train_time: 20.88, VALID_time: 0.3418, losses:-1.398, losses_emb:0.00779, best_valid(recall@20): 0.2801
valid 	 N@5: 0.2453, R@5: 0.1139, P@5: 0.2226
valid 	 N@10: 0.2477, R@10: 0.1832, P@10: 0.1923
valid 	 N@15: 0.2563, R@15: 0.2354, P@15: 0.1725
valid 	 N@20: 0.2665, R@20: 0.2789, P@20: 0.1586

2023-11-04 13:33:40,567 - [INFO] - E:135|train_time: 20.8, VALID_time: 0.4636, losses:-1.398, losses_emb:0.007784, best_valid(recall@20): 0.2801
valid 	 N@5: 0.2456, R@5: 0.1134, P@5: 0.2229
valid 	 N@10: 0.2484, R@10: 0.1835, P@10: 0.193
valid 	 N@15: 0.2566, R@15: 0.2353, P@15: 0.1727
valid 	 N@20: 0.2664, R@20: 0.2779, P@20: 0.1582

2023-11-04 13:34:02,335 - [INFO] - E:136|train_time: 21.49, VALID_time: 0.2157, losses:-1.398, losses_emb:0.007778, best_valid(recall@20): 0.2801
valid 	 N@5: 0.2467, R@5: 0.1142, P@5: 0.2239
valid 	 N@10: 0.2487, R@10: 0.1837, P@10: 0.1928
valid 	 N@15: 0.2568, R@15: 0.2352, P@15: 0.1727
valid 	 N@20: 0.2667, R@20: 0.2779, P@20: 0.1584

2023-11-04 13:34:23,925 - [INFO] - E:137|train_time: 21.19, VALID_time: 0.374, losses:-1.399, losses_emb:0.007773, best_valid(recall@20): 0.2801
valid 	 N@5: 0.2462, R@5: 0.1138, P@5: 0.223
valid 	 N@10: 0.2481, R@10: 0.1833, P@10: 0.1917
valid 	 N@15: 0.2568, R@15: 0.2355, P@15: 0.1725
valid 	 N@20: 0.2666, R@20: 0.2777, P@20: 0.158

2023-11-04 13:34:45,129 - [INFO] - E:138|train_time: 20.92, VALID_time: 0.2523, losses:-1.399, losses_emb:0.007768, best_valid(recall@20): 0.2801
valid 	 N@5: 0.2459, R@5: 0.1141, P@5: 0.2226
valid 	 N@10: 0.2489, R@10: 0.1836, P@10: 0.1932
valid 	 N@15: 0.2571, R@15: 0.2353, P@15: 0.173
valid 	 N@20: 0.2673, R@20: 0.279, P@20: 0.1587

2023-11-04 13:35:06,388 - [INFO] - E:139|train_time: 20.89, VALID_time: 0.3196, losses:-1.399, losses_emb:0.007762, best_valid(recall@20): 0.2801
valid 	 N@5: 0.2446, R@5: 0.1131, P@5: 0.2213
valid 	 N@10: 0.2478, R@10: 0.1831, P@10: 0.192
valid 	 N@15: 0.2565, R@15: 0.2353, P@15: 0.1726
valid 	 N@20: 0.2667, R@20: 0.2791, P@20: 0.1584

2023-11-04 13:35:27,513 - [INFO] - E:140|train_time: 20.86, VALID_time: 0.2297, losses:-1.399, losses_emb:0.007757, best_valid(recall@20): 0.2801
valid 	 N@5: 0.2457, R@5: 0.1133, P@5: 0.2241
valid 	 N@10: 0.2478, R@10: 0.1835, P@10: 0.1924
valid 	 N@15: 0.2561, R@15: 0.2352, P@15: 0.1725
valid 	 N@20: 0.2662, R@20: 0.2783, P@20: 0.1584

2023-11-04 13:35:49,129 - [INFO] - E:141|train_time: 21.2, VALID_time: 0.3804, losses:-1.399, losses_emb:0.007752, best_valid(recall@20): 0.2801
valid 	 N@5: 0.2442, R@5: 0.1129, P@5: 0.2215
valid 	 N@10: 0.2482, R@10: 0.1841, P@10: 0.1931
valid 	 N@15: 0.2562, R@15: 0.2358, P@15: 0.1725
valid 	 N@20: 0.2662, R@20: 0.2783, P@20: 0.1584

2023-11-04 13:36:11,026 - [INFO] - E:142|train_time: 21.37, VALID_time: 0.4683, losses:-1.399, losses_emb:0.007746, best_valid(recall@20): 0.2801
valid 	 N@5: 0.2462, R@5: 0.1138, P@5: 0.223
valid 	 N@10: 0.2484, R@10: 0.1833, P@10: 0.1922
valid 	 N@15: 0.257, R@15: 0.2359, P@15: 0.1727
valid 	 N@20: 0.267, R@20: 0.2788, P@20: 0.1586

2023-11-04 13:36:32,505 - [INFO] - E:143|train_time: 21.19, VALID_time: 0.2267, losses:-1.399, losses_emb:0.007741, best_valid(recall@20): 0.2801
valid 	 N@5: 0.2472, R@5: 0.1145, P@5: 0.2243
valid 	 N@10: 0.2482, R@10: 0.1822, P@10: 0.1921
valid 	 N@15: 0.2573, R@15: 0.2355, P@15: 0.1731
valid 	 N@20: 0.2671, R@20: 0.2782, P@20: 0.1587

2023-11-04 13:36:54,304 - [INFO] - E:144|train_time: 21.42, VALID_time: 0.3425, losses:-1.399, losses_emb:0.007736, best_valid(recall@20): 0.2801
valid 	 N@5: 0.2457, R@5: 0.1137, P@5: 0.223
valid 	 N@10: 0.248, R@10: 0.1831, P@10: 0.1925
valid 	 N@15: 0.2566, R@15: 0.2356, P@15: 0.1726
valid 	 N@20: 0.267, R@20: 0.2792, P@20: 0.1589

2023-11-04 13:37:16,747 - [INFO] - E:145|train_time: 21.92, VALID_time: 0.4609, losses:-1.399, losses_emb:0.007731, best_valid(recall@20): 0.2801
valid 	 N@5: 0.2453, R@5: 0.1133, P@5: 0.2222
valid 	 N@10: 0.2479, R@10: 0.1828, P@10: 0.1921
valid 	 N@15: 0.2567, R@15: 0.2356, P@15: 0.1726
valid 	 N@20: 0.2668, R@20: 0.2789, P@20: 0.1587

2023-11-04 13:37:38,302 - [INFO] - E:146|train_time: 21.27, VALID_time: 0.2316, losses:-1.399, losses_emb:0.007727, best_valid(recall@20): 0.2801
valid 	 N@5: 0.2456, R@5: 0.1131, P@5: 0.2225
valid 	 N@10: 0.2481, R@10: 0.1829, P@10: 0.1923
valid 	 N@15: 0.2576, R@15: 0.2366, P@15: 0.1737
valid 	 N@20: 0.267, R@20: 0.2787, P@20: 0.1588

2023-11-04 13:38:00,302 - [INFO] - E:147|train_time: 21.47, VALID_time: 0.5108, losses:-1.399, losses_emb:0.007721, best_valid(recall@20): 0.2801
valid 	 N@5: 0.2462, R@5: 0.1136, P@5: 0.224
valid 	 N@10: 0.2488, R@10: 0.1837, P@10: 0.1931
valid 	 N@15: 0.2573, R@15: 0.236, P@15: 0.1734
valid 	 N@20: 0.2676, R@20: 0.2794, P@20: 0.1594

2023-11-04 13:38:22,261 - [INFO] - E:148|train_time: 21.56, VALID_time: 0.3358, losses:-1.399, losses_emb:0.007718, best_valid(recall@20): 0.2801
valid 	 N@5: 0.2449, R@5: 0.1132, P@5: 0.2216
valid 	 N@10: 0.2483, R@10: 0.1835, P@10: 0.1927
valid 	 N@15: 0.2574, R@15: 0.2364, P@15: 0.1736
valid 	 N@20: 0.2669, R@20: 0.2785, P@20: 0.1588

2023-11-04 13:38:44,257 - [INFO] - E:149|train_time: 21.53, VALID_time: 0.4253, losses:-1.4, losses_emb:0.007713, best_valid(recall@20): 0.2801
valid 	 N@5: 0.2454, R@5: 0.113, P@5: 0.2228
valid 	 N@10: 0.2482, R@10: 0.1834, P@10: 0.1927
valid 	 N@15: 0.2571, R@15: 0.2363, P@15: 0.1734
valid 	 N@20: 0.2668, R@20: 0.2787, P@20: 0.1589

2023-11-04 13:39:05,494 - [INFO] - E:150|train_time: 20.94, VALID_time: 0.2301, losses:-1.399, losses_emb:0.007708, best_valid(recall@20): 0.2801
valid 	 N@5: 0.2452, R@5: 0.1133, P@5: 0.2224
valid 	 N@10: 0.2486, R@10: 0.184, P@10: 0.1931
valid 	 N@15: 0.2567, R@15: 0.2352, P@15: 0.1729
valid 	 N@20: 0.2672, R@20: 0.2793, P@20: 0.1591

2023-11-04 13:39:27,212 - [INFO] - E:151|train_time: 21.39, VALID_time: 0.2938, losses:-1.399, losses_emb:0.007703, best_valid(recall@20): 0.2801
valid 	 N@5: 0.2464, R@5: 0.1139, P@5: 0.2244
valid 	 N@10: 0.248, R@10: 0.1835, P@10: 0.1924
valid 	 N@15: 0.2566, R@15: 0.2352, P@15: 0.173
valid 	 N@20: 0.2668, R@20: 0.2784, P@20: 0.1588

2023-11-04 13:39:49,198 - [INFO] - E:152|train_time: 21.45, VALID_time: 0.4952, losses:-1.399, losses_emb:0.0077, best_valid(recall@20): 0.2801
valid 	 N@5: 0.2467, R@5: 0.1137, P@5: 0.224
valid 	 N@10: 0.2485, R@10: 0.1831, P@10: 0.1927
valid 	 N@15: 0.2572, R@15: 0.2361, P@15: 0.1731
valid 	 N@20: 0.2673, R@20: 0.279, P@20: 0.159

2023-11-04 13:40:11,291 - [INFO] - E:153|train_time: 21.81, VALID_time: 0.2176, losses:-1.4, losses_emb:0.007695, best_valid(recall@20): 0.2801
valid 	 N@5: 0.2462, R@5: 0.1137, P@5: 0.2233
valid 	 N@10: 0.2485, R@10: 0.1833, P@10: 0.1925
valid 	 N@15: 0.2573, R@15: 0.2358, P@15: 0.1732
valid 	 N@20: 0.2676, R@20: 0.2799, P@20: 0.159

2023-11-04 13:40:32,635 - [INFO] - E:154|train_time: 20.99, VALID_time: 0.3168, losses:-1.4, losses_emb:0.00769, best_valid(recall@20): 0.2801
valid 	 N@5: 0.2472, R@5: 0.1145, P@5: 0.2249
valid 	 N@10: 0.2491, R@10: 0.1841, P@10: 0.1934
valid 	 N@15: 0.2575, R@15: 0.2365, P@15: 0.1731
valid 	 N@20: 0.2675, R@20: 0.2794, P@20: 0.159

2023-11-04 13:40:54,294 - [INFO] - E:155|train_time: 21.34, VALID_time: 0.2778, losses:-1.4, losses_emb:0.007687, best_valid(recall@20): 0.2801
valid 	 N@5: 0.2464, R@5: 0.1137, P@5: 0.2232
valid 	 N@10: 0.2488, R@10: 0.1837, P@10: 0.1927
valid 	 N@15: 0.2574, R@15: 0.2359, P@15: 0.1732
valid 	 N@20: 0.2677, R@20: 0.2802, P@20: 0.159

2023-11-04 13:41:15,689 - [INFO] - E:156|train_time: 20.93, VALID_time: 0.4277, losses:-1.399, losses_emb:0.007682, best_valid(recall@20): 0.2802
valid 	 N@5: 0.2472, R@5: 0.1144, P@5: 0.2245
valid 	 N@10: 0.2492, R@10: 0.184, P@10: 0.1933
valid 	 N@15: 0.2575, R@15: 0.2361, P@15: 0.1733
valid 	 N@20: 0.2672, R@20: 0.2786, P@20: 0.1587

2023-11-04 13:41:37,406 - [INFO] - E:157|train_time: 21.26, VALID_time: 0.4052, losses:-1.4, losses_emb:0.007679, best_valid(recall@20): 0.2802
valid 	 N@5: 0.2465, R@5: 0.114, P@5: 0.2236
valid 	 N@10: 0.2488, R@10: 0.1841, P@10: 0.1928
valid 	 N@15: 0.2573, R@15: 0.2359, P@15: 0.1731
valid 	 N@20: 0.2677, R@20: 0.2795, P@20: 0.1593

2023-11-04 13:41:58,812 - [INFO] - E:158|train_time: 21.08, VALID_time: 0.278, losses:-1.4, losses_emb:0.007674, best_valid(recall@20): 0.2802
valid 	 N@5: 0.2459, R@5: 0.1139, P@5: 0.2227
valid 	 N@10: 0.2491, R@10: 0.1846, P@10: 0.1932
valid 	 N@15: 0.2572, R@15: 0.2354, P@15: 0.1733
valid 	 N@20: 0.2671, R@20: 0.2788, P@20: 0.1587

2023-11-04 13:42:20,534 - [INFO] - E:159|train_time: 21.32, VALID_time: 0.3481, losses:-1.4, losses_emb:0.007672, best_valid(recall@20): 0.2802
valid 	 N@5: 0.2475, R@5: 0.1141, P@5: 0.2241
valid 	 N@10: 0.2497, R@10: 0.1843, P@10: 0.1933
valid 	 N@15: 0.2576, R@15: 0.2357, P@15: 0.1729
valid 	 N@20: 0.2676, R@20: 0.2788, P@20: 0.1587

2023-11-04 13:42:41,943 - [INFO] - E:160|train_time: 20.95, VALID_time: 0.4069, losses:-1.399, losses_emb:0.007669, best_valid(recall@20): 0.2802
valid 	 N@5: 0.247, R@5: 0.1136, P@5: 0.2229
valid 	 N@10: 0.2495, R@10: 0.1835, P@10: 0.193
valid 	 N@15: 0.2583, R@15: 0.2366, P@15: 0.1736
valid 	 N@20: 0.268, R@20: 0.2788, P@20: 0.1592

2023-11-04 13:43:03,766 - [INFO] - E:161|train_time: 21.43, VALID_time: 0.3484, losses:-1.4, losses_emb:0.007665, best_valid(recall@20): 0.2802
valid 	 N@5: 0.2472, R@5: 0.1137, P@5: 0.2235
valid 	 N@10: 0.2501, R@10: 0.1843, P@10: 0.1938
valid 	 N@15: 0.2585, R@15: 0.2366, P@15: 0.1738
valid 	 N@20: 0.2683, R@20: 0.2795, P@20: 0.1593

2023-11-04 13:43:25,312 - [INFO] - E:162|train_time: 21.11, VALID_time: 0.4025, losses:-1.4, losses_emb:0.007661, best_valid(recall@20): 0.2802
valid 	 N@5: 0.2461, R@5: 0.1136, P@5: 0.2236
valid 	 N@10: 0.2492, R@10: 0.1848, P@10: 0.1935
valid 	 N@15: 0.2573, R@15: 0.236, P@15: 0.1732
valid 	 N@20: 0.2671, R@20: 0.2788, P@20: 0.1586

2023-11-04 13:43:47,281 - [INFO] - E:163|train_time: 21.74, VALID_time: 0.1709, losses:-1.399, losses_emb:0.007657, best_valid(recall@20): 0.2802
valid 	 N@5: 0.2467, R@5: 0.1139, P@5: 0.2236
valid 	 N@10: 0.249, R@10: 0.1837, P@10: 0.193
valid 	 N@15: 0.2575, R@15: 0.2355, P@15: 0.1736
valid 	 N@20: 0.2673, R@20: 0.2792, P@20: 0.1587

2023-11-04 13:44:08,109 - [INFO] - E:164|train_time: 20.45, VALID_time: 0.3532, losses:-1.4, losses_emb:0.007654, best_valid(recall@20): 0.2802
valid 	 N@5: 0.2469, R@5: 0.1144, P@5: 0.2233
valid 	 N@10: 0.2495, R@10: 0.1841, P@10: 0.1933
valid 	 N@15: 0.2579, R@15: 0.2359, P@15: 0.1735
valid 	 N@20: 0.268, R@20: 0.2796, P@20: 0.1591

2023-11-04 13:44:29,489 - [INFO] - E:165|train_time: 20.99, VALID_time: 0.3472, losses:-1.399, losses_emb:0.007651, best_valid(recall@20): 0.2802
valid 	 N@5: 0.246, R@5: 0.1134, P@5: 0.2224
valid 	 N@10: 0.2487, R@10: 0.1834, P@10: 0.1923
valid 	 N@15: 0.2578, R@15: 0.2358, P@15: 0.1736
valid 	 N@20: 0.2683, R@20: 0.2795, P@20: 0.1597

2023-11-04 13:44:50,968 - [INFO] - E:166|train_time: 21.04, VALID_time: 0.3824, losses:-1.4, losses_emb:0.007648, best_valid(recall@20): 0.2802
valid 	 N@5: 0.2442, R@5: 0.1124, P@5: 0.2209
valid 	 N@10: 0.2478, R@10: 0.1827, P@10: 0.1921
valid 	 N@15: 0.2571, R@15: 0.236, P@15: 0.1732
valid 	 N@20: 0.2674, R@20: 0.2795, P@20: 0.1594

2023-11-04 13:45:12,521 - [INFO] - E:167|train_time: 21.22, VALID_time: 0.2828, losses:-1.4, losses_emb:0.007644, best_valid(recall@20): 0.2802
valid 	 N@5: 0.2458, R@5: 0.1134, P@5: 0.2227
valid 	 N@10: 0.2487, R@10: 0.184, P@10: 0.1928
valid 	 N@15: 0.2574, R@15: 0.2358, P@15: 0.1733
valid 	 N@20: 0.2677, R@20: 0.2791, P@20: 0.1594

2023-11-04 13:45:33,793 - [INFO] - E:168|train_time: 20.83, VALID_time: 0.3935, losses:-1.4, losses_emb:0.007641, best_valid(recall@20): 0.2802
valid 	 N@5: 0.246, R@5: 0.1139, P@5: 0.2235
valid 	 N@10: 0.2481, R@10: 0.1834, P@10: 0.1922
valid 	 N@15: 0.2573, R@15: 0.2365, P@15: 0.1734
valid 	 N@20: 0.2675, R@20: 0.2802, P@20: 0.1592

2023-11-04 13:45:55,369 - [INFO] - E:169|train_time: 21.22, VALID_time: 0.2977, losses:-1.4, losses_emb:0.007639, best_valid(recall@20): 0.2802
valid 	 N@5: 0.2464, R@5: 0.114, P@5: 0.2237
valid 	 N@10: 0.248, R@10: 0.1827, P@10: 0.1919
valid 	 N@15: 0.2573, R@15: 0.2359, P@15: 0.1733
valid 	 N@20: 0.2676, R@20: 0.2796, P@20: 0.1592

2023-11-04 13:46:16,987 - [INFO] - E:170|train_time: 21.37, VALID_time: 0.2156, losses:-1.4, losses_emb:0.007636, best_valid(recall@20): 0.2802
valid 	 N@5: 0.2454, R@5: 0.1135, P@5: 0.2222
valid 	 N@10: 0.2483, R@10: 0.183, P@10: 0.1924
valid 	 N@15: 0.2575, R@15: 0.2362, P@15: 0.1736
valid 	 N@20: 0.2681, R@20: 0.2804, P@20: 0.1597

2023-11-04 13:46:38,722 - [INFO] - E:171|train_time: 21.3, VALID_time: 0.3881, losses:-1.4, losses_emb:0.007632, best_valid(recall@20): 0.2804
valid 	 N@5: 0.2466, R@5: 0.1138, P@5: 0.2232
valid 	 N@10: 0.249, R@10: 0.1837, P@10: 0.1928
valid 	 N@15: 0.2575, R@15: 0.2357, P@15: 0.1732
valid 	 N@20: 0.2678, R@20: 0.2794, P@20: 0.1591

2023-11-04 13:47:00,280 - [INFO] - E:172|train_time: 21.18, VALID_time: 0.3385, losses:-1.4, losses_emb:0.007629, best_valid(recall@20): 0.2804
valid 	 N@5: 0.2462, R@5: 0.1137, P@5: 0.2239
valid 	 N@10: 0.2481, R@10: 0.1835, P@10: 0.1925
valid 	 N@15: 0.257, R@15: 0.2358, P@15: 0.1734
valid 	 N@20: 0.2669, R@20: 0.2788, P@20: 0.1589

2023-11-04 13:47:21,631 - [INFO] - E:173|train_time: 20.87, VALID_time: 0.4388, losses:-1.4, losses_emb:0.007627, best_valid(recall@20): 0.2804
valid 	 N@5: 0.2462, R@5: 0.1143, P@5: 0.2235
valid 	 N@10: 0.2482, R@10: 0.1836, P@10: 0.1923
valid 	 N@15: 0.257, R@15: 0.2357, P@15: 0.1731
valid 	 N@20: 0.2672, R@20: 0.2789, P@20: 0.1592

2023-11-04 13:47:42,974 - [INFO] - E:174|train_time: 20.98, VALID_time: 0.3175, losses:-1.4, losses_emb:0.007624, best_valid(recall@20): 0.2804
valid 	 N@5: 0.2463, R@5: 0.1138, P@5: 0.2233
valid 	 N@10: 0.2481, R@10: 0.1826, P@10: 0.1921
valid 	 N@15: 0.2568, R@15: 0.2349, P@15: 0.173
valid 	 N@20: 0.2674, R@20: 0.2793, P@20: 0.1591

2023-11-04 13:48:04,055 - [INFO] - E:175|train_time: 20.82, VALID_time: 0.2161, losses:-1.4, losses_emb:0.007621, best_valid(recall@20): 0.2804
valid 	 N@5: 0.2457, R@5: 0.1138, P@5: 0.2225
valid 	 N@10: 0.2483, R@10: 0.1827, P@10: 0.1924
valid 	 N@15: 0.257, R@15: 0.2354, P@15: 0.1729
valid 	 N@20: 0.2671, R@20: 0.2785, P@20: 0.1587

2023-11-04 13:48:25,528 - [INFO] - E:176|train_time: 21.09, VALID_time: 0.3492, losses:-1.4, losses_emb:0.007619, best_valid(recall@20): 0.2804
valid 	 N@5: 0.2463, R@5: 0.1141, P@5: 0.2234
valid 	 N@10: 0.2482, R@10: 0.1833, P@10: 0.1922
valid 	 N@15: 0.2569, R@15: 0.2354, P@15: 0.1728
valid 	 N@20: 0.2673, R@20: 0.2789, P@20: 0.159

2023-11-04 13:48:47,019 - [INFO] - E:177|train_time: 21.1, VALID_time: 0.3454, losses:-1.4, losses_emb:0.007616, best_valid(recall@20): 0.2804
valid 	 N@5: 0.246, R@5: 0.114, P@5: 0.2231
valid 	 N@10: 0.2484, R@10: 0.1834, P@10: 0.1924
valid 	 N@15: 0.2571, R@15: 0.2354, P@15: 0.173
valid 	 N@20: 0.2673, R@20: 0.2786, P@20: 0.1589

2023-11-04 13:49:08,404 - [INFO] - E:178|train_time: 21.11, VALID_time: 0.238, losses:-1.4, losses_emb:0.007612, best_valid(recall@20): 0.2804
valid 	 N@5: 0.2456, R@5: 0.1139, P@5: 0.2226
valid 	 N@10: 0.249, R@10: 0.1842, P@10: 0.1935
valid 	 N@15: 0.2567, R@15: 0.2347, P@15: 0.1729
valid 	 N@20: 0.2672, R@20: 0.279, P@20: 0.1589

2023-11-04 13:49:30,058 - [INFO] - E:179|train_time: 21.26, VALID_time: 0.373, losses:-1.4, losses_emb:0.00761, best_valid(recall@20): 0.2804
valid 	 N@5: 0.2463, R@5: 0.114, P@5: 0.2236
valid 	 N@10: 0.2484, R@10: 0.1835, P@10: 0.1926
valid 	 N@15: 0.2574, R@15: 0.2359, P@15: 0.1734
valid 	 N@20: 0.2678, R@20: 0.2801, P@20: 0.1593

2023-11-04 13:49:51,256 - [INFO] - E:180|train_time: 20.95, VALID_time: 0.2042, losses:-1.401, losses_emb:0.007607, best_valid(recall@20): 0.2804
valid 	 N@5: 0.2473, R@5: 0.1142, P@5: 0.2245
valid 	 N@10: 0.2488, R@10: 0.1834, P@10: 0.1925
valid 	 N@15: 0.2573, R@15: 0.2351, P@15: 0.173
valid 	 N@20: 0.2681, R@20: 0.2801, P@20: 0.1594

2023-11-04 13:50:12,846 - [INFO] - E:181|train_time: 21.24, VALID_time: 0.3273, losses:-1.401, losses_emb:0.007604, best_valid(recall@20): 0.2804
valid 	 N@5: 0.2462, R@5: 0.114, P@5: 0.2231
valid 	 N@10: 0.2487, R@10: 0.1835, P@10: 0.1931
valid 	 N@15: 0.2571, R@15: 0.2353, P@15: 0.1732
valid 	 N@20: 0.2675, R@20: 0.2797, P@20: 0.1591

2023-11-04 13:50:34,285 - [INFO] - E:182|train_time: 20.99, VALID_time: 0.3812, losses:-1.4, losses_emb:0.007602, best_valid(recall@20): 0.2804
valid 	 N@5: 0.246, R@5: 0.1142, P@5: 0.2243
valid 	 N@10: 0.2479, R@10: 0.1835, P@10: 0.1925
valid 	 N@15: 0.2567, R@15: 0.2357, P@15: 0.1731
valid 	 N@20: 0.2668, R@20: 0.2789, P@20: 0.1589

2023-11-04 13:50:55,117 - [INFO] - E:183|train_time: 20.53, VALID_time: 0.2228, losses:-1.4, losses_emb:0.007599, best_valid(recall@20): 0.2804
valid 	 N@5: 0.2471, R@5: 0.1144, P@5: 0.2243
valid 	 N@10: 0.2486, R@10: 0.1833, P@10: 0.1926
valid 	 N@15: 0.257, R@15: 0.2355, P@15: 0.1728
valid 	 N@20: 0.2671, R@20: 0.2785, P@20: 0.1588

2023-11-04 13:51:16,554 - [INFO] - E:184|train_time: 21.14, VALID_time: 0.2771, losses:-1.4, losses_emb:0.007597, best_valid(recall@20): 0.2804
valid 	 N@5: 0.2467, R@5: 0.1139, P@5: 0.2242
valid 	 N@10: 0.2487, R@10: 0.1837, P@10: 0.1931
valid 	 N@15: 0.257, R@15: 0.2358, P@15: 0.1731
valid 	 N@20: 0.2665, R@20: 0.2774, P@20: 0.1587

2023-11-04 13:51:38,509 - [INFO] - E:185|train_time: 21.55, VALID_time: 0.3535, losses:-1.4, losses_emb:0.007595, best_valid(recall@20): 0.2804
valid 	 N@5: 0.2472, R@5: 0.114, P@5: 0.2244
valid 	 N@10: 0.2496, R@10: 0.1849, P@10: 0.1934
valid 	 N@15: 0.2572, R@15: 0.2353, P@15: 0.1729
valid 	 N@20: 0.2681, R@20: 0.2803, P@20: 0.1594

2023-11-04 13:52:00,001 - [INFO] - E:186|train_time: 21.05, VALID_time: 0.3899, losses:-1.4, losses_emb:0.007593, best_valid(recall@20): 0.2804
valid 	 N@5: 0.247, R@5: 0.1138, P@5: 0.2243
valid 	 N@10: 0.2488, R@10: 0.1839, P@10: 0.1926
valid 	 N@15: 0.257, R@15: 0.2352, P@15: 0.1728
valid 	 N@20: 0.2675, R@20: 0.2791, P@20: 0.1592

2023-11-04 13:52:21,237 - [INFO] - E:187|train_time: 20.99, VALID_time: 0.2118, losses:-1.401, losses_emb:0.007591, best_valid(recall@20): 0.2804
valid 	 N@5: 0.2471, R@5: 0.114, P@5: 0.2245
valid 	 N@10: 0.2487, R@10: 0.184, P@10: 0.1926
valid 	 N@15: 0.2576, R@15: 0.2365, P@15: 0.1734
valid 	 N@20: 0.2677, R@20: 0.28, P@20: 0.1592

2023-11-04 13:52:42,797 - [INFO] - E:188|train_time: 21.16, VALID_time: 0.3693, losses:-1.4, losses_emb:0.007588, best_valid(recall@20): 0.2804
valid 	 N@5: 0.2459, R@5: 0.1136, P@5: 0.2228
valid 	 N@10: 0.249, R@10: 0.1838, P@10: 0.1932
valid 	 N@15: 0.2571, R@15: 0.2354, P@15: 0.173
valid 	 N@20: 0.2676, R@20: 0.2795, P@20: 0.1593

2023-11-04 13:53:04,085 - [INFO] - E:189|train_time: 20.92, VALID_time: 0.3073, losses:-1.4, losses_emb:0.007586, best_valid(recall@20): 0.2804
valid 	 N@5: 0.2466, R@5: 0.114, P@5: 0.224
valid 	 N@10: 0.2482, R@10: 0.1831, P@10: 0.1922
valid 	 N@15: 0.257, R@15: 0.2359, P@15: 0.1729
valid 	 N@20: 0.2673, R@20: 0.2791, P@20: 0.1593

2023-11-04 13:53:25,411 - [INFO] - E:190|train_time: 20.97, VALID_time: 0.2939, losses:-1.401, losses_emb:0.007584, best_valid(recall@20): 0.2804
valid 	 N@5: 0.2458, R@5: 0.1138, P@5: 0.2233
valid 	 N@10: 0.2478, R@10: 0.183, P@10: 0.1923
valid 	 N@15: 0.2564, R@15: 0.2353, P@15: 0.1727
valid 	 N@20: 0.2671, R@20: 0.2793, P@20: 0.1593

2023-11-04 13:53:46,954 - [INFO] - E:191|train_time: 20.97, VALID_time: 0.5313, losses:-1.4, losses_emb:0.007582, best_valid(recall@20): 0.2804
valid 	 N@5: 0.2469, R@5: 0.1136, P@5: 0.2239
valid 	 N@10: 0.249, R@10: 0.1834, P@10: 0.193
valid 	 N@15: 0.2574, R@15: 0.2358, P@15: 0.173
valid 	 N@20: 0.268, R@20: 0.2798, P@20: 0.1596

2023-11-04 13:54:08,063 - [INFO] - E:192|train_time: 20.82, VALID_time: 0.2245, losses:-1.401, losses_emb:0.00758, best_valid(recall@20): 0.2804
valid 	 N@5: 0.2452, R@5: 0.1129, P@5: 0.2223
valid 	 N@10: 0.2484, R@10: 0.1834, P@10: 0.1927
valid 	 N@15: 0.2568, R@15: 0.2359, P@15: 0.1728
valid 	 N@20: 0.2669, R@20: 0.2783, P@20: 0.1589

2023-11-04 13:54:29,299 - [INFO] - E:193|train_time: 21.02, VALID_time: 0.1835, losses:-1.401, losses_emb:0.007578, best_valid(recall@20): 0.2804
valid 	 N@5: 0.2466, R@5: 0.114, P@5: 0.2234
valid 	 N@10: 0.249, R@10: 0.1841, P@10: 0.193
valid 	 N@15: 0.257, R@15: 0.2353, P@15: 0.1727
valid 	 N@20: 0.2679, R@20: 0.28, P@20: 0.1596

2023-11-04 13:54:50,415 - [INFO] - E:194|train_time: 20.7, VALID_time: 0.3932, losses:-1.401, losses_emb:0.007576, best_valid(recall@20): 0.2804
valid 	 N@5: 0.2467, R@5: 0.1139, P@5: 0.2232
valid 	 N@10: 0.2488, R@10: 0.1836, P@10: 0.1926
valid 	 N@15: 0.2573, R@15: 0.2361, P@15: 0.1729
valid 	 N@20: 0.2679, R@20: 0.2797, P@20: 0.1595

2023-11-04 13:55:11,602 - [INFO] - E:195|train_time: 20.88, VALID_time: 0.2592, losses:-1.401, losses_emb:0.007573, best_valid(recall@20): 0.2804
valid 	 N@5: 0.2452, R@5: 0.1135, P@5: 0.2222
valid 	 N@10: 0.2479, R@10: 0.1833, P@10: 0.192
valid 	 N@15: 0.2573, R@15: 0.2366, P@15: 0.1734
valid 	 N@20: 0.2674, R@20: 0.2798, P@20: 0.1593

2023-11-04 13:55:32,704 - [INFO] - E:196|train_time: 20.8, VALID_time: 0.2753, losses:-1.401, losses_emb:0.007571, best_valid(recall@20): 0.2804
valid 	 N@5: 0.2458, R@5: 0.1133, P@5: 0.2227
valid 	 N@10: 0.2487, R@10: 0.1841, P@10: 0.193
valid 	 N@15: 0.257, R@15: 0.2362, P@15: 0.1731
valid 	 N@20: 0.2678, R@20: 0.28, P@20: 0.1599

2023-11-04 13:55:54,405 - [INFO] - E:197|train_time: 21.32, VALID_time: 0.3442, losses:-1.401, losses_emb:0.007569, best_valid(recall@20): 0.2804
valid 	 N@5: 0.2473, R@5: 0.114, P@5: 0.2239
valid 	 N@10: 0.2488, R@10: 0.1826, P@10: 0.1926
valid 	 N@15: 0.2579, R@15: 0.2365, P@15: 0.1734
valid 	 N@20: 0.2678, R@20: 0.2791, P@20: 0.1592

2023-11-04 13:56:15,535 - [INFO] - E:198|train_time: 20.71, VALID_time: 0.3585, losses:-1.401, losses_emb:0.007567, best_valid(recall@20): 0.2804
valid 	 N@5: 0.2466, R@5: 0.1135, P@5: 0.2228
valid 	 N@10: 0.2491, R@10: 0.183, P@10: 0.193
valid 	 N@15: 0.2573, R@15: 0.2354, P@15: 0.1729
valid 	 N@20: 0.2678, R@20: 0.2794, P@20: 0.1593

2023-11-04 13:56:36,997 - [INFO] - E:199|train_time: 21.03, VALID_time: 0.3775, losses:-1.401, losses_emb:0.007565, best_valid(recall@20): 0.2804
valid 	 N@5: 0.2465, R@5: 0.1137, P@5: 0.2233
valid 	 N@10: 0.2486, R@10: 0.1834, P@10: 0.1927
valid 	 N@15: 0.2573, R@15: 0.2359, P@15: 0.1734
valid 	 N@20: 0.268, R@20: 0.2802, P@20: 0.1598

2023-11-04 13:56:58,573 - [INFO] - E:200|train_time: 21.22, VALID_time: 0.3246, losses:-1.401, losses_emb:0.007563, best_valid(recall@20): 0.2804
valid 	 N@5: 0.2474, R@5: 0.1138, P@5: 0.2239
valid 	 N@10: 0.2486, R@10: 0.1829, P@10: 0.1921
valid 	 N@15: 0.2576, R@15: 0.2363, P@15: 0.173
valid 	 N@20: 0.2679, R@20: 0.2796, P@20: 0.1592

2023-11-04 13:57:20,184 - [INFO] - E:201|train_time: 21.13, VALID_time: 0.4146, losses:-1.401, losses_emb:0.007562, best_valid(recall@20): 0.2804
valid 	 N@5: 0.2471, R@5: 0.1141, P@5: 0.2236
valid 	 N@10: 0.2495, R@10: 0.1839, P@10: 0.1935
valid 	 N@15: 0.2575, R@15: 0.2362, P@15: 0.1731
valid 	 N@20: 0.2678, R@20: 0.2796, P@20: 0.1594

2023-11-04 13:57:41,740 - [INFO] - E:202|train_time: 21.26, VALID_time: 0.2376, losses:-1.401, losses_emb:0.00756, best_valid(recall@20): 0.2804
valid 	 N@5: 0.2468, R@5: 0.1141, P@5: 0.2231
valid 	 N@10: 0.2488, R@10: 0.1836, P@10: 0.1924
valid 	 N@15: 0.2572, R@15: 0.235, P@15: 0.1728
valid 	 N@20: 0.2676, R@20: 0.2789, P@20: 0.1591

2023-11-04 13:58:03,614 - [INFO] - E:203|train_time: 21.44, VALID_time: 0.4007, losses:-1.401, losses_emb:0.007558, best_valid(recall@20): 0.2804
valid 	 N@5: 0.2455, R@5: 0.1126, P@5: 0.2222
valid 	 N@10: 0.2485, R@10: 0.1833, P@10: 0.1928
valid 	 N@15: 0.2569, R@15: 0.2355, P@15: 0.1728
valid 	 N@20: 0.2671, R@20: 0.2784, P@20: 0.159

2023-11-04 13:58:25,059 - [INFO] - E:204|train_time: 21.0, VALID_time: 0.3975, losses:-1.401, losses_emb:0.007557, best_valid(recall@20): 0.2804
valid 	 N@5: 0.246, R@5: 0.1131, P@5: 0.2228
valid 	 N@10: 0.248, R@10: 0.1828, P@10: 0.1921
valid 	 N@15: 0.2567, R@15: 0.2347, P@15: 0.1731
valid 	 N@20: 0.2674, R@20: 0.2796, P@20: 0.1592

2023-11-04 13:58:46,706 - [INFO] - E:205|train_time: 21.36, VALID_time: 0.2541, losses:-1.401, losses_emb:0.007555, best_valid(recall@20): 0.2804
valid 	 N@5: 0.2454, R@5: 0.1131, P@5: 0.2223
valid 	 N@10: 0.2485, R@10: 0.1837, P@10: 0.1929
valid 	 N@15: 0.2566, R@15: 0.2352, P@15: 0.1727
valid 	 N@20: 0.2672, R@20: 0.2792, P@20: 0.1593

2023-11-04 13:59:08,233 - [INFO] - E:206|train_time: 21.17, VALID_time: 0.3212, losses:-1.401, losses_emb:0.007554, best_valid(recall@20): 0.2804
valid 	 N@5: 0.2454, R@5: 0.1138, P@5: 0.2224
valid 	 N@10: 0.2484, R@10: 0.1835, P@10: 0.1928
valid 	 N@15: 0.2571, R@15: 0.2359, P@15: 0.1733
valid 	 N@20: 0.2673, R@20: 0.2796, P@20: 0.1589

2023-11-04 13:59:30,071 - [INFO] - E:207|train_time: 21.38, VALID_time: 0.411, losses:-1.401, losses_emb:0.007552, best_valid(recall@20): 0.2804
valid 	 N@5: 0.2467, R@5: 0.114, P@5: 0.2235
valid 	 N@10: 0.249, R@10: 0.1836, P@10: 0.193
valid 	 N@15: 0.2573, R@15: 0.2363, P@15: 0.1731
valid 	 N@20: 0.2676, R@20: 0.2796, P@20: 0.1593

2023-11-04 13:59:51,361 - [INFO] - E:208|train_time: 21.01, VALID_time: 0.2103, losses:-1.401, losses_emb:0.007551, best_valid(recall@20): 0.2804
valid 	 N@5: 0.247, R@5: 0.114, P@5: 0.2246
valid 	 N@10: 0.2484, R@10: 0.1831, P@10: 0.1926
valid 	 N@15: 0.2574, R@15: 0.2363, P@15: 0.1735
valid 	 N@20: 0.2676, R@20: 0.2798, P@20: 0.1595

2023-11-04 14:00:12,071 - [INFO] - E:209|train_time: 20.45, VALID_time: 0.235, losses:-1.402, losses_emb:0.007549, best_valid(recall@20): 0.2804
valid 	 N@5: 0.2459, R@5: 0.1132, P@5: 0.2221
valid 	 N@10: 0.2488, R@10: 0.1835, P@10: 0.1928
valid 	 N@15: 0.2576, R@15: 0.236, P@15: 0.1737
valid 	 N@20: 0.2675, R@20: 0.2792, P@20: 0.159

2023-11-04 14:00:33,551 - [INFO] - E:210|train_time: 21.09, VALID_time: 0.3577, losses:-1.402, losses_emb:0.007547, best_valid(recall@20): 0.2804
valid 	 N@5: 0.2474, R@5: 0.114, P@5: 0.2243
valid 	 N@10: 0.2492, R@10: 0.183, P@10: 0.1936
valid 	 N@15: 0.2574, R@15: 0.2355, P@15: 0.1733
valid 	 N@20: 0.2679, R@20: 0.2801, P@20: 0.1594

2023-11-04 14:00:55,030 - [INFO] - E:211|train_time: 21.04, VALID_time: 0.3954, losses:-1.401, losses_emb:0.007546, best_valid(recall@20): 0.2804
valid 	 N@5: 0.2476, R@5: 0.1143, P@5: 0.224
valid 	 N@10: 0.2493, R@10: 0.1838, P@10: 0.1927
valid 	 N@15: 0.2576, R@15: 0.2358, P@15: 0.1729
valid 	 N@20: 0.2681, R@20: 0.2796, P@20: 0.1593

2023-11-04 14:01:16,763 - [INFO] - E:212|train_time: 21.45, VALID_time: 0.2478, losses:-1.401, losses_emb:0.007544, best_valid(recall@20): 0.2804
valid 	 N@5: 0.2459, R@5: 0.1139, P@5: 0.223
valid 	 N@10: 0.2486, R@10: 0.1837, P@10: 0.1931
valid 	 N@15: 0.2576, R@15: 0.2371, P@15: 0.1738
valid 	 N@20: 0.2672, R@20: 0.2793, P@20: 0.1593

2023-11-04 14:01:37,991 - [INFO] - E:213|train_time: 20.97, VALID_time: 0.2166, losses:-1.401, losses_emb:0.007543, best_valid(recall@20): 0.2804
valid 	 N@5: 0.2467, R@5: 0.1142, P@5: 0.2231
valid 	 N@10: 0.2487, R@10: 0.1837, P@10: 0.1925
valid 	 N@15: 0.2569, R@15: 0.2354, P@15: 0.1728
valid 	 N@20: 0.2673, R@20: 0.2791, P@20: 0.1591

2023-11-04 14:01:59,815 - [INFO] - E:214|train_time: 21.45, VALID_time: 0.3493, losses:-1.401, losses_emb:0.007541, best_valid(recall@20): 0.2804
valid 	 N@5: 0.246, R@5: 0.1133, P@5: 0.2228
valid 	 N@10: 0.2486, R@10: 0.1836, P@10: 0.1928
valid 	 N@15: 0.2572, R@15: 0.2355, P@15: 0.1732
valid 	 N@20: 0.2678, R@20: 0.28, P@20: 0.1595

2023-11-04 14:02:20,829 - [INFO] - E:215|train_time: 20.64, VALID_time: 0.3357, losses:-1.401, losses_emb:0.00754, best_valid(recall@20): 0.2804
valid 	 N@5: 0.2472, R@5: 0.1145, P@5: 0.2238
valid 	 N@10: 0.2485, R@10: 0.1831, P@10: 0.192
valid 	 N@15: 0.2577, R@15: 0.2365, P@15: 0.1733
valid 	 N@20: 0.2675, R@20: 0.2789, P@20: 0.1589

2023-11-04 14:02:42,159 - [INFO] - E:216|train_time: 21.02, VALID_time: 0.2586, losses:-1.401, losses_emb:0.007539, best_valid(recall@20): 0.2804
valid 	 N@5: 0.2449, R@5: 0.1135, P@5: 0.222
valid 	 N@10: 0.2482, R@10: 0.1836, P@10: 0.1927
valid 	 N@15: 0.2573, R@15: 0.2366, P@15: 0.1736
valid 	 N@20: 0.2673, R@20: 0.2794, P@20: 0.1592

2023-11-04 14:03:03,240 - [INFO] - E:217|train_time: 20.64, VALID_time: 0.414, losses:-1.401, losses_emb:0.007538, best_valid(recall@20): 0.2804
valid 	 N@5: 0.2468, R@5: 0.114, P@5: 0.2236
valid 	 N@10: 0.2489, R@10: 0.1839, P@10: 0.1928
valid 	 N@15: 0.2572, R@15: 0.2357, P@15: 0.173
valid 	 N@20: 0.2676, R@20: 0.2797, P@20: 0.1592

2023-11-04 14:03:24,911 - [INFO] - E:218|train_time: 21.37, VALID_time: 0.2291, losses:-1.401, losses_emb:0.007536, best_valid(recall@20): 0.2804
valid 	 N@5: 0.2468, R@5: 0.1139, P@5: 0.2233
valid 	 N@10: 0.2492, R@10: 0.1833, P@10: 0.1932
valid 	 N@15: 0.257, R@15: 0.2353, P@15: 0.1723
valid 	 N@20: 0.2679, R@20: 0.2796, P@20: 0.1592

2023-11-04 14:03:45,487 - [INFO] - E:219|train_time: 20.26, VALID_time: 0.2771, losses:-1.401, losses_emb:0.007536, best_valid(recall@20): 0.2804
valid 	 N@5: 0.2464, R@5: 0.1137, P@5: 0.2229
valid 	 N@10: 0.2486, R@10: 0.1833, P@10: 0.1926
valid 	 N@15: 0.2572, R@15: 0.2355, P@15: 0.173
valid 	 N@20: 0.2676, R@20: 0.2794, P@20: 0.1592

2023-11-04 14:04:06,680 - [INFO] - E:220|train_time: 20.77, VALID_time: 0.3771, losses:-1.401, losses_emb:0.007535, best_valid(recall@20): 0.2804
valid 	 N@5: 0.2451, R@5: 0.1133, P@5: 0.2224
valid 	 N@10: 0.2481, R@10: 0.1838, P@10: 0.1927
valid 	 N@15: 0.2567, R@15: 0.2355, P@15: 0.1733
valid 	 N@20: 0.2675, R@20: 0.2803, P@20: 0.1596

2023-11-04 14:04:28,255 - [INFO] - E:221|train_time: 21.12, VALID_time: 0.4011, losses:-1.401, losses_emb:0.007533, best_valid(recall@20): 0.2804
valid 	 N@5: 0.2464, R@5: 0.1139, P@5: 0.2237
valid 	 N@10: 0.2483, R@10: 0.1833, P@10: 0.1926
valid 	 N@15: 0.2567, R@15: 0.235, P@15: 0.1729
valid 	 N@20: 0.2678, R@20: 0.2802, P@20: 0.1598

2023-11-04 14:04:28,256 - [INFO] - start to test!!

2023-11-04 14:04:28,460 - [INFO] - 
TEST 	 N@5: 0.2454, R@5: 0.1135, P@5: 0.2222
TEST 	 N@10: 0.2483, R@10: 0.183, P@10: 0.1924
TEST 	 N@15: 0.2575, R@15: 0.2362, P@15: 0.1736
TEST 	 N@20: 0.2681, R@20: 0.2804, P@20: 0.1597

