2023-11-04 13:45:22,972 - [INFO] - {'dataset': 'ml', 'data_path': './data/', 'name': 'ICDE_rebuttal_ml_DRO_POS_LGN_frame_t1_0.15_t2_1.00_t3_0.15_HOPS_1_1024_800_lr_1e-3_l2_1e-5_NODROP_False_MODE_reweight_P_50_uniform_G_cosine_04_11_2023_13:45:22', 'train_ratio': 0.8, 'gnn': 'lgn_frame', 'epoch': 1000, 'batch_size': 1024, 'test_batch_size': 2048, 'dim': 64, 'l2': 1e-05, 'lr': 0.001, 'mess_dropout': False, 'mess_dropout_rate': 0.1, 'edge_dropout': False, 'edge_dropout_rate': 0.1, 'batch_test_flag': True, 'ns': 'mixgcf', 'K': 1, 'n_negs': 800, 'pool': 'mean', 'cuda': True, 'gpu_id': 0, 'Ks': '[5, 10, 15, 20]', 'test_flag': 'part', 'context_hops': 1, 'eval_earlystop': 'recall@20', 'tau_plus': 0.1, 'temperature': 0.15, 'beta': 1.0, 'sample_num': 2048, 's_neg': 64, 's_pos': 64, 'norm_change': False, 'norm_path': None, 'u_norm': True, 'i_norm': True, 'alpha': 0.1, 'save': False, 'save_analyses': False, 'log_hard_rate': False, 'norm_before': False, 'norm_after': False, 'batch_var': False, 'out_dir': './weights/', 'log_dir': './log_pos/', 'config_dir': './config/', 'restore': False, 'bash_train': False, 'emb_l2': False, 'lam': 0.1, 'lam_per_epoch': 0.1, 'margin': 0.9, 'negative_weight': 150, 'loss_fn': 'Pos_DROLoss', 'sampling_method': 'uniform', 'load_name': 'uniform', 'generate_mode': 'cosine', 'reweight_period': 5, 'mix_target': 'mix_target', 'mask_distribution': 'mask_distribution', 'neg_alpha': 1.6, 'pos_alpha': 2.0, 'dim_mask': 'both', 'expolation_mask': False, 'mix_replace': False, 'save_emb': False, 'sample_replace': False, 'init_norm': 'uniform', 'init_mean': 2.0, 'init_std': 2.0, 'pop_pow': 1.0, 'save_mle': False, 'l2_mode': 'static', 'temperature_2': 1.0, 'temperature_3': 0.15, 'group_valid': False, 'score_save': 'alpha', 'tau_min': 0.05, 'tau_max': 0.15, 'm': 0.9, 'pow_rate': 0.9, 't_min': 0.05, 't_max': 0.15, 't_epoch': 0.01, 't_patience': 50, 'tau_mode': 'static', 'pos_num': 10, 'beta_1': 10, 'beta_2': 10, 'kl_mode': 'kl', 'lam_bank': False, 'neg_rate': '', 'trans_mode': 'else', 'group_mode': 'equal_pop', 'pos_mode': 'reweight', 'group_mix_mode': 'v1', 'kl_memory_fun': 'v0', 'm_tau': 0.9, 'loss_re': False, 'min_lr': 1e-06, 'cnt_lr': 10, 'group_num': 10, 'w1': 0.9, 'w2': 0.9, 'w3': 0.9, 'w4': 0.9, 'negative_weight2': 0.9, 'gamma': 0.9, 'lambda_': 0.9, 'initial_weight': 0.9, 'ii_neighbor_num': 0.9, 'bool_sigmoid': 1, 'bool_normalized': 1, 'bool_omega': 1, 'lambda_thresh': 10.0, 'lam_epoch': 5, 'add_epoch': 5, 'bool_save': 1, 'lambda_mode': 1, 'pos_prob': 1.0}
2023-11-04 13:45:24,030 - [INFO] - load train.txt
2023-11-04 13:45:25,793 - [INFO] - building the adj mat ...
2023-11-04 13:45:26,113 - [INFO] - train set len is 796244
2023-11-04 13:45:26,113 - [INFO] - test set len is 99455
2023-11-04 13:45:26,114 - [INFO] - loading over ...
2023-11-04 13:45:26,114 - [INFO] - users are 6022 items are 3043
Here is Pos_DROLoss loss
tau_1	tau_2 tau_3 	 is 0.15	1.0	 0.15 loss_re False MODE reweight
sample method is uniform
2023-11-04 13:45:32,457 - [INFO] - Evaluation Protocols is 1 @ 20
2023-11-04 13:45:32,457 - [INFO] - start training ...
2023-11-04 13:46:02,521 - [INFO] - E:0|train_time: 29.8, VALID_time: 0.1978, losses:5.913, losses_emb:0.0003219, best_valid(recall@20): -inf
valid 	 N@5: 0.1647, R@5: 0.07094, P@5: 0.1533
valid 	 N@10: 0.1701, R@10: 0.1216, P@10: 0.1397
valid 	 N@15: 0.1799, R@15: 0.1653, P@15: 0.1306
valid 	 N@20: 0.1897, R@20: 0.2028, P@20: 0.1224

2023-11-04 13:46:31,059 - [INFO] - E:1|train_time: 28.25, VALID_time: 0.2554, losses:5.581, losses_emb:0.0005443, best_valid(recall@20): 0.2028
valid 	 N@5: 0.1814, R@5: 0.07895, P@5: 0.1682
valid 	 N@10: 0.1887, R@10: 0.1382, P@10: 0.1529
valid 	 N@15: 0.1999, R@15: 0.1871, P@15: 0.1428
valid 	 N@20: 0.2109, R@20: 0.2274, P@20: 0.1343

2023-11-04 13:46:59,319 - [INFO] - E:2|train_time: 27.98, VALID_time: 0.2372, losses:5.52, losses_emb:0.0007624, best_valid(recall@20): 0.2274
valid 	 N@5: 0.193, R@5: 0.08583, P@5: 0.1785
valid 	 N@10: 0.1978, R@10: 0.1445, P@10: 0.1591
valid 	 N@15: 0.209, R@15: 0.1951, P@15: 0.1478
valid 	 N@20: 0.2198, R@20: 0.2366, P@20: 0.1379

2023-11-04 13:47:27,903 - [INFO] - E:3|train_time: 28.08, VALID_time: 0.457, losses:5.488, losses_emb:0.0009919, best_valid(recall@20): 0.2366
valid 	 N@5: 0.1988, R@5: 0.08785, P@5: 0.1838
valid 	 N@10: 0.2042, R@10: 0.1489, P@10: 0.1644
valid 	 N@15: 0.2154, R@15: 0.2017, P@15: 0.1518
valid 	 N@20: 0.2269, R@20: 0.2452, P@20: 0.1415

2023-11-04 13:47:56,238 - [INFO] - E:4|train_time: 28.02, VALID_time: 0.2605, losses:5.468, losses_emb:0.001232, best_valid(recall@20): 0.2452
valid 	 N@5: 0.2018, R@5: 0.08947, P@5: 0.1853
valid 	 N@10: 0.2076, R@10: 0.1531, P@10: 0.1661
valid 	 N@15: 0.219, R@15: 0.2054, P@15: 0.1537
valid 	 N@20: 0.2304, R@20: 0.2488, P@20: 0.1432

2023-11-04 13:48:24,775 - [INFO] - E:5|train_time: 28.16, VALID_time: 0.3369, losses:5.454, losses_emb:0.001483, best_valid(recall@20): 0.2488
valid 	 N@5: 0.2046, R@5: 0.09067, P@5: 0.1879
valid 	 N@10: 0.2115, R@10: 0.1567, P@10: 0.1689
valid 	 N@15: 0.2228, R@15: 0.2091, P@15: 0.156
valid 	 N@20: 0.2341, R@20: 0.2526, P@20: 0.1452

2023-11-04 13:48:53,345 - [INFO] - E:6|train_time: 28.19, VALID_time: 0.3318, losses:5.444, losses_emb:0.001745, best_valid(recall@20): 0.2526
valid 	 N@5: 0.2073, R@5: 0.09265, P@5: 0.191
valid 	 N@10: 0.2125, R@10: 0.1567, P@10: 0.1697
valid 	 N@15: 0.2244, R@15: 0.212, P@15: 0.1567
valid 	 N@20: 0.2357, R@20: 0.2546, P@20: 0.1459

2023-11-04 13:49:21,619 - [INFO] - E:7|train_time: 27.95, VALID_time: 0.2435, losses:5.435, losses_emb:0.002016, best_valid(recall@20): 0.2546
valid 	 N@5: 0.2081, R@5: 0.0943, P@5: 0.1925
valid 	 N@10: 0.2144, R@10: 0.1603, P@10: 0.1715
valid 	 N@15: 0.2249, R@15: 0.2122, P@15: 0.1566
valid 	 N@20: 0.2373, R@20: 0.2578, P@20: 0.1467

2023-11-04 13:49:50,261 - [INFO] - E:8|train_time: 28.28, VALID_time: 0.3196, losses:5.428, losses_emb:0.002296, best_valid(recall@20): 0.2578
valid 	 N@5: 0.2118, R@5: 0.09514, P@5: 0.1957
valid 	 N@10: 0.2182, R@10: 0.1626, P@10: 0.1745
valid 	 N@15: 0.2277, R@15: 0.2139, P@15: 0.1582
valid 	 N@20: 0.2395, R@20: 0.2589, P@20: 0.1474

2023-11-04 13:50:18,666 - [INFO] - E:9|train_time: 28.19, VALID_time: 0.185, losses:5.422, losses_emb:0.002582, best_valid(recall@20): 0.2589
valid 	 N@5: 0.2126, R@5: 0.09571, P@5: 0.1953
valid 	 N@10: 0.2192, R@10: 0.1644, P@10: 0.1742
valid 	 N@15: 0.2291, R@15: 0.215, P@15: 0.1587
valid 	 N@20: 0.2405, R@20: 0.259, P@20: 0.1474

2023-11-04 13:50:47,325 - [INFO] - E:10|train_time: 28.12, VALID_time: 0.5017, losses:5.417, losses_emb:0.002874, best_valid(recall@20): 0.259
valid 	 N@5: 0.2125, R@5: 0.09663, P@5: 0.1955
valid 	 N@10: 0.2196, R@10: 0.1643, P@10: 0.1752
valid 	 N@15: 0.2294, R@15: 0.2155, P@15: 0.1592
valid 	 N@20: 0.241, R@20: 0.2605, P@20: 0.1479

2023-11-04 13:51:15,789 - [INFO] - E:11|train_time: 28.09, VALID_time: 0.3091, losses:5.413, losses_emb:0.003171, best_valid(recall@20): 0.2605
valid 	 N@5: 0.2147, R@5: 0.09734, P@5: 0.1972
valid 	 N@10: 0.2209, R@10: 0.1655, P@10: 0.1754
valid 	 N@15: 0.2305, R@15: 0.2165, P@15: 0.1591
valid 	 N@20: 0.2424, R@20: 0.2612, P@20: 0.1485

2023-11-04 13:51:44,163 - [INFO] - E:12|train_time: 28.12, VALID_time: 0.2229, losses:5.409, losses_emb:0.003471, best_valid(recall@20): 0.2612
valid 	 N@5: 0.2153, R@5: 0.09794, P@5: 0.1983
valid 	 N@10: 0.2212, R@10: 0.1654, P@10: 0.1758
valid 	 N@15: 0.2321, R@15: 0.219, P@15: 0.1608
valid 	 N@20: 0.2438, R@20: 0.2641, P@20: 0.1492

2023-11-04 13:52:12,841 - [INFO] - E:13|train_time: 28.17, VALID_time: 0.4729, losses:5.405, losses_emb:0.003774, best_valid(recall@20): 0.2641
valid 	 N@5: 0.2153, R@5: 0.09884, P@5: 0.1981
valid 	 N@10: 0.2219, R@10: 0.1663, P@10: 0.1768
valid 	 N@15: 0.2326, R@15: 0.2195, P@15: 0.1611
valid 	 N@20: 0.2439, R@20: 0.2636, P@20: 0.1493

2023-11-04 13:52:41,360 - [INFO] - E:14|train_time: 28.07, VALID_time: 0.4018, losses:5.403, losses_emb:0.004078, best_valid(recall@20): 0.2641
valid 	 N@5: 0.2159, R@5: 0.09812, P@5: 0.1992
valid 	 N@10: 0.2224, R@10: 0.1665, P@10: 0.1772
valid 	 N@15: 0.2327, R@15: 0.2198, P@15: 0.1611
valid 	 N@20: 0.2437, R@20: 0.2636, P@20: 0.1489

2023-11-04 13:53:09,978 - [INFO] - E:15|train_time: 28.2, VALID_time: 0.3722, losses:5.4, losses_emb:0.004383, best_valid(recall@20): 0.2641
valid 	 N@5: 0.2173, R@5: 0.09851, P@5: 0.1998
valid 	 N@10: 0.2242, R@10: 0.1673, P@10: 0.1784
valid 	 N@15: 0.2347, R@15: 0.221, P@15: 0.1622
valid 	 N@20: 0.2461, R@20: 0.2661, P@20: 0.1503

2023-11-04 13:53:38,473 - [INFO] - E:16|train_time: 28.13, VALID_time: 0.2955, losses:5.397, losses_emb:0.004689, best_valid(recall@20): 0.2661
valid 	 N@5: 0.2176, R@5: 0.09829, P@5: 0.1995
valid 	 N@10: 0.2244, R@10: 0.1674, P@10: 0.1781
valid 	 N@15: 0.2355, R@15: 0.2223, P@15: 0.1628
valid 	 N@20: 0.247, R@20: 0.2667, P@20: 0.1513

2023-11-04 13:54:06,965 - [INFO] - E:17|train_time: 28.17, VALID_time: 0.2751, losses:5.395, losses_emb:0.004995, best_valid(recall@20): 0.2667
valid 	 N@5: 0.2187, R@5: 0.09928, P@5: 0.201
valid 	 N@10: 0.2247, R@10: 0.1679, P@10: 0.1781
valid 	 N@15: 0.2358, R@15: 0.2221, P@15: 0.1627
valid 	 N@20: 0.2472, R@20: 0.2667, P@20: 0.1509

2023-11-04 13:54:35,418 - [INFO] - E:18|train_time: 27.99, VALID_time: 0.4247, losses:5.393, losses_emb:0.0053, best_valid(recall@20): 0.2667
valid 	 N@5: 0.2179, R@5: 0.09947, P@5: 0.2005
valid 	 N@10: 0.2245, R@10: 0.1681, P@10: 0.1785
valid 	 N@15: 0.2354, R@15: 0.2221, P@15: 0.1626
valid 	 N@20: 0.2469, R@20: 0.2666, P@20: 0.1508

2023-11-04 13:55:04,098 - [INFO] - E:19|train_time: 28.21, VALID_time: 0.426, losses:5.391, losses_emb:0.005606, best_valid(recall@20): 0.2667
valid 	 N@5: 0.2188, R@5: 0.09963, P@5: 0.2014
valid 	 N@10: 0.2254, R@10: 0.1688, P@10: 0.1788
valid 	 N@15: 0.2361, R@15: 0.2223, P@15: 0.1628
valid 	 N@20: 0.2486, R@20: 0.2689, P@20: 0.152

2023-11-04 13:55:32,401 - [INFO] - E:20|train_time: 27.99, VALID_time: 0.2652, losses:5.389, losses_emb:0.005909, best_valid(recall@20): 0.2689
valid 	 N@5: 0.2177, R@5: 0.09908, P@5: 0.1996
valid 	 N@10: 0.2258, R@10: 0.1693, P@10: 0.1797
valid 	 N@15: 0.2359, R@15: 0.2222, P@15: 0.1629
valid 	 N@20: 0.2479, R@20: 0.2683, P@20: 0.1514

2023-11-04 13:56:00,976 - [INFO] - E:21|train_time: 28.14, VALID_time: 0.4004, losses:5.388, losses_emb:0.00621, best_valid(recall@20): 0.2689
valid 	 N@5: 0.2189, R@5: 0.1001, P@5: 0.2015
valid 	 N@10: 0.2263, R@10: 0.17, P@10: 0.1799
valid 	 N@15: 0.2368, R@15: 0.224, P@15: 0.1635
valid 	 N@20: 0.248, R@20: 0.268, P@20: 0.1512

2023-11-04 13:56:29,269 - [INFO] - E:22|train_time: 27.9, VALID_time: 0.3513, losses:5.386, losses_emb:0.006511, best_valid(recall@20): 0.2689
valid 	 N@5: 0.22, R@5: 0.09981, P@5: 0.202
valid 	 N@10: 0.2267, R@10: 0.1708, P@10: 0.1797
valid 	 N@15: 0.2372, R@15: 0.2236, P@15: 0.1636
valid 	 N@20: 0.2484, R@20: 0.2681, P@20: 0.1514

2023-11-04 13:56:57,766 - [INFO] - E:23|train_time: 28.09, VALID_time: 0.3497, losses:5.385, losses_emb:0.006809, best_valid(recall@20): 0.2689
valid 	 N@5: 0.2195, R@5: 0.09992, P@5: 0.202
valid 	 N@10: 0.2267, R@10: 0.1703, P@10: 0.1801
valid 	 N@15: 0.2381, R@15: 0.226, P@15: 0.1644
valid 	 N@20: 0.2484, R@20: 0.2686, P@20: 0.1511

2023-11-04 13:57:26,098 - [INFO] - E:24|train_time: 28.0, VALID_time: 0.2989, losses:5.384, losses_emb:0.007103, best_valid(recall@20): 0.2689
valid 	 N@5: 0.221, R@5: 0.1007, P@5: 0.202
valid 	 N@10: 0.2283, R@10: 0.1709, P@10: 0.1807
valid 	 N@15: 0.2382, R@15: 0.224, P@15: 0.1637
valid 	 N@20: 0.2499, R@20: 0.2696, P@20: 0.1518

2023-11-04 13:57:54,561 - [INFO] - E:25|train_time: 28.25, VALID_time: 0.1738, losses:5.383, losses_emb:0.007397, best_valid(recall@20): 0.2696
valid 	 N@5: 0.2206, R@5: 0.1003, P@5: 0.2026
valid 	 N@10: 0.228, R@10: 0.1714, P@10: 0.1808
valid 	 N@15: 0.2382, R@15: 0.2246, P@15: 0.1642
valid 	 N@20: 0.2495, R@20: 0.2688, P@20: 0.1518

2023-11-04 13:58:23,091 - [INFO] - E:26|train_time: 28.18, VALID_time: 0.3257, losses:5.382, losses_emb:0.007684, best_valid(recall@20): 0.2696
valid 	 N@5: 0.2195, R@5: 0.1006, P@5: 0.2019
valid 	 N@10: 0.2274, R@10: 0.1721, P@10: 0.1804
valid 	 N@15: 0.2381, R@15: 0.2254, P@15: 0.164
valid 	 N@20: 0.2496, R@20: 0.2694, P@20: 0.1522

2023-11-04 13:58:51,505 - [INFO] - E:27|train_time: 28.07, VALID_time: 0.2996, losses:5.381, losses_emb:0.007973, best_valid(recall@20): 0.2696
valid 	 N@5: 0.2213, R@5: 0.1007, P@5: 0.2029
valid 	 N@10: 0.2291, R@10: 0.1722, P@10: 0.1816
valid 	 N@15: 0.2395, R@15: 0.2257, P@15: 0.165
valid 	 N@20: 0.2509, R@20: 0.2705, P@20: 0.1525

2023-11-04 13:59:19,858 - [INFO] - E:28|train_time: 28.07, VALID_time: 0.2403, losses:5.38, losses_emb:0.008254, best_valid(recall@20): 0.2705
valid 	 N@5: 0.2217, R@5: 0.1006, P@5: 0.2036
valid 	 N@10: 0.2287, R@10: 0.1721, P@10: 0.181
valid 	 N@15: 0.2397, R@15: 0.2263, P@15: 0.165
valid 	 N@20: 0.2504, R@20: 0.2696, P@20: 0.1521

2023-11-04 13:59:48,366 - [INFO] - E:29|train_time: 28.18, VALID_time: 0.2835, losses:5.379, losses_emb:0.008534, best_valid(recall@20): 0.2705
valid 	 N@5: 0.2215, R@5: 0.1016, P@5: 0.2043
valid 	 N@10: 0.2285, R@10: 0.1726, P@10: 0.1813
valid 	 N@15: 0.2387, R@15: 0.2251, P@15: 0.1645
valid 	 N@20: 0.2506, R@20: 0.2708, P@20: 0.1527

2023-11-04 14:00:16,767 - [INFO] - E:30|train_time: 27.97, VALID_time: 0.3861, losses:5.378, losses_emb:0.008811, best_valid(recall@20): 0.2708
valid 	 N@5: 0.2222, R@5: 0.1015, P@5: 0.2045
valid 	 N@10: 0.2291, R@10: 0.1726, P@10: 0.1817
valid 	 N@15: 0.2393, R@15: 0.2256, P@15: 0.165
valid 	 N@20: 0.2506, R@20: 0.2701, P@20: 0.1526

2023-11-04 14:00:45,163 - [INFO] - E:31|train_time: 28.11, VALID_time: 0.236, losses:5.378, losses_emb:0.009082, best_valid(recall@20): 0.2708
valid 	 N@5: 0.2211, R@5: 0.1003, P@5: 0.2031
valid 	 N@10: 0.2291, R@10: 0.1725, P@10: 0.1817
valid 	 N@15: 0.2398, R@15: 0.2268, P@15: 0.1653
valid 	 N@20: 0.2509, R@20: 0.2707, P@20: 0.1527

2023-11-04 14:01:13,699 - [INFO] - E:32|train_time: 28.16, VALID_time: 0.3436, losses:5.377, losses_emb:0.009351, best_valid(recall@20): 0.2708
valid 	 N@5: 0.2211, R@5: 0.101, P@5: 0.2026
valid 	 N@10: 0.2282, R@10: 0.1716, P@10: 0.1804
valid 	 N@15: 0.2398, R@15: 0.2269, P@15: 0.1652
valid 	 N@20: 0.2512, R@20: 0.2711, P@20: 0.1529

2023-11-04 14:01:42,090 - [INFO] - E:33|train_time: 28.11, VALID_time: 0.2427, losses:5.376, losses_emb:0.009615, best_valid(recall@20): 0.2711
valid 	 N@5: 0.2232, R@5: 0.1019, P@5: 0.2047
valid 	 N@10: 0.2293, R@10: 0.1722, P@10: 0.181
valid 	 N@15: 0.2402, R@15: 0.2259, P@15: 0.1652
valid 	 N@20: 0.2517, R@20: 0.2708, P@20: 0.1529

2023-11-04 14:02:10,417 - [INFO] - E:34|train_time: 27.96, VALID_time: 0.3333, losses:5.376, losses_emb:0.009877, best_valid(recall@20): 0.2711
valid 	 N@5: 0.2232, R@5: 0.1021, P@5: 0.205
valid 	 N@10: 0.2293, R@10: 0.1723, P@10: 0.1812
valid 	 N@15: 0.2406, R@15: 0.2273, P@15: 0.1654
valid 	 N@20: 0.2521, R@20: 0.2721, P@20: 0.1533

2023-11-04 14:02:38,952 - [INFO] - E:35|train_time: 28.18, VALID_time: 0.3208, losses:5.375, losses_emb:0.01013, best_valid(recall@20): 0.2721
valid 	 N@5: 0.223, R@5: 0.1015, P@5: 0.2043
valid 	 N@10: 0.2303, R@10: 0.1729, P@10: 0.1823
valid 	 N@15: 0.2409, R@15: 0.2277, P@15: 0.1655
valid 	 N@20: 0.2524, R@20: 0.2723, P@20: 0.1535

2023-11-04 14:03:07,402 - [INFO] - E:36|train_time: 28.1, VALID_time: 0.2767, losses:5.375, losses_emb:0.01039, best_valid(recall@20): 0.2723
valid 	 N@5: 0.2229, R@5: 0.1014, P@5: 0.2046
valid 	 N@10: 0.2301, R@10: 0.1727, P@10: 0.1823
valid 	 N@15: 0.2407, R@15: 0.2268, P@15: 0.1658
valid 	 N@20: 0.2525, R@20: 0.273, P@20: 0.1536

2023-11-04 14:03:35,815 - [INFO] - E:37|train_time: 28.06, VALID_time: 0.3028, losses:5.374, losses_emb:0.01063, best_valid(recall@20): 0.273
valid 	 N@5: 0.2229, R@5: 0.1017, P@5: 0.205
valid 	 N@10: 0.2298, R@10: 0.1732, P@10: 0.1819
valid 	 N@15: 0.2404, R@15: 0.2266, P@15: 0.1657
valid 	 N@20: 0.2524, R@20: 0.273, P@20: 0.1534

2023-11-04 14:04:04,178 - [INFO] - E:38|train_time: 28.04, VALID_time: 0.2854, losses:5.374, losses_emb:0.01088, best_valid(recall@20): 0.273
valid 	 N@5: 0.2232, R@5: 0.102, P@5: 0.2052
valid 	 N@10: 0.2306, R@10: 0.1737, P@10: 0.1828
valid 	 N@15: 0.2408, R@15: 0.2272, P@15: 0.1658
valid 	 N@20: 0.2522, R@20: 0.2727, P@20: 0.1531

2023-11-04 14:04:32,503 - [INFO] - E:39|train_time: 27.97, VALID_time: 0.3151, losses:5.373, losses_emb:0.01112, best_valid(recall@20): 0.273
valid 	 N@5: 0.2235, R@5: 0.1022, P@5: 0.2049
valid 	 N@10: 0.2307, R@10: 0.1734, P@10: 0.1824
valid 	 N@15: 0.241, R@15: 0.2269, P@15: 0.1654
valid 	 N@20: 0.2527, R@20: 0.2725, P@20: 0.1532

2023-11-04 14:05:00,938 - [INFO] - E:40|train_time: 28.11, VALID_time: 0.2693, losses:5.373, losses_emb:0.01135, best_valid(recall@20): 0.273
valid 	 N@5: 0.2231, R@5: 0.1016, P@5: 0.2043
valid 	 N@10: 0.2308, R@10: 0.1739, P@10: 0.1824
valid 	 N@15: 0.2412, R@15: 0.2272, P@15: 0.1656
valid 	 N@20: 0.2527, R@20: 0.2724, P@20: 0.1531

2023-11-04 14:05:29,123 - [INFO] - E:41|train_time: 27.86, VALID_time: 0.2911, losses:5.373, losses_emb:0.01159, best_valid(recall@20): 0.273
valid 	 N@5: 0.2242, R@5: 0.1022, P@5: 0.2053
valid 	 N@10: 0.2306, R@10: 0.1728, P@10: 0.1819
valid 	 N@15: 0.2413, R@15: 0.2267, P@15: 0.1656
valid 	 N@20: 0.2528, R@20: 0.2722, P@20: 0.1531

2023-11-04 14:05:57,561 - [INFO] - E:42|train_time: 28.2, VALID_time: 0.2127, losses:5.372, losses_emb:0.01181, best_valid(recall@20): 0.273
valid 	 N@5: 0.2246, R@5: 0.1024, P@5: 0.2057
valid 	 N@10: 0.2313, R@10: 0.1739, P@10: 0.1826
valid 	 N@15: 0.2416, R@15: 0.227, P@15: 0.166
valid 	 N@20: 0.2531, R@20: 0.273, P@20: 0.1534

2023-11-04 14:06:25,816 - [INFO] - E:43|train_time: 27.93, VALID_time: 0.2858, losses:5.372, losses_emb:0.01204, best_valid(recall@20): 0.273
valid 	 N@5: 0.2246, R@5: 0.1026, P@5: 0.2061
valid 	 N@10: 0.2312, R@10: 0.1738, P@10: 0.1826
valid 	 N@15: 0.2416, R@15: 0.227, P@15: 0.166
valid 	 N@20: 0.2532, R@20: 0.2723, P@20: 0.1537

2023-11-04 14:06:54,069 - [INFO] - E:44|train_time: 28.05, VALID_time: 0.1706, losses:5.372, losses_emb:0.01225, best_valid(recall@20): 0.273
valid 	 N@5: 0.2252, R@5: 0.1029, P@5: 0.2067
valid 	 N@10: 0.2309, R@10: 0.1727, P@10: 0.1824
valid 	 N@15: 0.2419, R@15: 0.2272, P@15: 0.1662
valid 	 N@20: 0.2534, R@20: 0.2727, P@20: 0.1538

2023-11-04 14:07:22,376 - [INFO] - E:45|train_time: 28.01, VALID_time: 0.2395, losses:5.372, losses_emb:0.01247, best_valid(recall@20): 0.273
valid 	 N@5: 0.2244, R@5: 0.1023, P@5: 0.2062
valid 	 N@10: 0.2306, R@10: 0.1729, P@10: 0.1823
valid 	 N@15: 0.2419, R@15: 0.2279, P@15: 0.1664
valid 	 N@20: 0.2535, R@20: 0.2736, P@20: 0.154

2023-11-04 14:07:50,886 - [INFO] - E:46|train_time: 28.23, VALID_time: 0.2324, losses:5.371, losses_emb:0.01268, best_valid(recall@20): 0.2736
valid 	 N@5: 0.225, R@5: 0.1022, P@5: 0.2064
valid 	 N@10: 0.2315, R@10: 0.1738, P@10: 0.1828
valid 	 N@15: 0.2422, R@15: 0.2279, P@15: 0.1663
valid 	 N@20: 0.2535, R@20: 0.2728, P@20: 0.1538

2023-11-04 14:08:19,187 - [INFO] - E:47|train_time: 27.94, VALID_time: 0.3216, losses:5.371, losses_emb:0.01288, best_valid(recall@20): 0.2736
valid 	 N@5: 0.2248, R@5: 0.1017, P@5: 0.2056
valid 	 N@10: 0.2313, R@10: 0.1738, P@10: 0.1822
valid 	 N@15: 0.2418, R@15: 0.2273, P@15: 0.1656
valid 	 N@20: 0.2535, R@20: 0.2731, P@20: 0.1534

2023-11-04 14:08:47,742 - [INFO] - E:48|train_time: 28.18, VALID_time: 0.3465, losses:5.371, losses_emb:0.01309, best_valid(recall@20): 0.2736
valid 	 N@5: 0.2247, R@5: 0.1025, P@5: 0.2057
valid 	 N@10: 0.2314, R@10: 0.1738, P@10: 0.1827
valid 	 N@15: 0.2423, R@15: 0.2284, P@15: 0.1662
valid 	 N@20: 0.2537, R@20: 0.2731, P@20: 0.1538

2023-11-04 14:09:15,635 - [INFO] - E:49|train_time: 27.44, VALID_time: 0.3901, losses:5.37, losses_emb:0.01329, best_valid(recall@20): 0.2736
valid 	 N@5: 0.2246, R@5: 0.1022, P@5: 0.2065
valid 	 N@10: 0.2316, R@10: 0.1742, P@10: 0.1834
valid 	 N@15: 0.2423, R@15: 0.2283, P@15: 0.1668
valid 	 N@20: 0.2534, R@20: 0.273, P@20: 0.1538

2023-11-04 14:09:42,227 - [INFO] - E:50|train_time: 26.2, VALID_time: 0.3365, losses:5.37, losses_emb:0.01348, best_valid(recall@20): 0.2736
valid 	 N@5: 0.2236, R@5: 0.1023, P@5: 0.2049
valid 	 N@10: 0.2309, R@10: 0.1735, P@10: 0.1828
valid 	 N@15: 0.2419, R@15: 0.2281, P@15: 0.1665
valid 	 N@20: 0.2535, R@20: 0.2737, P@20: 0.1539

2023-11-04 14:10:08,477 - [INFO] - E:51|train_time: 25.86, VALID_time: 0.3522, losses:5.37, losses_emb:0.01367, best_valid(recall@20): 0.2737
valid 	 N@5: 0.2242, R@5: 0.1018, P@5: 0.2052
valid 	 N@10: 0.2315, R@10: 0.1735, P@10: 0.1829
valid 	 N@15: 0.2421, R@15: 0.2278, P@15: 0.1662
valid 	 N@20: 0.2535, R@20: 0.2728, P@20: 0.1537

2023-11-04 14:10:34,491 - [INFO] - E:52|train_time: 25.7, VALID_time: 0.2766, losses:5.37, losses_emb:0.01386, best_valid(recall@20): 0.2737
valid 	 N@5: 0.2245, R@5: 0.1027, P@5: 0.2058
valid 	 N@10: 0.2312, R@10: 0.1739, P@10: 0.1827
valid 	 N@15: 0.2417, R@15: 0.2275, P@15: 0.1659
valid 	 N@20: 0.2537, R@20: 0.2735, P@20: 0.154

2023-11-04 14:11:00,754 - [INFO] - E:53|train_time: 25.89, VALID_time: 0.3224, losses:5.37, losses_emb:0.01404, best_valid(recall@20): 0.2737
valid 	 N@5: 0.2247, R@5: 0.103, P@5: 0.2063
valid 	 N@10: 0.2317, R@10: 0.175, P@10: 0.1831
valid 	 N@15: 0.242, R@15: 0.2275, P@15: 0.1664
valid 	 N@20: 0.2536, R@20: 0.2737, P@20: 0.1538

2023-11-04 14:11:27,370 - [INFO] - E:54|train_time: 26.31, VALID_time: 0.2708, losses:5.37, losses_emb:0.01421, best_valid(recall@20): 0.2737
valid 	 N@5: 0.2254, R@5: 0.1034, P@5: 0.2069
valid 	 N@10: 0.2314, R@10: 0.174, P@10: 0.1826
valid 	 N@15: 0.2416, R@15: 0.227, P@15: 0.1657
valid 	 N@20: 0.2534, R@20: 0.2728, P@20: 0.1535

2023-11-04 14:11:53,549 - [INFO] - E:55|train_time: 25.87, VALID_time: 0.2855, losses:5.369, losses_emb:0.01439, best_valid(recall@20): 0.2737
valid 	 N@5: 0.2246, R@5: 0.103, P@5: 0.2068
valid 	 N@10: 0.2308, R@10: 0.1738, P@10: 0.1826
valid 	 N@15: 0.2418, R@15: 0.2281, P@15: 0.1663
valid 	 N@20: 0.2535, R@20: 0.2742, P@20: 0.1538

2023-11-04 14:12:20,121 - [INFO] - E:56|train_time: 26.32, VALID_time: 0.1944, losses:5.369, losses_emb:0.01456, best_valid(recall@20): 0.2742
valid 	 N@5: 0.2237, R@5: 0.1027, P@5: 0.2049
valid 	 N@10: 0.2316, R@10: 0.1749, P@10: 0.1832
valid 	 N@15: 0.242, R@15: 0.228, P@15: 0.1664
valid 	 N@20: 0.254, R@20: 0.2742, P@20: 0.1543

2023-11-04 14:12:48,165 - [INFO] - E:57|train_time: 27.69, VALID_time: 0.3329, losses:5.369, losses_emb:0.01473, best_valid(recall@20): 0.2742
valid 	 N@5: 0.225, R@5: 0.1029, P@5: 0.2062
valid 	 N@10: 0.2312, R@10: 0.1737, P@10: 0.1821
valid 	 N@15: 0.2419, R@15: 0.227, P@15: 0.1661
valid 	 N@20: 0.254, R@20: 0.2738, P@20: 0.1541

2023-11-04 14:13:16,500 - [INFO] - E:58|train_time: 27.97, VALID_time: 0.3227, losses:5.369, losses_emb:0.01489, best_valid(recall@20): 0.2742
valid 	 N@5: 0.2246, R@5: 0.1031, P@5: 0.2056
valid 	 N@10: 0.2317, R@10: 0.1744, P@10: 0.183
valid 	 N@15: 0.2424, R@15: 0.2281, P@15: 0.1666
valid 	 N@20: 0.2541, R@20: 0.2739, P@20: 0.1543

2023-11-04 14:13:45,369 - [INFO] - E:59|train_time: 28.28, VALID_time: 0.561, losses:5.369, losses_emb:0.01505, best_valid(recall@20): 0.2742
valid 	 N@5: 0.2255, R@5: 0.1032, P@5: 0.2068
valid 	 N@10: 0.2319, R@10: 0.1743, P@10: 0.1831
valid 	 N@15: 0.2422, R@15: 0.2274, P@15: 0.1661
valid 	 N@20: 0.2541, R@20: 0.2738, P@20: 0.1539

2023-11-04 14:14:13,919 - [INFO] - E:60|train_time: 28.09, VALID_time: 0.395, losses:5.369, losses_emb:0.0152, best_valid(recall@20): 0.2742
valid 	 N@5: 0.2269, R@5: 0.1043, P@5: 0.2086
valid 	 N@10: 0.2323, R@10: 0.1745, P@10: 0.1832
valid 	 N@15: 0.2426, R@15: 0.2279, P@15: 0.1662
valid 	 N@20: 0.2542, R@20: 0.2732, P@20: 0.1539

2023-11-04 14:14:42,307 - [INFO] - E:61|train_time: 27.93, VALID_time: 0.405, losses:5.369, losses_emb:0.01535, best_valid(recall@20): 0.2742
valid 	 N@5: 0.2264, R@5: 0.1035, P@5: 0.2076
valid 	 N@10: 0.2326, R@10: 0.175, P@10: 0.1833
valid 	 N@15: 0.2429, R@15: 0.2286, P@15: 0.1663
valid 	 N@20: 0.2546, R@20: 0.2736, P@20: 0.1541

2023-11-04 14:15:10,716 - [INFO] - E:62|train_time: 28.11, VALID_time: 0.2598, losses:5.368, losses_emb:0.0155, best_valid(recall@20): 0.2742
valid 	 N@5: 0.225, R@5: 0.1027, P@5: 0.2056
valid 	 N@10: 0.2324, R@10: 0.1746, P@10: 0.1836
valid 	 N@15: 0.2424, R@15: 0.2273, P@15: 0.1664
valid 	 N@20: 0.2542, R@20: 0.2735, P@20: 0.154

2023-11-04 14:15:39,273 - [INFO] - E:63|train_time: 28.25, VALID_time: 0.268, losses:5.368, losses_emb:0.01565, best_valid(recall@20): 0.2742
valid 	 N@5: 0.2258, R@5: 0.1027, P@5: 0.2061
valid 	 N@10: 0.2325, R@10: 0.1741, P@10: 0.1834
valid 	 N@15: 0.243, R@15: 0.2275, P@15: 0.1668
valid 	 N@20: 0.2547, R@20: 0.2737, P@20: 0.1543

2023-11-04 14:16:07,676 - [INFO] - E:64|train_time: 28.18, VALID_time: 0.1827, losses:5.368, losses_emb:0.01579, best_valid(recall@20): 0.2742
valid 	 N@5: 0.2256, R@5: 0.103, P@5: 0.2068
valid 	 N@10: 0.2325, R@10: 0.1746, P@10: 0.1838
valid 	 N@15: 0.243, R@15: 0.2289, P@15: 0.1668
valid 	 N@20: 0.254, R@20: 0.2729, P@20: 0.1539

2023-11-04 14:16:36,016 - [INFO] - E:65|train_time: 28.16, VALID_time: 0.1564, losses:5.368, losses_emb:0.01593, best_valid(recall@20): 0.2742
valid 	 N@5: 0.2251, R@5: 0.1034, P@5: 0.2071
valid 	 N@10: 0.2312, R@10: 0.1735, P@10: 0.1827
valid 	 N@15: 0.2422, R@15: 0.2281, P@15: 0.1665
valid 	 N@20: 0.2536, R@20: 0.2729, P@20: 0.1538

2023-11-04 14:17:04,641 - [INFO] - E:66|train_time: 28.4, VALID_time: 0.1996, losses:5.368, losses_emb:0.01606, best_valid(recall@20): 0.2742
valid 	 N@5: 0.2261, R@5: 0.1034, P@5: 0.2073
valid 	 N@10: 0.2323, R@10: 0.1741, P@10: 0.1835
valid 	 N@15: 0.243, R@15: 0.2289, P@15: 0.1667
valid 	 N@20: 0.254, R@20: 0.2728, P@20: 0.1537

2023-11-04 14:17:33,387 - [INFO] - E:67|train_time: 28.53, VALID_time: 0.1827, losses:5.368, losses_emb:0.01619, best_valid(recall@20): 0.2742
valid 	 N@5: 0.2267, R@5: 0.1036, P@5: 0.208
valid 	 N@10: 0.2321, R@10: 0.1738, P@10: 0.183
valid 	 N@15: 0.2428, R@15: 0.228, P@15: 0.1666
valid 	 N@20: 0.2543, R@20: 0.2729, P@20: 0.1542

2023-11-04 14:18:01,925 - [INFO] - E:68|train_time: 28.27, VALID_time: 0.2444, losses:5.368, losses_emb:0.01632, best_valid(recall@20): 0.2742
valid 	 N@5: 0.2259, R@5: 0.1032, P@5: 0.2072
valid 	 N@10: 0.2319, R@10: 0.1739, P@10: 0.183
valid 	 N@15: 0.243, R@15: 0.2288, P@15: 0.1669
valid 	 N@20: 0.2545, R@20: 0.2739, P@20: 0.1545

2023-11-04 14:18:30,518 - [INFO] - E:69|train_time: 28.36, VALID_time: 0.1905, losses:5.368, losses_emb:0.01645, best_valid(recall@20): 0.2742
valid 	 N@5: 0.2258, R@5: 0.1037, P@5: 0.2072
valid 	 N@10: 0.2322, R@10: 0.1743, P@10: 0.1834
valid 	 N@15: 0.2432, R@15: 0.2292, P@15: 0.1671
valid 	 N@20: 0.2544, R@20: 0.2741, P@20: 0.1541

2023-11-04 14:18:59,014 - [INFO] - E:70|train_time: 28.3, VALID_time: 0.1673, losses:5.368, losses_emb:0.01657, best_valid(recall@20): 0.2742
valid 	 N@5: 0.226, R@5: 0.1041, P@5: 0.2069
valid 	 N@10: 0.2322, R@10: 0.1744, P@10: 0.1831
valid 	 N@15: 0.2436, R@15: 0.2294, P@15: 0.1674
valid 	 N@20: 0.254, R@20: 0.2728, P@20: 0.1536

2023-11-04 14:19:27,605 - [INFO] - E:71|train_time: 28.34, VALID_time: 0.2203, losses:5.368, losses_emb:0.01669, best_valid(recall@20): 0.2742
valid 	 N@5: 0.225, R@5: 0.1026, P@5: 0.2054
valid 	 N@10: 0.232, R@10: 0.1741, P@10: 0.1832
valid 	 N@15: 0.243, R@15: 0.229, P@15: 0.1667
valid 	 N@20: 0.2541, R@20: 0.2731, P@20: 0.154

2023-11-04 14:19:56,101 - [INFO] - E:72|train_time: 28.28, VALID_time: 0.1686, losses:5.368, losses_emb:0.01681, best_valid(recall@20): 0.2742
valid 	 N@5: 0.2257, R@5: 0.1032, P@5: 0.2066
valid 	 N@10: 0.2321, R@10: 0.1745, P@10: 0.183
valid 	 N@15: 0.2434, R@15: 0.2289, P@15: 0.1674
valid 	 N@20: 0.2543, R@20: 0.2735, P@20: 0.154

2023-11-04 14:20:24,724 - [INFO] - E:73|train_time: 28.4, VALID_time: 0.2021, losses:5.368, losses_emb:0.01692, best_valid(recall@20): 0.2742
valid 	 N@5: 0.2254, R@5: 0.1037, P@5: 0.2067
valid 	 N@10: 0.2312, R@10: 0.1737, P@10: 0.1825
valid 	 N@15: 0.2429, R@15: 0.2292, P@15: 0.167
valid 	 N@20: 0.2541, R@20: 0.274, P@20: 0.1542

2023-11-04 14:20:53,350 - [INFO] - E:74|train_time: 28.42, VALID_time: 0.1794, losses:5.367, losses_emb:0.01703, best_valid(recall@20): 0.2742
valid 	 N@5: 0.226, R@5: 0.1038, P@5: 0.2065
valid 	 N@10: 0.2318, R@10: 0.1736, P@10: 0.1825
valid 	 N@15: 0.243, R@15: 0.2285, P@15: 0.1666
valid 	 N@20: 0.2541, R@20: 0.2731, P@20: 0.1537

2023-11-04 14:21:21,905 - [INFO] - E:75|train_time: 28.12, VALID_time: 0.4053, losses:5.367, losses_emb:0.01714, best_valid(recall@20): 0.2742
valid 	 N@5: 0.2263, R@5: 0.1035, P@5: 0.2071
valid 	 N@10: 0.2322, R@10: 0.1742, P@10: 0.183
valid 	 N@15: 0.2431, R@15: 0.2288, P@15: 0.1666
valid 	 N@20: 0.2546, R@20: 0.2741, P@20: 0.1542

2023-11-04 14:21:49,473 - [INFO] - E:76|train_time: 27.1, VALID_time: 0.4254, losses:5.367, losses_emb:0.01725, best_valid(recall@20): 0.2742
valid 	 N@5: 0.2252, R@5: 0.1034, P@5: 0.2067
valid 	 N@10: 0.2317, R@10: 0.174, P@10: 0.1833
valid 	 N@15: 0.2427, R@15: 0.2288, P@15: 0.1669
valid 	 N@20: 0.2539, R@20: 0.2737, P@20: 0.1541

2023-11-04 14:22:17,130 - [INFO] - E:77|train_time: 27.22, VALID_time: 0.383, losses:5.367, losses_emb:0.01735, best_valid(recall@20): 0.2742
valid 	 N@5: 0.2262, R@5: 0.1038, P@5: 0.2075
valid 	 N@10: 0.2322, R@10: 0.1746, P@10: 0.1829
valid 	 N@15: 0.2434, R@15: 0.2293, P@15: 0.167
valid 	 N@20: 0.2547, R@20: 0.2744, P@20: 0.1541

2023-11-04 14:22:44,123 - [INFO] - E:78|train_time: 26.52, VALID_time: 0.403, losses:5.367, losses_emb:0.01745, best_valid(recall@20): 0.2744
valid 	 N@5: 0.2256, R@5: 0.1033, P@5: 0.2064
valid 	 N@10: 0.2327, R@10: 0.1746, P@10: 0.1839
valid 	 N@15: 0.2431, R@15: 0.2287, P@15: 0.1668
valid 	 N@20: 0.2539, R@20: 0.273, P@20: 0.1535

2023-11-04 14:23:11,160 - [INFO] - E:79|train_time: 26.59, VALID_time: 0.3929, losses:5.367, losses_emb:0.01755, best_valid(recall@20): 0.2744
valid 	 N@5: 0.2259, R@5: 0.1038, P@5: 0.2065
valid 	 N@10: 0.2324, R@10: 0.1747, P@10: 0.1829
valid 	 N@15: 0.2429, R@15: 0.2278, P@15: 0.1664
valid 	 N@20: 0.2545, R@20: 0.2732, P@20: 0.1541

2023-11-04 14:23:39,250 - [INFO] - E:80|train_time: 27.83, VALID_time: 0.1988, losses:5.367, losses_emb:0.01765, best_valid(recall@20): 0.2744
valid 	 N@5: 0.2253, R@5: 0.1036, P@5: 0.2059
valid 	 N@10: 0.2322, R@10: 0.1742, P@10: 0.1833
valid 	 N@15: 0.2426, R@15: 0.2274, P@15: 0.1665
valid 	 N@20: 0.2546, R@20: 0.274, P@20: 0.1543

2023-11-04 14:24:07,865 - [INFO] - E:81|train_time: 28.43, VALID_time: 0.1579, losses:5.367, losses_emb:0.01774, best_valid(recall@20): 0.2744
valid 	 N@5: 0.2252, R@5: 0.1033, P@5: 0.2055
valid 	 N@10: 0.232, R@10: 0.1741, P@10: 0.1829
valid 	 N@15: 0.2429, R@15: 0.228, P@15: 0.1668
valid 	 N@20: 0.254, R@20: 0.2729, P@20: 0.1537

2023-11-04 14:24:36,292 - [INFO] - E:82|train_time: 28.22, VALID_time: 0.1839, losses:5.367, losses_emb:0.01783, best_valid(recall@20): 0.2744
valid 	 N@5: 0.2253, R@5: 0.1037, P@5: 0.2063
valid 	 N@10: 0.2316, R@10: 0.1738, P@10: 0.1827
valid 	 N@15: 0.2427, R@15: 0.2283, P@15: 0.1668
valid 	 N@20: 0.2541, R@20: 0.2731, P@20: 0.1541

2023-11-04 14:25:04,770 - [INFO] - E:83|train_time: 28.27, VALID_time: 0.1698, losses:5.367, losses_emb:0.01792, best_valid(recall@20): 0.2744
valid 	 N@5: 0.2256, R@5: 0.1037, P@5: 0.2067
valid 	 N@10: 0.232, R@10: 0.1739, P@10: 0.1829
valid 	 N@15: 0.243, R@15: 0.2279, P@15: 0.1669
valid 	 N@20: 0.2542, R@20: 0.2732, P@20: 0.1539

2023-11-04 14:25:33,274 - [INFO] - E:84|train_time: 28.28, VALID_time: 0.2021, losses:5.367, losses_emb:0.01801, best_valid(recall@20): 0.2744
valid 	 N@5: 0.2263, R@5: 0.1032, P@5: 0.2071
valid 	 N@10: 0.2326, R@10: 0.1746, P@10: 0.1835
valid 	 N@15: 0.2435, R@15: 0.2286, P@15: 0.1672
valid 	 N@20: 0.2547, R@20: 0.2736, P@20: 0.1543

2023-11-04 14:26:01,784 - [INFO] - E:85|train_time: 28.29, VALID_time: 0.1963, losses:5.367, losses_emb:0.01809, best_valid(recall@20): 0.2744
valid 	 N@5: 0.2253, R@5: 0.1033, P@5: 0.2065
valid 	 N@10: 0.232, R@10: 0.1741, P@10: 0.1832
valid 	 N@15: 0.2425, R@15: 0.2278, P@15: 0.1665
valid 	 N@20: 0.2543, R@20: 0.2738, P@20: 0.1542

2023-11-04 14:26:30,248 - [INFO] - E:86|train_time: 28.25, VALID_time: 0.1817, losses:5.367, losses_emb:0.01817, best_valid(recall@20): 0.2744
valid 	 N@5: 0.2257, R@5: 0.1036, P@5: 0.2064
valid 	 N@10: 0.2324, R@10: 0.1742, P@10: 0.1835
valid 	 N@15: 0.243, R@15: 0.2282, P@15: 0.1669
valid 	 N@20: 0.2547, R@20: 0.2742, P@20: 0.1544

2023-11-04 14:26:58,649 - [INFO] - E:87|train_time: 28.21, VALID_time: 0.1646, losses:5.367, losses_emb:0.01826, best_valid(recall@20): 0.2744
valid 	 N@5: 0.2264, R@5: 0.1039, P@5: 0.207
valid 	 N@10: 0.2324, R@10: 0.1741, P@10: 0.1831
valid 	 N@15: 0.2432, R@15: 0.2282, P@15: 0.1668
valid 	 N@20: 0.2546, R@20: 0.2735, P@20: 0.154

2023-11-04 14:27:27,191 - [INFO] - E:88|train_time: 28.26, VALID_time: 0.2526, losses:5.367, losses_emb:0.01834, best_valid(recall@20): 0.2744
valid 	 N@5: 0.2269, R@5: 0.1036, P@5: 0.2074
valid 	 N@10: 0.2333, R@10: 0.1745, P@10: 0.184
valid 	 N@15: 0.2432, R@15: 0.2271, P@15: 0.1668
valid 	 N@20: 0.2552, R@20: 0.2742, P@20: 0.1545

2023-11-04 14:27:55,775 - [INFO] - E:89|train_time: 28.23, VALID_time: 0.3017, losses:5.367, losses_emb:0.01841, best_valid(recall@20): 0.2744
valid 	 N@5: 0.2266, R@5: 0.1029, P@5: 0.2062
valid 	 N@10: 0.2333, R@10: 0.1748, P@10: 0.1834
valid 	 N@15: 0.2437, R@15: 0.2278, P@15: 0.167
valid 	 N@20: 0.255, R@20: 0.2735, P@20: 0.154

2023-11-04 14:28:24,380 - [INFO] - E:90|train_time: 28.31, VALID_time: 0.244, losses:5.367, losses_emb:0.01849, best_valid(recall@20): 0.2744
valid 	 N@5: 0.2257, R@5: 0.1028, P@5: 0.2062
valid 	 N@10: 0.2329, R@10: 0.1746, P@10: 0.1839
valid 	 N@15: 0.2434, R@15: 0.2285, P@15: 0.1672
valid 	 N@20: 0.2548, R@20: 0.2741, P@20: 0.1543

2023-11-04 14:28:52,945 - [INFO] - E:91|train_time: 28.35, VALID_time: 0.1768, losses:5.367, losses_emb:0.01856, best_valid(recall@20): 0.2744
valid 	 N@5: 0.2261, R@5: 0.1033, P@5: 0.2067
valid 	 N@10: 0.2326, R@10: 0.1741, P@10: 0.1835
valid 	 N@15: 0.243, R@15: 0.228, P@15: 0.1667
valid 	 N@20: 0.2543, R@20: 0.2733, P@20: 0.1538

2023-11-04 14:29:21,441 - [INFO] - E:92|train_time: 28.3, VALID_time: 0.1759, losses:5.367, losses_emb:0.01863, best_valid(recall@20): 0.2744
valid 	 N@5: 0.2261, R@5: 0.1032, P@5: 0.2068
valid 	 N@10: 0.2324, R@10: 0.1743, P@10: 0.1834
valid 	 N@15: 0.243, R@15: 0.2279, P@15: 0.1669
valid 	 N@20: 0.2547, R@20: 0.2739, P@20: 0.1544

2023-11-04 14:29:49,945 - [INFO] - E:93|train_time: 28.3, VALID_time: 0.1796, losses:5.367, losses_emb:0.0187, best_valid(recall@20): 0.2744
valid 	 N@5: 0.2258, R@5: 0.1038, P@5: 0.207
valid 	 N@10: 0.2322, R@10: 0.174, P@10: 0.1836
valid 	 N@15: 0.2425, R@15: 0.2272, P@15: 0.1666
valid 	 N@20: 0.2543, R@20: 0.2733, P@20: 0.1541

2023-11-04 14:30:18,482 - [INFO] - E:94|train_time: 28.32, VALID_time: 0.1929, losses:5.367, losses_emb:0.01877, best_valid(recall@20): 0.2744
valid 	 N@5: 0.2264, R@5: 0.1043, P@5: 0.2071
valid 	 N@10: 0.2323, R@10: 0.1736, P@10: 0.1833
valid 	 N@15: 0.2432, R@15: 0.2285, P@15: 0.1667
valid 	 N@20: 0.2549, R@20: 0.2741, P@20: 0.1545

2023-11-04 14:30:46,957 - [INFO] - E:95|train_time: 28.29, VALID_time: 0.1548, losses:5.367, losses_emb:0.01884, best_valid(recall@20): 0.2744
valid 	 N@5: 0.227, R@5: 0.1042, P@5: 0.2081
valid 	 N@10: 0.2321, R@10: 0.1735, P@10: 0.1828
valid 	 N@15: 0.2429, R@15: 0.2276, P@15: 0.1666
valid 	 N@20: 0.2547, R@20: 0.2741, P@20: 0.1542

2023-11-04 14:31:15,618 - [INFO] - E:96|train_time: 28.45, VALID_time: 0.1718, losses:5.367, losses_emb:0.0189, best_valid(recall@20): 0.2744
valid 	 N@5: 0.2258, R@5: 0.104, P@5: 0.2072
valid 	 N@10: 0.2319, R@10: 0.1738, P@10: 0.1832
valid 	 N@15: 0.2432, R@15: 0.2283, P@15: 0.1674
valid 	 N@20: 0.2545, R@20: 0.2741, P@20: 0.1544

2023-11-04 14:31:44,227 - [INFO] - E:97|train_time: 28.4, VALID_time: 0.1876, losses:5.366, losses_emb:0.01896, best_valid(recall@20): 0.2744
valid 	 N@5: 0.227, R@5: 0.1037, P@5: 0.2081
valid 	 N@10: 0.2325, R@10: 0.1739, P@10: 0.1835
valid 	 N@15: 0.2436, R@15: 0.2289, P@15: 0.1672
valid 	 N@20: 0.2547, R@20: 0.2736, P@20: 0.1543

2023-11-04 14:32:12,845 - [INFO] - E:98|train_time: 28.3, VALID_time: 0.2763, losses:5.366, losses_emb:0.01903, best_valid(recall@20): 0.2744
valid 	 N@5: 0.2263, R@5: 0.1037, P@5: 0.207
valid 	 N@10: 0.2324, R@10: 0.1739, P@10: 0.1837
valid 	 N@15: 0.2436, R@15: 0.2295, P@15: 0.1673
valid 	 N@20: 0.2547, R@20: 0.274, P@20: 0.1543

2023-11-04 14:32:41,227 - [INFO] - E:99|train_time: 28.14, VALID_time: 0.2119, losses:5.367, losses_emb:0.01909, best_valid(recall@20): 0.2744
valid 	 N@5: 0.2259, R@5: 0.1034, P@5: 0.2065
valid 	 N@10: 0.2323, R@10: 0.174, P@10: 0.1833
valid 	 N@15: 0.2434, R@15: 0.2288, P@15: 0.1672
valid 	 N@20: 0.2544, R@20: 0.2735, P@20: 0.154

2023-11-04 14:33:09,690 - [INFO] - E:100|train_time: 28.18, VALID_time: 0.2415, losses:5.366, losses_emb:0.01915, best_valid(recall@20): 0.2744
valid 	 N@5: 0.2263, R@5: 0.1038, P@5: 0.2074
valid 	 N@10: 0.2323, R@10: 0.1742, P@10: 0.1832
valid 	 N@15: 0.2433, R@15: 0.2289, P@15: 0.1668
valid 	 N@20: 0.2546, R@20: 0.274, P@20: 0.1542

2023-11-04 14:33:38,207 - [INFO] - E:101|train_time: 28.3, VALID_time: 0.1935, losses:5.366, losses_emb:0.0192, best_valid(recall@20): 0.2744
valid 	 N@5: 0.2256, R@5: 0.1036, P@5: 0.2067
valid 	 N@10: 0.2324, R@10: 0.1747, P@10: 0.1837
valid 	 N@15: 0.2435, R@15: 0.2293, P@15: 0.1674
valid 	 N@20: 0.2544, R@20: 0.2739, P@20: 0.154

2023-11-04 14:34:06,834 - [INFO] - E:102|train_time: 28.38, VALID_time: 0.2148, losses:5.366, losses_emb:0.01926, best_valid(recall@20): 0.2744
valid 	 N@5: 0.2264, R@5: 0.1034, P@5: 0.2076
valid 	 N@10: 0.2328, R@10: 0.1746, P@10: 0.1839
valid 	 N@15: 0.2431, R@15: 0.2282, P@15: 0.1669
valid 	 N@20: 0.2542, R@20: 0.2732, P@20: 0.1538

2023-11-04 14:34:35,620 - [INFO] - E:103|train_time: 28.57, VALID_time: 0.1861, losses:5.366, losses_emb:0.01932, best_valid(recall@20): 0.2744
valid 	 N@5: 0.2259, R@5: 0.1034, P@5: 0.2067
valid 	 N@10: 0.2322, R@10: 0.1739, P@10: 0.1833
valid 	 N@15: 0.2432, R@15: 0.2282, P@15: 0.167
valid 	 N@20: 0.2545, R@20: 0.2736, P@20: 0.1543

2023-11-04 14:35:04,338 - [INFO] - E:104|train_time: 28.41, VALID_time: 0.2702, losses:5.366, losses_emb:0.01937, best_valid(recall@20): 0.2744
valid 	 N@5: 0.2269, R@5: 0.104, P@5: 0.2073
valid 	 N@10: 0.233, R@10: 0.1744, P@10: 0.1834
valid 	 N@15: 0.2442, R@15: 0.2292, P@15: 0.1676
valid 	 N@20: 0.2552, R@20: 0.2738, P@20: 0.1542

2023-11-04 14:35:33,203 - [INFO] - E:105|train_time: 28.64, VALID_time: 0.2028, losses:5.366, losses_emb:0.01942, best_valid(recall@20): 0.2744
valid 	 N@5: 0.2266, R@5: 0.1041, P@5: 0.2073
valid 	 N@10: 0.2323, R@10: 0.1742, P@10: 0.1828
valid 	 N@15: 0.2434, R@15: 0.2288, P@15: 0.1669
valid 	 N@20: 0.2543, R@20: 0.2735, P@20: 0.1537

2023-11-04 14:36:01,680 - [INFO] - E:106|train_time: 28.26, VALID_time: 0.1837, losses:5.366, losses_emb:0.01947, best_valid(recall@20): 0.2744
valid 	 N@5: 0.2267, R@5: 0.1037, P@5: 0.207
valid 	 N@10: 0.233, R@10: 0.1745, P@10: 0.1835
valid 	 N@15: 0.2433, R@15: 0.2276, P@15: 0.1668
valid 	 N@20: 0.2548, R@20: 0.2737, P@20: 0.1541

2023-11-04 14:36:30,041 - [INFO] - E:107|train_time: 28.18, VALID_time: 0.1614, losses:5.366, losses_emb:0.01952, best_valid(recall@20): 0.2744
valid 	 N@5: 0.2262, R@5: 0.104, P@5: 0.2066
valid 	 N@10: 0.2326, R@10: 0.1742, P@10: 0.183
valid 	 N@15: 0.2434, R@15: 0.2278, P@15: 0.1669
valid 	 N@20: 0.2549, R@20: 0.2736, P@20: 0.1541

2023-11-04 14:36:58,611 - [INFO] - E:108|train_time: 28.31, VALID_time: 0.2351, losses:5.366, losses_emb:0.01957, best_valid(recall@20): 0.2744
valid 	 N@5: 0.2264, R@5: 0.1042, P@5: 0.2076
valid 	 N@10: 0.2329, R@10: 0.1748, P@10: 0.1838
valid 	 N@15: 0.2431, R@15: 0.228, P@15: 0.1667
valid 	 N@20: 0.2548, R@20: 0.2739, P@20: 0.1542

2023-11-04 14:37:27,113 - [INFO] - E:109|train_time: 28.19, VALID_time: 0.2581, losses:5.366, losses_emb:0.01962, best_valid(recall@20): 0.2744
valid 	 N@5: 0.2263, R@5: 0.1039, P@5: 0.2074
valid 	 N@10: 0.2323, R@10: 0.1741, P@10: 0.1831
valid 	 N@15: 0.2429, R@15: 0.2282, P@15: 0.1665
valid 	 N@20: 0.2549, R@20: 0.2744, P@20: 0.1544

2023-11-04 14:37:55,470 - [INFO] - E:110|train_time: 28.12, VALID_time: 0.1813, losses:5.366, losses_emb:0.01966, best_valid(recall@20): 0.2744
valid 	 N@5: 0.2273, R@5: 0.1043, P@5: 0.2086
valid 	 N@10: 0.2322, R@10: 0.1735, P@10: 0.1831
valid 	 N@15: 0.2432, R@15: 0.2284, P@15: 0.1668
valid 	 N@20: 0.2551, R@20: 0.2752, P@20: 0.1544

2023-11-04 14:38:24,108 - [INFO] - E:111|train_time: 28.36, VALID_time: 0.2503, losses:5.366, losses_emb:0.01971, best_valid(recall@20): 0.2752
valid 	 N@5: 0.2252, R@5: 0.1032, P@5: 0.2063
valid 	 N@10: 0.2319, R@10: 0.174, P@10: 0.1832
valid 	 N@15: 0.2428, R@15: 0.2283, P@15: 0.1667
valid 	 N@20: 0.2545, R@20: 0.2746, P@20: 0.1543

2023-11-04 14:38:52,722 - [INFO] - E:112|train_time: 28.39, VALID_time: 0.1984, losses:5.366, losses_emb:0.01975, best_valid(recall@20): 0.2752
valid 	 N@5: 0.2257, R@5: 0.1036, P@5: 0.2065
valid 	 N@10: 0.2325, R@10: 0.1747, P@10: 0.1836
valid 	 N@15: 0.2434, R@15: 0.2283, P@15: 0.1674
valid 	 N@20: 0.2543, R@20: 0.2736, P@20: 0.1538

2023-11-04 14:39:21,276 - [INFO] - E:113|train_time: 28.34, VALID_time: 0.1846, losses:5.366, losses_emb:0.0198, best_valid(recall@20): 0.2752
valid 	 N@5: 0.226, R@5: 0.1034, P@5: 0.2068
valid 	 N@10: 0.2326, R@10: 0.1745, P@10: 0.1837
valid 	 N@15: 0.2435, R@15: 0.2288, P@15: 0.1673
valid 	 N@20: 0.2548, R@20: 0.2743, P@20: 0.1543

2023-11-04 14:39:49,598 - [INFO] - E:114|train_time: 28.14, VALID_time: 0.1565, losses:5.366, losses_emb:0.01984, best_valid(recall@20): 0.2752
valid 	 N@5: 0.2269, R@5: 0.104, P@5: 0.2075
valid 	 N@10: 0.2331, R@10: 0.1744, P@10: 0.1839
valid 	 N@15: 0.2435, R@15: 0.2282, P@15: 0.1669
valid 	 N@20: 0.2548, R@20: 0.2739, P@20: 0.1538

2023-11-04 14:40:18,200 - [INFO] - E:115|train_time: 28.4, VALID_time: 0.1822, losses:5.366, losses_emb:0.01988, best_valid(recall@20): 0.2752
valid 	 N@5: 0.2257, R@5: 0.1035, P@5: 0.2067
valid 	 N@10: 0.2321, R@10: 0.1735, P@10: 0.1834
valid 	 N@15: 0.2432, R@15: 0.2288, P@15: 0.167
valid 	 N@20: 0.2546, R@20: 0.274, P@20: 0.1544

2023-11-04 14:40:46,799 - [INFO] - E:116|train_time: 28.3, VALID_time: 0.268, losses:5.366, losses_emb:0.01992, best_valid(recall@20): 0.2752
valid 	 N@5: 0.2261, R@5: 0.1042, P@5: 0.2071
valid 	 N@10: 0.2322, R@10: 0.1744, P@10: 0.1831
valid 	 N@15: 0.2436, R@15: 0.2294, P@15: 0.1673
valid 	 N@20: 0.2548, R@20: 0.2737, P@20: 0.1546

2023-11-04 14:41:15,397 - [INFO] - E:117|train_time: 28.35, VALID_time: 0.2137, losses:5.366, losses_emb:0.01996, best_valid(recall@20): 0.2752
valid 	 N@5: 0.2262, R@5: 0.1039, P@5: 0.207
valid 	 N@10: 0.2326, R@10: 0.1742, P@10: 0.1837
valid 	 N@15: 0.2429, R@15: 0.228, P@15: 0.1666
valid 	 N@20: 0.2547, R@20: 0.2738, P@20: 0.1543

2023-11-04 14:41:44,144 - [INFO] - E:118|train_time: 28.48, VALID_time: 0.2394, losses:5.366, losses_emb:0.02, best_valid(recall@20): 0.2752
valid 	 N@5: 0.2264, R@5: 0.1034, P@5: 0.2075
valid 	 N@10: 0.232, R@10: 0.1734, P@10: 0.183
valid 	 N@15: 0.2436, R@15: 0.2294, P@15: 0.1674
valid 	 N@20: 0.254, R@20: 0.2726, P@20: 0.1536

2023-11-04 14:42:12,727 - [INFO] - E:119|train_time: 28.36, VALID_time: 0.1706, losses:5.366, losses_emb:0.02004, best_valid(recall@20): 0.2752
valid 	 N@5: 0.2261, R@5: 0.1035, P@5: 0.2071
valid 	 N@10: 0.2316, R@10: 0.1734, P@10: 0.1824
valid 	 N@15: 0.2432, R@15: 0.2286, P@15: 0.167
valid 	 N@20: 0.2548, R@20: 0.2743, P@20: 0.1545

2023-11-04 14:42:41,240 - [INFO] - E:120|train_time: 28.3, VALID_time: 0.1832, losses:5.366, losses_emb:0.02007, best_valid(recall@20): 0.2752
valid 	 N@5: 0.2259, R@5: 0.1038, P@5: 0.2071
valid 	 N@10: 0.2318, R@10: 0.1733, P@10: 0.1832
valid 	 N@15: 0.2429, R@15: 0.2283, P@15: 0.1669
valid 	 N@20: 0.2547, R@20: 0.2745, P@20: 0.1545

2023-11-04 14:43:09,755 - [INFO] - E:121|train_time: 28.32, VALID_time: 0.1608, losses:5.366, losses_emb:0.02011, best_valid(recall@20): 0.2752
valid 	 N@5: 0.2264, R@5: 0.1036, P@5: 0.2071
valid 	 N@10: 0.232, R@10: 0.1737, P@10: 0.1826
valid 	 N@15: 0.2432, R@15: 0.2282, P@15: 0.1671
valid 	 N@20: 0.2546, R@20: 0.2742, P@20: 0.1541

2023-11-04 14:43:38,353 - [INFO] - E:122|train_time: 28.37, VALID_time: 0.2004, losses:5.366, losses_emb:0.02014, best_valid(recall@20): 0.2752
valid 	 N@5: 0.226, R@5: 0.1042, P@5: 0.2071
valid 	 N@10: 0.2314, R@10: 0.1731, P@10: 0.1824
valid 	 N@15: 0.243, R@15: 0.2286, P@15: 0.167
valid 	 N@20: 0.2545, R@20: 0.2749, P@20: 0.1541

2023-11-04 14:44:06,961 - [INFO] - E:123|train_time: 28.36, VALID_time: 0.2178, losses:5.366, losses_emb:0.02018, best_valid(recall@20): 0.2752
valid 	 N@5: 0.226, R@5: 0.1042, P@5: 0.2073
valid 	 N@10: 0.2319, R@10: 0.1735, P@10: 0.1831
valid 	 N@15: 0.2431, R@15: 0.2282, P@15: 0.167
valid 	 N@20: 0.2547, R@20: 0.2742, P@20: 0.1543

2023-11-04 14:44:35,347 - [INFO] - E:124|train_time: 28.16, VALID_time: 0.206, losses:5.366, losses_emb:0.02021, best_valid(recall@20): 0.2752
valid 	 N@5: 0.2262, R@5: 0.1044, P@5: 0.207
valid 	 N@10: 0.2327, R@10: 0.1743, P@10: 0.1839
valid 	 N@15: 0.2434, R@15: 0.2286, P@15: 0.167
valid 	 N@20: 0.2545, R@20: 0.2734, P@20: 0.154

2023-11-04 14:45:03,943 - [INFO] - E:125|train_time: 28.26, VALID_time: 0.3013, losses:5.366, losses_emb:0.02024, best_valid(recall@20): 0.2752
valid 	 N@5: 0.2255, R@5: 0.1036, P@5: 0.207
valid 	 N@10: 0.2318, R@10: 0.1741, P@10: 0.1833
valid 	 N@15: 0.2428, R@15: 0.2285, P@15: 0.1669
valid 	 N@20: 0.2539, R@20: 0.2732, P@20: 0.1539

2023-11-04 14:45:32,370 - [INFO] - E:126|train_time: 28.2, VALID_time: 0.1877, losses:5.366, losses_emb:0.02027, best_valid(recall@20): 0.2752
valid 	 N@5: 0.227, R@5: 0.1043, P@5: 0.2083
valid 	 N@10: 0.2322, R@10: 0.1737, P@10: 0.1833
valid 	 N@15: 0.243, R@15: 0.2279, P@15: 0.1667
valid 	 N@20: 0.2549, R@20: 0.2743, P@20: 0.1546

2023-11-04 14:46:01,064 - [INFO] - E:127|train_time: 28.48, VALID_time: 0.1938, losses:5.366, losses_emb:0.02031, best_valid(recall@20): 0.2752
valid 	 N@5: 0.2266, R@5: 0.1037, P@5: 0.2076
valid 	 N@10: 0.2323, R@10: 0.1742, P@10: 0.1831
valid 	 N@15: 0.2428, R@15: 0.2275, P@15: 0.1666
valid 	 N@20: 0.2546, R@20: 0.2737, P@20: 0.1544

2023-11-04 14:46:29,707 - [INFO] - E:128|train_time: 28.39, VALID_time: 0.2191, losses:5.366, losses_emb:0.02034, best_valid(recall@20): 0.2752
valid 	 N@5: 0.2262, R@5: 0.1043, P@5: 0.2075
valid 	 N@10: 0.2323, R@10: 0.1746, P@10: 0.1836
valid 	 N@15: 0.2432, R@15: 0.2289, P@15: 0.1672
valid 	 N@20: 0.2541, R@20: 0.2731, P@20: 0.154

2023-11-04 14:46:58,359 - [INFO] - E:129|train_time: 28.39, VALID_time: 0.2377, losses:5.366, losses_emb:0.02037, best_valid(recall@20): 0.2752
valid 	 N@5: 0.2266, R@5: 0.1044, P@5: 0.2079
valid 	 N@10: 0.2323, R@10: 0.1739, P@10: 0.1834
valid 	 N@15: 0.2437, R@15: 0.2292, P@15: 0.1676
valid 	 N@20: 0.2545, R@20: 0.2735, P@20: 0.1542

2023-11-04 14:47:27,155 - [INFO] - E:130|train_time: 28.57, VALID_time: 0.1879, losses:5.366, losses_emb:0.02039, best_valid(recall@20): 0.2752
valid 	 N@5: 0.2263, R@5: 0.1045, P@5: 0.2075
valid 	 N@10: 0.2318, R@10: 0.1737, P@10: 0.1828
valid 	 N@15: 0.2432, R@15: 0.2286, P@15: 0.1672
valid 	 N@20: 0.2542, R@20: 0.2733, P@20: 0.154

2023-11-04 14:47:55,946 - [INFO] - E:131|train_time: 28.49, VALID_time: 0.2739, losses:5.366, losses_emb:0.02042, best_valid(recall@20): 0.2752
valid 	 N@5: 0.227, R@5: 0.1037, P@5: 0.2077
valid 	 N@10: 0.2328, R@10: 0.1744, P@10: 0.1835
valid 	 N@15: 0.2437, R@15: 0.2284, P@15: 0.1675
valid 	 N@20: 0.2549, R@20: 0.2738, P@20: 0.1545

2023-11-04 14:48:24,483 - [INFO] - E:132|train_time: 28.32, VALID_time: 0.1881, losses:5.366, losses_emb:0.02045, best_valid(recall@20): 0.2752
valid 	 N@5: 0.2268, R@5: 0.1037, P@5: 0.2074
valid 	 N@10: 0.233, R@10: 0.1748, P@10: 0.1836
valid 	 N@15: 0.2439, R@15: 0.2291, P@15: 0.1673
valid 	 N@20: 0.2551, R@20: 0.2737, P@20: 0.1546

2023-11-04 14:48:53,122 - [INFO] - E:133|train_time: 28.39, VALID_time: 0.2239, losses:5.366, losses_emb:0.02048, best_valid(recall@20): 0.2752
valid 	 N@5: 0.2259, R@5: 0.1039, P@5: 0.2068
valid 	 N@10: 0.2318, R@10: 0.1739, P@10: 0.1826
valid 	 N@15: 0.2432, R@15: 0.229, P@15: 0.1669
valid 	 N@20: 0.2545, R@20: 0.2737, P@20: 0.1542

2023-11-04 14:49:21,376 - [INFO] - E:134|train_time: 27.84, VALID_time: 0.3846, losses:5.366, losses_emb:0.02051, best_valid(recall@20): 0.2752
valid 	 N@5: 0.2263, R@5: 0.1042, P@5: 0.2073
valid 	 N@10: 0.2322, R@10: 0.1743, P@10: 0.183
valid 	 N@15: 0.2431, R@15: 0.2285, P@15: 0.1669
valid 	 N@20: 0.2547, R@20: 0.2737, P@20: 0.1544

2023-11-04 14:49:48,174 - [INFO] - E:135|train_time: 26.37, VALID_time: 0.3721, losses:5.366, losses_emb:0.02053, best_valid(recall@20): 0.2752
valid 	 N@5: 0.226, R@5: 0.1038, P@5: 0.2071
valid 	 N@10: 0.2317, R@10: 0.1735, P@10: 0.1828
valid 	 N@15: 0.2431, R@15: 0.2281, P@15: 0.1673
valid 	 N@20: 0.2542, R@20: 0.2731, P@20: 0.1543

2023-11-04 14:50:14,820 - [INFO] - E:136|train_time: 26.25, VALID_time: 0.3562, losses:5.366, losses_emb:0.02056, best_valid(recall@20): 0.2752
valid 	 N@5: 0.2255, R@5: 0.1034, P@5: 0.2069
valid 	 N@10: 0.2316, R@10: 0.1736, P@10: 0.1829
valid 	 N@15: 0.2428, R@15: 0.2282, P@15: 0.1671
valid 	 N@20: 0.2541, R@20: 0.2732, P@20: 0.1541

2023-11-04 14:50:41,491 - [INFO] - E:137|train_time: 26.26, VALID_time: 0.3754, losses:5.366, losses_emb:0.02058, best_valid(recall@20): 0.2752
valid 	 N@5: 0.2256, R@5: 0.1035, P@5: 0.2064
valid 	 N@10: 0.2324, R@10: 0.1743, P@10: 0.1837
valid 	 N@15: 0.2428, R@15: 0.2278, P@15: 0.1668
valid 	 N@20: 0.2541, R@20: 0.2726, P@20: 0.154

2023-11-04 14:51:07,995 - [INFO] - E:138|train_time: 26.09, VALID_time: 0.357, losses:5.366, losses_emb:0.02061, best_valid(recall@20): 0.2752
valid 	 N@5: 0.2257, R@5: 0.1036, P@5: 0.2066
valid 	 N@10: 0.2316, R@10: 0.1733, P@10: 0.1828
valid 	 N@15: 0.2426, R@15: 0.2278, P@15: 0.1668
valid 	 N@20: 0.254, R@20: 0.2725, P@20: 0.1543

2023-11-04 14:51:35,818 - [INFO] - E:139|train_time: 27.32, VALID_time: 0.4359, losses:5.366, losses_emb:0.02063, best_valid(recall@20): 0.2752
valid 	 N@5: 0.2256, R@5: 0.1039, P@5: 0.207
valid 	 N@10: 0.2314, R@10: 0.1734, P@10: 0.1826
valid 	 N@15: 0.243, R@15: 0.2285, P@15: 0.1673
valid 	 N@20: 0.2542, R@20: 0.2732, P@20: 0.1544

2023-11-04 14:52:03,046 - [INFO] - E:140|train_time: 26.8, VALID_time: 0.3805, losses:5.366, losses_emb:0.02065, best_valid(recall@20): 0.2752
valid 	 N@5: 0.2253, R@5: 0.1036, P@5: 0.2065
valid 	 N@10: 0.2315, R@10: 0.1736, P@10: 0.1827
valid 	 N@15: 0.2428, R@15: 0.2282, P@15: 0.1671
valid 	 N@20: 0.254, R@20: 0.273, P@20: 0.1542

2023-11-04 14:52:29,927 - [INFO] - E:141|train_time: 26.4, VALID_time: 0.4386, losses:5.366, losses_emb:0.02068, best_valid(recall@20): 0.2752
valid 	 N@5: 0.2252, R@5: 0.1032, P@5: 0.2059
valid 	 N@10: 0.2323, R@10: 0.174, P@10: 0.1836
valid 	 N@15: 0.2431, R@15: 0.2284, P@15: 0.1671
valid 	 N@20: 0.2544, R@20: 0.2734, P@20: 0.1543

2023-11-04 14:52:56,770 - [INFO] - E:142|train_time: 26.37, VALID_time: 0.4215, losses:5.366, losses_emb:0.0207, best_valid(recall@20): 0.2752
valid 	 N@5: 0.2253, R@5: 0.1035, P@5: 0.2066
valid 	 N@10: 0.2317, R@10: 0.1738, P@10: 0.1829
valid 	 N@15: 0.243, R@15: 0.2287, P@15: 0.1671
valid 	 N@20: 0.2542, R@20: 0.2734, P@20: 0.1543

2023-11-04 14:53:23,424 - [INFO] - E:143|train_time: 26.19, VALID_time: 0.4109, losses:5.366, losses_emb:0.02072, best_valid(recall@20): 0.2752
valid 	 N@5: 0.225, R@5: 0.1033, P@5: 0.2058
valid 	 N@10: 0.2318, R@10: 0.1737, P@10: 0.1829
valid 	 N@15: 0.2435, R@15: 0.2293, P@15: 0.1675
valid 	 N@20: 0.2543, R@20: 0.2728, P@20: 0.1544

2023-11-04 14:53:50,988 - [INFO] - E:144|train_time: 27.28, VALID_time: 0.241, losses:5.366, losses_emb:0.02074, best_valid(recall@20): 0.2752
valid 	 N@5: 0.2254, R@5: 0.1031, P@5: 0.2058
valid 	 N@10: 0.2324, R@10: 0.1742, P@10: 0.1834
valid 	 N@15: 0.2431, R@15: 0.2282, P@15: 0.1668
valid 	 N@20: 0.2545, R@20: 0.2731, P@20: 0.1544

2023-11-04 14:54:19,655 - [INFO] - E:145|train_time: 28.41, VALID_time: 0.2173, losses:5.366, losses_emb:0.02076, best_valid(recall@20): 0.2752
valid 	 N@5: 0.2258, R@5: 0.1034, P@5: 0.2067
valid 	 N@10: 0.2321, R@10: 0.174, P@10: 0.1833
valid 	 N@15: 0.243, R@15: 0.2285, P@15: 0.1668
valid 	 N@20: 0.2545, R@20: 0.2737, P@20: 0.1544

2023-11-04 14:54:48,224 - [INFO] - E:146|train_time: 28.33, VALID_time: 0.208, losses:5.366, losses_emb:0.02079, best_valid(recall@20): 0.2752
valid 	 N@5: 0.2264, R@5: 0.1037, P@5: 0.2071
valid 	 N@10: 0.2317, R@10: 0.1731, P@10: 0.1823
valid 	 N@15: 0.2433, R@15: 0.2278, P@15: 0.1671
valid 	 N@20: 0.2549, R@20: 0.2739, P@20: 0.1545

2023-11-04 14:55:16,864 - [INFO] - E:147|train_time: 28.41, VALID_time: 0.2038, losses:5.366, losses_emb:0.0208, best_valid(recall@20): 0.2752
valid 	 N@5: 0.2258, R@5: 0.1037, P@5: 0.2063
valid 	 N@10: 0.2317, R@10: 0.1731, P@10: 0.1825
valid 	 N@15: 0.2433, R@15: 0.2285, P@15: 0.1671
valid 	 N@20: 0.2546, R@20: 0.2739, P@20: 0.1542

2023-11-04 14:55:45,264 - [INFO] - E:148|train_time: 28.2, VALID_time: 0.1759, losses:5.366, losses_emb:0.02082, best_valid(recall@20): 0.2752
valid 	 N@5: 0.2258, R@5: 0.1032, P@5: 0.207
valid 	 N@10: 0.2318, R@10: 0.1733, P@10: 0.1832
valid 	 N@15: 0.2429, R@15: 0.2279, P@15: 0.167
valid 	 N@20: 0.2545, R@20: 0.2739, P@20: 0.1544

2023-11-04 14:56:14,127 - [INFO] - E:149|train_time: 28.58, VALID_time: 0.2597, losses:5.366, losses_emb:0.02085, best_valid(recall@20): 0.2752
valid 	 N@5: 0.2266, R@5: 0.104, P@5: 0.2077
valid 	 N@10: 0.2318, R@10: 0.1732, P@10: 0.1826
valid 	 N@15: 0.2431, R@15: 0.2284, P@15: 0.1667
valid 	 N@20: 0.2547, R@20: 0.2739, P@20: 0.1543

2023-11-04 14:56:42,796 - [INFO] - E:150|train_time: 28.38, VALID_time: 0.261, losses:5.366, losses_emb:0.02086, best_valid(recall@20): 0.2752
valid 	 N@5: 0.226, R@5: 0.1037, P@5: 0.2069
valid 	 N@10: 0.2316, R@10: 0.1731, P@10: 0.1825
valid 	 N@15: 0.2429, R@15: 0.2281, P@15: 0.1667
valid 	 N@20: 0.2545, R@20: 0.2735, P@20: 0.1542

2023-11-04 14:57:11,264 - [INFO] - E:151|train_time: 28.25, VALID_time: 0.1819, losses:5.366, losses_emb:0.02089, best_valid(recall@20): 0.2752
valid 	 N@5: 0.2266, R@5: 0.1042, P@5: 0.2074
valid 	 N@10: 0.2319, R@10: 0.1731, P@10: 0.1826
valid 	 N@15: 0.2429, R@15: 0.2278, P@15: 0.1665
valid 	 N@20: 0.2542, R@20: 0.2725, P@20: 0.1539

2023-11-04 14:57:39,810 - [INFO] - E:152|train_time: 28.36, VALID_time: 0.1607, losses:5.366, losses_emb:0.0209, best_valid(recall@20): 0.2752
valid 	 N@5: 0.2262, R@5: 0.1042, P@5: 0.2069
valid 	 N@10: 0.2319, R@10: 0.1732, P@10: 0.1827
valid 	 N@15: 0.2433, R@15: 0.2281, P@15: 0.167
valid 	 N@20: 0.2548, R@20: 0.2735, P@20: 0.1544

2023-11-04 14:58:08,592 - [INFO] - E:153|train_time: 28.44, VALID_time: 0.3211, losses:5.366, losses_emb:0.02092, best_valid(recall@20): 0.2752
valid 	 N@5: 0.2266, R@5: 0.104, P@5: 0.2077
valid 	 N@10: 0.2319, R@10: 0.1732, P@10: 0.1827
valid 	 N@15: 0.2431, R@15: 0.2279, P@15: 0.167
valid 	 N@20: 0.2547, R@20: 0.2732, P@20: 0.1543

2023-11-04 14:58:37,430 - [INFO] - E:154|train_time: 28.62, VALID_time: 0.1809, losses:5.366, losses_emb:0.02094, best_valid(recall@20): 0.2752
valid 	 N@5: 0.2268, R@5: 0.104, P@5: 0.2081
valid 	 N@10: 0.2316, R@10: 0.1724, P@10: 0.1825
valid 	 N@15: 0.2434, R@15: 0.2283, P@15: 0.1671
valid 	 N@20: 0.2547, R@20: 0.2738, P@20: 0.1542

2023-11-04 14:59:06,019 - [INFO] - E:155|train_time: 28.26, VALID_time: 0.3044, losses:5.366, losses_emb:0.02096, best_valid(recall@20): 0.2752
valid 	 N@5: 0.2263, R@5: 0.1041, P@5: 0.2072
valid 	 N@10: 0.2321, R@10: 0.1736, P@10: 0.183
valid 	 N@15: 0.2431, R@15: 0.2281, P@15: 0.1668
valid 	 N@20: 0.2546, R@20: 0.2733, P@20: 0.1542

2023-11-04 14:59:34,740 - [INFO] - E:156|train_time: 28.46, VALID_time: 0.2147, losses:5.366, losses_emb:0.02097, best_valid(recall@20): 0.2752
valid 	 N@5: 0.2266, R@5: 0.104, P@5: 0.2078
valid 	 N@10: 0.2321, R@10: 0.1735, P@10: 0.1831
valid 	 N@15: 0.243, R@15: 0.2283, P@15: 0.1667
valid 	 N@20: 0.2547, R@20: 0.2738, P@20: 0.1545

2023-11-04 15:00:03,399 - [INFO] - E:157|train_time: 28.36, VALID_time: 0.2638, losses:5.366, losses_emb:0.02098, best_valid(recall@20): 0.2752
valid 	 N@5: 0.2266, R@5: 0.104, P@5: 0.207
valid 	 N@10: 0.2321, R@10: 0.1731, P@10: 0.1827
valid 	 N@15: 0.2436, R@15: 0.2287, P@15: 0.1671
valid 	 N@20: 0.2547, R@20: 0.2731, P@20: 0.1541

2023-11-04 15:00:31,912 - [INFO] - E:158|train_time: 28.28, VALID_time: 0.2041, losses:5.366, losses_emb:0.02101, best_valid(recall@20): 0.2752
valid 	 N@5: 0.2265, R@5: 0.104, P@5: 0.2073
valid 	 N@10: 0.2322, R@10: 0.1741, P@10: 0.1829
valid 	 N@15: 0.2431, R@15: 0.2277, P@15: 0.1669
valid 	 N@20: 0.2549, R@20: 0.2733, P@20: 0.1547

2023-11-04 15:01:00,488 - [INFO] - E:159|train_time: 28.33, VALID_time: 0.2128, losses:5.366, losses_emb:0.02102, best_valid(recall@20): 0.2752
valid 	 N@5: 0.2269, R@5: 0.104, P@5: 0.2078
valid 	 N@10: 0.2323, R@10: 0.1736, P@10: 0.1829
valid 	 N@15: 0.2431, R@15: 0.2281, P@15: 0.1664
valid 	 N@20: 0.2549, R@20: 0.2738, P@20: 0.1544

2023-11-04 15:01:29,118 - [INFO] - E:160|train_time: 28.43, VALID_time: 0.1797, losses:5.366, losses_emb:0.02104, best_valid(recall@20): 0.2752
valid 	 N@5: 0.2265, R@5: 0.1039, P@5: 0.2072
valid 	 N@10: 0.2324, R@10: 0.1737, P@10: 0.1833
valid 	 N@15: 0.2427, R@15: 0.2274, P@15: 0.1662
valid 	 N@20: 0.2549, R@20: 0.2737, P@20: 0.1546

2023-11-04 15:01:57,750 - [INFO] - E:161|train_time: 28.35, VALID_time: 0.2544, losses:5.366, losses_emb:0.02105, best_valid(recall@20): 0.2752
valid 	 N@5: 0.2253, R@5: 0.1033, P@5: 0.2057
valid 	 N@10: 0.2319, R@10: 0.1734, P@10: 0.1828
valid 	 N@15: 0.2431, R@15: 0.2283, P@15: 0.1669
valid 	 N@20: 0.2544, R@20: 0.2729, P@20: 0.1542

2023-11-04 15:01:57,751 - [INFO] - start to test!!

2023-11-04 15:01:57,839 - [INFO] - 
TEST 	 N@5: 0.2273, R@5: 0.1043, P@5: 0.2086
TEST 	 N@10: 0.2322, R@10: 0.1735, P@10: 0.1831
TEST 	 N@15: 0.2432, R@15: 0.2284, P@15: 0.1668
TEST 	 N@20: 0.2551, R@20: 0.2752, P@20: 0.1544

