2023-11-04 12:59:23,217 - [INFO] - {'dataset': 'amazon', 'data_path': './data/', 'name': 'ICDE_rebuttal_amazon_DRO_POS_LGN_frame_t1_0.30_t2_1.00_t3_0.30_HOPS_3_4096_800_lr_1e-3_l2_1e-1_NODROP_False_MODE_reweight_P_50_no_sample_G_no_cosine_04_11_2023_12:59:23', 'train_ratio': 0.8, 'gnn': 'lgn_frame', 'epoch': 1000, 'batch_size': 4096, 'test_batch_size': 2048, 'dim': 64, 'l2': 0.1, 'lr': 0.001, 'mess_dropout': False, 'mess_dropout_rate': 0.1, 'edge_dropout': False, 'edge_dropout_rate': 0.1, 'batch_test_flag': True, 'ns': 'mixgcf', 'K': 1, 'n_negs': 800, 'pool': 'mean', 'cuda': True, 'gpu_id': 0, 'Ks': '[5, 10, 15, 20]', 'test_flag': 'part', 'context_hops': 3, 'eval_earlystop': 'recall@20', 'tau_plus': 0.1, 'temperature': 0.3, 'beta': 1.0, 'sample_num': 2048, 's_neg': 64, 's_pos': 64, 'norm_change': False, 'norm_path': None, 'u_norm': True, 'i_norm': True, 'alpha': 0.1, 'save': False, 'save_analyses': False, 'log_hard_rate': False, 'norm_before': False, 'norm_after': False, 'batch_var': False, 'out_dir': './weights/', 'log_dir': './log_pos/', 'config_dir': './config/', 'restore': False, 'bash_train': False, 'emb_l2': False, 'lam': 0.1, 'lam_per_epoch': 0.1, 'margin': 0.9, 'negative_weight': 150, 'loss_fn': 'Pos_DROLoss', 'sampling_method': 'no_sample', 'load_name': 'uniform', 'generate_mode': 'no_cosine', 'reweight_period': 5, 'mix_target': 'mix_target', 'mask_distribution': 'mask_distribution', 'neg_alpha': 1.6, 'pos_alpha': 2.0, 'dim_mask': 'both', 'expolation_mask': False, 'mix_replace': False, 'save_emb': False, 'sample_replace': False, 'init_norm': 'uniform', 'init_mean': 2.0, 'init_std': 2.0, 'pop_pow': 1.0, 'save_mle': False, 'l2_mode': 'static', 'temperature_2': 1.0, 'temperature_3': 0.3, 'group_valid': False, 'score_save': 'alpha', 'tau_min': 0.05, 'tau_max': 0.15, 'm': 0.9, 'pow_rate': 0.9, 't_min': 0.05, 't_max': 0.15, 't_epoch': 0.01, 't_patience': 50, 'tau_mode': 'static', 'pos_num': 10, 'beta_1': 10, 'beta_2': 10, 'kl_mode': 'kl', 'lam_bank': False, 'neg_rate': '', 'trans_mode': 'else', 'group_mode': 'equal_pop', 'pos_mode': 'reweight', 'group_mix_mode': 'v1', 'kl_memory_fun': 'v0', 'm_tau': 0.9, 'loss_re': False, 'min_lr': 1e-06, 'cnt_lr': 10, 'group_num': 10, 'w1': 0.9, 'w2': 0.9, 'w3': 0.9, 'w4': 0.9, 'negative_weight2': 0.9, 'gamma': 0.9, 'lambda_': 0.9, 'initial_weight': 0.9, 'ii_neighbor_num': 0.9, 'bool_sigmoid': 1, 'bool_normalized': 1, 'bool_omega': 1, 'lambda_thresh': 10.0, 'lam_epoch': 5, 'add_epoch': 5, 'bool_save': 1, 'lambda_mode': 1, 'pos_prob': 1.0}
2023-11-04 12:59:29,736 - [INFO] - load train.txt
COMPLETE AMAZON NEED TO MINUS N_USERS!!!
2023-11-04 12:59:37,707 - [INFO] - building the adj mat ...
2023-11-04 12:59:38,565 - [INFO] - train set len is 1368000
2023-11-04 12:59:38,565 - [INFO] - test set len is 152255
2023-11-04 12:59:38,565 - [INFO] - loading over ...
2023-11-04 12:59:38,565 - [INFO] - users are 192403 items are 63001
Here is Pos_DROLoss loss
tau_1	tau_2 tau_3 	 is 0.3	1.0	 0.3 loss_re False MODE reweight
sample method is no_sample
2023-11-04 12:59:46,999 - [INFO] - Evaluation Protocols is 1 @ 20
2023-11-04 12:59:46,999 - [INFO] - start training ...
2023-11-04 13:00:09,998 - [INFO] - E:0|train_time: 19.7, VALID_time: 3.159, losses:7.212, losses_emb:0.003556, best_valid(recall@20): -inf
valid 	 N@5: 0.01372, R@5: 0.02063, P@5: 0.004689
valid 	 N@10: 0.01764, R@10: 0.03255, P@10: 0.003719
valid 	 N@15: 0.0202, R@15: 0.04194, P@15: 0.003201
valid 	 N@20: 0.02205, R@20: 0.04955, P@20: 0.002839

2023-11-04 13:00:31,843 - [INFO] - E:1|train_time: 18.41, VALID_time: 3.166, losses:6.865, losses_emb:0.00858, best_valid(recall@20): 0.04955
valid 	 N@5: 0.01519, R@5: 0.02296, P@5: 0.0052
valid 	 N@10: 0.01942, R@10: 0.03577, P@10: 0.004068
valid 	 N@15: 0.02224, R@15: 0.04613, P@15: 0.003509
valid 	 N@20: 0.02428, R@20: 0.05451, P@20: 0.003114

2023-11-04 13:00:54,214 - [INFO] - E:2|train_time: 18.54, VALID_time: 3.453, losses:6.798, losses_emb:0.0122, best_valid(recall@20): 0.05451
valid 	 N@5: 0.01575, R@5: 0.02391, P@5: 0.005397
valid 	 N@10: 0.02005, R@10: 0.03695, P@10: 0.004194
valid 	 N@15: 0.02291, R@15: 0.04747, P@15: 0.003605
valid 	 N@20: 0.025, R@20: 0.05608, P@20: 0.003195

2023-11-04 13:01:15,736 - [INFO] - E:3|train_time: 18.01, VALID_time: 3.1, losses:6.767, losses_emb:0.01548, best_valid(recall@20): 0.05608
valid 	 N@5: 0.01606, R@5: 0.02437, P@5: 0.005494
valid 	 N@10: 0.02042, R@10: 0.03758, P@10: 0.00426
valid 	 N@15: 0.02331, R@15: 0.04822, P@15: 0.003658
valid 	 N@20: 0.02546, R@20: 0.05707, P@20: 0.003249

2023-11-04 13:01:37,294 - [INFO] - E:4|train_time: 18.01, VALID_time: 3.104, losses:6.749, losses_emb:0.01851, best_valid(recall@20): 0.05707
valid 	 N@5: 0.01631, R@5: 0.02471, P@5: 0.005554
valid 	 N@10: 0.02064, R@10: 0.0378, P@10: 0.004281
valid 	 N@15: 0.0236, R@15: 0.0487, P@15: 0.00369
valid 	 N@20: 0.02581, R@20: 0.05779, P@20: 0.003287

2023-11-04 13:01:58,845 - [INFO] - E:5|train_time: 17.99, VALID_time: 3.103, losses:6.738, losses_emb:0.02134, best_valid(recall@20): 0.05779
valid 	 N@5: 0.01646, R@5: 0.0249, P@5: 0.005606
valid 	 N@10: 0.02082, R@10: 0.03815, P@10: 0.004319
valid 	 N@15: 0.02379, R@15: 0.04909, P@15: 0.003713
valid 	 N@20: 0.02607, R@20: 0.05847, P@20: 0.003323

2023-11-04 13:02:20,438 - [INFO] - E:6|train_time: 18.06, VALID_time: 3.113, losses:6.73, losses_emb:0.02401, best_valid(recall@20): 0.05847
valid 	 N@5: 0.01657, R@5: 0.02515, P@5: 0.005658
valid 	 N@10: 0.02099, R@10: 0.03861, P@10: 0.004366
valid 	 N@15: 0.02394, R@15: 0.04947, P@15: 0.003744
valid 	 N@20: 0.02612, R@20: 0.05844, P@20: 0.003323

2023-11-04 13:02:41,530 - [INFO] - E:7|train_time: 17.98, VALID_time: 3.047, losses:6.726, losses_emb:0.02654, best_valid(recall@20): 0.05847
valid 	 N@5: 0.01658, R@5: 0.02512, P@5: 0.005646
valid 	 N@10: 0.021, R@10: 0.03854, P@10: 0.004362
valid 	 N@15: 0.02405, R@15: 0.04975, P@15: 0.003762
valid 	 N@20: 0.02624, R@20: 0.05877, P@20: 0.003344

2023-11-04 13:03:03,087 - [INFO] - E:8|train_time: 18.06, VALID_time: 3.105, losses:6.722, losses_emb:0.02894, best_valid(recall@20): 0.05877
valid 	 N@5: 0.01671, R@5: 0.0253, P@5: 0.005677
valid 	 N@10: 0.02117, R@10: 0.03884, P@10: 0.004391
valid 	 N@15: 0.02413, R@15: 0.04971, P@15: 0.003761
valid 	 N@20: 0.02637, R@20: 0.05892, P@20: 0.003352

2023-11-04 13:03:24,707 - [INFO] - E:9|train_time: 17.93, VALID_time: 3.218, losses:6.72, losses_emb:0.03124, best_valid(recall@20): 0.05892
valid 	 N@5: 0.01684, R@5: 0.02546, P@5: 0.00571
valid 	 N@10: 0.02132, R@10: 0.03907, P@10: 0.004418
valid 	 N@15: 0.02421, R@15: 0.04972, P@15: 0.003758
valid 	 N@20: 0.02653, R@20: 0.05925, P@20: 0.00337

2023-11-04 13:03:46,292 - [INFO] - E:10|train_time: 18.06, VALID_time: 3.07, losses:6.719, losses_emb:0.03337, best_valid(recall@20): 0.05925
valid 	 N@5: 0.01682, R@5: 0.02539, P@5: 0.005712
valid 	 N@10: 0.02134, R@10: 0.03912, P@10: 0.004424
valid 	 N@15: 0.02428, R@15: 0.04993, P@15: 0.003776
valid 	 N@20: 0.02649, R@20: 0.059, P@20: 0.003357

2023-11-04 13:04:07,748 - [INFO] - E:11|train_time: 17.99, VALID_time: 3.375, losses:6.718, losses_emb:0.03544, best_valid(recall@20): 0.05925
valid 	 N@5: 0.01694, R@5: 0.02551, P@5: 0.005729
valid 	 N@10: 0.0215, R@10: 0.03938, P@10: 0.00445
valid 	 N@15: 0.02444, R@15: 0.05017, P@15: 0.003793
valid 	 N@20: 0.02667, R@20: 0.05936, P@20: 0.00338

2023-11-04 13:04:29,530 - [INFO] - E:12|train_time: 17.92, VALID_time: 3.422, losses:6.718, losses_emb:0.03736, best_valid(recall@20): 0.05936
valid 	 N@5: 0.0169, R@5: 0.02538, P@5: 0.005693
valid 	 N@10: 0.02157, R@10: 0.03956, P@10: 0.004471
valid 	 N@15: 0.0245, R@15: 0.05032, P@15: 0.003805
valid 	 N@20: 0.02669, R@20: 0.05933, P@20: 0.003379

2023-11-04 13:04:50,836 - [INFO] - E:13|train_time: 17.95, VALID_time: 3.278, losses:6.717, losses_emb:0.03918, best_valid(recall@20): 0.05936
valid 	 N@5: 0.0169, R@5: 0.02546, P@5: 0.005712
valid 	 N@10: 0.02154, R@10: 0.03953, P@10: 0.004464
valid 	 N@15: 0.02451, R@15: 0.05047, P@15: 0.003816
valid 	 N@20: 0.02668, R@20: 0.05935, P@20: 0.00338

2023-11-04 13:05:11,990 - [INFO] - E:14|train_time: 17.94, VALID_time: 3.126, losses:6.717, losses_emb:0.04089, best_valid(recall@20): 0.05936
valid 	 N@5: 0.01694, R@5: 0.02552, P@5: 0.00572
valid 	 N@10: 0.02146, R@10: 0.03923, P@10: 0.004435
valid 	 N@15: 0.02456, R@15: 0.05063, P@15: 0.003826
valid 	 N@20: 0.0267, R@20: 0.05939, P@20: 0.003381

2023-11-04 13:05:33,264 - [INFO] - E:15|train_time: 17.8, VALID_time: 3.074, losses:6.717, losses_emb:0.04246, best_valid(recall@20): 0.05939
valid 	 N@5: 0.01697, R@5: 0.02555, P@5: 0.005725
valid 	 N@10: 0.02152, R@10: 0.03932, P@10: 0.00444
valid 	 N@15: 0.02468, R@15: 0.05095, P@15: 0.003851
valid 	 N@20: 0.02674, R@20: 0.0594, P@20: 0.003382

2023-11-04 13:05:54,670 - [INFO] - E:16|train_time: 17.87, VALID_time: 3.084, losses:6.718, losses_emb:0.04393, best_valid(recall@20): 0.0594
valid 	 N@5: 0.01697, R@5: 0.02564, P@5: 0.005747
valid 	 N@10: 0.02152, R@10: 0.03943, P@10: 0.004454
valid 	 N@15: 0.02472, R@15: 0.05122, P@15: 0.003867
valid 	 N@20: 0.02677, R@20: 0.05963, P@20: 0.003394

2023-11-04 13:06:16,167 - [INFO] - E:17|train_time: 18.0, VALID_time: 3.086, losses:6.718, losses_emb:0.04528, best_valid(recall@20): 0.05963
valid 	 N@5: 0.01707, R@5: 0.02561, P@5: 0.005747
valid 	 N@10: 0.0217, R@10: 0.03969, P@10: 0.004473
valid 	 N@15: 0.02485, R@15: 0.05126, P@15: 0.003871
valid 	 N@20: 0.02698, R@20: 0.06002, P@20: 0.003415

2023-11-04 13:06:37,583 - [INFO] - E:18|train_time: 17.99, VALID_time: 3.045, losses:6.718, losses_emb:0.04654, best_valid(recall@20): 0.06002
valid 	 N@5: 0.01712, R@5: 0.02589, P@5: 0.005795
valid 	 N@10: 0.02171, R@10: 0.03983, P@10: 0.004494
valid 	 N@15: 0.02475, R@15: 0.05098, P@15: 0.003854
valid 	 N@20: 0.02689, R@20: 0.05976, P@20: 0.003404

2023-11-04 13:06:58,776 - [INFO] - E:19|train_time: 18.01, VALID_time: 3.117, losses:6.718, losses_emb:0.04768, best_valid(recall@20): 0.06002
valid 	 N@5: 0.01702, R@5: 0.0257, P@5: 0.005753
valid 	 N@10: 0.02169, R@10: 0.03987, P@10: 0.004499
valid 	 N@15: 0.02473, R@15: 0.05103, P@15: 0.003856
valid 	 N@20: 0.02691, R@20: 0.05998, P@20: 0.003413

2023-11-04 13:07:19,852 - [INFO] - E:20|train_time: 17.88, VALID_time: 3.111, losses:6.718, losses_emb:0.04873, best_valid(recall@20): 0.06002
valid 	 N@5: 0.01705, R@5: 0.02573, P@5: 0.005756
valid 	 N@10: 0.02175, R@10: 0.04, P@10: 0.00451
valid 	 N@15: 0.02477, R@15: 0.05105, P@15: 0.003863
valid 	 N@20: 0.0269, R@20: 0.05979, P@20: 0.003404

2023-11-04 13:07:41,038 - [INFO] - E:21|train_time: 18.0, VALID_time: 3.097, losses:6.718, losses_emb:0.04968, best_valid(recall@20): 0.06002
valid 	 N@5: 0.01704, R@5: 0.02566, P@5: 0.005748
valid 	 N@10: 0.0218, R@10: 0.0401, P@10: 0.004518
valid 	 N@15: 0.02483, R@15: 0.0512, P@15: 0.003868
valid 	 N@20: 0.02696, R@20: 0.05996, P@20: 0.003409

2023-11-04 13:08:02,213 - [INFO] - E:22|train_time: 17.96, VALID_time: 3.108, losses:6.718, losses_emb:0.05056, best_valid(recall@20): 0.06002
valid 	 N@5: 0.0171, R@5: 0.02569, P@5: 0.005756
valid 	 N@10: 0.02192, R@10: 0.04029, P@10: 0.004544
valid 	 N@15: 0.02492, R@15: 0.05132, P@15: 0.003875
valid 	 N@20: 0.02707, R@20: 0.06016, P@20: 0.003421

2023-11-04 13:08:23,777 - [INFO] - E:23|train_time: 17.98, VALID_time: 3.132, losses:6.718, losses_emb:0.05136, best_valid(recall@20): 0.06016
valid 	 N@5: 0.01713, R@5: 0.02583, P@5: 0.005777
valid 	 N@10: 0.02188, R@10: 0.04025, P@10: 0.004538
valid 	 N@15: 0.02486, R@15: 0.05121, P@15: 0.003872
valid 	 N@20: 0.02704, R@20: 0.06015, P@20: 0.00342

2023-11-04 13:08:44,905 - [INFO] - E:24|train_time: 18.0, VALID_time: 3.057, losses:6.718, losses_emb:0.05206, best_valid(recall@20): 0.06016
valid 	 N@5: 0.01708, R@5: 0.02563, P@5: 0.005742
valid 	 N@10: 0.02197, R@10: 0.04043, P@10: 0.004558
valid 	 N@15: 0.02493, R@15: 0.05132, P@15: 0.003873
valid 	 N@20: 0.02704, R@20: 0.05995, P@20: 0.003407

2023-11-04 13:09:06,163 - [INFO] - E:25|train_time: 18.06, VALID_time: 3.117, losses:6.718, losses_emb:0.05272, best_valid(recall@20): 0.06016
valid 	 N@5: 0.01714, R@5: 0.02582, P@5: 0.005781
valid 	 N@10: 0.02195, R@10: 0.04041, P@10: 0.00456
valid 	 N@15: 0.02497, R@15: 0.05153, P@15: 0.003889
valid 	 N@20: 0.02704, R@20: 0.06, P@20: 0.003413

2023-11-04 13:09:27,308 - [INFO] - E:26|train_time: 17.94, VALID_time: 3.101, losses:6.718, losses_emb:0.0533, best_valid(recall@20): 0.06016
valid 	 N@5: 0.01711, R@5: 0.02581, P@5: 0.005777
valid 	 N@10: 0.02193, R@10: 0.04042, P@10: 0.004564
valid 	 N@15: 0.02493, R@15: 0.05144, P@15: 0.003886
valid 	 N@20: 0.02712, R@20: 0.06045, P@20: 0.003433

2023-11-04 13:09:48,827 - [INFO] - E:27|train_time: 18.0, VALID_time: 3.117, losses:6.718, losses_emb:0.05385, best_valid(recall@20): 0.06045
valid 	 N@5: 0.01716, R@5: 0.02584, P@5: 0.005788
valid 	 N@10: 0.02191, R@10: 0.04023, P@10: 0.004544
valid 	 N@15: 0.02503, R@15: 0.05168, P@15: 0.0039
valid 	 N@20: 0.02711, R@20: 0.06024, P@20: 0.003425

2023-11-04 13:10:09,953 - [INFO] - E:28|train_time: 18.0, VALID_time: 3.054, losses:6.718, losses_emb:0.05432, best_valid(recall@20): 0.06045
valid 	 N@5: 0.01719, R@5: 0.02594, P@5: 0.005805
valid 	 N@10: 0.02204, R@10: 0.04068, P@10: 0.004589
valid 	 N@15: 0.02499, R@15: 0.05154, P@15: 0.003891
valid 	 N@20: 0.02718, R@20: 0.06053, P@20: 0.003438

2023-11-04 13:10:31,464 - [INFO] - E:29|train_time: 17.98, VALID_time: 3.145, losses:6.718, losses_emb:0.05477, best_valid(recall@20): 0.06053
valid 	 N@5: 0.01715, R@5: 0.02591, P@5: 0.005795
valid 	 N@10: 0.02199, R@10: 0.04058, P@10: 0.004575
valid 	 N@15: 0.025, R@15: 0.05162, P@15: 0.003899
valid 	 N@20: 0.02717, R@20: 0.06056, P@20: 0.003443

2023-11-04 13:10:53,244 - [INFO] - E:30|train_time: 17.97, VALID_time: 3.359, losses:6.718, losses_emb:0.05516, best_valid(recall@20): 0.06056
valid 	 N@5: 0.01716, R@5: 0.02573, P@5: 0.005759
valid 	 N@10: 0.02209, R@10: 0.04067, P@10: 0.004588
valid 	 N@15: 0.02513, R@15: 0.05183, P@15: 0.00391
valid 	 N@20: 0.02723, R@20: 0.06045, P@20: 0.003435

2023-11-04 13:11:14,419 - [INFO] - E:31|train_time: 17.97, VALID_time: 3.128, losses:6.717, losses_emb:0.05554, best_valid(recall@20): 0.06056
valid 	 N@5: 0.0172, R@5: 0.02588, P@5: 0.00581
valid 	 N@10: 0.02208, R@10: 0.04065, P@10: 0.004588
valid 	 N@15: 0.02513, R@15: 0.05188, P@15: 0.003916
valid 	 N@20: 0.0273, R@20: 0.06082, P@20: 0.003455

2023-11-04 13:11:35,827 - [INFO] - E:32|train_time: 17.93, VALID_time: 3.077, losses:6.717, losses_emb:0.05586, best_valid(recall@20): 0.06082
valid 	 N@5: 0.01707, R@5: 0.0257, P@5: 0.005751
valid 	 N@10: 0.02204, R@10: 0.04075, P@10: 0.004594
valid 	 N@15: 0.02499, R@15: 0.05163, P@15: 0.003895
valid 	 N@20: 0.0272, R@20: 0.06068, P@20: 0.003448

2023-11-04 13:11:56,962 - [INFO] - E:33|train_time: 18.01, VALID_time: 3.062, losses:6.717, losses_emb:0.05615, best_valid(recall@20): 0.06082
valid 	 N@5: 0.01715, R@5: 0.02571, P@5: 0.00575
valid 	 N@10: 0.02212, R@10: 0.04078, P@10: 0.004602
valid 	 N@15: 0.02508, R@15: 0.05165, P@15: 0.003899
valid 	 N@20: 0.02736, R@20: 0.06103, P@20: 0.003467

2023-11-04 13:12:18,446 - [INFO] - E:34|train_time: 17.94, VALID_time: 3.087, losses:6.717, losses_emb:0.05642, best_valid(recall@20): 0.06103
valid 	 N@5: 0.01717, R@5: 0.02568, P@5: 0.00575
valid 	 N@10: 0.02212, R@10: 0.04071, P@10: 0.004594
valid 	 N@15: 0.02517, R@15: 0.05197, P@15: 0.00392
valid 	 N@20: 0.02735, R@20: 0.06092, P@20: 0.00346

2023-11-04 13:12:39,548 - [INFO] - E:35|train_time: 17.96, VALID_time: 3.049, losses:6.717, losses_emb:0.05667, best_valid(recall@20): 0.06103
valid 	 N@5: 0.01715, R@5: 0.02565, P@5: 0.005748
valid 	 N@10: 0.02215, R@10: 0.04081, P@10: 0.004603
valid 	 N@15: 0.02519, R@15: 0.05199, P@15: 0.003921
valid 	 N@20: 0.02736, R@20: 0.06088, P@20: 0.003462

2023-11-04 13:13:00,613 - [INFO] - E:36|train_time: 17.92, VALID_time: 3.055, losses:6.717, losses_emb:0.0569, best_valid(recall@20): 0.06103
valid 	 N@5: 0.01718, R@5: 0.02584, P@5: 0.005794
valid 	 N@10: 0.02216, R@10: 0.04096, P@10: 0.004624
valid 	 N@15: 0.02515, R@15: 0.05197, P@15: 0.003921
valid 	 N@20: 0.02738, R@20: 0.06111, P@20: 0.00347

2023-11-04 13:13:22,115 - [INFO] - E:37|train_time: 18.03, VALID_time: 3.088, losses:6.717, losses_emb:0.05709, best_valid(recall@20): 0.06111
valid 	 N@5: 0.01716, R@5: 0.02581, P@5: 0.005783
valid 	 N@10: 0.02208, R@10: 0.04067, P@10: 0.004595
valid 	 N@15: 0.02519, R@15: 0.05211, P@15: 0.003935
valid 	 N@20: 0.02734, R@20: 0.06094, P@20: 0.003465

2023-11-04 13:13:43,196 - [INFO] - E:38|train_time: 17.96, VALID_time: 3.037, losses:6.717, losses_emb:0.05727, best_valid(recall@20): 0.06111
valid 	 N@5: 0.01726, R@5: 0.02599, P@5: 0.005822
valid 	 N@10: 0.02217, R@10: 0.04092, P@10: 0.004616
valid 	 N@15: 0.0252, R@15: 0.05207, P@15: 0.003931
valid 	 N@20: 0.02741, R@20: 0.06115, P@20: 0.003476

2023-11-04 13:14:04,822 - [INFO] - E:39|train_time: 17.87, VALID_time: 3.296, losses:6.716, losses_emb:0.05744, best_valid(recall@20): 0.06115
valid 	 N@5: 0.01715, R@5: 0.02586, P@5: 0.005794
valid 	 N@10: 0.02208, R@10: 0.04083, P@10: 0.004603
valid 	 N@15: 0.02513, R@15: 0.05203, P@15: 0.003925
valid 	 N@20: 0.02731, R@20: 0.06099, P@20: 0.003463

2023-11-04 13:14:25,856 - [INFO] - E:40|train_time: 17.94, VALID_time: 3.011, losses:6.716, losses_emb:0.0576, best_valid(recall@20): 0.06115
valid 	 N@5: 0.01725, R@5: 0.02598, P@5: 0.005824
valid 	 N@10: 0.02219, R@10: 0.04103, P@10: 0.004625
valid 	 N@15: 0.02519, R@15: 0.05206, P@15: 0.003924
valid 	 N@20: 0.02742, R@20: 0.06118, P@20: 0.003478

2023-11-04 13:14:47,196 - [INFO] - E:41|train_time: 17.94, VALID_time: 3.028, losses:6.716, losses_emb:0.05775, best_valid(recall@20): 0.06118
valid 	 N@5: 0.01724, R@5: 0.02593, P@5: 0.005805
valid 	 N@10: 0.02219, R@10: 0.04096, P@10: 0.004616
valid 	 N@15: 0.02521, R@15: 0.05207, P@15: 0.003926
valid 	 N@20: 0.02742, R@20: 0.06115, P@20: 0.003475

2023-11-04 13:15:08,082 - [INFO] - E:42|train_time: 17.81, VALID_time: 3.011, losses:6.716, losses_emb:0.05787, best_valid(recall@20): 0.06118
valid 	 N@5: 0.01724, R@5: 0.02592, P@5: 0.005816
valid 	 N@10: 0.02222, R@10: 0.04104, P@10: 0.004625
valid 	 N@15: 0.02527, R@15: 0.05225, P@15: 0.003942
valid 	 N@20: 0.02753, R@20: 0.06155, P@20: 0.003498

2023-11-04 13:15:29,342 - [INFO] - E:43|train_time: 17.87, VALID_time: 3.005, losses:6.716, losses_emb:0.058, best_valid(recall@20): 0.06155
valid 	 N@5: 0.01724, R@5: 0.02591, P@5: 0.005814
valid 	 N@10: 0.0222, R@10: 0.04096, P@10: 0.00462
valid 	 N@15: 0.02527, R@15: 0.0523, P@15: 0.003946
valid 	 N@20: 0.02745, R@20: 0.06122, P@20: 0.003478

2023-11-04 13:15:50,368 - [INFO] - E:44|train_time: 17.91, VALID_time: 3.028, losses:6.716, losses_emb:0.0581, best_valid(recall@20): 0.06155
valid 	 N@5: 0.01729, R@5: 0.02601, P@5: 0.005825
valid 	 N@10: 0.02217, R@10: 0.04084, P@10: 0.004599
valid 	 N@15: 0.02525, R@15: 0.05219, P@15: 0.003936
valid 	 N@20: 0.02743, R@20: 0.06112, P@20: 0.003472

2023-11-04 13:16:11,505 - [INFO] - E:45|train_time: 17.98, VALID_time: 3.09, losses:6.716, losses_emb:0.0582, best_valid(recall@20): 0.06155
valid 	 N@5: 0.01735, R@5: 0.02605, P@5: 0.005838
valid 	 N@10: 0.02224, R@10: 0.04091, P@10: 0.004609
valid 	 N@15: 0.02525, R@15: 0.05199, P@15: 0.003924
valid 	 N@20: 0.0275, R@20: 0.06124, P@20: 0.003476

2023-11-04 13:16:32,583 - [INFO] - E:46|train_time: 17.96, VALID_time: 3.04, losses:6.715, losses_emb:0.0583, best_valid(recall@20): 0.06155
valid 	 N@5: 0.0173, R@5: 0.02606, P@5: 0.005847
valid 	 N@10: 0.02222, R@10: 0.04103, P@10: 0.004625
valid 	 N@15: 0.02521, R@15: 0.05203, P@15: 0.003922
valid 	 N@20: 0.02751, R@20: 0.06147, P@20: 0.003496

2023-11-04 13:16:53,526 - [INFO] - E:47|train_time: 17.92, VALID_time: 2.937, losses:6.715, losses_emb:0.05838, best_valid(recall@20): 0.06155
valid 	 N@5: 0.01723, R@5: 0.02596, P@5: 0.005814
valid 	 N@10: 0.02213, R@10: 0.04079, P@10: 0.004594
valid 	 N@15: 0.02514, R@15: 0.05187, P@15: 0.003909
valid 	 N@20: 0.02739, R@20: 0.06111, P@20: 0.00347

2023-11-04 13:17:14,638 - [INFO] - E:48|train_time: 17.91, VALID_time: 3.132, losses:6.715, losses_emb:0.05846, best_valid(recall@20): 0.06155
valid 	 N@5: 0.01723, R@5: 0.02591, P@5: 0.005811
valid 	 N@10: 0.02218, R@10: 0.04093, P@10: 0.004617
valid 	 N@15: 0.02524, R@15: 0.0522, P@15: 0.003936
valid 	 N@20: 0.02742, R@20: 0.06115, P@20: 0.003473

2023-11-04 13:17:35,785 - [INFO] - E:49|train_time: 17.97, VALID_time: 3.099, losses:6.715, losses_emb:0.05853, best_valid(recall@20): 0.06155
valid 	 N@5: 0.01732, R@5: 0.02604, P@5: 0.005843
valid 	 N@10: 0.02226, R@10: 0.04103, P@10: 0.004618
valid 	 N@15: 0.02527, R@15: 0.05211, P@15: 0.003929
valid 	 N@20: 0.02747, R@20: 0.06113, P@20: 0.003475

2023-11-04 13:17:56,761 - [INFO] - E:50|train_time: 17.9, VALID_time: 3.006, losses:6.715, losses_emb:0.0586, best_valid(recall@20): 0.06155
valid 	 N@5: 0.01735, R@5: 0.02618, P@5: 0.005868
valid 	 N@10: 0.02224, R@10: 0.04102, P@10: 0.004627
valid 	 N@15: 0.02529, R@15: 0.05223, P@15: 0.003941
valid 	 N@20: 0.0275, R@20: 0.06133, P@20: 0.003482

2023-11-04 13:18:17,757 - [INFO] - E:51|train_time: 17.93, VALID_time: 2.986, losses:6.715, losses_emb:0.05866, best_valid(recall@20): 0.06155
valid 	 N@5: 0.01729, R@5: 0.02592, P@5: 0.005827
valid 	 N@10: 0.0222, R@10: 0.04088, P@10: 0.004607
valid 	 N@15: 0.02521, R@15: 0.05194, P@15: 0.003916
valid 	 N@20: 0.02749, R@20: 0.0613, P@20: 0.00348

2023-11-04 13:18:38,780 - [INFO] - E:52|train_time: 17.91, VALID_time: 3.022, losses:6.715, losses_emb:0.05872, best_valid(recall@20): 0.06155
valid 	 N@5: 0.0172, R@5: 0.02587, P@5: 0.005808
valid 	 N@10: 0.02212, R@10: 0.0408, P@10: 0.004598
valid 	 N@15: 0.02519, R@15: 0.0521, P@15: 0.003924
valid 	 N@20: 0.02738, R@20: 0.06108, P@20: 0.003466

2023-11-04 13:18:59,893 - [INFO] - E:53|train_time: 17.95, VALID_time: 3.093, losses:6.715, losses_emb:0.05878, best_valid(recall@20): 0.06155
valid 	 N@5: 0.01717, R@5: 0.02568, P@5: 0.005759
valid 	 N@10: 0.02219, R@10: 0.04091, P@10: 0.004611
valid 	 N@15: 0.02525, R@15: 0.05218, P@15: 0.003932
valid 	 N@20: 0.0275, R@20: 0.06139, P@20: 0.003488

2023-11-04 13:19:20,925 - [INFO] - E:54|train_time: 17.95, VALID_time: 3.004, losses:6.715, losses_emb:0.05883, best_valid(recall@20): 0.06155
valid 	 N@5: 0.01719, R@5: 0.02574, P@5: 0.005767
valid 	 N@10: 0.02221, R@10: 0.04094, P@10: 0.004615
valid 	 N@15: 0.02523, R@15: 0.05207, P@15: 0.003924
valid 	 N@20: 0.0275, R@20: 0.06138, P@20: 0.003487

2023-11-04 13:19:42,045 - [INFO] - E:55|train_time: 18.0, VALID_time: 3.039, losses:6.715, losses_emb:0.05886, best_valid(recall@20): 0.06155
valid 	 N@5: 0.01725, R@5: 0.02584, P@5: 0.0058
valid 	 N@10: 0.02226, R@10: 0.04105, P@10: 0.004627
valid 	 N@15: 0.02529, R@15: 0.05222, P@15: 0.003936
valid 	 N@20: 0.02751, R@20: 0.0613, P@20: 0.003482

2023-11-04 13:20:03,378 - [INFO] - E:56|train_time: 18.0, VALID_time: 3.25, losses:6.714, losses_emb:0.05892, best_valid(recall@20): 0.06155
valid 	 N@5: 0.01723, R@5: 0.02583, P@5: 0.005792
valid 	 N@10: 0.0222, R@10: 0.04093, P@10: 0.004611
valid 	 N@15: 0.02522, R@15: 0.052, P@15: 0.00392
valid 	 N@20: 0.02752, R@20: 0.06146, P@20: 0.003489

2023-11-04 13:20:24,744 - [INFO] - E:57|train_time: 17.92, VALID_time: 3.364, losses:6.714, losses_emb:0.05896, best_valid(recall@20): 0.06155
valid 	 N@5: 0.01732, R@5: 0.02604, P@5: 0.005841
valid 	 N@10: 0.02221, R@10: 0.04092, P@10: 0.004614
valid 	 N@15: 0.02519, R@15: 0.05187, P@15: 0.003913
valid 	 N@20: 0.02743, R@20: 0.06106, P@20: 0.003469

2023-11-04 13:20:46,022 - [INFO] - E:58|train_time: 17.98, VALID_time: 3.224, losses:6.714, losses_emb:0.05899, best_valid(recall@20): 0.06155
valid 	 N@5: 0.01727, R@5: 0.02597, P@5: 0.005819
valid 	 N@10: 0.0222, R@10: 0.04092, P@10: 0.004612
valid 	 N@15: 0.02514, R@15: 0.05176, P@15: 0.003901
valid 	 N@20: 0.02747, R@20: 0.06131, P@20: 0.003482

2023-11-04 13:21:07,380 - [INFO] - E:59|train_time: 18.0, VALID_time: 3.213, losses:6.714, losses_emb:0.05904, best_valid(recall@20): 0.06155
valid 	 N@5: 0.0173, R@5: 0.02597, P@5: 0.005835
valid 	 N@10: 0.02221, R@10: 0.04084, P@10: 0.004603
valid 	 N@15: 0.02524, R@15: 0.052, P@15: 0.00392
valid 	 N@20: 0.02753, R@20: 0.06141, P@20: 0.003491

2023-11-04 13:21:28,774 - [INFO] - E:60|train_time: 18.02, VALID_time: 3.279, losses:6.714, losses_emb:0.05906, best_valid(recall@20): 0.06155
valid 	 N@5: 0.01715, R@5: 0.02576, P@5: 0.00578
valid 	 N@10: 0.02206, R@10: 0.04064, P@10: 0.004579
valid 	 N@15: 0.0251, R@15: 0.05184, P@15: 0.003912
valid 	 N@20: 0.02735, R@20: 0.06107, P@20: 0.00347

2023-11-04 13:21:49,858 - [INFO] - E:61|train_time: 17.96, VALID_time: 3.026, losses:6.714, losses_emb:0.0591, best_valid(recall@20): 0.06155
valid 	 N@5: 0.01718, R@5: 0.02587, P@5: 0.005811
valid 	 N@10: 0.02213, R@10: 0.04087, P@10: 0.004604
valid 	 N@15: 0.02512, R@15: 0.05187, P@15: 0.003914
valid 	 N@20: 0.0274, R@20: 0.06122, P@20: 0.003481

2023-11-04 13:22:11,217 - [INFO] - E:62|train_time: 17.99, VALID_time: 3.288, losses:6.714, losses_emb:0.05912, best_valid(recall@20): 0.06155
valid 	 N@5: 0.01723, R@5: 0.02589, P@5: 0.00581
valid 	 N@10: 0.02216, R@10: 0.04085, P@10: 0.004601
valid 	 N@15: 0.02512, R@15: 0.05173, P@15: 0.003902
valid 	 N@20: 0.0274, R@20: 0.06109, P@20: 0.00347

2023-11-04 13:22:32,422 - [INFO] - E:63|train_time: 17.94, VALID_time: 3.149, losses:6.714, losses_emb:0.05915, best_valid(recall@20): 0.06155
valid 	 N@5: 0.01734, R@5: 0.02603, P@5: 0.005832
valid 	 N@10: 0.02227, R@10: 0.04097, P@10: 0.00462
valid 	 N@15: 0.02526, R@15: 0.05202, P@15: 0.003925
valid 	 N@20: 0.02751, R@20: 0.06123, P@20: 0.003478

2023-11-04 13:22:53,552 - [INFO] - E:64|train_time: 17.85, VALID_time: 3.205, losses:6.714, losses_emb:0.05919, best_valid(recall@20): 0.06155
valid 	 N@5: 0.01719, R@5: 0.02587, P@5: 0.005805
valid 	 N@10: 0.02213, R@10: 0.04082, P@10: 0.004601
valid 	 N@15: 0.02516, R@15: 0.05197, P@15: 0.003923
valid 	 N@20: 0.02735, R@20: 0.06095, P@20: 0.003463

2023-11-04 13:23:14,345 - [INFO] - E:65|train_time: 17.89, VALID_time: 2.806, losses:6.714, losses_emb:0.0592, best_valid(recall@20): 0.06155
valid 	 N@5: 0.01724, R@5: 0.02595, P@5: 0.005821
valid 	 N@10: 0.02215, R@10: 0.04083, P@10: 0.004606
valid 	 N@15: 0.02516, R@15: 0.05194, P@15: 0.003915
valid 	 N@20: 0.02738, R@20: 0.06105, P@20: 0.003467

2023-11-04 13:23:35,478 - [INFO] - E:66|train_time: 17.95, VALID_time: 3.116, losses:6.714, losses_emb:0.05922, best_valid(recall@20): 0.06155
valid 	 N@5: 0.01724, R@5: 0.02582, P@5: 0.005806
valid 	 N@10: 0.02216, R@10: 0.04077, P@10: 0.004593
valid 	 N@15: 0.02521, R@15: 0.05201, P@15: 0.003919
valid 	 N@20: 0.02747, R@20: 0.06127, P@20: 0.003478

2023-11-04 13:23:56,484 - [INFO] - E:67|train_time: 17.86, VALID_time: 3.073, losses:6.714, losses_emb:0.05925, best_valid(recall@20): 0.06155
valid 	 N@5: 0.01724, R@5: 0.0259, P@5: 0.005822
valid 	 N@10: 0.02223, R@10: 0.04111, P@10: 0.00463
valid 	 N@15: 0.02519, R@15: 0.05198, P@15: 0.003919
valid 	 N@20: 0.02735, R@20: 0.06086, P@20: 0.003457

2023-11-04 13:24:17,474 - [INFO] - E:68|train_time: 17.94, VALID_time: 2.973, losses:6.714, losses_emb:0.05926, best_valid(recall@20): 0.06155
valid 	 N@5: 0.01733, R@5: 0.026, P@5: 0.005835
valid 	 N@10: 0.0222, R@10: 0.04079, P@10: 0.004595
valid 	 N@15: 0.02515, R@15: 0.05166, P@15: 0.003897
valid 	 N@20: 0.02743, R@20: 0.06101, P@20: 0.003463

2023-11-04 13:24:38,508 - [INFO] - E:69|train_time: 17.95, VALID_time: 3.015, losses:6.713, losses_emb:0.05929, best_valid(recall@20): 0.06155
valid 	 N@5: 0.01731, R@5: 0.02605, P@5: 0.005852
valid 	 N@10: 0.02226, R@10: 0.0411, P@10: 0.004635
valid 	 N@15: 0.0251, R@15: 0.05155, P@15: 0.003891
valid 	 N@20: 0.02739, R@20: 0.06096, P@20: 0.003464

2023-11-04 13:24:59,642 - [INFO] - E:70|train_time: 17.97, VALID_time: 3.081, losses:6.713, losses_emb:0.0593, best_valid(recall@20): 0.06155
valid 	 N@5: 0.01725, R@5: 0.02591, P@5: 0.005808
valid 	 N@10: 0.02215, R@10: 0.04077, P@10: 0.004597
valid 	 N@15: 0.0251, R@15: 0.05161, P@15: 0.003892
valid 	 N@20: 0.02739, R@20: 0.06104, P@20: 0.003466

2023-11-04 13:25:20,660 - [INFO] - E:71|train_time: 17.94, VALID_time: 3.004, losses:6.713, losses_emb:0.05932, best_valid(recall@20): 0.06155
valid 	 N@5: 0.01725, R@5: 0.0259, P@5: 0.005808
valid 	 N@10: 0.02218, R@10: 0.04089, P@10: 0.004609
valid 	 N@15: 0.02513, R@15: 0.05175, P@15: 0.003902
valid 	 N@20: 0.02737, R@20: 0.06095, P@20: 0.003461

2023-11-04 13:25:41,871 - [INFO] - E:72|train_time: 18.01, VALID_time: 3.109, losses:6.713, losses_emb:0.05934, best_valid(recall@20): 0.06155
valid 	 N@5: 0.01729, R@5: 0.02595, P@5: 0.005819
valid 	 N@10: 0.0222, R@10: 0.04084, P@10: 0.004607
valid 	 N@15: 0.02523, R@15: 0.05204, P@15: 0.003923
valid 	 N@20: 0.02741, R@20: 0.06097, P@20: 0.003464

2023-11-04 13:26:02,970 - [INFO] - E:73|train_time: 17.98, VALID_time: 3.036, losses:6.713, losses_emb:0.05936, best_valid(recall@20): 0.06155
valid 	 N@5: 0.01719, R@5: 0.02581, P@5: 0.005795
valid 	 N@10: 0.02211, R@10: 0.04073, P@10: 0.004598
valid 	 N@15: 0.0251, R@15: 0.05176, P@15: 0.003905
valid 	 N@20: 0.02737, R@20: 0.0611, P@20: 0.003464

2023-11-04 13:26:23,999 - [INFO] - E:74|train_time: 17.94, VALID_time: 3.025, losses:6.713, losses_emb:0.05936, best_valid(recall@20): 0.06155
valid 	 N@5: 0.01716, R@5: 0.02585, P@5: 0.005803
valid 	 N@10: 0.02203, R@10: 0.04064, P@10: 0.004584
valid 	 N@15: 0.02502, R@15: 0.05168, P@15: 0.003898
valid 	 N@20: 0.02721, R@20: 0.06067, P@20: 0.003442

2023-11-04 13:26:44,915 - [INFO] - E:75|train_time: 17.93, VALID_time: 2.89, losses:6.713, losses_emb:0.05939, best_valid(recall@20): 0.06155
valid 	 N@5: 0.01714, R@5: 0.02578, P@5: 0.005792
valid 	 N@10: 0.02198, R@10: 0.04047, P@10: 0.004566
valid 	 N@15: 0.02506, R@15: 0.05183, P@15: 0.003905
valid 	 N@20: 0.02725, R@20: 0.06082, P@20: 0.003452

2023-11-04 13:27:05,967 - [INFO] - E:76|train_time: 17.96, VALID_time: 3.006, losses:6.713, losses_emb:0.0594, best_valid(recall@20): 0.06155
valid 	 N@5: 0.01719, R@5: 0.02581, P@5: 0.005788
valid 	 N@10: 0.02204, R@10: 0.04049, P@10: 0.004565
valid 	 N@15: 0.02508, R@15: 0.05168, P@15: 0.003897
valid 	 N@20: 0.02727, R@20: 0.0607, P@20: 0.003445

2023-11-04 13:27:26,866 - [INFO] - E:77|train_time: 17.96, VALID_time: 2.842, losses:6.713, losses_emb:0.05941, best_valid(recall@20): 0.06155
valid 	 N@5: 0.01719, R@5: 0.02578, P@5: 0.005783
valid 	 N@10: 0.02212, R@10: 0.04077, P@10: 0.004597
valid 	 N@15: 0.02513, R@15: 0.05188, P@15: 0.003908
valid 	 N@20: 0.02729, R@20: 0.06073, P@20: 0.003448

2023-11-04 13:27:47,846 - [INFO] - E:78|train_time: 17.95, VALID_time: 2.961, losses:6.713, losses_emb:0.05942, best_valid(recall@20): 0.06155
valid 	 N@5: 0.01717, R@5: 0.02577, P@5: 0.005783
valid 	 N@10: 0.02206, R@10: 0.0406, P@10: 0.004581
valid 	 N@15: 0.02504, R@15: 0.05157, P@15: 0.003888
valid 	 N@20: 0.02726, R@20: 0.06071, P@20: 0.003445

2023-11-04 13:28:08,662 - [INFO] - E:79|train_time: 17.9, VALID_time: 2.832, losses:6.713, losses_emb:0.05943, best_valid(recall@20): 0.06155
valid 	 N@5: 0.01726, R@5: 0.02595, P@5: 0.005821
valid 	 N@10: 0.02207, R@10: 0.04054, P@10: 0.004571
valid 	 N@15: 0.02508, R@15: 0.05163, P@15: 0.003894
valid 	 N@20: 0.02727, R@20: 0.06063, P@20: 0.003437

2023-11-04 13:28:29,382 - [INFO] - E:80|train_time: 17.91, VALID_time: 2.751, losses:6.713, losses_emb:0.05944, best_valid(recall@20): 0.06155
valid 	 N@5: 0.0171, R@5: 0.02565, P@5: 0.005756
valid 	 N@10: 0.02197, R@10: 0.04042, P@10: 0.004563
valid 	 N@15: 0.02501, R@15: 0.05166, P@15: 0.003892
valid 	 N@20: 0.02717, R@20: 0.06052, P@20: 0.003435

2023-11-04 13:28:50,450 - [INFO] - E:81|train_time: 17.91, VALID_time: 3.06, losses:6.713, losses_emb:0.05946, best_valid(recall@20): 0.06155
valid 	 N@5: 0.01709, R@5: 0.02559, P@5: 0.005747
valid 	 N@10: 0.02199, R@10: 0.04046, P@10: 0.004563
valid 	 N@15: 0.02503, R@15: 0.05167, P@15: 0.003889
valid 	 N@20: 0.0272, R@20: 0.06055, P@20: 0.003439

2023-11-04 13:29:11,266 - [INFO] - E:82|train_time: 17.94, VALID_time: 2.784, losses:6.713, losses_emb:0.05945, best_valid(recall@20): 0.06155
valid 	 N@5: 0.01709, R@5: 0.02562, P@5: 0.005745
valid 	 N@10: 0.02196, R@10: 0.04037, P@10: 0.004551
valid 	 N@15: 0.02498, R@15: 0.05148, P@15: 0.003885
valid 	 N@20: 0.02723, R@20: 0.06071, P@20: 0.003447

2023-11-04 13:29:32,036 - [INFO] - E:83|train_time: 17.93, VALID_time: 2.768, losses:6.713, losses_emb:0.05947, best_valid(recall@20): 0.06155
valid 	 N@5: 0.01716, R@5: 0.02572, P@5: 0.005772
valid 	 N@10: 0.02203, R@10: 0.04052, P@10: 0.004566
valid 	 N@15: 0.02498, R@15: 0.05136, P@15: 0.003875
valid 	 N@20: 0.02723, R@20: 0.06057, P@20: 0.00344

2023-11-04 13:29:52,948 - [INFO] - E:84|train_time: 17.97, VALID_time: 2.884, losses:6.713, losses_emb:0.05948, best_valid(recall@20): 0.06155
valid 	 N@5: 0.01714, R@5: 0.0257, P@5: 0.005777
valid 	 N@10: 0.02194, R@10: 0.04028, P@10: 0.004546
valid 	 N@15: 0.02489, R@15: 0.05114, P@15: 0.00386
valid 	 N@20: 0.02717, R@20: 0.06051, P@20: 0.003435

2023-11-04 13:30:14,145 - [INFO] - E:85|train_time: 17.92, VALID_time: 3.209, losses:6.713, losses_emb:0.0595, best_valid(recall@20): 0.06155
valid 	 N@5: 0.01714, R@5: 0.0257, P@5: 0.005767
valid 	 N@10: 0.02199, R@10: 0.04045, P@10: 0.004555
valid 	 N@15: 0.02492, R@15: 0.05122, P@15: 0.003863
valid 	 N@20: 0.02717, R@20: 0.06047, P@20: 0.003433

2023-11-04 13:30:35,023 - [INFO] - E:86|train_time: 17.95, VALID_time: 2.839, losses:6.713, losses_emb:0.0595, best_valid(recall@20): 0.06155
valid 	 N@5: 0.01714, R@5: 0.02568, P@5: 0.00577
valid 	 N@10: 0.02193, R@10: 0.04025, P@10: 0.004534
valid 	 N@15: 0.02489, R@15: 0.05114, P@15: 0.003855
valid 	 N@20: 0.02706, R@20: 0.06003, P@20: 0.003411

2023-11-04 13:30:55,578 - [INFO] - E:87|train_time: 17.71, VALID_time: 2.763, losses:6.713, losses_emb:0.05949, best_valid(recall@20): 0.06155
valid 	 N@5: 0.01719, R@5: 0.02573, P@5: 0.00577
valid 	 N@10: 0.02208, R@10: 0.04056, P@10: 0.004571
valid 	 N@15: 0.025, R@15: 0.05132, P@15: 0.003869
valid 	 N@20: 0.02716, R@20: 0.06018, P@20: 0.003418

2023-11-04 13:31:16,520 - [INFO] - E:88|train_time: 17.89, VALID_time: 2.967, losses:6.712, losses_emb:0.05952, best_valid(recall@20): 0.06155
valid 	 N@5: 0.0171, R@5: 0.0257, P@5: 0.005759
valid 	 N@10: 0.02197, R@10: 0.04048, P@10: 0.004559
valid 	 N@15: 0.02493, R@15: 0.05139, P@15: 0.003876
valid 	 N@20: 0.02709, R@20: 0.06027, P@20: 0.003424

2023-11-04 13:31:37,332 - [INFO] - E:89|train_time: 17.93, VALID_time: 2.805, losses:6.712, losses_emb:0.05952, best_valid(recall@20): 0.06155
valid 	 N@5: 0.01713, R@5: 0.0256, P@5: 0.005743
valid 	 N@10: 0.02199, R@10: 0.04033, P@10: 0.004547
valid 	 N@15: 0.02498, R@15: 0.05137, P@15: 0.003872
valid 	 N@20: 0.02717, R@20: 0.06035, P@20: 0.003427

2023-11-04 13:31:58,166 - [INFO] - E:90|train_time: 17.94, VALID_time: 2.819, losses:6.712, losses_emb:0.05952, best_valid(recall@20): 0.06155
valid 	 N@5: 0.01713, R@5: 0.02569, P@5: 0.005765
valid 	 N@10: 0.02198, R@10: 0.04046, P@10: 0.004566
valid 	 N@15: 0.02494, R@15: 0.05138, P@15: 0.003872
valid 	 N@20: 0.02706, R@20: 0.06004, P@20: 0.003413

2023-11-04 13:32:18,948 - [INFO] - E:91|train_time: 17.92, VALID_time: 2.8, losses:6.712, losses_emb:0.05954, best_valid(recall@20): 0.06155
valid 	 N@5: 0.01713, R@5: 0.02581, P@5: 0.005781
valid 	 N@10: 0.02186, R@10: 0.04017, P@10: 0.004536
valid 	 N@15: 0.02482, R@15: 0.05111, P@15: 0.003852
valid 	 N@20: 0.027, R@20: 0.06002, P@20: 0.003409

2023-11-04 13:32:39,967 - [INFO] - E:92|train_time: 17.94, VALID_time: 2.993, losses:6.712, losses_emb:0.05954, best_valid(recall@20): 0.06155
valid 	 N@5: 0.01713, R@5: 0.02581, P@5: 0.005781
valid 	 N@10: 0.02189, R@10: 0.04027, P@10: 0.004541
valid 	 N@15: 0.02486, R@15: 0.05125, P@15: 0.003862
valid 	 N@20: 0.02706, R@20: 0.06026, P@20: 0.003421

2023-11-04 13:33:01,063 - [INFO] - E:93|train_time: 17.98, VALID_time: 3.033, losses:6.712, losses_emb:0.05954, best_valid(recall@20): 0.06155
valid 	 N@5: 0.01712, R@5: 0.02569, P@5: 0.005761
valid 	 N@10: 0.02189, R@10: 0.04019, P@10: 0.00453
valid 	 N@15: 0.02485, R@15: 0.0511, P@15: 0.003854
valid 	 N@20: 0.02702, R@20: 0.06001, P@20: 0.003405

2023-11-04 13:33:01,064 - [INFO] - start to test!!

2023-11-04 13:33:02,652 - [INFO] - 
TEST 	 N@5: 0.01679, R@5: 0.02407, P@5: 0.005373
TEST 	 N@10: 0.02073, R@10: 0.03607, P@10: 0.004035
TEST 	 N@15: 0.0231, R@15: 0.04479, P@15: 0.003357
TEST 	 N@20: 0.02485, R@20: 0.05194, P@20: 0.002932

