2023-11-04 12:19:17,226 - [INFO] - {'dataset': 'amazon', 'data_path': './data/', 'name': 'ICDE_rebuttal_amazon_DRO_POS_LGN_frame_t1_0.30_t2_0.80_t3_0.30_HOPS_3_4096_800_lr_1e-3_l2_1e-1_NODROP_False_MODE_reweight_P_50_no_sample_G_no_cosine_04_11_2023_12:19:17', 'train_ratio': 0.8, 'gnn': 'lgn_frame', 'epoch': 1000, 'batch_size': 4096, 'test_batch_size': 2048, 'dim': 64, 'l2': 0.1, 'lr': 0.001, 'mess_dropout': False, 'mess_dropout_rate': 0.1, 'edge_dropout': False, 'edge_dropout_rate': 0.1, 'batch_test_flag': True, 'ns': 'mixgcf', 'K': 1, 'n_negs': 800, 'pool': 'mean', 'cuda': True, 'gpu_id': 0, 'Ks': '[5, 10, 15, 20]', 'test_flag': 'part', 'context_hops': 3, 'eval_earlystop': 'recall@20', 'tau_plus': 0.1, 'temperature': 0.3, 'beta': 1.0, 'sample_num': 2048, 's_neg': 64, 's_pos': 64, 'norm_change': False, 'norm_path': None, 'u_norm': True, 'i_norm': True, 'alpha': 0.1, 'save': False, 'save_analyses': False, 'log_hard_rate': False, 'norm_before': False, 'norm_after': False, 'batch_var': False, 'out_dir': './weights/', 'log_dir': './log_pos/', 'config_dir': './config/', 'restore': False, 'bash_train': False, 'emb_l2': False, 'lam': 0.1, 'lam_per_epoch': 0.1, 'margin': 0.9, 'negative_weight': 150, 'loss_fn': 'Pos_DROLoss', 'sampling_method': 'no_sample', 'load_name': 'uniform', 'generate_mode': 'no_cosine', 'reweight_period': 5, 'mix_target': 'mix_target', 'mask_distribution': 'mask_distribution', 'neg_alpha': 1.6, 'pos_alpha': 2.0, 'dim_mask': 'both', 'expolation_mask': False, 'mix_replace': False, 'save_emb': False, 'sample_replace': False, 'init_norm': 'uniform', 'init_mean': 2.0, 'init_std': 2.0, 'pop_pow': 1.0, 'save_mle': False, 'l2_mode': 'static', 'temperature_2': 0.8, 'temperature_3': 0.3, 'group_valid': False, 'score_save': 'alpha', 'tau_min': 0.05, 'tau_max': 0.15, 'm': 0.9, 'pow_rate': 0.9, 't_min': 0.05, 't_max': 0.15, 't_epoch': 0.01, 't_patience': 50, 'tau_mode': 'static', 'pos_num': 10, 'beta_1': 10, 'beta_2': 10, 'kl_mode': 'kl', 'lam_bank': False, 'neg_rate': '', 'trans_mode': 'else', 'group_mode': 'equal_pop', 'pos_mode': 'reweight', 'group_mix_mode': 'v1', 'kl_memory_fun': 'v0', 'm_tau': 0.9, 'loss_re': False, 'min_lr': 1e-06, 'cnt_lr': 10, 'group_num': 10, 'w1': 0.9, 'w2': 0.9, 'w3': 0.9, 'w4': 0.9, 'negative_weight2': 0.9, 'gamma': 0.9, 'lambda_': 0.9, 'initial_weight': 0.9, 'ii_neighbor_num': 0.9, 'bool_sigmoid': 1, 'bool_normalized': 1, 'bool_omega': 1, 'lambda_thresh': 10.0, 'lam_epoch': 5, 'add_epoch': 5, 'bool_save': 1, 'lambda_mode': 1, 'pos_prob': 1.0}
2023-11-04 12:19:23,845 - [INFO] - load train.txt
COMPLETE AMAZON NEED TO MINUS N_USERS!!!
2023-11-04 12:19:31,643 - [INFO] - building the adj mat ...
2023-11-04 12:19:32,496 - [INFO] - train set len is 1368000
2023-11-04 12:19:32,496 - [INFO] - test set len is 152255
2023-11-04 12:19:32,496 - [INFO] - loading over ...
2023-11-04 12:19:32,496 - [INFO] - users are 192403 items are 63001
Here is Pos_DROLoss loss
tau_1	tau_2 tau_3 	 is 0.3	0.8	 0.3 loss_re False MODE reweight
sample method is no_sample
2023-11-04 12:19:41,037 - [INFO] - Evaluation Protocols is 1 @ 20
2023-11-04 12:19:41,037 - [INFO] - start training ...
2023-11-04 12:20:03,965 - [INFO] - E:0|train_time: 19.63, VALID_time: 3.191, losses:5.504, losses_emb:0.003709, best_valid(recall@20): -inf
valid 	 N@5: 0.01318, R@5: 0.02008, P@5: 0.004574
valid 	 N@10: 0.01696, R@10: 0.03156, P@10: 0.003604
valid 	 N@15: 0.01951, R@15: 0.04089, P@15: 0.003125
valid 	 N@20: 0.02136, R@20: 0.0485, P@20: 0.00278

2023-11-04 12:20:25,400 - [INFO] - E:1|train_time: 17.96, VALID_time: 3.209, losses:5.162, losses_emb:0.008868, best_valid(recall@20): 0.0485
valid 	 N@5: 0.01474, R@5: 0.02233, P@5: 0.005066
valid 	 N@10: 0.01888, R@10: 0.03491, P@10: 0.003976
valid 	 N@15: 0.02161, R@15: 0.04496, P@15: 0.003419
valid 	 N@20: 0.02361, R@20: 0.05322, P@20: 0.003038

2023-11-04 12:20:47,305 - [INFO] - E:2|train_time: 18.19, VALID_time: 3.212, losses:5.097, losses_emb:0.01252, best_valid(recall@20): 0.05322
valid 	 N@5: 0.01504, R@5: 0.02281, P@5: 0.005167
valid 	 N@10: 0.01934, R@10: 0.03581, P@10: 0.004068
valid 	 N@15: 0.02214, R@15: 0.04609, P@15: 0.003502
valid 	 N@20: 0.02433, R@20: 0.0551, P@20: 0.003144

2023-11-04 12:21:09,149 - [INFO] - E:3|train_time: 18.35, VALID_time: 3.105, losses:5.067, losses_emb:0.01584, best_valid(recall@20): 0.0551
valid 	 N@5: 0.0154, R@5: 0.02339, P@5: 0.00528
valid 	 N@10: 0.01979, R@10: 0.03671, P@10: 0.004161
valid 	 N@15: 0.02258, R@15: 0.04694, P@15: 0.00357
valid 	 N@20: 0.02475, R@20: 0.05588, P@20: 0.003186

2023-11-04 12:21:31,355 - [INFO] - E:4|train_time: 18.74, VALID_time: 3.061, losses:5.05, losses_emb:0.0189, best_valid(recall@20): 0.05588
valid 	 N@5: 0.01565, R@5: 0.02367, P@5: 0.00534
valid 	 N@10: 0.02009, R@10: 0.03713, P@10: 0.004204
valid 	 N@15: 0.02291, R@15: 0.04751, P@15: 0.003607
valid 	 N@20: 0.02514, R@20: 0.0567, P@20: 0.00323

2023-11-04 12:21:53,264 - [INFO] - E:5|train_time: 18.39, VALID_time: 3.11, losses:5.04, losses_emb:0.02175, best_valid(recall@20): 0.0567
valid 	 N@5: 0.01583, R@5: 0.02404, P@5: 0.005425
valid 	 N@10: 0.0202, R@10: 0.03731, P@10: 0.004224
valid 	 N@15: 0.02305, R@15: 0.04781, P@15: 0.003623
valid 	 N@20: 0.02532, R@20: 0.05716, P@20: 0.003249

2023-11-04 12:22:15,142 - [INFO] - E:6|train_time: 18.26, VALID_time: 3.253, losses:5.033, losses_emb:0.02442, best_valid(recall@20): 0.05716
valid 	 N@5: 0.01591, R@5: 0.0241, P@5: 0.00543
valid 	 N@10: 0.02031, R@10: 0.03744, P@10: 0.004244
valid 	 N@15: 0.02326, R@15: 0.04829, P@15: 0.003659
valid 	 N@20: 0.02554, R@20: 0.05773, P@20: 0.003278

2023-11-04 12:22:36,848 - [INFO] - E:7|train_time: 18.1, VALID_time: 3.242, losses:5.028, losses_emb:0.02695, best_valid(recall@20): 0.05773
valid 	 N@5: 0.0159, R@5: 0.02414, P@5: 0.005439
valid 	 N@10: 0.02039, R@10: 0.03779, P@10: 0.004276
valid 	 N@15: 0.02336, R@15: 0.04873, P@15: 0.003688
valid 	 N@20: 0.02557, R@20: 0.05784, P@20: 0.003283

2023-11-04 12:22:58,614 - [INFO] - E:8|train_time: 18.25, VALID_time: 3.074, losses:5.025, losses_emb:0.02934, best_valid(recall@20): 0.05784
valid 	 N@5: 0.01604, R@5: 0.02436, P@5: 0.00548
valid 	 N@10: 0.02045, R@10: 0.03777, P@10: 0.004274
valid 	 N@15: 0.02347, R@15: 0.04891, P@15: 0.003696
valid 	 N@20: 0.02567, R@20: 0.05797, P@20: 0.003292

2023-11-04 12:23:20,352 - [INFO] - E:9|train_time: 18.14, VALID_time: 3.22, losses:5.023, losses_emb:0.03162, best_valid(recall@20): 0.05797
valid 	 N@5: 0.01614, R@5: 0.02453, P@5: 0.005499
valid 	 N@10: 0.02057, R@10: 0.03802, P@10: 0.004292
valid 	 N@15: 0.0235, R@15: 0.04881, P@15: 0.00369
valid 	 N@20: 0.02575, R@20: 0.05807, P@20: 0.003298

2023-11-04 12:23:42,250 - [INFO] - E:10|train_time: 18.15, VALID_time: 3.394, losses:5.022, losses_emb:0.03373, best_valid(recall@20): 0.05807
valid 	 N@5: 0.01613, R@5: 0.02445, P@5: 0.005493
valid 	 N@10: 0.02063, R@10: 0.03815, P@10: 0.00431
valid 	 N@15: 0.02355, R@15: 0.04893, P@15: 0.003694
valid 	 N@20: 0.02579, R@20: 0.05809, P@20: 0.003301

2023-11-04 12:24:03,917 - [INFO] - E:11|train_time: 18.12, VALID_time: 3.153, losses:5.021, losses_emb:0.03579, best_valid(recall@20): 0.05809
valid 	 N@5: 0.01625, R@5: 0.02461, P@5: 0.005528
valid 	 N@10: 0.02068, R@10: 0.03803, P@10: 0.004296
valid 	 N@15: 0.02373, R@15: 0.04928, P@15: 0.003724
valid 	 N@20: 0.02597, R@20: 0.05846, P@20: 0.003321

2023-11-04 12:24:25,608 - [INFO] - E:12|train_time: 18.12, VALID_time: 3.138, losses:5.021, losses_emb:0.03768, best_valid(recall@20): 0.05846
valid 	 N@5: 0.01625, R@5: 0.0245, P@5: 0.005502
valid 	 N@10: 0.0208, R@10: 0.03828, P@10: 0.004322
valid 	 N@15: 0.02381, R@15: 0.04936, P@15: 0.003731
valid 	 N@20: 0.02598, R@20: 0.05827, P@20: 0.003313

2023-11-04 12:24:46,975 - [INFO] - E:13|train_time: 18.08, VALID_time: 3.203, losses:5.021, losses_emb:0.03947, best_valid(recall@20): 0.05846
valid 	 N@5: 0.01629, R@5: 0.02466, P@5: 0.005531
valid 	 N@10: 0.0208, R@10: 0.03833, P@10: 0.004331
valid 	 N@15: 0.02379, R@15: 0.04933, P@15: 0.003725
valid 	 N@20: 0.02599, R@20: 0.05837, P@20: 0.00332

2023-11-04 12:25:08,657 - [INFO] - E:14|train_time: 18.24, VALID_time: 3.37, losses:5.021, losses_emb:0.04115, best_valid(recall@20): 0.05846
valid 	 N@5: 0.01625, R@5: 0.02461, P@5: 0.00552
valid 	 N@10: 0.02081, R@10: 0.03843, P@10: 0.004342
valid 	 N@15: 0.02384, R@15: 0.04962, P@15: 0.003745
valid 	 N@20: 0.02601, R@20: 0.05851, P@20: 0.00333

2023-11-04 12:25:30,281 - [INFO] - E:15|train_time: 18.04, VALID_time: 3.201, losses:5.021, losses_emb:0.04268, best_valid(recall@20): 0.05851
valid 	 N@5: 0.01631, R@5: 0.02482, P@5: 0.005561
valid 	 N@10: 0.02083, R@10: 0.03859, P@10: 0.00435
valid 	 N@15: 0.02382, R@15: 0.04957, P@15: 0.003743
valid 	 N@20: 0.02608, R@20: 0.05886, P@20: 0.003346

2023-11-04 12:25:52,243 - [INFO] - E:16|train_time: 18.07, VALID_time: 3.189, losses:5.021, losses_emb:0.04413, best_valid(recall@20): 0.05886
valid 	 N@5: 0.01632, R@5: 0.02471, P@5: 0.005542
valid 	 N@10: 0.0209, R@10: 0.03862, P@10: 0.004358
valid 	 N@15: 0.02397, R@15: 0.04996, P@15: 0.003763
valid 	 N@20: 0.0262, R@20: 0.05907, P@20: 0.003355

2023-11-04 12:26:14,294 - [INFO] - E:17|train_time: 18.08, VALID_time: 3.576, losses:5.021, losses_emb:0.04545, best_valid(recall@20): 0.05907
valid 	 N@5: 0.01647, R@5: 0.02486, P@5: 0.00557
valid 	 N@10: 0.02109, R@10: 0.03891, P@10: 0.004388
valid 	 N@15: 0.02407, R@15: 0.0499, P@15: 0.00376
valid 	 N@20: 0.02634, R@20: 0.05917, P@20: 0.003365

2023-11-04 12:26:36,181 - [INFO] - E:18|train_time: 18.11, VALID_time: 3.39, losses:5.022, losses_emb:0.04667, best_valid(recall@20): 0.05917
valid 	 N@5: 0.01648, R@5: 0.02495, P@5: 0.005594
valid 	 N@10: 0.02111, R@10: 0.03903, P@10: 0.004402
valid 	 N@15: 0.02406, R@15: 0.04987, P@15: 0.003761
valid 	 N@20: 0.02628, R@20: 0.05898, P@20: 0.003354

2023-11-04 12:26:58,830 - [INFO] - E:19|train_time: 18.29, VALID_time: 4.289, losses:5.022, losses_emb:0.04779, best_valid(recall@20): 0.05917
valid 	 N@5: 0.01641, R@5: 0.02482, P@5: 0.005556
valid 	 N@10: 0.02105, R@10: 0.03885, P@10: 0.004384
valid 	 N@15: 0.02411, R@15: 0.05012, P@15: 0.003782
valid 	 N@20: 0.0263, R@20: 0.05912, P@20: 0.003358

2023-11-04 12:27:20,741 - [INFO] - E:20|train_time: 18.24, VALID_time: 3.607, losses:5.022, losses_emb:0.0488, best_valid(recall@20): 0.05917
valid 	 N@5: 0.01636, R@5: 0.02478, P@5: 0.005539
valid 	 N@10: 0.02111, R@10: 0.03917, P@10: 0.004418
valid 	 N@15: 0.0241, R@15: 0.05016, P@15: 0.003784
valid 	 N@20: 0.0263, R@20: 0.05919, P@20: 0.003365

2023-11-04 12:27:43,243 - [INFO] - E:21|train_time: 18.68, VALID_time: 3.187, losses:5.022, losses_emb:0.04973, best_valid(recall@20): 0.05919
valid 	 N@5: 0.0164, R@5: 0.0248, P@5: 0.005542
valid 	 N@10: 0.02117, R@10: 0.03925, P@10: 0.004421
valid 	 N@15: 0.0242, R@15: 0.05039, P@15: 0.003798
valid 	 N@20: 0.02639, R@20: 0.05938, P@20: 0.003376

2023-11-04 12:28:05,167 - [INFO] - E:22|train_time: 18.07, VALID_time: 3.458, losses:5.022, losses_emb:0.05058, best_valid(recall@20): 0.05938
valid 	 N@5: 0.01659, R@5: 0.02509, P@5: 0.005609
valid 	 N@10: 0.02123, R@10: 0.03915, P@10: 0.004406
valid 	 N@15: 0.02429, R@15: 0.05039, P@15: 0.003798
valid 	 N@20: 0.02648, R@20: 0.05936, P@20: 0.003374

2023-11-04 12:28:26,678 - [INFO] - E:23|train_time: 18.2, VALID_time: 3.24, losses:5.022, losses_emb:0.05135, best_valid(recall@20): 0.05938
valid 	 N@5: 0.01648, R@5: 0.02482, P@5: 0.005557
valid 	 N@10: 0.02126, R@10: 0.0393, P@10: 0.004427
valid 	 N@15: 0.0243, R@15: 0.0505, P@15: 0.00381
valid 	 N@20: 0.02649, R@20: 0.05947, P@20: 0.00338

2023-11-04 12:28:48,273 - [INFO] - E:24|train_time: 18.1, VALID_time: 3.125, losses:5.022, losses_emb:0.05203, best_valid(recall@20): 0.05947
valid 	 N@5: 0.01655, R@5: 0.02489, P@5: 0.005573
valid 	 N@10: 0.02135, R@10: 0.03947, P@10: 0.00444
valid 	 N@15: 0.02436, R@15: 0.05053, P@15: 0.003805
valid 	 N@20: 0.02651, R@20: 0.05933, P@20: 0.003371

2023-11-04 12:29:09,728 - [INFO] - E:25|train_time: 18.13, VALID_time: 3.236, losses:5.022, losses_emb:0.05267, best_valid(recall@20): 0.05947
valid 	 N@5: 0.01657, R@5: 0.02517, P@5: 0.005633
valid 	 N@10: 0.02129, R@10: 0.03952, P@10: 0.00445
valid 	 N@15: 0.02431, R@15: 0.05066, P@15: 0.003817
valid 	 N@20: 0.02648, R@20: 0.05955, P@20: 0.003381

2023-11-04 12:29:31,573 - [INFO] - E:26|train_time: 18.15, VALID_time: 3.291, losses:5.022, losses_emb:0.05323, best_valid(recall@20): 0.05955
valid 	 N@5: 0.01649, R@5: 0.025, P@5: 0.005602
valid 	 N@10: 0.02133, R@10: 0.0397, P@10: 0.004469
valid 	 N@15: 0.02437, R@15: 0.05087, P@15: 0.003835
valid 	 N@20: 0.02651, R@20: 0.05966, P@20: 0.003384

2023-11-04 12:29:53,506 - [INFO] - E:27|train_time: 18.13, VALID_time: 3.41, losses:5.022, losses_emb:0.05376, best_valid(recall@20): 0.05966
valid 	 N@5: 0.01651, R@5: 0.0251, P@5: 0.005616
valid 	 N@10: 0.02128, R@10: 0.03962, P@10: 0.00446
valid 	 N@15: 0.02431, R@15: 0.05077, P@15: 0.003826
valid 	 N@20: 0.02648, R@20: 0.05967, P@20: 0.003385

2023-11-04 12:30:15,132 - [INFO] - E:28|train_time: 18.12, VALID_time: 3.081, losses:5.022, losses_emb:0.05422, best_valid(recall@20): 0.05967
valid 	 N@5: 0.01647, R@5: 0.025, P@5: 0.0056
valid 	 N@10: 0.02132, R@10: 0.03973, P@10: 0.004472
valid 	 N@15: 0.02438, R@15: 0.05101, P@15: 0.003845
valid 	 N@20: 0.02658, R@20: 0.06003, P@20: 0.003404

2023-11-04 12:30:36,925 - [INFO] - E:29|train_time: 18.27, VALID_time: 3.093, losses:5.022, losses_emb:0.05465, best_valid(recall@20): 0.06003
valid 	 N@5: 0.0166, R@5: 0.02526, P@5: 0.005654
valid 	 N@10: 0.02133, R@10: 0.03962, P@10: 0.004459
valid 	 N@15: 0.02441, R@15: 0.05096, P@15: 0.003842
valid 	 N@20: 0.02658, R@20: 0.05985, P@20: 0.003397

2023-11-04 12:30:58,380 - [INFO] - E:30|train_time: 18.1, VALID_time: 3.267, losses:5.022, losses_emb:0.05502, best_valid(recall@20): 0.06003
valid 	 N@5: 0.01654, R@5: 0.02508, P@5: 0.005617
valid 	 N@10: 0.02136, R@10: 0.03973, P@10: 0.004474
valid 	 N@15: 0.02439, R@15: 0.05089, P@15: 0.003832
valid 	 N@20: 0.02662, R@20: 0.06003, P@20: 0.003405

2023-11-04 12:31:19,807 - [INFO] - E:31|train_time: 18.17, VALID_time: 3.182, losses:5.021, losses_emb:0.05539, best_valid(recall@20): 0.06003
valid 	 N@5: 0.01652, R@5: 0.02499, P@5: 0.005611
valid 	 N@10: 0.02145, R@10: 0.03995, P@10: 0.004495
valid 	 N@15: 0.02443, R@15: 0.05092, P@15: 0.003836
valid 	 N@20: 0.02669, R@20: 0.06019, P@20: 0.003417

2023-11-04 12:31:41,457 - [INFO] - E:32|train_time: 18.09, VALID_time: 3.118, losses:5.021, losses_emb:0.0557, best_valid(recall@20): 0.06019
valid 	 N@5: 0.01656, R@5: 0.02518, P@5: 0.005636
valid 	 N@10: 0.02139, R@10: 0.03989, P@10: 0.004489
valid 	 N@15: 0.02445, R@15: 0.05117, P@15: 0.003853
valid 	 N@20: 0.0266, R@20: 0.05997, P@20: 0.003403

2023-11-04 12:32:02,948 - [INFO] - E:33|train_time: 18.17, VALID_time: 3.226, losses:5.021, losses_emb:0.05598, best_valid(recall@20): 0.06019
valid 	 N@5: 0.01651, R@5: 0.02497, P@5: 0.005587
valid 	 N@10: 0.02143, R@10: 0.03993, P@10: 0.004498
valid 	 N@15: 0.02444, R@15: 0.051, P@15: 0.003844
valid 	 N@20: 0.0267, R@20: 0.06025, P@20: 0.003418

2023-11-04 12:32:24,720 - [INFO] - E:34|train_time: 18.14, VALID_time: 3.264, losses:5.021, losses_emb:0.05624, best_valid(recall@20): 0.06025
valid 	 N@5: 0.01652, R@5: 0.02499, P@5: 0.005591
valid 	 N@10: 0.0214, R@10: 0.03984, P@10: 0.004484
valid 	 N@15: 0.02452, R@15: 0.05133, P@15: 0.003865
valid 	 N@20: 0.02669, R@20: 0.06025, P@20: 0.003419

2023-11-04 12:32:46,978 - [INFO] - E:35|train_time: 18.27, VALID_time: 3.601, losses:5.021, losses_emb:0.05648, best_valid(recall@20): 0.06025
valid 	 N@5: 0.01648, R@5: 0.02485, P@5: 0.005554
valid 	 N@10: 0.02138, R@10: 0.03971, P@10: 0.00447
valid 	 N@15: 0.02458, R@15: 0.05148, P@15: 0.003878
valid 	 N@20: 0.02673, R@20: 0.0603, P@20: 0.00342

2023-11-04 12:33:08,492 - [INFO] - E:36|train_time: 18.02, VALID_time: 3.131, losses:5.021, losses_emb:0.0567, best_valid(recall@20): 0.0603
valid 	 N@5: 0.01649, R@5: 0.02497, P@5: 0.0056
valid 	 N@10: 0.02136, R@10: 0.03976, P@10: 0.004477
valid 	 N@15: 0.02453, R@15: 0.05145, P@15: 0.003878
valid 	 N@20: 0.02675, R@20: 0.06052, P@20: 0.003435

2023-11-04 12:33:30,354 - [INFO] - E:37|train_time: 18.22, VALID_time: 3.14, losses:5.021, losses_emb:0.05688, best_valid(recall@20): 0.06052
valid 	 N@5: 0.01657, R@5: 0.02502, P@5: 0.005598
valid 	 N@10: 0.02151, R@10: 0.04001, P@10: 0.004503
valid 	 N@15: 0.02463, R@15: 0.0515, P@15: 0.00388
valid 	 N@20: 0.02676, R@20: 0.06025, P@20: 0.003421

2023-11-04 12:33:51,833 - [INFO] - E:38|train_time: 18.17, VALID_time: 3.227, losses:5.021, losses_emb:0.05706, best_valid(recall@20): 0.06052
valid 	 N@5: 0.01653, R@5: 0.02506, P@5: 0.005611
valid 	 N@10: 0.02135, R@10: 0.03969, P@10: 0.004472
valid 	 N@15: 0.02457, R@15: 0.05152, P@15: 0.003881
valid 	 N@20: 0.02674, R@20: 0.06045, P@20: 0.003429

2023-11-04 12:34:13,232 - [INFO] - E:39|train_time: 18.12, VALID_time: 3.2, losses:5.02, losses_emb:0.05723, best_valid(recall@20): 0.06052
valid 	 N@5: 0.01655, R@5: 0.02517, P@5: 0.005647
valid 	 N@10: 0.02138, R@10: 0.0399, P@10: 0.004493
valid 	 N@15: 0.0245, R@15: 0.05138, P@15: 0.003869
valid 	 N@20: 0.02678, R@20: 0.06073, P@20: 0.003446

2023-11-04 12:34:34,797 - [INFO] - E:40|train_time: 18.02, VALID_time: 3.089, losses:5.02, losses_emb:0.05738, best_valid(recall@20): 0.06073
valid 	 N@5: 0.0166, R@5: 0.02514, P@5: 0.005633
valid 	 N@10: 0.0215, R@10: 0.04004, P@10: 0.004507
valid 	 N@15: 0.02459, R@15: 0.05138, P@15: 0.003872
valid 	 N@20: 0.02687, R@20: 0.06075, P@20: 0.003445

2023-11-04 12:34:56,585 - [INFO] - E:41|train_time: 18.26, VALID_time: 3.103, losses:5.02, losses_emb:0.05752, best_valid(recall@20): 0.06075
valid 	 N@5: 0.01665, R@5: 0.02527, P@5: 0.00566
valid 	 N@10: 0.02153, R@10: 0.04016, P@10: 0.004529
valid 	 N@15: 0.02463, R@15: 0.05159, P@15: 0.003884
valid 	 N@20: 0.02676, R@20: 0.06029, P@20: 0.003419

2023-11-04 12:35:17,954 - [INFO] - E:42|train_time: 18.05, VALID_time: 3.228, losses:5.02, losses_emb:0.05764, best_valid(recall@20): 0.06075
valid 	 N@5: 0.01663, R@5: 0.02519, P@5: 0.005641
valid 	 N@10: 0.02156, R@10: 0.04022, P@10: 0.004529
valid 	 N@15: 0.02466, R@15: 0.05164, P@15: 0.003887
valid 	 N@20: 0.02684, R@20: 0.06057, P@20: 0.003435

2023-11-04 12:35:39,358 - [INFO] - E:43|train_time: 18.07, VALID_time: 3.239, losses:5.02, losses_emb:0.05776, best_valid(recall@20): 0.06075
valid 	 N@5: 0.01658, R@5: 0.02509, P@5: 0.005614
valid 	 N@10: 0.02149, R@10: 0.04002, P@10: 0.004517
valid 	 N@15: 0.02457, R@15: 0.05139, P@15: 0.003871
valid 	 N@20: 0.02679, R@20: 0.06051, P@20: 0.00343

2023-11-04 12:36:00,894 - [INFO] - E:44|train_time: 18.07, VALID_time: 3.363, losses:5.02, losses_emb:0.05786, best_valid(recall@20): 0.06075
valid 	 N@5: 0.0165, R@5: 0.02491, P@5: 0.005581
valid 	 N@10: 0.02147, R@10: 0.04004, P@10: 0.004514
valid 	 N@15: 0.02459, R@15: 0.05152, P@15: 0.003882
valid 	 N@20: 0.02682, R@20: 0.06068, P@20: 0.00344

2023-11-04 12:36:22,173 - [INFO] - E:45|train_time: 18.04, VALID_time: 3.17, losses:5.02, losses_emb:0.05796, best_valid(recall@20): 0.06075
valid 	 N@5: 0.01657, R@5: 0.02499, P@5: 0.005608
valid 	 N@10: 0.02151, R@10: 0.04002, P@10: 0.004512
valid 	 N@15: 0.02463, R@15: 0.05152, P@15: 0.003877
valid 	 N@20: 0.02685, R@20: 0.06062, P@20: 0.003437

2023-11-04 12:36:43,559 - [INFO] - E:46|train_time: 18.04, VALID_time: 3.273, losses:5.02, losses_emb:0.05805, best_valid(recall@20): 0.06075
valid 	 N@5: 0.01662, R@5: 0.02515, P@5: 0.005636
valid 	 N@10: 0.02151, R@10: 0.04001, P@10: 0.004514
valid 	 N@15: 0.02468, R@15: 0.05169, P@15: 0.003891
valid 	 N@20: 0.02686, R@20: 0.06068, P@20: 0.003438

2023-11-04 12:37:05,184 - [INFO] - E:47|train_time: 18.29, VALID_time: 3.246, losses:5.02, losses_emb:0.05813, best_valid(recall@20): 0.06075
valid 	 N@5: 0.01655, R@5: 0.02521, P@5: 0.005643
valid 	 N@10: 0.02143, R@10: 0.04005, P@10: 0.004513
valid 	 N@15: 0.02453, R@15: 0.05148, P@15: 0.003875
valid 	 N@20: 0.02669, R@20: 0.06035, P@20: 0.003421

2023-11-04 12:37:26,405 - [INFO] - E:48|train_time: 18.06, VALID_time: 3.095, losses:5.019, losses_emb:0.05821, best_valid(recall@20): 0.06075
valid 	 N@5: 0.01654, R@5: 0.02514, P@5: 0.005638
valid 	 N@10: 0.02143, R@10: 0.04001, P@10: 0.004506
valid 	 N@15: 0.02454, R@15: 0.05147, P@15: 0.003874
valid 	 N@20: 0.02679, R@20: 0.06068, P@20: 0.003442

2023-11-04 12:37:47,936 - [INFO] - E:49|train_time: 18.22, VALID_time: 3.231, losses:5.019, losses_emb:0.05828, best_valid(recall@20): 0.06075
valid 	 N@5: 0.01668, R@5: 0.02541, P@5: 0.005693
valid 	 N@10: 0.02158, R@10: 0.04033, P@10: 0.004543
valid 	 N@15: 0.0246, R@15: 0.05146, P@15: 0.003873
valid 	 N@20: 0.02685, R@20: 0.06071, P@20: 0.003442

2023-11-04 12:38:09,325 - [INFO] - E:50|train_time: 18.08, VALID_time: 3.236, losses:5.019, losses_emb:0.05834, best_valid(recall@20): 0.06075
valid 	 N@5: 0.01664, R@5: 0.02534, P@5: 0.005676
valid 	 N@10: 0.02156, R@10: 0.04032, P@10: 0.004546
valid 	 N@15: 0.02463, R@15: 0.05164, P@15: 0.003887
valid 	 N@20: 0.02687, R@20: 0.06081, P@20: 0.003447

2023-11-04 12:38:31,136 - [INFO] - E:51|train_time: 18.06, VALID_time: 3.308, losses:5.019, losses_emb:0.05841, best_valid(recall@20): 0.06081
valid 	 N@5: 0.0165, R@5: 0.025, P@5: 0.005614
valid 	 N@10: 0.02151, R@10: 0.04025, P@10: 0.004538
valid 	 N@15: 0.02457, R@15: 0.05154, P@15: 0.003879
valid 	 N@20: 0.0268, R@20: 0.06069, P@20: 0.003441

2023-11-04 12:38:52,610 - [INFO] - E:52|train_time: 18.07, VALID_time: 3.301, losses:5.019, losses_emb:0.05846, best_valid(recall@20): 0.06081
valid 	 N@5: 0.01652, R@5: 0.02501, P@5: 0.005598
valid 	 N@10: 0.02151, R@10: 0.04018, P@10: 0.004532
valid 	 N@15: 0.02455, R@15: 0.05138, P@15: 0.003866
valid 	 N@20: 0.02678, R@20: 0.06053, P@20: 0.00343

2023-11-04 12:39:14,055 - [INFO] - E:53|train_time: 18.2, VALID_time: 3.117, losses:5.019, losses_emb:0.05852, best_valid(recall@20): 0.06081
valid 	 N@5: 0.01663, R@5: 0.02517, P@5: 0.005644
valid 	 N@10: 0.02152, R@10: 0.04004, P@10: 0.004518
valid 	 N@15: 0.02462, R@15: 0.05149, P@15: 0.003877
valid 	 N@20: 0.02688, R@20: 0.06074, P@20: 0.003444

2023-11-04 12:39:35,612 - [INFO] - E:54|train_time: 18.11, VALID_time: 3.366, losses:5.019, losses_emb:0.05856, best_valid(recall@20): 0.06081
valid 	 N@5: 0.01649, R@5: 0.02496, P@5: 0.005589
valid 	 N@10: 0.02148, R@10: 0.04017, P@10: 0.004527
valid 	 N@15: 0.0246, R@15: 0.05165, P@15: 0.00389
valid 	 N@20: 0.02681, R@20: 0.0607, P@20: 0.003442

2023-11-04 12:39:57,056 - [INFO] - E:55|train_time: 18.11, VALID_time: 3.269, losses:5.019, losses_emb:0.05859, best_valid(recall@20): 0.06081
valid 	 N@5: 0.01655, R@5: 0.02511, P@5: 0.005632
valid 	 N@10: 0.02156, R@10: 0.04033, P@10: 0.004547
valid 	 N@15: 0.02459, R@15: 0.05153, P@15: 0.003879
valid 	 N@20: 0.02685, R@20: 0.06078, P@20: 0.003445

2023-11-04 12:40:18,922 - [INFO] - E:56|train_time: 18.12, VALID_time: 3.65, losses:5.019, losses_emb:0.05865, best_valid(recall@20): 0.06081
valid 	 N@5: 0.01663, R@5: 0.02524, P@5: 0.005654
valid 	 N@10: 0.02152, R@10: 0.04011, P@10: 0.004521
valid 	 N@15: 0.02464, R@15: 0.0516, P@15: 0.003883
valid 	 N@20: 0.02688, R@20: 0.0608, P@20: 0.003449

2023-11-04 12:40:40,236 - [INFO] - E:57|train_time: 18.08, VALID_time: 3.157, losses:5.019, losses_emb:0.05869, best_valid(recall@20): 0.06081
valid 	 N@5: 0.01662, R@5: 0.02526, P@5: 0.005655
valid 	 N@10: 0.02152, R@10: 0.04017, P@10: 0.004524
valid 	 N@15: 0.02453, R@15: 0.05127, P@15: 0.003859
valid 	 N@20: 0.02679, R@20: 0.06049, P@20: 0.003429

2023-11-04 12:41:01,898 - [INFO] - E:58|train_time: 17.99, VALID_time: 3.588, losses:5.018, losses_emb:0.05872, best_valid(recall@20): 0.06081
valid 	 N@5: 0.01661, R@5: 0.02529, P@5: 0.005661
valid 	 N@10: 0.02147, R@10: 0.04009, P@10: 0.004518
valid 	 N@15: 0.02456, R@15: 0.05146, P@15: 0.003872
valid 	 N@20: 0.02688, R@20: 0.06102, P@20: 0.003459

2023-11-04 12:41:23,376 - [INFO] - E:59|train_time: 17.96, VALID_time: 3.136, losses:5.018, losses_emb:0.05877, best_valid(recall@20): 0.06102
valid 	 N@5: 0.01661, R@5: 0.02517, P@5: 0.005647
valid 	 N@10: 0.02153, R@10: 0.04014, P@10: 0.004518
valid 	 N@15: 0.02456, R@15: 0.05132, P@15: 0.003864
valid 	 N@20: 0.02687, R@20: 0.06075, P@20: 0.003448

2023-11-04 12:41:44,826 - [INFO] - E:60|train_time: 18.24, VALID_time: 3.081, losses:5.018, losses_emb:0.05879, best_valid(recall@20): 0.06102
valid 	 N@5: 0.01643, R@5: 0.02489, P@5: 0.005587
valid 	 N@10: 0.02134, R@10: 0.03983, P@10: 0.00449
valid 	 N@15: 0.02445, R@15: 0.0513, P@15: 0.003864
valid 	 N@20: 0.02678, R@20: 0.06084, P@20: 0.00345

2023-11-04 12:42:06,214 - [INFO] - E:61|train_time: 18.06, VALID_time: 3.245, losses:5.018, losses_emb:0.05883, best_valid(recall@20): 0.06102
valid 	 N@5: 0.01656, R@5: 0.02512, P@5: 0.005625
valid 	 N@10: 0.02144, R@10: 0.03995, P@10: 0.0045
valid 	 N@15: 0.02455, R@15: 0.0514, P@15: 0.003871
valid 	 N@20: 0.02677, R@20: 0.06052, P@20: 0.003432

2023-11-04 12:42:27,483 - [INFO] - E:62|train_time: 18.09, VALID_time: 3.09, losses:5.018, losses_emb:0.05884, best_valid(recall@20): 0.06102
valid 	 N@5: 0.01653, R@5: 0.02496, P@5: 0.005592
valid 	 N@10: 0.02147, R@10: 0.04, P@10: 0.004506
valid 	 N@15: 0.0246, R@15: 0.05152, P@15: 0.003876
valid 	 N@20: 0.02678, R@20: 0.06044, P@20: 0.003426

2023-11-04 12:42:49,028 - [INFO] - E:63|train_time: 18.07, VALID_time: 3.349, losses:5.018, losses_emb:0.05888, best_valid(recall@20): 0.06102
valid 	 N@5: 0.01653, R@5: 0.02496, P@5: 0.005603
valid 	 N@10: 0.02153, R@10: 0.04013, P@10: 0.004524
valid 	 N@15: 0.02459, R@15: 0.05145, P@15: 0.003875
valid 	 N@20: 0.02686, R@20: 0.06076, P@20: 0.003442

2023-11-04 12:43:10,378 - [INFO] - E:64|train_time: 18.03, VALID_time: 3.205, losses:5.018, losses_emb:0.05891, best_valid(recall@20): 0.06102
valid 	 N@5: 0.01661, R@5: 0.02514, P@5: 0.005636
valid 	 N@10: 0.02148, R@10: 0.03998, P@10: 0.004503
valid 	 N@15: 0.02454, R@15: 0.05124, P@15: 0.003856
valid 	 N@20: 0.02685, R@20: 0.06074, P@20: 0.003443

2023-11-04 12:43:31,770 - [INFO] - E:65|train_time: 18.08, VALID_time: 3.229, losses:5.018, losses_emb:0.05892, best_valid(recall@20): 0.06102
valid 	 N@5: 0.0165, R@5: 0.02505, P@5: 0.005613
valid 	 N@10: 0.02146, R@10: 0.04016, P@10: 0.004526
valid 	 N@15: 0.02451, R@15: 0.0514, P@15: 0.003867
valid 	 N@20: 0.02675, R@20: 0.0606, P@20: 0.003434

2023-11-04 12:43:53,136 - [INFO] - E:66|train_time: 18.14, VALID_time: 3.146, losses:5.018, losses_emb:0.05894, best_valid(recall@20): 0.06102
valid 	 N@5: 0.01651, R@5: 0.02503, P@5: 0.005611
valid 	 N@10: 0.0214, R@10: 0.03994, P@10: 0.004504
valid 	 N@15: 0.0245, R@15: 0.05135, P@15: 0.003866
valid 	 N@20: 0.02672, R@20: 0.06047, P@20: 0.00343

2023-11-04 12:44:14,586 - [INFO] - E:67|train_time: 18.04, VALID_time: 3.322, losses:5.018, losses_emb:0.05897, best_valid(recall@20): 0.06102
valid 	 N@5: 0.0165, R@5: 0.02499, P@5: 0.005605
valid 	 N@10: 0.02143, R@10: 0.04, P@10: 0.004509
valid 	 N@15: 0.0245, R@15: 0.05131, P@15: 0.003865
valid 	 N@20: 0.02672, R@20: 0.06041, P@20: 0.003423

2023-11-04 12:44:35,978 - [INFO] - E:68|train_time: 18.08, VALID_time: 3.236, losses:5.018, losses_emb:0.05898, best_valid(recall@20): 0.06102
valid 	 N@5: 0.01666, R@5: 0.02528, P@5: 0.005666
valid 	 N@10: 0.02152, R@10: 0.04009, P@10: 0.004516
valid 	 N@15: 0.02454, R@15: 0.0512, P@15: 0.003858
valid 	 N@20: 0.02679, R@20: 0.06046, P@20: 0.003427

2023-11-04 12:44:57,178 - [INFO] - E:69|train_time: 18.03, VALID_time: 3.096, losses:5.018, losses_emb:0.05901, best_valid(recall@20): 0.06102
valid 	 N@5: 0.01659, R@5: 0.0251, P@5: 0.005624
valid 	 N@10: 0.02151, R@10: 0.04005, P@10: 0.004516
valid 	 N@15: 0.02454, R@15: 0.0512, P@15: 0.003856
valid 	 N@20: 0.02679, R@20: 0.06044, P@20: 0.00343

2023-11-04 12:45:18,580 - [INFO] - E:70|train_time: 18.18, VALID_time: 3.103, losses:5.018, losses_emb:0.05902, best_valid(recall@20): 0.06102
valid 	 N@5: 0.01652, R@5: 0.02498, P@5: 0.005598
valid 	 N@10: 0.02145, R@10: 0.03999, P@10: 0.004508
valid 	 N@15: 0.02451, R@15: 0.05125, P@15: 0.003857
valid 	 N@20: 0.02674, R@20: 0.06038, P@20: 0.003426

2023-11-04 12:45:39,917 - [INFO] - E:71|train_time: 18.07, VALID_time: 3.189, losses:5.018, losses_emb:0.05904, best_valid(recall@20): 0.06102
valid 	 N@5: 0.01648, R@5: 0.02493, P@5: 0.005587
valid 	 N@10: 0.0215, R@10: 0.04023, P@10: 0.004533
valid 	 N@15: 0.02444, R@15: 0.05104, P@15: 0.00384
valid 	 N@20: 0.02674, R@20: 0.06049, P@20: 0.003427

2023-11-04 12:46:01,723 - [INFO] - E:72|train_time: 18.12, VALID_time: 3.606, losses:5.018, losses_emb:0.05906, best_valid(recall@20): 0.06102
valid 	 N@5: 0.01658, R@5: 0.02503, P@5: 0.005614
valid 	 N@10: 0.02154, R@10: 0.04015, P@10: 0.004521
valid 	 N@15: 0.02454, R@15: 0.05123, P@15: 0.003855
valid 	 N@20: 0.02682, R@20: 0.06057, P@20: 0.003432

2023-11-04 12:46:22,951 - [INFO] - E:73|train_time: 18.0, VALID_time: 3.163, losses:5.017, losses_emb:0.05908, best_valid(recall@20): 0.06102
valid 	 N@5: 0.01655, R@5: 0.02503, P@5: 0.005619
valid 	 N@10: 0.02143, R@10: 0.03989, P@10: 0.004505
valid 	 N@15: 0.02449, R@15: 0.05118, P@15: 0.003853
valid 	 N@20: 0.02672, R@20: 0.06035, P@20: 0.00342

2023-11-04 12:46:44,390 - [INFO] - E:74|train_time: 18.23, VALID_time: 3.126, losses:5.017, losses_emb:0.05908, best_valid(recall@20): 0.06102
valid 	 N@5: 0.01649, R@5: 0.02486, P@5: 0.005576
valid 	 N@10: 0.02143, R@10: 0.0399, P@10: 0.004496
valid 	 N@15: 0.02443, R@15: 0.05093, P@15: 0.003836
valid 	 N@20: 0.02676, R@20: 0.06053, P@20: 0.003431

2023-11-04 12:47:05,783 - [INFO] - E:75|train_time: 18.13, VALID_time: 3.188, losses:5.017, losses_emb:0.0591, best_valid(recall@20): 0.06102
valid 	 N@5: 0.01641, R@5: 0.02487, P@5: 0.005581
valid 	 N@10: 0.02136, R@10: 0.0399, P@10: 0.004496
valid 	 N@15: 0.02438, R@15: 0.05105, P@15: 0.003843
valid 	 N@20: 0.02667, R@20: 0.06043, P@20: 0.003424

2023-11-04 12:47:27,243 - [INFO] - E:76|train_time: 18.09, VALID_time: 3.286, losses:5.017, losses_emb:0.05912, best_valid(recall@20): 0.06102
valid 	 N@5: 0.01641, R@5: 0.02487, P@5: 0.00557
valid 	 N@10: 0.02129, R@10: 0.03969, P@10: 0.004475
valid 	 N@15: 0.02439, R@15: 0.05111, P@15: 0.003845
valid 	 N@20: 0.02663, R@20: 0.06028, P@20: 0.003415

2023-11-04 12:47:48,525 - [INFO] - E:77|train_time: 18.06, VALID_time: 3.126, losses:5.017, losses_emb:0.05912, best_valid(recall@20): 0.06102
valid 	 N@5: 0.01647, R@5: 0.02497, P@5: 0.005595
valid 	 N@10: 0.02137, R@10: 0.0399, P@10: 0.004499
valid 	 N@15: 0.02448, R@15: 0.05137, P@15: 0.003865
valid 	 N@20: 0.02667, R@20: 0.06035, P@20: 0.003423

2023-11-04 12:48:09,991 - [INFO] - E:78|train_time: 18.23, VALID_time: 3.136, losses:5.017, losses_emb:0.05913, best_valid(recall@20): 0.06102
valid 	 N@5: 0.01646, R@5: 0.02487, P@5: 0.005581
valid 	 N@10: 0.02141, R@10: 0.03994, P@10: 0.004504
valid 	 N@15: 0.02444, R@15: 0.05112, P@15: 0.003846
valid 	 N@20: 0.02665, R@20: 0.06021, P@20: 0.003412

2023-11-04 12:48:31,270 - [INFO] - E:79|train_time: 18.02, VALID_time: 3.185, losses:5.017, losses_emb:0.05914, best_valid(recall@20): 0.06102
valid 	 N@5: 0.01645, R@5: 0.02494, P@5: 0.005591
valid 	 N@10: 0.0214, R@10: 0.04002, P@10: 0.00451
valid 	 N@15: 0.02438, R@15: 0.05099, P@15: 0.003838
valid 	 N@20: 0.02662, R@20: 0.0602, P@20: 0.003411

2023-11-04 12:48:52,549 - [INFO] - E:80|train_time: 18.12, VALID_time: 3.077, losses:5.017, losses_emb:0.05915, best_valid(recall@20): 0.06102
valid 	 N@5: 0.01647, R@5: 0.02488, P@5: 0.005578
valid 	 N@10: 0.02134, R@10: 0.03972, P@10: 0.004478
valid 	 N@15: 0.02442, R@15: 0.05107, P@15: 0.003842
valid 	 N@20: 0.0266, R@20: 0.05999, P@20: 0.003405

2023-11-04 12:49:13,925 - [INFO] - E:81|train_time: 18.1, VALID_time: 3.192, losses:5.017, losses_emb:0.05917, best_valid(recall@20): 0.06102
valid 	 N@5: 0.01645, R@5: 0.02476, P@5: 0.005553
valid 	 N@10: 0.02136, R@10: 0.03973, P@10: 0.004479
valid 	 N@15: 0.02441, R@15: 0.05095, P@15: 0.003838
valid 	 N@20: 0.02658, R@20: 0.05985, P@20: 0.003396

2023-11-04 12:49:35,400 - [INFO] - E:82|train_time: 18.18, VALID_time: 3.207, losses:5.017, losses_emb:0.05916, best_valid(recall@20): 0.06102
valid 	 N@5: 0.01637, R@5: 0.02473, P@5: 0.005543
valid 	 N@10: 0.02129, R@10: 0.03968, P@10: 0.004472
valid 	 N@15: 0.02438, R@15: 0.05102, P@15: 0.003841
valid 	 N@20: 0.02658, R@20: 0.06005, P@20: 0.003406

2023-11-04 12:49:56,741 - [INFO] - E:83|train_time: 18.06, VALID_time: 3.196, losses:5.017, losses_emb:0.05918, best_valid(recall@20): 0.06102
valid 	 N@5: 0.01646, R@5: 0.0248, P@5: 0.005557
valid 	 N@10: 0.02141, R@10: 0.03987, P@10: 0.004492
valid 	 N@15: 0.02438, R@15: 0.0508, P@15: 0.003825
valid 	 N@20: 0.02666, R@20: 0.06017, P@20: 0.003409

2023-11-04 12:50:18,047 - [INFO] - E:84|train_time: 18.13, VALID_time: 3.104, losses:5.017, losses_emb:0.05919, best_valid(recall@20): 0.06102
valid 	 N@5: 0.01643, R@5: 0.02481, P@5: 0.005562
valid 	 N@10: 0.02129, R@10: 0.03959, P@10: 0.004463
valid 	 N@15: 0.02436, R@15: 0.0509, P@15: 0.00383
valid 	 N@20: 0.02653, R@20: 0.05982, P@20: 0.003388

2023-11-04 12:50:39,321 - [INFO] - E:85|train_time: 18.12, VALID_time: 3.073, losses:5.017, losses_emb:0.0592, best_valid(recall@20): 0.06102
valid 	 N@5: 0.01639, R@5: 0.02466, P@5: 0.005537
valid 	 N@10: 0.02126, R@10: 0.03949, P@10: 0.004447
valid 	 N@15: 0.02434, R@15: 0.05085, P@15: 0.003825
valid 	 N@20: 0.02655, R@20: 0.05993, P@20: 0.003396

2023-11-04 12:51:00,695 - [INFO] - E:86|train_time: 18.17, VALID_time: 3.136, losses:5.017, losses_emb:0.0592, best_valid(recall@20): 0.06102
valid 	 N@5: 0.01645, R@5: 0.02476, P@5: 0.005546
valid 	 N@10: 0.02131, R@10: 0.0395, P@10: 0.004462
valid 	 N@15: 0.02438, R@15: 0.05083, P@15: 0.003825
valid 	 N@20: 0.02655, R@20: 0.05977, P@20: 0.003387

2023-11-04 12:51:21,916 - [INFO] - E:87|train_time: 18.03, VALID_time: 3.103, losses:5.017, losses_emb:0.0592, best_valid(recall@20): 0.06102
valid 	 N@5: 0.01635, R@5: 0.02458, P@5: 0.005513
valid 	 N@10: 0.02129, R@10: 0.03955, P@10: 0.00446
valid 	 N@15: 0.02429, R@15: 0.05061, P@15: 0.003808
valid 	 N@20: 0.02652, R@20: 0.05973, P@20: 0.003389

2023-11-04 12:51:43,151 - [INFO] - E:88|train_time: 18.08, VALID_time: 3.062, losses:5.017, losses_emb:0.05922, best_valid(recall@20): 0.06102
valid 	 N@5: 0.01636, R@5: 0.02473, P@5: 0.005528
valid 	 N@10: 0.02127, R@10: 0.03962, P@10: 0.004466
valid 	 N@15: 0.0243, R@15: 0.05079, P@15: 0.003823
valid 	 N@20: 0.0265, R@20: 0.05977, P@20: 0.003387

2023-11-04 12:52:05,265 - [INFO] - E:89|train_time: 18.21, VALID_time: 3.816, losses:5.017, losses_emb:0.05922, best_valid(recall@20): 0.06102
valid 	 N@5: 0.01643, R@5: 0.02475, P@5: 0.005542
valid 	 N@10: 0.02132, R@10: 0.03963, P@10: 0.004469
valid 	 N@15: 0.02436, R@15: 0.05083, P@15: 0.003827
valid 	 N@20: 0.02661, R@20: 0.06003, P@20: 0.003406

2023-11-04 12:52:28,374 - [INFO] - E:90|train_time: 18.79, VALID_time: 4.212, losses:5.017, losses_emb:0.05922, best_valid(recall@20): 0.06102
valid 	 N@5: 0.01643, R@5: 0.02479, P@5: 0.005556
valid 	 N@10: 0.02134, R@10: 0.03973, P@10: 0.00448
valid 	 N@15: 0.02432, R@15: 0.0507, P@15: 0.003819
valid 	 N@20: 0.0265, R@20: 0.05965, P@20: 0.003385

2023-11-04 12:52:49,602 - [INFO] - E:91|train_time: 18.1, VALID_time: 3.031, losses:5.017, losses_emb:0.05924, best_valid(recall@20): 0.06102
valid 	 N@5: 0.01633, R@5: 0.02455, P@5: 0.005505
valid 	 N@10: 0.02123, R@10: 0.03942, P@10: 0.004447
valid 	 N@15: 0.02429, R@15: 0.05069, P@15: 0.00382
valid 	 N@20: 0.02644, R@20: 0.05954, P@20: 0.003376

2023-11-04 12:53:11,076 - [INFO] - E:92|train_time: 18.09, VALID_time: 3.305, losses:5.017, losses_emb:0.05923, best_valid(recall@20): 0.06102
valid 	 N@5: 0.01641, R@5: 0.02484, P@5: 0.005575
valid 	 N@10: 0.02121, R@10: 0.03942, P@10: 0.004443
valid 	 N@15: 0.0242, R@15: 0.05042, P@15: 0.003796
valid 	 N@20: 0.0264, R@20: 0.05948, P@20: 0.00337

2023-11-04 12:53:32,461 - [INFO] - E:93|train_time: 18.03, VALID_time: 3.276, losses:5.017, losses_emb:0.05924, best_valid(recall@20): 0.06102
valid 	 N@5: 0.01642, R@5: 0.02478, P@5: 0.005553
valid 	 N@10: 0.02124, R@10: 0.03945, P@10: 0.004445
valid 	 N@15: 0.0243, R@15: 0.05068, P@15: 0.003817
valid 	 N@20: 0.0265, R@20: 0.05974, P@20: 0.003389

2023-11-04 12:53:53,677 - [INFO] - E:94|train_time: 18.05, VALID_time: 3.106, losses:5.017, losses_emb:0.05924, best_valid(recall@20): 0.06102
valid 	 N@5: 0.01636, R@5: 0.02466, P@5: 0.005529
valid 	 N@10: 0.02125, R@10: 0.03952, P@10: 0.00446
valid 	 N@15: 0.02426, R@15: 0.05065, P@15: 0.003812
valid 	 N@20: 0.02641, R@20: 0.05947, P@20: 0.003372

2023-11-04 12:54:15,868 - [INFO] - E:95|train_time: 18.09, VALID_time: 4.041, losses:5.016, losses_emb:0.05925, best_valid(recall@20): 0.06102
valid 	 N@5: 0.01641, R@5: 0.02485, P@5: 0.005559
valid 	 N@10: 0.02119, R@10: 0.03941, P@10: 0.004434
valid 	 N@15: 0.02417, R@15: 0.05039, P@15: 0.003792
valid 	 N@20: 0.02636, R@20: 0.05935, P@20: 0.003366

2023-11-04 12:54:37,326 - [INFO] - E:96|train_time: 18.25, VALID_time: 3.104, losses:5.016, losses_emb:0.05925, best_valid(recall@20): 0.06102
valid 	 N@5: 0.01635, R@5: 0.02473, P@5: 0.005535
valid 	 N@10: 0.02114, R@10: 0.03925, P@10: 0.004425
valid 	 N@15: 0.02416, R@15: 0.05039, P@15: 0.003795
valid 	 N@20: 0.0263, R@20: 0.05918, P@20: 0.003355

2023-11-04 12:54:58,582 - [INFO] - E:97|train_time: 18.07, VALID_time: 3.103, losses:5.016, losses_emb:0.05926, best_valid(recall@20): 0.06102
valid 	 N@5: 0.01627, R@5: 0.02452, P@5: 0.005483
valid 	 N@10: 0.02113, R@10: 0.03926, P@10: 0.00443
valid 	 N@15: 0.02414, R@15: 0.05033, P@15: 0.003791
valid 	 N@20: 0.02632, R@20: 0.05928, P@20: 0.003366

2023-11-04 12:55:20,751 - [INFO] - E:98|train_time: 18.25, VALID_time: 3.848, losses:5.016, losses_emb:0.05926, best_valid(recall@20): 0.06102
valid 	 N@5: 0.01639, R@5: 0.0247, P@5: 0.005523
valid 	 N@10: 0.02115, R@10: 0.03915, P@10: 0.004415
valid 	 N@15: 0.02418, R@15: 0.05034, P@15: 0.003791
valid 	 N@20: 0.02641, R@20: 0.05949, P@20: 0.003375

2023-11-04 12:55:42,629 - [INFO] - E:99|train_time: 18.44, VALID_time: 3.338, losses:5.016, losses_emb:0.05926, best_valid(recall@20): 0.06102
valid 	 N@5: 0.0163, R@5: 0.02457, P@5: 0.005509
valid 	 N@10: 0.02116, R@10: 0.03933, P@10: 0.00444
valid 	 N@15: 0.02414, R@15: 0.05031, P@15: 0.003793
valid 	 N@20: 0.02633, R@20: 0.05929, P@20: 0.003363

2023-11-04 12:56:04,981 - [INFO] - E:100|train_time: 18.96, VALID_time: 3.296, losses:5.016, losses_emb:0.05925, best_valid(recall@20): 0.06102
valid 	 N@5: 0.01638, R@5: 0.02468, P@5: 0.005528
valid 	 N@10: 0.02124, R@10: 0.0395, P@10: 0.004451
valid 	 N@15: 0.02422, R@15: 0.05047, P@15: 0.003801
valid 	 N@20: 0.02642, R@20: 0.05951, P@20: 0.003376

2023-11-04 12:56:26,303 - [INFO] - E:101|train_time: 18.08, VALID_time: 3.161, losses:5.016, losses_emb:0.05927, best_valid(recall@20): 0.06102
valid 	 N@5: 0.01633, R@5: 0.02469, P@5: 0.005532
valid 	 N@10: 0.0212, R@10: 0.03954, P@10: 0.004459
valid 	 N@15: 0.02408, R@15: 0.05013, P@15: 0.003778
valid 	 N@20: 0.02629, R@20: 0.0592, P@20: 0.003361

2023-11-04 12:56:47,471 - [INFO] - E:102|train_time: 18.04, VALID_time: 3.033, losses:5.016, losses_emb:0.05927, best_valid(recall@20): 0.06102
valid 	 N@5: 0.01634, R@5: 0.02459, P@5: 0.005518
valid 	 N@10: 0.02108, R@10: 0.03901, P@10: 0.004396
valid 	 N@15: 0.02419, R@15: 0.05043, P@15: 0.003805
valid 	 N@20: 0.02634, R@20: 0.05928, P@20: 0.003363

2023-11-04 12:57:08,992 - [INFO] - E:103|train_time: 18.08, VALID_time: 3.364, losses:5.016, losses_emb:0.05926, best_valid(recall@20): 0.06102
valid 	 N@5: 0.01628, R@5: 0.02457, P@5: 0.005504
valid 	 N@10: 0.02111, R@10: 0.03929, P@10: 0.004428
valid 	 N@15: 0.02411, R@15: 0.05032, P@15: 0.003791
valid 	 N@20: 0.02625, R@20: 0.05907, P@20: 0.003353

2023-11-04 12:57:30,430 - [INFO] - E:104|train_time: 18.05, VALID_time: 3.275, losses:5.016, losses_emb:0.05927, best_valid(recall@20): 0.06102
valid 	 N@5: 0.01621, R@5: 0.02443, P@5: 0.005476
valid 	 N@10: 0.02104, R@10: 0.03908, P@10: 0.004401
valid 	 N@15: 0.0241, R@15: 0.05037, P@15: 0.003792
valid 	 N@20: 0.02624, R@20: 0.05917, P@20: 0.003357

2023-11-04 12:57:52,075 - [INFO] - E:105|train_time: 18.02, VALID_time: 3.546, losses:5.016, losses_emb:0.05928, best_valid(recall@20): 0.06102
valid 	 N@5: 0.0163, R@5: 0.0246, P@5: 0.005507
valid 	 N@10: 0.02107, R@10: 0.03912, P@10: 0.004416
valid 	 N@15: 0.02402, R@15: 0.04999, P@15: 0.003765
valid 	 N@20: 0.0262, R@20: 0.05895, P@20: 0.003344

2023-11-04 12:58:13,372 - [INFO] - E:106|train_time: 18.04, VALID_time: 3.128, losses:5.016, losses_emb:0.05928, best_valid(recall@20): 0.06102
valid 	 N@5: 0.01619, R@5: 0.02434, P@5: 0.005466
valid 	 N@10: 0.0211, R@10: 0.03928, P@10: 0.004428
valid 	 N@15: 0.02408, R@15: 0.05026, P@15: 0.003785
valid 	 N@20: 0.02618, R@20: 0.05888, P@20: 0.003342

2023-11-04 12:58:35,023 - [INFO] - E:107|train_time: 18.06, VALID_time: 3.505, losses:5.016, losses_emb:0.05928, best_valid(recall@20): 0.06102
valid 	 N@5: 0.01625, R@5: 0.02444, P@5: 0.005471
valid 	 N@10: 0.02121, R@10: 0.03953, P@10: 0.004451
valid 	 N@15: 0.02411, R@15: 0.05022, P@15: 0.003785
valid 	 N@20: 0.02627, R@20: 0.05905, P@20: 0.003352

2023-11-04 12:58:56,307 - [INFO] - E:108|train_time: 18.04, VALID_time: 3.176, losses:5.016, losses_emb:0.05928, best_valid(recall@20): 0.06102
valid 	 N@5: 0.0162, R@5: 0.02435, P@5: 0.005453
valid 	 N@10: 0.02111, R@10: 0.03934, P@10: 0.004436
valid 	 N@15: 0.02402, R@15: 0.05005, P@15: 0.003769
valid 	 N@20: 0.02617, R@20: 0.05888, P@20: 0.003339

2023-11-04 12:59:17,903 - [INFO] - E:109|train_time: 18.08, VALID_time: 3.443, losses:5.016, losses_emb:0.05928, best_valid(recall@20): 0.06102
valid 	 N@5: 0.01621, R@5: 0.02435, P@5: 0.00546
valid 	 N@10: 0.02107, R@10: 0.03917, P@10: 0.004412
valid 	 N@15: 0.02402, R@15: 0.05002, P@15: 0.003766
valid 	 N@20: 0.0262, R@20: 0.059, P@20: 0.003346

2023-11-04 12:59:17,904 - [INFO] - start to test!!

2023-11-04 12:59:19,797 - [INFO] - 
TEST 	 N@5: 0.01687, R@5: 0.02433, P@5: 0.005421
TEST 	 N@10: 0.02077, R@10: 0.03617, P@10: 0.004047
TEST 	 N@15: 0.02321, R@15: 0.04515, P@15: 0.003388
TEST 	 N@20: 0.02491, R@20: 0.05212, P@20: 0.002947

