2023-11-04 12:42:28,913 - [INFO] - {'dataset': 'yelp2018', 'data_path': './data/', 'name': 'ICDE_rebuttal_yelp2018_DRO_POS_mf_frame_t1_0.11_t2_1.10_t3_1.0_1024_800_lr_1e-4_l2_1e-3_DROP_False_MODE_multi_04_11_2023_12:42:28', 'train_ratio': 0.8, 'gnn': 'mf_frame', 'epoch': 1000, 'batch_size': 1024, 'test_batch_size': 2048, 'dim': 64, 'l2': 0.001, 'lr': 0.0001, 'mess_dropout': True, 'mess_dropout_rate': 0.1, 'edge_dropout': False, 'edge_dropout_rate': 0.1, 'batch_test_flag': True, 'ns': 'mixgcf', 'K': 1, 'n_negs': 800, 'pool': 'mean', 'cuda': True, 'gpu_id': 0, 'Ks': '[5, 10, 15, 20]', 'test_flag': 'part', 'context_hops': 3, 'eval_earlystop': 'recall@20', 'tau_plus': 0.1, 'temperature': 0.11, 'beta': 1.0, 'sample_num': 2048, 's_neg': 64, 's_pos': 64, 'norm_change': False, 'norm_path': None, 'u_norm': True, 'i_norm': True, 'alpha': 0.1, 'save': False, 'save_analyses': False, 'log_hard_rate': False, 'norm_before': False, 'norm_after': False, 'batch_var': False, 'out_dir': './weights/', 'log_dir': './log_pos/', 'config_dir': './config/', 'restore': False, 'bash_train': False, 'emb_l2': False, 'lam': 0.1, 'lam_per_epoch': 0.1, 'margin': 0.9, 'negative_weight': 150, 'loss_fn': 'Pos_DROLoss', 'sampling_method': 'uniform', 'load_name': 'uniform', 'generate_mode': 'cosine', 'reweight_period': 5, 'mix_target': 'mix_target', 'mask_distribution': 'mask_distribution', 'neg_alpha': 1.6, 'pos_alpha': 2.0, 'dim_mask': 'both', 'expolation_mask': False, 'mix_replace': False, 'save_emb': False, 'sample_replace': False, 'init_norm': 'uniform', 'init_mean': 2.0, 'init_std': 2.0, 'pop_pow': 1.0, 'save_mle': False, 'l2_mode': 'static', 'temperature_2': 1.1, 'temperature_3': 1.0, 'group_valid': False, 'score_save': 'alpha', 'tau_min': 0.05, 'tau_max': 0.15, 'm': 0.9, 'pow_rate': 0.9, 't_min': 0.05, 't_max': 0.15, 't_epoch': 0.01, 't_patience': 50, 'tau_mode': 'static', 'pos_num': 10, 'beta_1': 10, 'beta_2': 10, 'kl_mode': 'kl', 'lam_bank': False, 'neg_rate': '', 'trans_mode': 'else', 'group_mode': 'equal_pop', 'pos_mode': 'multi', 'group_mix_mode': 'v1', 'kl_memory_fun': 'v0', 'm_tau': 0.9, 'loss_re': False, 'min_lr': 1e-06, 'cnt_lr': 10, 'group_num': 10, 'w1': 0.9, 'w2': 0.9, 'w3': 0.9, 'w4': 0.9, 'negative_weight2': 0.9, 'gamma': 0.9, 'lambda_': 0.9, 'initial_weight': 0.9, 'ii_neighbor_num': 0.9, 'bool_sigmoid': 1, 'bool_normalized': 1, 'bool_omega': 1, 'lambda_thresh': 10.0, 'lam_epoch': 5, 'add_epoch': 5, 'bool_save': 1, 'lambda_mode': 1, 'pos_prob': 1.0}
2023-11-04 12:42:30,868 - [INFO] - load train.txt
2023-11-04 12:42:36,133 - [INFO] - building the adj mat ...
2023-11-04 12:42:36,738 - [INFO] - train set len is 1237259
2023-11-04 12:42:36,738 - [INFO] - test set len is 324147
2023-11-04 12:42:36,738 - [INFO] - loading over ...
2023-11-04 12:42:36,739 - [INFO] - users are 31668 items are 38048
Here is Pos_DROLoss loss
tau_1	tau_2 tau_3 	 is 0.11	1.1	 1.0 loss_re False MODE multi
2023-11-04 12:42:43,493 - [INFO] - Evaluation Protocols is 1 @ 20
2023-11-04 12:42:43,493 - [INFO] - start training ...
2023-11-04 12:43:22,146 - [INFO] - E:0|train_time: 37.01, VALID_time: 1.554, losses:0.5019, losses_emb:0.001483, best_valid(recall@20): -inf
valid 	 N@5: 0.003884, R@5: 0.001444, P@5: 0.003802
valid 	 N@10: 0.004025, R@10: 0.002735, P@10: 0.003568
valid 	 N@15: 0.004426, R@15: 0.00407, P@15: 0.003469
valid 	 N@20: 0.004775, R@20: 0.005153, P@20: 0.003295

2023-11-04 12:43:59,517 - [INFO] - E:1|train_time: 35.63, VALID_time: 1.67, losses:-1.593, losses_emb:0.00175, best_valid(recall@20): 0.005153
valid 	 N@5: 0.02091, R@5: 0.009983, P@5: 0.0201
valid 	 N@10: 0.02214, R@10: 0.01819, P@10: 0.01828
valid 	 N@15: 0.02465, R@15: 0.02584, P@15: 0.0172
valid 	 N@20: 0.02727, R@20: 0.03281, P@20: 0.01637

2023-11-04 12:44:36,989 - [INFO] - E:2|train_time: 35.86, VALID_time: 1.516, losses:-2.597, losses_emb:0.001985, best_valid(recall@20): 0.03281
valid 	 N@5: 0.02994, R@5: 0.01516, P@5: 0.02852
valid 	 N@10: 0.03175, R@10: 0.02707, P@10: 0.02539
valid 	 N@15: 0.03509, R@15: 0.0372, P@15: 0.02332
valid 	 N@20: 0.03851, R@20: 0.04642, P@20: 0.02181

2023-11-04 12:45:20,888 - [INFO] - E:3|train_time: 42.8, VALID_time: 1.006, losses:-2.924, losses_emb:0.002226, best_valid(recall@20): 0.04642
valid 	 N@5: 0.03425, R@5: 0.01776, P@5: 0.03234
valid 	 N@10: 0.03634, R@10: 0.03123, P@10: 0.02869
valid 	 N@15: 0.04042, R@15: 0.04317, P@15: 0.02647
valid 	 N@20: 0.04465, R@20: 0.05431, P@20: 0.02495

2023-11-04 12:46:05,517 - [INFO] - E:4|train_time: 43.39, VALID_time: 1.129, losses:-3.077, losses_emb:0.002476, best_valid(recall@20): 0.05431
valid 	 N@5: 0.03734, R@5: 0.01935, P@5: 0.03516
valid 	 N@10: 0.03982, R@10: 0.03453, P@10: 0.03126
valid 	 N@15: 0.04403, R@15: 0.04713, P@15: 0.02847
valid 	 N@20: 0.04848, R@20: 0.05883, P@20: 0.02675

2023-11-04 12:46:51,109 - [INFO] - E:5|train_time: 43.87, VALID_time: 1.644, losses:-3.164, losses_emb:0.002731, best_valid(recall@20): 0.05883
valid 	 N@5: 0.03968, R@5: 0.02093, P@5: 0.03762
valid 	 N@10: 0.04192, R@10: 0.03639, P@10: 0.03286
valid 	 N@15: 0.04643, R@15: 0.04977, P@15: 0.03003
valid 	 N@20: 0.05094, R@20: 0.06177, P@20: 0.02801

2023-11-04 12:47:37,112 - [INFO] - E:6|train_time: 43.91, VALID_time: 1.951, losses:-3.219, losses_emb:0.002988, best_valid(recall@20): 0.06177
valid 	 N@5: 0.04055, R@5: 0.02133, P@5: 0.03813
valid 	 N@10: 0.04312, R@10: 0.03747, P@10: 0.03361
valid 	 N@15: 0.0479, R@15: 0.05139, P@15: 0.03089
valid 	 N@20: 0.0525, R@20: 0.06362, P@20: 0.02875

2023-11-04 12:48:22,639 - [INFO] - E:7|train_time: 43.99, VALID_time: 1.419, losses:-3.259, losses_emb:0.003244, best_valid(recall@20): 0.06362
valid 	 N@5: 0.0416, R@5: 0.02205, P@5: 0.03927
valid 	 N@10: 0.04413, R@10: 0.03858, P@10: 0.03437
valid 	 N@15: 0.04889, R@15: 0.05259, P@15: 0.03139
valid 	 N@20: 0.05377, R@20: 0.06535, P@20: 0.02939

2023-11-04 12:49:07,538 - [INFO] - E:8|train_time: 43.05, VALID_time: 1.769, losses:-3.287, losses_emb:0.003501, best_valid(recall@20): 0.06535
valid 	 N@5: 0.04214, R@5: 0.02239, P@5: 0.03996
valid 	 N@10: 0.04486, R@10: 0.03929, P@10: 0.03511
valid 	 N@15: 0.04954, R@15: 0.05323, P@15: 0.03189
valid 	 N@20: 0.05452, R@20: 0.06626, P@20: 0.02989

2023-11-04 12:49:51,699 - [INFO] - E:9|train_time: 42.99, VALID_time: 1.049, losses:-3.311, losses_emb:0.003757, best_valid(recall@20): 0.06626
valid 	 N@5: 0.04274, R@5: 0.02256, P@5: 0.04026
valid 	 N@10: 0.04581, R@10: 0.04016, P@10: 0.03582
valid 	 N@15: 0.05053, R@15: 0.0543, P@15: 0.03243
valid 	 N@20: 0.05521, R@20: 0.06685, P@20: 0.03001

2023-11-04 12:50:37,211 - [INFO] - E:10|train_time: 43.78, VALID_time: 1.655, losses:-3.33, losses_emb:0.004012, best_valid(recall@20): 0.06685
valid 	 N@5: 0.04298, R@5: 0.02262, P@5: 0.04038
valid 	 N@10: 0.0458, R@10: 0.03994, P@10: 0.03566
valid 	 N@15: 0.05086, R@15: 0.05476, P@15: 0.03264
valid 	 N@20: 0.05593, R@20: 0.06803, P@20: 0.03055

2023-11-04 12:51:22,686 - [INFO] - E:11|train_time: 43.49, VALID_time: 1.859, losses:-3.346, losses_emb:0.004266, best_valid(recall@20): 0.06803
valid 	 N@5: 0.04361, R@5: 0.02303, P@5: 0.04128
valid 	 N@10: 0.04626, R@10: 0.04041, P@10: 0.03613
valid 	 N@15: 0.05121, R@15: 0.05509, P@15: 0.03294
valid 	 N@20: 0.05627, R@20: 0.06848, P@20: 0.03078

2023-11-04 12:52:08,854 - [INFO] - E:12|train_time: 44.26, VALID_time: 1.824, losses:-3.359, losses_emb:0.00452, best_valid(recall@20): 0.06848
valid 	 N@5: 0.04354, R@5: 0.02309, P@5: 0.04106
valid 	 N@10: 0.04628, R@10: 0.04033, P@10: 0.03612
valid 	 N@15: 0.05156, R@15: 0.05569, P@15: 0.03318
valid 	 N@20: 0.05656, R@20: 0.06885, P@20: 0.0309

2023-11-04 12:52:53,779 - [INFO] - E:13|train_time: 43.77, VALID_time: 1.054, losses:-3.371, losses_emb:0.004772, best_valid(recall@20): 0.06885
valid 	 N@5: 0.044, R@5: 0.02327, P@5: 0.04148
valid 	 N@10: 0.04649, R@10: 0.0405, P@10: 0.03608
valid 	 N@15: 0.05183, R@15: 0.0559, P@15: 0.03323
valid 	 N@20: 0.05687, R@20: 0.06906, P@20: 0.03101

2023-11-04 12:53:39,478 - [INFO] - E:14|train_time: 43.75, VALID_time: 1.868, losses:-3.38, losses_emb:0.005024, best_valid(recall@20): 0.06906
valid 	 N@5: 0.04447, R@5: 0.02351, P@5: 0.04188
valid 	 N@10: 0.04687, R@10: 0.04059, P@10: 0.03642
valid 	 N@15: 0.05182, R@15: 0.05539, P@15: 0.03315
valid 	 N@20: 0.05691, R@20: 0.06883, P@20: 0.03099

2023-11-04 12:54:24,951 - [INFO] - E:15|train_time: 43.65, VALID_time: 1.731, losses:-3.39, losses_emb:0.005274, best_valid(recall@20): 0.06906
valid 	 N@5: 0.04419, R@5: 0.02334, P@5: 0.0417
valid 	 N@10: 0.04679, R@10: 0.04086, P@10: 0.03635
valid 	 N@15: 0.05189, R@15: 0.05566, P@15: 0.03329
valid 	 N@20: 0.05717, R@20: 0.06949, P@20: 0.03123

2023-11-04 12:55:11,167 - [INFO] - E:16|train_time: 44.15, VALID_time: 1.93, losses:-3.397, losses_emb:0.005522, best_valid(recall@20): 0.06949
valid 	 N@5: 0.04437, R@5: 0.02342, P@5: 0.04194
valid 	 N@10: 0.04677, R@10: 0.04063, P@10: 0.03643
valid 	 N@15: 0.05199, R@15: 0.05588, P@15: 0.03342
valid 	 N@20: 0.05722, R@20: 0.06964, P@20: 0.03127

2023-11-04 12:55:55,699 - [INFO] - E:17|train_time: 43.31, VALID_time: 1.059, losses:-3.405, losses_emb:0.005769, best_valid(recall@20): 0.06964
valid 	 N@5: 0.04467, R@5: 0.02353, P@5: 0.04214
valid 	 N@10: 0.0472, R@10: 0.04102, P@10: 0.03668
valid 	 N@15: 0.0524, R@15: 0.05618, P@15: 0.03361
valid 	 N@20: 0.0576, R@20: 0.06986, P@20: 0.03144

2023-11-04 12:56:41,042 - [INFO] - E:18|train_time: 43.66, VALID_time: 1.587, losses:-3.412, losses_emb:0.006015, best_valid(recall@20): 0.06986
valid 	 N@5: 0.04495, R@5: 0.02369, P@5: 0.0422
valid 	 N@10: 0.04755, R@10: 0.04121, P@10: 0.03692
valid 	 N@15: 0.05261, R@15: 0.05625, P@15: 0.03361
valid 	 N@20: 0.05782, R@20: 0.06997, P@20: 0.03143

2023-11-04 12:57:26,118 - [INFO] - E:19|train_time: 43.92, VALID_time: 1.005, losses:-3.418, losses_emb:0.006259, best_valid(recall@20): 0.06997
valid 	 N@5: 0.04455, R@5: 0.02336, P@5: 0.04183
valid 	 N@10: 0.04724, R@10: 0.04104, P@10: 0.03675
valid 	 N@15: 0.05248, R@15: 0.05629, P@15: 0.03371
valid 	 N@20: 0.05757, R@20: 0.06984, P@20: 0.03135

2023-11-04 12:58:12,256 - [INFO] - E:20|train_time: 44.11, VALID_time: 1.981, losses:-3.424, losses_emb:0.006502, best_valid(recall@20): 0.06997
valid 	 N@5: 0.04475, R@5: 0.0237, P@5: 0.0423
valid 	 N@10: 0.04743, R@10: 0.0414, P@10: 0.03698
valid 	 N@15: 0.05268, R@15: 0.05663, P@15: 0.03385
valid 	 N@20: 0.05782, R@20: 0.07016, P@20: 0.03155

2023-11-04 12:58:58,139 - [INFO] - E:21|train_time: 44.21, VALID_time: 1.531, losses:-3.429, losses_emb:0.006743, best_valid(recall@20): 0.07016
valid 	 N@5: 0.04515, R@5: 0.02376, P@5: 0.0426
valid 	 N@10: 0.04781, R@10: 0.04159, P@10: 0.03731
valid 	 N@15: 0.05285, R@15: 0.05663, P@15: 0.03388
valid 	 N@20: 0.05799, R@20: 0.07027, P@20: 0.03157

2023-11-04 12:59:43,440 - [INFO] - E:22|train_time: 43.35, VALID_time: 1.861, losses:-3.433, losses_emb:0.006982, best_valid(recall@20): 0.07027
valid 	 N@5: 0.0448, R@5: 0.02348, P@5: 0.04212
valid 	 N@10: 0.04747, R@10: 0.04134, P@10: 0.03694
valid 	 N@15: 0.05255, R@15: 0.05633, P@15: 0.03369
valid 	 N@20: 0.05761, R@20: 0.06976, P@20: 0.03135

2023-11-04 13:00:28,771 - [INFO] - E:23|train_time: 43.59, VALID_time: 1.686, losses:-3.438, losses_emb:0.00722, best_valid(recall@20): 0.07027
valid 	 N@5: 0.04518, R@5: 0.02384, P@5: 0.04252
valid 	 N@10: 0.04792, R@10: 0.04167, P@10: 0.0373
valid 	 N@15: 0.05307, R@15: 0.05684, P@15: 0.03406
valid 	 N@20: 0.05805, R@20: 0.07013, P@20: 0.03161

2023-11-04 13:01:13,774 - [INFO] - E:24|train_time: 43.7, VALID_time: 1.246, losses:-3.442, losses_emb:0.007456, best_valid(recall@20): 0.07027
valid 	 N@5: 0.04504, R@5: 0.02375, P@5: 0.04228
valid 	 N@10: 0.04806, R@10: 0.04185, P@10: 0.03739
valid 	 N@15: 0.05327, R@15: 0.05705, P@15: 0.03419
valid 	 N@20: 0.05825, R@20: 0.07036, P@20: 0.0317

2023-11-04 13:01:59,736 - [INFO] - E:25|train_time: 43.84, VALID_time: 2.001, losses:-3.446, losses_emb:0.00769, best_valid(recall@20): 0.07036
valid 	 N@5: 0.04511, R@5: 0.02396, P@5: 0.04259
valid 	 N@10: 0.04773, R@10: 0.0416, P@10: 0.03719
valid 	 N@15: 0.05294, R@15: 0.05684, P@15: 0.03396
valid 	 N@20: 0.05804, R@20: 0.07032, P@20: 0.03164

2023-11-04 13:02:45,478 - [INFO] - E:26|train_time: 43.72, VALID_time: 1.966, losses:-3.45, losses_emb:0.007922, best_valid(recall@20): 0.07036
valid 	 N@5: 0.0452, R@5: 0.02386, P@5: 0.04264
valid 	 N@10: 0.04791, R@10: 0.04186, P@10: 0.03729
valid 	 N@15: 0.05313, R@15: 0.0571, P@15: 0.0341
valid 	 N@20: 0.05823, R@20: 0.07058, P@20: 0.03173

2023-11-04 13:03:31,496 - [INFO] - E:27|train_time: 44.13, VALID_time: 1.773, losses:-3.453, losses_emb:0.008153, best_valid(recall@20): 0.07058
valid 	 N@5: 0.04506, R@5: 0.02397, P@5: 0.04272
valid 	 N@10: 0.04774, R@10: 0.04181, P@10: 0.03721
valid 	 N@15: 0.05295, R@15: 0.05697, P@15: 0.03395
valid 	 N@20: 0.05805, R@20: 0.07041, P@20: 0.0316

2023-11-04 13:04:16,710 - [INFO] - E:28|train_time: 43.82, VALID_time: 1.315, losses:-3.456, losses_emb:0.008381, best_valid(recall@20): 0.07058
valid 	 N@5: 0.04557, R@5: 0.02406, P@5: 0.04303
valid 	 N@10: 0.04802, R@10: 0.04176, P@10: 0.03725
valid 	 N@15: 0.05335, R@15: 0.05733, P@15: 0.03413
valid 	 N@20: 0.05845, R@20: 0.0708, P@20: 0.03174

2023-11-04 13:05:00,734 - [INFO] - E:29|train_time: 42.87, VALID_time: 1.08, losses:-3.459, losses_emb:0.008608, best_valid(recall@20): 0.0708
valid 	 N@5: 0.04592, R@5: 0.02413, P@5: 0.04333
valid 	 N@10: 0.04858, R@10: 0.04228, P@10: 0.03778
valid 	 N@15: 0.05356, R@15: 0.05721, P@15: 0.03423
valid 	 N@20: 0.05863, R@20: 0.07073, P@20: 0.0318

2023-11-04 13:05:45,370 - [INFO] - E:30|train_time: 43.11, VALID_time: 1.479, losses:-3.462, losses_emb:0.008833, best_valid(recall@20): 0.0708
valid 	 N@5: 0.04527, R@5: 0.0238, P@5: 0.04269
valid 	 N@10: 0.04804, R@10: 0.04185, P@10: 0.03742
valid 	 N@15: 0.05323, R@15: 0.05712, P@15: 0.03416
valid 	 N@20: 0.05843, R@20: 0.07083, P@20: 0.0319

2023-11-04 13:06:30,547 - [INFO] - E:31|train_time: 43.37, VALID_time: 1.715, losses:-3.464, losses_emb:0.009055, best_valid(recall@20): 0.07083
valid 	 N@5: 0.04585, R@5: 0.02401, P@5: 0.04308
valid 	 N@10: 0.04857, R@10: 0.04226, P@10: 0.03766
valid 	 N@15: 0.05367, R@15: 0.05733, P@15: 0.03428
valid 	 N@20: 0.05876, R@20: 0.07083, P@20: 0.0319

2023-11-04 13:07:16,158 - [INFO] - E:32|train_time: 43.85, VALID_time: 1.682, losses:-3.468, losses_emb:0.009276, best_valid(recall@20): 0.07083
valid 	 N@5: 0.04558, R@5: 0.02392, P@5: 0.04271
valid 	 N@10: 0.04844, R@10: 0.04223, P@10: 0.03758
valid 	 N@15: 0.05355, R@15: 0.05729, P@15: 0.03427
valid 	 N@20: 0.05859, R@20: 0.07063, P@20: 0.03185

2023-11-04 13:08:01,134 - [INFO] - E:33|train_time: 43.46, VALID_time: 1.452, losses:-3.469, losses_emb:0.009496, best_valid(recall@20): 0.07083
valid 	 N@5: 0.04573, R@5: 0.02405, P@5: 0.04307
valid 	 N@10: 0.04823, R@10: 0.04187, P@10: 0.03745
valid 	 N@15: 0.05353, R@15: 0.05733, P@15: 0.03429
valid 	 N@20: 0.05849, R@20: 0.07055, P@20: 0.0318

2023-11-04 13:08:45,706 - [INFO] - E:34|train_time: 43.08, VALID_time: 1.443, losses:-3.472, losses_emb:0.009713, best_valid(recall@20): 0.07083
valid 	 N@5: 0.04528, R@5: 0.02391, P@5: 0.04279
valid 	 N@10: 0.04794, R@10: 0.04186, P@10: 0.03737
valid 	 N@15: 0.05325, R@15: 0.05721, P@15: 0.03429
valid 	 N@20: 0.05826, R@20: 0.07055, P@20: 0.03179

2023-11-04 13:09:30,819 - [INFO] - E:35|train_time: 43.37, VALID_time: 1.688, losses:-3.474, losses_emb:0.009928, best_valid(recall@20): 0.07083
valid 	 N@5: 0.04529, R@5: 0.02392, P@5: 0.04272
valid 	 N@10: 0.04824, R@10: 0.04214, P@10: 0.03767
valid 	 N@15: 0.05346, R@15: 0.05742, P@15: 0.03439
valid 	 N@20: 0.05851, R@20: 0.07085, P@20: 0.03192

2023-11-04 13:10:16,207 - [INFO] - E:36|train_time: 43.25, VALID_time: 2.04, losses:-3.477, losses_emb:0.01014, best_valid(recall@20): 0.07085
valid 	 N@5: 0.04591, R@5: 0.0242, P@5: 0.0433
valid 	 N@10: 0.04861, R@10: 0.04228, P@10: 0.03789
valid 	 N@15: 0.05356, R@15: 0.0572, P@15: 0.03427
valid 	 N@20: 0.05854, R@20: 0.07047, P@20: 0.03177

2023-11-04 13:11:01,615 - [INFO] - E:37|train_time: 43.31, VALID_time: 2.01, losses:-3.479, losses_emb:0.01035, best_valid(recall@20): 0.07085
valid 	 N@5: 0.04557, R@5: 0.02391, P@5: 0.04288
valid 	 N@10: 0.04853, R@10: 0.04229, P@10: 0.03784
valid 	 N@15: 0.05356, R@15: 0.05728, P@15: 0.03433
valid 	 N@20: 0.05859, R@20: 0.0707, P@20: 0.03185

2023-11-04 13:11:47,451 - [INFO] - E:38|train_time: 43.96, VALID_time: 1.788, losses:-3.481, losses_emb:0.01056, best_valid(recall@20): 0.07085
valid 	 N@5: 0.04552, R@5: 0.02404, P@5: 0.0432
valid 	 N@10: 0.04836, R@10: 0.04221, P@10: 0.03781
valid 	 N@15: 0.0535, R@15: 0.05754, P@15: 0.03433
valid 	 N@20: 0.05861, R@20: 0.07103, P@20: 0.03198

2023-11-04 13:12:32,324 - [INFO] - E:39|train_time: 43.56, VALID_time: 1.186, losses:-3.482, losses_emb:0.01077, best_valid(recall@20): 0.07103
valid 	 N@5: 0.04572, R@5: 0.02413, P@5: 0.04307
valid 	 N@10: 0.04841, R@10: 0.04206, P@10: 0.03761
valid 	 N@15: 0.05347, R@15: 0.05695, P@15: 0.03423
valid 	 N@20: 0.05879, R@20: 0.0711, P@20: 0.03195

2023-11-04 13:13:17,153 - [INFO] - E:40|train_time: 43.73, VALID_time: 1.016, losses:-3.484, losses_emb:0.01097, best_valid(recall@20): 0.0711
valid 	 N@5: 0.04556, R@5: 0.024, P@5: 0.04286
valid 	 N@10: 0.04843, R@10: 0.04218, P@10: 0.0377
valid 	 N@15: 0.05347, R@15: 0.05719, P@15: 0.03421
valid 	 N@20: 0.05876, R@20: 0.07116, P@20: 0.03196

2023-11-04 13:14:03,123 - [INFO] - E:41|train_time: 43.78, VALID_time: 2.106, losses:-3.487, losses_emb:0.01118, best_valid(recall@20): 0.07116
valid 	 N@5: 0.04571, R@5: 0.02415, P@5: 0.04312
valid 	 N@10: 0.04845, R@10: 0.0422, P@10: 0.03771
valid 	 N@15: 0.0535, R@15: 0.05719, P@15: 0.03425
valid 	 N@20: 0.05861, R@20: 0.07069, P@20: 0.03189

2023-11-04 13:14:49,236 - [INFO] - E:42|train_time: 44.26, VALID_time: 1.797, losses:-3.488, losses_emb:0.01138, best_valid(recall@20): 0.07116
valid 	 N@5: 0.04609, R@5: 0.02431, P@5: 0.04348
valid 	 N@10: 0.04877, R@10: 0.04246, P@10: 0.03793
valid 	 N@15: 0.05369, R@15: 0.05723, P@15: 0.03431
valid 	 N@20: 0.05894, R@20: 0.07115, P@20: 0.03202

2023-11-04 13:15:34,790 - [INFO] - E:43|train_time: 43.91, VALID_time: 1.592, losses:-3.489, losses_emb:0.01158, best_valid(recall@20): 0.07116
valid 	 N@5: 0.04579, R@5: 0.02417, P@5: 0.04312
valid 	 N@10: 0.04848, R@10: 0.04218, P@10: 0.0377
valid 	 N@15: 0.05357, R@15: 0.05722, P@15: 0.03435
valid 	 N@20: 0.05881, R@20: 0.07115, P@20: 0.03202

2023-11-04 13:16:19,896 - [INFO] - E:44|train_time: 43.84, VALID_time: 1.207, losses:-3.491, losses_emb:0.01177, best_valid(recall@20): 0.07116
valid 	 N@5: 0.04586, R@5: 0.02429, P@5: 0.04337
valid 	 N@10: 0.0485, R@10: 0.04226, P@10: 0.03773
valid 	 N@15: 0.05361, R@15: 0.05738, P@15: 0.03429
valid 	 N@20: 0.05877, R@20: 0.07103, P@20: 0.03195

2023-11-04 13:17:05,956 - [INFO] - E:45|train_time: 44.42, VALID_time: 1.566, losses:-3.492, losses_emb:0.01197, best_valid(recall@20): 0.07116
valid 	 N@5: 0.04602, R@5: 0.02454, P@5: 0.04366
valid 	 N@10: 0.04854, R@10: 0.04233, P@10: 0.03778
valid 	 N@15: 0.05357, R@15: 0.05722, P@15: 0.03433
valid 	 N@20: 0.05885, R@20: 0.07119, P@20: 0.03204

2023-11-04 13:17:51,264 - [INFO] - E:46|train_time: 43.41, VALID_time: 1.778, losses:-3.493, losses_emb:0.01216, best_valid(recall@20): 0.07119
valid 	 N@5: 0.04558, R@5: 0.02414, P@5: 0.04307
valid 	 N@10: 0.0486, R@10: 0.04259, P@10: 0.03795
valid 	 N@15: 0.05358, R@15: 0.05735, P@15: 0.03438
valid 	 N@20: 0.05864, R@20: 0.07082, P@20: 0.03193

2023-11-04 13:18:36,917 - [INFO] - E:47|train_time: 44.12, VALID_time: 1.473, losses:-3.495, losses_emb:0.01235, best_valid(recall@20): 0.07119
valid 	 N@5: 0.04596, R@5: 0.02445, P@5: 0.04341
valid 	 N@10: 0.04869, R@10: 0.0425, P@10: 0.03785
valid 	 N@15: 0.05379, R@15: 0.05752, P@15: 0.03442
valid 	 N@20: 0.05897, R@20: 0.07119, P@20: 0.03207

2023-11-04 13:19:23,444 - [INFO] - E:48|train_time: 44.35, VALID_time: 2.079, losses:-3.497, losses_emb:0.01254, best_valid(recall@20): 0.07119
valid 	 N@5: 0.04614, R@5: 0.02453, P@5: 0.04368
valid 	 N@10: 0.04862, R@10: 0.04248, P@10: 0.03781
valid 	 N@15: 0.05384, R@15: 0.05764, P@15: 0.03448
valid 	 N@20: 0.05885, R@20: 0.07107, P@20: 0.0319

2023-11-04 13:20:08,496 - [INFO] - E:49|train_time: 43.75, VALID_time: 1.245, losses:-3.498, losses_emb:0.01273, best_valid(recall@20): 0.07119
valid 	 N@5: 0.04602, R@5: 0.02425, P@5: 0.04329
valid 	 N@10: 0.04885, R@10: 0.04249, P@10: 0.03801
valid 	 N@15: 0.05395, R@15: 0.0577, P@15: 0.03448
valid 	 N@20: 0.05908, R@20: 0.07137, P@20: 0.03202

2023-11-04 13:20:54,518 - [INFO] - E:50|train_time: 44.15, VALID_time: 1.784, losses:-3.5, losses_emb:0.01291, best_valid(recall@20): 0.07137
valid 	 N@5: 0.04573, R@5: 0.02416, P@5: 0.04323
valid 	 N@10: 0.04874, R@10: 0.04274, P@10: 0.03803
valid 	 N@15: 0.05383, R@15: 0.05773, P@15: 0.03455
valid 	 N@20: 0.05882, R@20: 0.07108, P@20: 0.03196

2023-11-04 13:21:39,737 - [INFO] - E:51|train_time: 43.57, VALID_time: 1.589, losses:-3.501, losses_emb:0.0131, best_valid(recall@20): 0.07137
valid 	 N@5: 0.04586, R@5: 0.0242, P@5: 0.04337
valid 	 N@10: 0.04862, R@10: 0.04252, P@10: 0.03794
valid 	 N@15: 0.05379, R@15: 0.05769, P@15: 0.03455
valid 	 N@20: 0.05889, R@20: 0.07123, P@20: 0.0321

2023-11-04 13:22:25,301 - [INFO] - E:52|train_time: 43.83, VALID_time: 1.687, losses:-3.501, losses_emb:0.01328, best_valid(recall@20): 0.07137
valid 	 N@5: 0.04596, R@5: 0.02435, P@5: 0.04341
valid 	 N@10: 0.04869, R@10: 0.04248, P@10: 0.0379
valid 	 N@15: 0.05398, R@15: 0.05795, P@15: 0.03456
valid 	 N@20: 0.05898, R@20: 0.07121, P@20: 0.03204

2023-11-04 13:23:09,984 - [INFO] - E:53|train_time: 43.1, VALID_time: 1.505, losses:-3.502, losses_emb:0.01346, best_valid(recall@20): 0.07137
valid 	 N@5: 0.04624, R@5: 0.02438, P@5: 0.04362
valid 	 N@10: 0.04866, R@10: 0.04227, P@10: 0.03772
valid 	 N@15: 0.05394, R@15: 0.05774, P@15: 0.0345
valid 	 N@20: 0.05899, R@20: 0.07116, P@20: 0.03202

2023-11-04 13:23:54,829 - [INFO] - E:54|train_time: 43.51, VALID_time: 1.229, losses:-3.503, losses_emb:0.01364, best_valid(recall@20): 0.07137
valid 	 N@5: 0.04614, R@5: 0.02437, P@5: 0.04364
valid 	 N@10: 0.04869, R@10: 0.04241, P@10: 0.03787
valid 	 N@15: 0.05386, R@15: 0.05769, P@15: 0.03445
valid 	 N@20: 0.05902, R@20: 0.07137, P@20: 0.03207

2023-11-04 13:24:39,057 - [INFO] - E:55|train_time: 43.12, VALID_time: 1.03, losses:-3.504, losses_emb:0.01381, best_valid(recall@20): 0.07137
valid 	 N@5: 0.04621, R@5: 0.02439, P@5: 0.04354
valid 	 N@10: 0.0489, R@10: 0.04253, P@10: 0.03801
valid 	 N@15: 0.05397, R@15: 0.05762, P@15: 0.03449
valid 	 N@20: 0.05911, R@20: 0.0713, P@20: 0.03208

2023-11-04 13:25:24,070 - [INFO] - E:56|train_time: 43.44, VALID_time: 1.525, losses:-3.506, losses_emb:0.01399, best_valid(recall@20): 0.07137
valid 	 N@5: 0.0461, R@5: 0.02448, P@5: 0.0436
valid 	 N@10: 0.04871, R@10: 0.04251, P@10: 0.03787
valid 	 N@15: 0.05397, R@15: 0.05788, P@15: 0.03461
valid 	 N@20: 0.05902, R@20: 0.07128, P@20: 0.03211

2023-11-04 13:26:09,405 - [INFO] - E:57|train_time: 43.73, VALID_time: 1.528, losses:-3.506, losses_emb:0.01416, best_valid(recall@20): 0.07137
valid 	 N@5: 0.04576, R@5: 0.02437, P@5: 0.04329
valid 	 N@10: 0.04864, R@10: 0.04265, P@10: 0.03791
valid 	 N@15: 0.05375, R@15: 0.05763, P@15: 0.03447
valid 	 N@20: 0.059, R@20: 0.07142, P@20: 0.03216

2023-11-04 13:26:53,734 - [INFO] - E:58|train_time: 42.55, VALID_time: 1.694, losses:-3.508, losses_emb:0.01433, best_valid(recall@20): 0.07142
valid 	 N@5: 0.04583, R@5: 0.0242, P@5: 0.04314
valid 	 N@10: 0.0488, R@10: 0.0427, P@10: 0.03798
valid 	 N@15: 0.05395, R@15: 0.0578, P@15: 0.03456
valid 	 N@20: 0.05919, R@20: 0.07158, P@20: 0.03227

2023-11-04 13:27:38,167 - [INFO] - E:59|train_time: 43.03, VALID_time: 1.319, losses:-3.508, losses_emb:0.0145, best_valid(recall@20): 0.07158
valid 	 N@5: 0.04611, R@5: 0.02447, P@5: 0.04339
valid 	 N@10: 0.04889, R@10: 0.04254, P@10: 0.03804
valid 	 N@15: 0.0541, R@15: 0.05794, P@15: 0.03462
valid 	 N@20: 0.05899, R@20: 0.07104, P@20: 0.03197

2023-11-04 13:28:22,936 - [INFO] - E:60|train_time: 43.19, VALID_time: 1.532, losses:-3.509, losses_emb:0.01466, best_valid(recall@20): 0.07158
valid 	 N@5: 0.04612, R@5: 0.02435, P@5: 0.04338
valid 	 N@10: 0.0487, R@10: 0.04231, P@10: 0.03778
valid 	 N@15: 0.05403, R@15: 0.05789, P@15: 0.03458
valid 	 N@20: 0.05897, R@20: 0.07111, P@20: 0.032

2023-11-04 13:29:07,712 - [INFO] - E:61|train_time: 43.42, VALID_time: 1.307, losses:-3.51, losses_emb:0.01482, best_valid(recall@20): 0.07158
valid 	 N@5: 0.04602, R@5: 0.02438, P@5: 0.0434
valid 	 N@10: 0.04869, R@10: 0.04236, P@10: 0.03781
valid 	 N@15: 0.05394, R@15: 0.05773, P@15: 0.03453
valid 	 N@20: 0.05907, R@20: 0.07137, P@20: 0.03208

2023-11-04 13:29:52,295 - [INFO] - E:62|train_time: 42.95, VALID_time: 1.586, losses:-3.511, losses_emb:0.01499, best_valid(recall@20): 0.07158
valid 	 N@5: 0.04639, R@5: 0.02466, P@5: 0.04387
valid 	 N@10: 0.04884, R@10: 0.04256, P@10: 0.03793
valid 	 N@15: 0.05394, R@15: 0.05762, P@15: 0.03451
valid 	 N@20: 0.05893, R@20: 0.07092, P@20: 0.03196

2023-11-04 13:30:36,697 - [INFO] - E:63|train_time: 42.95, VALID_time: 1.411, losses:-3.512, losses_emb:0.01515, best_valid(recall@20): 0.07158
valid 	 N@5: 0.04597, R@5: 0.0244, P@5: 0.04331
valid 	 N@10: 0.04886, R@10: 0.04271, P@10: 0.038
valid 	 N@15: 0.05391, R@15: 0.05766, P@15: 0.03449
valid 	 N@20: 0.05907, R@20: 0.07136, P@20: 0.03206

2023-11-04 13:31:20,884 - [INFO] - E:64|train_time: 42.57, VALID_time: 1.567, losses:-3.513, losses_emb:0.01531, best_valid(recall@20): 0.07158
valid 	 N@5: 0.04594, R@5: 0.02444, P@5: 0.04336
valid 	 N@10: 0.04876, R@10: 0.04266, P@10: 0.03795
valid 	 N@15: 0.05377, R@15: 0.0575, P@15: 0.0344
valid 	 N@20: 0.05896, R@20: 0.07122, P@20: 0.03205

2023-11-04 13:32:05,322 - [INFO] - E:65|train_time: 42.79, VALID_time: 1.565, losses:-3.513, losses_emb:0.01546, best_valid(recall@20): 0.07158
valid 	 N@5: 0.04607, R@5: 0.02444, P@5: 0.0435
valid 	 N@10: 0.0487, R@10: 0.0425, P@10: 0.03786
valid 	 N@15: 0.05406, R@15: 0.05806, P@15: 0.03469
valid 	 N@20: 0.0591, R@20: 0.0715, P@20: 0.03215

2023-11-04 13:32:50,208 - [INFO] - E:66|train_time: 43.39, VALID_time: 1.407, losses:-3.514, losses_emb:0.01562, best_valid(recall@20): 0.07158
valid 	 N@5: 0.04651, R@5: 0.02461, P@5: 0.04393
valid 	 N@10: 0.04911, R@10: 0.04277, P@10: 0.03816
valid 	 N@15: 0.05421, R@15: 0.0579, P@15: 0.03465
valid 	 N@20: 0.05915, R@20: 0.07117, P@20: 0.03203

2023-11-04 13:33:34,918 - [INFO] - E:67|train_time: 43.63, VALID_time: 1.031, losses:-3.514, losses_emb:0.01577, best_valid(recall@20): 0.07158
valid 	 N@5: 0.04639, R@5: 0.02456, P@5: 0.04362
valid 	 N@10: 0.04909, R@10: 0.04266, P@10: 0.03813
valid 	 N@15: 0.05417, R@15: 0.05783, P@15: 0.03456
valid 	 N@20: 0.05934, R@20: 0.07154, P@20: 0.03214

2023-11-04 13:34:19,246 - [INFO] - E:68|train_time: 42.91, VALID_time: 1.376, losses:-3.516, losses_emb:0.01592, best_valid(recall@20): 0.07158
valid 	 N@5: 0.0461, R@5: 0.02445, P@5: 0.04356
valid 	 N@10: 0.04887, R@10: 0.04277, P@10: 0.03807
valid 	 N@15: 0.05403, R@15: 0.05792, P@15: 0.03464
valid 	 N@20: 0.05916, R@20: 0.07159, P@20: 0.03217

2023-11-04 13:35:04,342 - [INFO] - E:69|train_time: 43.49, VALID_time: 1.514, losses:-3.516, losses_emb:0.01607, best_valid(recall@20): 0.07159
valid 	 N@5: 0.046, R@5: 0.02449, P@5: 0.04359
valid 	 N@10: 0.04892, R@10: 0.04301, P@10: 0.03823
valid 	 N@15: 0.05388, R@15: 0.05786, P@15: 0.03453
valid 	 N@20: 0.05906, R@20: 0.07156, P@20: 0.03216

2023-11-04 13:35:49,172 - [INFO] - E:70|train_time: 43.1, VALID_time: 1.683, losses:-3.517, losses_emb:0.01622, best_valid(recall@20): 0.07159
valid 	 N@5: 0.04603, R@5: 0.02451, P@5: 0.04354
valid 	 N@10: 0.04883, R@10: 0.04271, P@10: 0.03805
valid 	 N@15: 0.05403, R@15: 0.058, P@15: 0.03461
valid 	 N@20: 0.05919, R@20: 0.07161, P@20: 0.03219

2023-11-04 13:36:33,911 - [INFO] - E:71|train_time: 43.44, VALID_time: 1.206, losses:-3.517, losses_emb:0.01637, best_valid(recall@20): 0.07161
valid 	 N@5: 0.04639, R@5: 0.02473, P@5: 0.04399
valid 	 N@10: 0.04895, R@10: 0.04277, P@10: 0.03816
valid 	 N@15: 0.05396, R@15: 0.05781, P@15: 0.03454
valid 	 N@20: 0.05913, R@20: 0.07152, P@20: 0.03213

2023-11-04 13:37:19,378 - [INFO] - E:72|train_time: 43.58, VALID_time: 1.823, losses:-3.518, losses_emb:0.01651, best_valid(recall@20): 0.07161
valid 	 N@5: 0.04628, R@5: 0.02459, P@5: 0.04381
valid 	 N@10: 0.0489, R@10: 0.04264, P@10: 0.0381
valid 	 N@15: 0.05411, R@15: 0.05806, P@15: 0.03466
valid 	 N@20: 0.05921, R@20: 0.07156, P@20: 0.0322

2023-11-04 13:38:04,199 - [INFO] - E:73|train_time: 43.35, VALID_time: 1.392, losses:-3.519, losses_emb:0.01665, best_valid(recall@20): 0.07161
valid 	 N@5: 0.04592, R@5: 0.02436, P@5: 0.04334
valid 	 N@10: 0.04899, R@10: 0.04286, P@10: 0.03824
valid 	 N@15: 0.0541, R@15: 0.05805, P@15: 0.03466
valid 	 N@20: 0.05921, R@20: 0.0717, P@20: 0.03213

2023-11-04 13:38:49,398 - [INFO] - E:74|train_time: 43.38, VALID_time: 1.715, losses:-3.519, losses_emb:0.01679, best_valid(recall@20): 0.0717
valid 	 N@5: 0.04614, R@5: 0.02462, P@5: 0.04353
valid 	 N@10: 0.04897, R@10: 0.04275, P@10: 0.03809
valid 	 N@15: 0.05409, R@15: 0.05791, P@15: 0.03459
valid 	 N@20: 0.05912, R@20: 0.07134, P@20: 0.03206

2023-11-04 13:39:34,932 - [INFO] - E:75|train_time: 43.73, VALID_time: 1.7, losses:-3.519, losses_emb:0.01693, best_valid(recall@20): 0.0717
valid 	 N@5: 0.04592, R@5: 0.02456, P@5: 0.04358
valid 	 N@10: 0.04873, R@10: 0.04271, P@10: 0.03804
valid 	 N@15: 0.05405, R@15: 0.05816, P@15: 0.03479
valid 	 N@20: 0.0591, R@20: 0.0716, P@20: 0.03223

2023-11-04 13:40:19,357 - [INFO] - E:76|train_time: 42.74, VALID_time: 1.634, losses:-3.52, losses_emb:0.01707, best_valid(recall@20): 0.0717
valid 	 N@5: 0.04586, R@5: 0.02432, P@5: 0.04326
valid 	 N@10: 0.04885, R@10: 0.04273, P@10: 0.03804
valid 	 N@15: 0.05404, R@15: 0.05792, P@15: 0.03464
valid 	 N@20: 0.059, R@20: 0.07116, P@20: 0.03206

2023-11-04 13:41:04,510 - [INFO] - E:77|train_time: 43.16, VALID_time: 1.943, losses:-3.522, losses_emb:0.01721, best_valid(recall@20): 0.0717
valid 	 N@5: 0.04588, R@5: 0.0245, P@5: 0.04351
valid 	 N@10: 0.04882, R@10: 0.04276, P@10: 0.0382
valid 	 N@15: 0.05398, R@15: 0.05807, P@15: 0.03468
valid 	 N@20: 0.05902, R@20: 0.07149, P@20: 0.03212

2023-11-04 13:41:49,437 - [INFO] - E:78|train_time: 43.52, VALID_time: 1.325, losses:-3.522, losses_emb:0.01734, best_valid(recall@20): 0.0717
valid 	 N@5: 0.04613, R@5: 0.02452, P@5: 0.04364
valid 	 N@10: 0.04904, R@10: 0.04288, P@10: 0.03829
valid 	 N@15: 0.05403, R@15: 0.05782, P@15: 0.03464
valid 	 N@20: 0.05923, R@20: 0.07165, P@20: 0.03223

2023-11-04 13:42:34,277 - [INFO] - E:79|train_time: 42.85, VALID_time: 1.95, losses:-3.522, losses_emb:0.01748, best_valid(recall@20): 0.0717
valid 	 N@5: 0.04591, R@5: 0.02438, P@5: 0.04344
valid 	 N@10: 0.04899, R@10: 0.043, P@10: 0.03833
valid 	 N@15: 0.05412, R@15: 0.05817, P@15: 0.0348
valid 	 N@20: 0.05907, R@20: 0.07142, P@20: 0.03215

2023-11-04 13:43:18,998 - [INFO] - E:80|train_time: 43.65, VALID_time: 0.9968, losses:-3.522, losses_emb:0.01761, best_valid(recall@20): 0.0717
valid 	 N@5: 0.04592, R@5: 0.02446, P@5: 0.04349
valid 	 N@10: 0.04897, R@10: 0.04301, P@10: 0.03832
valid 	 N@15: 0.05405, R@15: 0.05809, P@15: 0.03473
valid 	 N@20: 0.05905, R@20: 0.07139, P@20: 0.03217

2023-11-04 13:44:03,988 - [INFO] - E:81|train_time: 43.44, VALID_time: 1.514, losses:-3.523, losses_emb:0.01774, best_valid(recall@20): 0.0717
valid 	 N@5: 0.04636, R@5: 0.02466, P@5: 0.04384
valid 	 N@10: 0.0492, R@10: 0.043, P@10: 0.03839
valid 	 N@15: 0.05433, R@15: 0.05819, P@15: 0.03483
valid 	 N@20: 0.05923, R@20: 0.07137, P@20: 0.03216

2023-11-04 13:44:48,511 - [INFO] - E:82|train_time: 43.09, VALID_time: 1.385, losses:-3.524, losses_emb:0.01786, best_valid(recall@20): 0.0717
valid 	 N@5: 0.04648, R@5: 0.02475, P@5: 0.04386
valid 	 N@10: 0.0492, R@10: 0.0429, P@10: 0.03827
valid 	 N@15: 0.05448, R@15: 0.05843, P@15: 0.0349
valid 	 N@20: 0.05949, R@20: 0.07177, P@20: 0.03231

2023-11-04 13:45:34,253 - [INFO] - E:83|train_time: 43.82, VALID_time: 1.831, losses:-3.526, losses_emb:0.01799, best_valid(recall@20): 0.07177
valid 	 N@5: 0.04609, R@5: 0.02447, P@5: 0.04359
valid 	 N@10: 0.04901, R@10: 0.04296, P@10: 0.03824
valid 	 N@15: 0.05408, R@15: 0.05799, P@15: 0.03466
valid 	 N@20: 0.05918, R@20: 0.07151, P@20: 0.03218

2023-11-04 13:46:18,659 - [INFO] - E:84|train_time: 43.07, VALID_time: 1.246, losses:-3.525, losses_emb:0.01812, best_valid(recall@20): 0.07177
valid 	 N@5: 0.04609, R@5: 0.0245, P@5: 0.04356
valid 	 N@10: 0.04893, R@10: 0.04273, P@10: 0.03823
valid 	 N@15: 0.05414, R@15: 0.05819, P@15: 0.03472
valid 	 N@20: 0.05935, R@20: 0.07191, P@20: 0.03234

2023-11-04 13:47:03,500 - [INFO] - E:85|train_time: 42.9, VALID_time: 1.828, losses:-3.526, losses_emb:0.01824, best_valid(recall@20): 0.07191
valid 	 N@5: 0.04625, R@5: 0.02444, P@5: 0.04358
valid 	 N@10: 0.04898, R@10: 0.04271, P@10: 0.0381
valid 	 N@15: 0.05428, R@15: 0.05824, P@15: 0.03483
valid 	 N@20: 0.05936, R@20: 0.07179, P@20: 0.03227

2023-11-04 13:47:48,540 - [INFO] - E:86|train_time: 43.36, VALID_time: 1.589, losses:-3.526, losses_emb:0.01836, best_valid(recall@20): 0.07191
valid 	 N@5: 0.04605, R@5: 0.02442, P@5: 0.04351
valid 	 N@10: 0.04896, R@10: 0.04282, P@10: 0.03825
valid 	 N@15: 0.05414, R@15: 0.0581, P@15: 0.0348
valid 	 N@20: 0.05924, R@20: 0.07171, P@20: 0.03225

2023-11-04 13:48:33,391 - [INFO] - E:87|train_time: 43.18, VALID_time: 1.627, losses:-3.526, losses_emb:0.01848, best_valid(recall@20): 0.07191
valid 	 N@5: 0.0463, R@5: 0.02462, P@5: 0.0438
valid 	 N@10: 0.04909, R@10: 0.04296, P@10: 0.0383
valid 	 N@15: 0.05422, R@15: 0.05815, P@15: 0.03475
valid 	 N@20: 0.05938, R@20: 0.07179, P@20: 0.03232

2023-11-04 13:49:18,703 - [INFO] - E:88|train_time: 43.59, VALID_time: 1.668, losses:-3.527, losses_emb:0.0186, best_valid(recall@20): 0.07191
valid 	 N@5: 0.04641, R@5: 0.02467, P@5: 0.04394
valid 	 N@10: 0.04917, R@10: 0.04314, P@10: 0.03833
valid 	 N@15: 0.05426, R@15: 0.05808, P@15: 0.03483
valid 	 N@20: 0.0594, R@20: 0.07171, P@20: 0.03237

2023-11-04 13:50:03,129 - [INFO] - E:89|train_time: 43.35, VALID_time: 1.021, losses:-3.528, losses_emb:0.01872, best_valid(recall@20): 0.07191
valid 	 N@5: 0.04606, R@5: 0.02454, P@5: 0.04358
valid 	 N@10: 0.04887, R@10: 0.04275, P@10: 0.03813
valid 	 N@15: 0.05414, R@15: 0.0581, P@15: 0.03483
valid 	 N@20: 0.05909, R@20: 0.0713, P@20: 0.0322

2023-11-04 13:50:48,740 - [INFO] - E:90|train_time: 43.55, VALID_time: 2.007, losses:-3.527, losses_emb:0.01884, best_valid(recall@20): 0.07191
valid 	 N@5: 0.04608, R@5: 0.02451, P@5: 0.0436
valid 	 N@10: 0.0491, R@10: 0.0431, P@10: 0.03841
valid 	 N@15: 0.05421, R@15: 0.05824, P@15: 0.03484
valid 	 N@20: 0.05928, R@20: 0.07171, P@20: 0.0323

2023-11-04 13:51:34,120 - [INFO] - E:91|train_time: 43.44, VALID_time: 1.855, losses:-3.528, losses_emb:0.01895, best_valid(recall@20): 0.07191
valid 	 N@5: 0.0463, R@5: 0.02454, P@5: 0.04372
valid 	 N@10: 0.04904, R@10: 0.04281, P@10: 0.03818
valid 	 N@15: 0.0542, R@15: 0.05802, P@15: 0.03476
valid 	 N@20: 0.05935, R@20: 0.07172, P@20: 0.03228

2023-11-04 13:52:19,465 - [INFO] - E:92|train_time: 43.72, VALID_time: 1.563, losses:-3.529, losses_emb:0.01907, best_valid(recall@20): 0.07191
valid 	 N@5: 0.04616, R@5: 0.02467, P@5: 0.04367
valid 	 N@10: 0.04894, R@10: 0.0428, P@10: 0.03814
valid 	 N@15: 0.05404, R@15: 0.05786, P@15: 0.03469
valid 	 N@20: 0.05919, R@20: 0.07156, P@20: 0.03222

2023-11-04 13:53:05,578 - [INFO] - E:93|train_time: 44.25, VALID_time: 1.817, losses:-3.528, losses_emb:0.01918, best_valid(recall@20): 0.07191
valid 	 N@5: 0.04627, R@5: 0.02453, P@5: 0.0436
valid 	 N@10: 0.04908, R@10: 0.04284, P@10: 0.03818
valid 	 N@15: 0.05418, R@15: 0.05787, P@15: 0.03472
valid 	 N@20: 0.05916, R@20: 0.07128, P@20: 0.0321

2023-11-04 13:53:51,116 - [INFO] - E:94|train_time: 44.24, VALID_time: 1.228, losses:-3.529, losses_emb:0.01929, best_valid(recall@20): 0.07191
valid 	 N@5: 0.04621, R@5: 0.0244, P@5: 0.04337
valid 	 N@10: 0.04913, R@10: 0.04279, P@10: 0.03822
valid 	 N@15: 0.05421, R@15: 0.05786, P@15: 0.0347
valid 	 N@20: 0.05932, R@20: 0.07148, P@20: 0.03222

2023-11-04 13:54:36,684 - [INFO] - E:95|train_time: 43.75, VALID_time: 1.755, losses:-3.53, losses_emb:0.0194, best_valid(recall@20): 0.07191
valid 	 N@5: 0.04642, R@5: 0.02458, P@5: 0.04387
valid 	 N@10: 0.04923, R@10: 0.04301, P@10: 0.03842
valid 	 N@15: 0.05434, R@15: 0.05825, P@15: 0.03486
valid 	 N@20: 0.05941, R@20: 0.07173, P@20: 0.0323

2023-11-04 13:55:22,037 - [INFO] - E:96|train_time: 44.1, VALID_time: 1.18, losses:-3.53, losses_emb:0.01951, best_valid(recall@20): 0.07191
valid 	 N@5: 0.04626, R@5: 0.02454, P@5: 0.04367
valid 	 N@10: 0.04904, R@10: 0.04287, P@10: 0.03823
valid 	 N@15: 0.0541, R@15: 0.05799, P@15: 0.03463
valid 	 N@20: 0.05935, R@20: 0.07178, P@20: 0.0323

2023-11-04 13:56:07,818 - [INFO] - E:97|train_time: 43.91, VALID_time: 1.783, losses:-3.531, losses_emb:0.01961, best_valid(recall@20): 0.07191
valid 	 N@5: 0.04605, R@5: 0.0244, P@5: 0.04356
valid 	 N@10: 0.04891, R@10: 0.04288, P@10: 0.03817
valid 	 N@15: 0.0541, R@15: 0.05815, P@15: 0.03474
valid 	 N@20: 0.05923, R@20: 0.07175, P@20: 0.03229

2023-11-04 13:56:53,132 - [INFO] - E:98|train_time: 43.52, VALID_time: 1.693, losses:-3.531, losses_emb:0.01972, best_valid(recall@20): 0.07191
valid 	 N@5: 0.04615, R@5: 0.0245, P@5: 0.04352
valid 	 N@10: 0.0489, R@10: 0.04267, P@10: 0.03806
valid 	 N@15: 0.05411, R@15: 0.05804, P@15: 0.03465
valid 	 N@20: 0.05922, R@20: 0.07161, P@20: 0.03216

2023-11-04 13:57:38,625 - [INFO] - E:99|train_time: 43.41, VALID_time: 2.007, losses:-3.531, losses_emb:0.01982, best_valid(recall@20): 0.07191
valid 	 N@5: 0.04649, R@5: 0.02479, P@5: 0.04395
valid 	 N@10: 0.04909, R@10: 0.04288, P@10: 0.03822
valid 	 N@15: 0.05415, R@15: 0.05792, P@15: 0.03465
valid 	 N@20: 0.05938, R@20: 0.07179, P@20: 0.03227

2023-11-04 13:58:23,709 - [INFO] - E:100|train_time: 43.51, VALID_time: 1.498, losses:-3.532, losses_emb:0.01993, best_valid(recall@20): 0.07191
valid 	 N@5: 0.0462, R@5: 0.02459, P@5: 0.04368
valid 	 N@10: 0.0491, R@10: 0.04293, P@10: 0.03838
valid 	 N@15: 0.05427, R@15: 0.0583, P@15: 0.03487
valid 	 N@20: 0.05936, R@20: 0.07184, P@20: 0.03231

2023-11-04 13:59:08,545 - [INFO] - E:101|train_time: 43.54, VALID_time: 1.245, losses:-3.532, losses_emb:0.02003, best_valid(recall@20): 0.07191
valid 	 N@5: 0.04615, R@5: 0.02457, P@5: 0.04371
valid 	 N@10: 0.049, R@10: 0.04297, P@10: 0.0383
valid 	 N@15: 0.05403, R@15: 0.05796, P@15: 0.03466
valid 	 N@20: 0.05922, R@20: 0.07167, P@20: 0.03226

2023-11-04 13:59:53,775 - [INFO] - E:102|train_time: 43.43, VALID_time: 1.759, losses:-3.533, losses_emb:0.02013, best_valid(recall@20): 0.07191
valid 	 N@5: 0.046, R@5: 0.02442, P@5: 0.04349
valid 	 N@10: 0.04893, R@10: 0.04278, P@10: 0.03826
valid 	 N@15: 0.05411, R@15: 0.05817, P@15: 0.03474
valid 	 N@20: 0.05931, R@20: 0.07193, P@20: 0.03232

2023-11-04 14:00:38,475 - [INFO] - E:103|train_time: 43.24, VALID_time: 1.312, losses:-3.533, losses_emb:0.02023, best_valid(recall@20): 0.07193
valid 	 N@5: 0.04599, R@5: 0.0244, P@5: 0.04352
valid 	 N@10: 0.04894, R@10: 0.04292, P@10: 0.03826
valid 	 N@15: 0.0541, R@15: 0.05815, P@15: 0.03474
valid 	 N@20: 0.05927, R@20: 0.07179, P@20: 0.03232

2023-11-04 14:01:22,634 - [INFO] - E:104|train_time: 43.01, VALID_time: 1.106, losses:-3.533, losses_emb:0.02033, best_valid(recall@20): 0.07193
valid 	 N@5: 0.04589, R@5: 0.02448, P@5: 0.04359
valid 	 N@10: 0.04878, R@10: 0.0428, P@10: 0.03824
valid 	 N@15: 0.05412, R@15: 0.05846, P@15: 0.0349
valid 	 N@20: 0.05916, R@20: 0.07188, P@20: 0.03231

2023-11-04 14:02:07,558 - [INFO] - E:105|train_time: 43.26, VALID_time: 1.621, losses:-3.533, losses_emb:0.02042, best_valid(recall@20): 0.07193
valid 	 N@5: 0.04602, R@5: 0.02457, P@5: 0.04362
valid 	 N@10: 0.04894, R@10: 0.043, P@10: 0.03821
valid 	 N@15: 0.05409, R@15: 0.05811, P@15: 0.03473
valid 	 N@20: 0.05917, R@20: 0.07159, P@20: 0.0322

2023-11-04 14:02:53,489 - [INFO] - E:106|train_time: 44.11, VALID_time: 1.767, losses:-3.534, losses_emb:0.02052, best_valid(recall@20): 0.07193
valid 	 N@5: 0.04637, R@5: 0.02481, P@5: 0.04394
valid 	 N@10: 0.04932, R@10: 0.0433, P@10: 0.03852
valid 	 N@15: 0.05426, R@15: 0.05812, P@15: 0.03476
valid 	 N@20: 0.05949, R@20: 0.07189, P@20: 0.03238

2023-11-04 14:03:37,924 - [INFO] - E:107|train_time: 43.18, VALID_time: 1.199, losses:-3.534, losses_emb:0.02061, best_valid(recall@20): 0.07193
valid 	 N@5: 0.04612, R@5: 0.02457, P@5: 0.04365
valid 	 N@10: 0.04902, R@10: 0.04288, P@10: 0.03824
valid 	 N@15: 0.05421, R@15: 0.05814, P@15: 0.03475
valid 	 N@20: 0.0595, R@20: 0.07208, P@20: 0.03241

2023-11-04 14:04:22,806 - [INFO] - E:108|train_time: 43.69, VALID_time: 1.115, losses:-3.534, losses_emb:0.02071, best_valid(recall@20): 0.07208
valid 	 N@5: 0.04628, R@5: 0.02479, P@5: 0.04377
valid 	 N@10: 0.04925, R@10: 0.04315, P@10: 0.03845
valid 	 N@15: 0.05433, R@15: 0.05825, P@15: 0.03481
valid 	 N@20: 0.05932, R@20: 0.07154, P@20: 0.03218

2023-11-04 14:05:04,676 - [INFO] - E:109|train_time: 40.55, VALID_time: 1.275, losses:-3.535, losses_emb:0.0208, best_valid(recall@20): 0.07208
valid 	 N@5: 0.0464, R@5: 0.02479, P@5: 0.04395
valid 	 N@10: 0.04907, R@10: 0.04281, P@10: 0.03821
valid 	 N@15: 0.05432, R@15: 0.05826, P@15: 0.03482
valid 	 N@20: 0.05935, R@20: 0.07173, P@20: 0.03219

2023-11-04 14:05:49,781 - [INFO] - E:110|train_time: 43.23, VALID_time: 1.818, losses:-3.535, losses_emb:0.02089, best_valid(recall@20): 0.07208
valid 	 N@5: 0.04638, R@5: 0.02476, P@5: 0.04391
valid 	 N@10: 0.04929, R@10: 0.04312, P@10: 0.03849
valid 	 N@15: 0.05456, R@15: 0.05869, P@15: 0.03503
valid 	 N@20: 0.05939, R@20: 0.07172, P@20: 0.03219

2023-11-04 14:06:34,419 - [INFO] - E:111|train_time: 43.05, VALID_time: 1.539, losses:-3.535, losses_emb:0.02098, best_valid(recall@20): 0.07208
valid 	 N@5: 0.04613, R@5: 0.02475, P@5: 0.04387
valid 	 N@10: 0.04894, R@10: 0.04292, P@10: 0.03831
valid 	 N@15: 0.05406, R@15: 0.05811, P@15: 0.03476
valid 	 N@20: 0.05912, R@20: 0.07151, P@20: 0.03221

2023-11-04 14:07:19,720 - [INFO] - E:112|train_time: 43.52, VALID_time: 1.737, losses:-3.536, losses_emb:0.02107, best_valid(recall@20): 0.07208
valid 	 N@5: 0.04635, R@5: 0.0246, P@5: 0.04386
valid 	 N@10: 0.04919, R@10: 0.04294, P@10: 0.03836
valid 	 N@15: 0.05425, R@15: 0.05806, P@15: 0.03472
valid 	 N@20: 0.05947, R@20: 0.07186, P@20: 0.03233

2023-11-04 14:08:05,143 - [INFO] - E:113|train_time: 43.93, VALID_time: 1.414, losses:-3.536, losses_emb:0.02116, best_valid(recall@20): 0.07208
valid 	 N@5: 0.04637, R@5: 0.02473, P@5: 0.04394
valid 	 N@10: 0.04916, R@10: 0.04294, P@10: 0.03834
valid 	 N@15: 0.05431, R@15: 0.05815, P@15: 0.03484
valid 	 N@20: 0.0594, R@20: 0.07171, P@20: 0.03229

2023-11-04 14:08:50,436 - [INFO] - E:114|train_time: 43.97, VALID_time: 1.265, losses:-3.536, losses_emb:0.02124, best_valid(recall@20): 0.07208
valid 	 N@5: 0.04608, R@5: 0.02451, P@5: 0.04355
valid 	 N@10: 0.04903, R@10: 0.04285, P@10: 0.03827
valid 	 N@15: 0.0543, R@15: 0.05823, P@15: 0.03488
valid 	 N@20: 0.05926, R@20: 0.0715, P@20: 0.03222

2023-11-04 14:09:36,812 - [INFO] - E:115|train_time: 43.84, VALID_time: 2.457, losses:-3.536, losses_emb:0.02133, best_valid(recall@20): 0.07208
valid 	 N@5: 0.04602, R@5: 0.02447, P@5: 0.04341
valid 	 N@10: 0.04918, R@10: 0.04301, P@10: 0.03851
valid 	 N@15: 0.05437, R@15: 0.05843, P@15: 0.03494
valid 	 N@20: 0.05933, R@20: 0.07168, P@20: 0.03226

2023-11-04 14:10:20,417 - [INFO] - E:116|train_time: 41.76, VALID_time: 1.732, losses:-3.536, losses_emb:0.02141, best_valid(recall@20): 0.07208
valid 	 N@5: 0.04654, R@5: 0.02471, P@5: 0.04397
valid 	 N@10: 0.0491, R@10: 0.04273, P@10: 0.03821
valid 	 N@15: 0.05444, R@15: 0.05839, P@15: 0.03488
valid 	 N@20: 0.05942, R@20: 0.0717, P@20: 0.03225

2023-11-04 14:11:05,370 - [INFO] - E:117|train_time: 42.37, VALID_time: 2.521, losses:-3.537, losses_emb:0.0215, best_valid(recall@20): 0.07208
valid 	 N@5: 0.0463, R@5: 0.02469, P@5: 0.04382
valid 	 N@10: 0.04903, R@10: 0.04277, P@10: 0.03822
valid 	 N@15: 0.05421, R@15: 0.05804, P@15: 0.03475
valid 	 N@20: 0.0593, R@20: 0.07157, P@20: 0.03226

2023-11-04 14:11:50,137 - [INFO] - E:118|train_time: 42.64, VALID_time: 2.004, losses:-3.537, losses_emb:0.02158, best_valid(recall@20): 0.07208
valid 	 N@5: 0.04659, R@5: 0.02483, P@5: 0.04419
valid 	 N@10: 0.04915, R@10: 0.04292, P@10: 0.03825
valid 	 N@15: 0.05438, R@15: 0.05821, P@15: 0.03491
valid 	 N@20: 0.05943, R@20: 0.07175, P@20: 0.0323

2023-11-04 14:12:32,043 - [INFO] - E:119|train_time: 40.63, VALID_time: 1.194, losses:-3.538, losses_emb:0.02166, best_valid(recall@20): 0.07208
valid 	 N@5: 0.0468, R@5: 0.0248, P@5: 0.04413
valid 	 N@10: 0.04939, R@10: 0.04295, P@10: 0.03831
valid 	 N@15: 0.05454, R@15: 0.05819, P@15: 0.03479
valid 	 N@20: 0.05962, R@20: 0.07168, P@20: 0.0323

2023-11-04 14:13:15,229 - [INFO] - E:120|train_time: 42.14, VALID_time: 0.9984, losses:-3.537, losses_emb:0.02174, best_valid(recall@20): 0.07208
valid 	 N@5: 0.04657, R@5: 0.02477, P@5: 0.04406
valid 	 N@10: 0.04927, R@10: 0.04309, P@10: 0.03836
valid 	 N@15: 0.05439, R@15: 0.0583, P@15: 0.0348
valid 	 N@20: 0.05944, R@20: 0.07164, P@20: 0.03229

2023-11-04 14:14:00,668 - [INFO] - E:121|train_time: 43.41, VALID_time: 1.966, losses:-3.538, losses_emb:0.02182, best_valid(recall@20): 0.07208
valid 	 N@5: 0.04645, R@5: 0.02463, P@5: 0.04379
valid 	 N@10: 0.0493, R@10: 0.04306, P@10: 0.03838
valid 	 N@15: 0.05445, R@15: 0.05834, P@15: 0.03484
valid 	 N@20: 0.05951, R@20: 0.07172, P@20: 0.03231

2023-11-04 14:14:45,959 - [INFO] - E:122|train_time: 43.71, VALID_time: 1.477, losses:-3.538, losses_emb:0.0219, best_valid(recall@20): 0.07208
valid 	 N@5: 0.04647, R@5: 0.02466, P@5: 0.04384
valid 	 N@10: 0.04931, R@10: 0.04302, P@10: 0.0384
valid 	 N@15: 0.0544, R@15: 0.05815, P@15: 0.03482
valid 	 N@20: 0.05933, R@20: 0.07135, P@20: 0.03215

2023-11-04 14:15:30,401 - [INFO] - E:123|train_time: 43.13, VALID_time: 1.268, losses:-3.539, losses_emb:0.02198, best_valid(recall@20): 0.07208
valid 	 N@5: 0.04644, R@5: 0.0247, P@5: 0.04389
valid 	 N@10: 0.04912, R@10: 0.04286, P@10: 0.0382
valid 	 N@15: 0.05437, R@15: 0.05824, P@15: 0.03486
valid 	 N@20: 0.05928, R@20: 0.07139, P@20: 0.03218

2023-11-04 14:16:15,133 - [INFO] - E:124|train_time: 43.16, VALID_time: 1.514, losses:-3.538, losses_emb:0.02205, best_valid(recall@20): 0.07208
valid 	 N@5: 0.04632, R@5: 0.02468, P@5: 0.04375
valid 	 N@10: 0.0493, R@10: 0.0432, P@10: 0.03844
valid 	 N@15: 0.0543, R@15: 0.05814, P@15: 0.03474
valid 	 N@20: 0.05951, R@20: 0.0719, P@20: 0.03234

2023-11-04 14:16:59,277 - [INFO] - E:125|train_time: 42.62, VALID_time: 1.464, losses:-3.539, losses_emb:0.02213, best_valid(recall@20): 0.07208
valid 	 N@5: 0.04642, R@5: 0.02466, P@5: 0.04379
valid 	 N@10: 0.04927, R@10: 0.04305, P@10: 0.03832
valid 	 N@15: 0.05438, R@15: 0.0581, P@15: 0.0348
valid 	 N@20: 0.05957, R@20: 0.07192, P@20: 0.03234

2023-11-04 14:17:43,170 - [INFO] - E:126|train_time: 42.74, VALID_time: 1.063, losses:-3.54, losses_emb:0.0222, best_valid(recall@20): 0.07208
valid 	 N@5: 0.04654, R@5: 0.02487, P@5: 0.04407
valid 	 N@10: 0.04927, R@10: 0.04308, P@10: 0.03836
valid 	 N@15: 0.05439, R@15: 0.05817, P@15: 0.03483
valid 	 N@20: 0.05955, R@20: 0.07188, P@20: 0.03234

2023-11-04 14:18:26,554 - [INFO] - E:127|train_time: 42.2, VALID_time: 1.146, losses:-3.539, losses_emb:0.02228, best_valid(recall@20): 0.07208
valid 	 N@5: 0.04674, R@5: 0.02503, P@5: 0.04441
valid 	 N@10: 0.04922, R@10: 0.04308, P@10: 0.0383
valid 	 N@15: 0.05431, R@15: 0.05805, P@15: 0.03477
valid 	 N@20: 0.05954, R@20: 0.07189, P@20: 0.03237

2023-11-04 14:19:09,775 - [INFO] - E:128|train_time: 42.15, VALID_time: 1.013, losses:-3.539, losses_emb:0.02235, best_valid(recall@20): 0.07208
valid 	 N@5: 0.04628, R@5: 0.02471, P@5: 0.04376
valid 	 N@10: 0.0491, R@10: 0.04285, P@10: 0.03824
valid 	 N@15: 0.05431, R@15: 0.05815, P@15: 0.03482
valid 	 N@20: 0.05947, R@20: 0.07178, P@20: 0.03236

2023-11-04 14:19:53,345 - [INFO] - E:129|train_time: 42.53, VALID_time: 0.997, losses:-3.541, losses_emb:0.02242, best_valid(recall@20): 0.07208
valid 	 N@5: 0.04638, R@5: 0.02475, P@5: 0.04393
valid 	 N@10: 0.04903, R@10: 0.0429, P@10: 0.03815
valid 	 N@15: 0.05426, R@15: 0.0581, P@15: 0.03481
valid 	 N@20: 0.05944, R@20: 0.0718, P@20: 0.03236

2023-11-04 14:20:36,624 - [INFO] - E:130|train_time: 42.24, VALID_time: 0.9962, losses:-3.54, losses_emb:0.02249, best_valid(recall@20): 0.07208
valid 	 N@5: 0.04643, R@5: 0.02478, P@5: 0.04398
valid 	 N@10: 0.04921, R@10: 0.04308, P@10: 0.03837
valid 	 N@15: 0.05438, R@15: 0.05834, P@15: 0.03487
valid 	 N@20: 0.05954, R@20: 0.07199, P@20: 0.0324

2023-11-04 14:21:19,588 - [INFO] - E:131|train_time: 41.89, VALID_time: 1.034, losses:-3.54, losses_emb:0.02256, best_valid(recall@20): 0.07208
valid 	 N@5: 0.0464, R@5: 0.02468, P@5: 0.04396
valid 	 N@10: 0.04913, R@10: 0.04297, P@10: 0.03828
valid 	 N@15: 0.05441, R@15: 0.0584, P@15: 0.03495
valid 	 N@20: 0.05953, R@20: 0.072, P@20: 0.03242

2023-11-04 14:22:06,295 - [INFO] - E:132|train_time: 44.81, VALID_time: 1.848, losses:-3.54, losses_emb:0.02263, best_valid(recall@20): 0.07208
valid 	 N@5: 0.04625, R@5: 0.02455, P@5: 0.04369
valid 	 N@10: 0.04935, R@10: 0.04331, P@10: 0.03853
valid 	 N@15: 0.05448, R@15: 0.05845, P@15: 0.03497
valid 	 N@20: 0.05962, R@20: 0.07205, P@20: 0.03249

2023-11-04 14:22:51,438 - [INFO] - E:133|train_time: 43.47, VALID_time: 1.61, losses:-3.541, losses_emb:0.0227, best_valid(recall@20): 0.07208
valid 	 N@5: 0.04652, R@5: 0.02465, P@5: 0.04381
valid 	 N@10: 0.04941, R@10: 0.04314, P@10: 0.03842
valid 	 N@15: 0.05451, R@15: 0.05824, P@15: 0.0349
valid 	 N@20: 0.05975, R@20: 0.07215, P@20: 0.03247

2023-11-04 14:23:35,412 - [INFO] - E:134|train_time: 42.84, VALID_time: 1.046, losses:-3.541, losses_emb:0.02277, best_valid(recall@20): 0.07215
valid 	 N@5: 0.0467, R@5: 0.02469, P@5: 0.04392
valid 	 N@10: 0.04943, R@10: 0.04301, P@10: 0.03837
valid 	 N@15: 0.05464, R@15: 0.05838, P@15: 0.03502
valid 	 N@20: 0.0598, R@20: 0.07211, P@20: 0.03248

2023-11-04 14:24:18,898 - [INFO] - E:135|train_time: 42.23, VALID_time: 1.229, losses:-3.541, losses_emb:0.02283, best_valid(recall@20): 0.07215
valid 	 N@5: 0.04657, R@5: 0.02477, P@5: 0.04399
valid 	 N@10: 0.04928, R@10: 0.04297, P@10: 0.03834
valid 	 N@15: 0.05447, R@15: 0.05824, P@15: 0.03492
valid 	 N@20: 0.05962, R@20: 0.07191, P@20: 0.03241

2023-11-04 14:25:02,523 - [INFO] - E:136|train_time: 42.55, VALID_time: 1.01, losses:-3.542, losses_emb:0.0229, best_valid(recall@20): 0.07215
valid 	 N@5: 0.04634, R@5: 0.02455, P@5: 0.04369
valid 	 N@10: 0.04926, R@10: 0.04304, P@10: 0.03841
valid 	 N@15: 0.05435, R@15: 0.0582, P@15: 0.03485
valid 	 N@20: 0.05953, R@20: 0.07186, P@20: 0.0324

2023-11-04 14:25:46,052 - [INFO] - E:137|train_time: 42.47, VALID_time: 1.016, losses:-3.542, losses_emb:0.02296, best_valid(recall@20): 0.07215
valid 	 N@5: 0.0464, R@5: 0.02466, P@5: 0.04382
valid 	 N@10: 0.04922, R@10: 0.04302, P@10: 0.03838
valid 	 N@15: 0.05444, R@15: 0.05831, P@15: 0.03498
valid 	 N@20: 0.05938, R@20: 0.07156, P@20: 0.03229

2023-11-04 14:26:29,244 - [INFO] - E:138|train_time: 42.03, VALID_time: 1.107, losses:-3.542, losses_emb:0.02303, best_valid(recall@20): 0.07215
valid 	 N@5: 0.0467, R@5: 0.02479, P@5: 0.04406
valid 	 N@10: 0.0492, R@10: 0.04283, P@10: 0.03816
valid 	 N@15: 0.05441, R@15: 0.05819, P@15: 0.03476
valid 	 N@20: 0.05947, R@20: 0.07161, P@20: 0.03224

2023-11-04 14:27:13,238 - [INFO] - E:139|train_time: 42.64, VALID_time: 1.304, losses:-3.542, losses_emb:0.02309, best_valid(recall@20): 0.07215
valid 	 N@5: 0.04669, R@5: 0.02473, P@5: 0.04392
valid 	 N@10: 0.04935, R@10: 0.04288, P@10: 0.03834
valid 	 N@15: 0.05455, R@15: 0.05829, P@15: 0.03488
valid 	 N@20: 0.05966, R@20: 0.07188, P@20: 0.03237

2023-11-04 14:27:56,607 - [INFO] - E:140|train_time: 41.95, VALID_time: 1.371, losses:-3.543, losses_emb:0.02316, best_valid(recall@20): 0.07215
valid 	 N@5: 0.04661, R@5: 0.02483, P@5: 0.04394
valid 	 N@10: 0.04931, R@10: 0.04288, P@10: 0.03834
valid 	 N@15: 0.05453, R@15: 0.05834, P@15: 0.03489
valid 	 N@20: 0.05963, R@20: 0.07178, P@20: 0.03239

2023-11-04 14:28:40,410 - [INFO] - E:141|train_time: 42.76, VALID_time: 1.005, losses:-3.542, losses_emb:0.02322, best_valid(recall@20): 0.07215
valid 	 N@5: 0.04658, R@5: 0.02469, P@5: 0.04397
valid 	 N@10: 0.04925, R@10: 0.04292, P@10: 0.03836
valid 	 N@15: 0.05439, R@15: 0.05819, P@15: 0.03486
valid 	 N@20: 0.05953, R@20: 0.07189, P@20: 0.03233

2023-11-04 14:29:23,973 - [INFO] - E:142|train_time: 42.44, VALID_time: 1.075, losses:-3.542, losses_emb:0.02328, best_valid(recall@20): 0.07215
valid 	 N@5: 0.04642, R@5: 0.02461, P@5: 0.04383
valid 	 N@10: 0.04919, R@10: 0.04291, P@10: 0.03832
valid 	 N@15: 0.05434, R@15: 0.0582, P@15: 0.03483
valid 	 N@20: 0.05945, R@20: 0.07184, P@20: 0.03228

2023-11-04 14:30:07,254 - [INFO] - E:143|train_time: 42.31, VALID_time: 0.9339, losses:-3.543, losses_emb:0.02334, best_valid(recall@20): 0.07215
valid 	 N@5: 0.04652, R@5: 0.02479, P@5: 0.04397
valid 	 N@10: 0.04913, R@10: 0.04284, P@10: 0.0382
valid 	 N@15: 0.05443, R@15: 0.05827, P@15: 0.03493
valid 	 N@20: 0.05953, R@20: 0.07193, P@20: 0.03234

2023-11-04 14:30:50,592 - [INFO] - E:144|train_time: 42.32, VALID_time: 0.9641, losses:-3.543, losses_emb:0.0234, best_valid(recall@20): 0.07215
valid 	 N@5: 0.04632, R@5: 0.02465, P@5: 0.04374
valid 	 N@10: 0.04898, R@10: 0.04273, P@10: 0.03808
valid 	 N@15: 0.05448, R@15: 0.05851, P@15: 0.03503
valid 	 N@20: 0.05955, R@20: 0.07206, P@20: 0.03241

2023-11-04 14:31:34,155 - [INFO] - E:145|train_time: 42.63, VALID_time: 0.8845, losses:-3.543, losses_emb:0.02346, best_valid(recall@20): 0.07215
valid 	 N@5: 0.04596, R@5: 0.02441, P@5: 0.04337
valid 	 N@10: 0.04908, R@10: 0.04297, P@10: 0.03836
valid 	 N@15: 0.05432, R@15: 0.05839, P@15: 0.03494
valid 	 N@20: 0.0594, R@20: 0.07186, P@20: 0.03237

2023-11-04 14:32:18,144 - [INFO] - E:146|train_time: 42.9, VALID_time: 1.044, losses:-3.543, losses_emb:0.02352, best_valid(recall@20): 0.07215
valid 	 N@5: 0.04632, R@5: 0.02466, P@5: 0.04384
valid 	 N@10: 0.049, R@10: 0.04278, P@10: 0.03822
valid 	 N@15: 0.05432, R@15: 0.05831, P@15: 0.03492
valid 	 N@20: 0.05942, R@20: 0.07191, P@20: 0.03236

2023-11-04 14:33:01,565 - [INFO] - E:147|train_time: 42.37, VALID_time: 0.9827, losses:-3.543, losses_emb:0.02357, best_valid(recall@20): 0.07215
valid 	 N@5: 0.04633, R@5: 0.02461, P@5: 0.04384
valid 	 N@10: 0.04915, R@10: 0.04298, P@10: 0.03839
valid 	 N@15: 0.05447, R@15: 0.05853, P@15: 0.03501
valid 	 N@20: 0.05956, R@20: 0.07209, P@20: 0.03242

2023-11-04 14:33:45,745 - [INFO] - E:148|train_time: 42.87, VALID_time: 1.245, losses:-3.543, losses_emb:0.02363, best_valid(recall@20): 0.07215
valid 	 N@5: 0.04657, R@5: 0.02483, P@5: 0.04404
valid 	 N@10: 0.0492, R@10: 0.04294, P@10: 0.03828
valid 	 N@15: 0.05453, R@15: 0.05856, P@15: 0.03496
valid 	 N@20: 0.05956, R@20: 0.07189, P@20: 0.03238

2023-11-04 14:34:30,252 - [INFO] - E:149|train_time: 43.12, VALID_time: 1.335, losses:-3.544, losses_emb:0.02369, best_valid(recall@20): 0.07215
valid 	 N@5: 0.04667, R@5: 0.02488, P@5: 0.04415
valid 	 N@10: 0.04918, R@10: 0.04281, P@10: 0.03822
valid 	 N@15: 0.05444, R@15: 0.05833, P@15: 0.03485
valid 	 N@20: 0.05952, R@20: 0.07185, P@20: 0.03231

2023-11-04 14:35:14,740 - [INFO] - E:150|train_time: 43.23, VALID_time: 1.171, losses:-3.544, losses_emb:0.02374, best_valid(recall@20): 0.07215
valid 	 N@5: 0.04641, R@5: 0.02461, P@5: 0.04386
valid 	 N@10: 0.04921, R@10: 0.04302, P@10: 0.03836
valid 	 N@15: 0.05444, R@15: 0.05849, P@15: 0.03487
valid 	 N@20: 0.05954, R@20: 0.07195, P@20: 0.03238

2023-11-04 14:35:59,632 - [INFO] - E:151|train_time: 43.71, VALID_time: 1.06, losses:-3.545, losses_emb:0.0238, best_valid(recall@20): 0.07215
valid 	 N@5: 0.04643, R@5: 0.02469, P@5: 0.0439
valid 	 N@10: 0.04928, R@10: 0.04312, P@10: 0.03847
valid 	 N@15: 0.05454, R@15: 0.05855, P@15: 0.03505
valid 	 N@20: 0.05959, R@20: 0.07209, P@20: 0.03242

2023-11-04 14:36:44,112 - [INFO] - E:152|train_time: 42.99, VALID_time: 1.433, losses:-3.544, losses_emb:0.02385, best_valid(recall@20): 0.07215
valid 	 N@5: 0.04627, R@5: 0.02461, P@5: 0.04356
valid 	 N@10: 0.04912, R@10: 0.04282, P@10: 0.03823
valid 	 N@15: 0.05437, R@15: 0.05818, P@15: 0.03486
valid 	 N@20: 0.05953, R@20: 0.07189, P@20: 0.03236

2023-11-04 14:37:28,794 - [INFO] - E:153|train_time: 43.47, VALID_time: 1.155, losses:-3.544, losses_emb:0.02391, best_valid(recall@20): 0.07215
valid 	 N@5: 0.04646, R@5: 0.02471, P@5: 0.04384
valid 	 N@10: 0.04914, R@10: 0.04277, P@10: 0.03821
valid 	 N@15: 0.05431, R@15: 0.05806, P@15: 0.03474
valid 	 N@20: 0.05958, R@20: 0.07188, P@20: 0.03243

2023-11-04 14:38:13,606 - [INFO] - E:154|train_time: 43.59, VALID_time: 1.157, losses:-3.545, losses_emb:0.02396, best_valid(recall@20): 0.07215
valid 	 N@5: 0.04626, R@5: 0.02452, P@5: 0.04355
valid 	 N@10: 0.04914, R@10: 0.04285, P@10: 0.0383
valid 	 N@15: 0.05434, R@15: 0.05831, P@15: 0.0348
valid 	 N@20: 0.05954, R@20: 0.07195, P@20: 0.03243

2023-11-04 14:38:58,724 - [INFO] - E:155|train_time: 43.82, VALID_time: 1.251, losses:-3.545, losses_emb:0.02401, best_valid(recall@20): 0.07215
valid 	 N@5: 0.04651, R@5: 0.02472, P@5: 0.04382
valid 	 N@10: 0.04923, R@10: 0.04286, P@10: 0.03827
valid 	 N@15: 0.05467, R@15: 0.0587, P@15: 0.03504
valid 	 N@20: 0.0597, R@20: 0.07204, P@20: 0.03246

2023-11-04 14:39:43,301 - [INFO] - E:156|train_time: 43.43, VALID_time: 1.056, losses:-3.545, losses_emb:0.02406, best_valid(recall@20): 0.07215
valid 	 N@5: 0.04643, R@5: 0.02464, P@5: 0.04387
valid 	 N@10: 0.04919, R@10: 0.04287, P@10: 0.03829
valid 	 N@15: 0.05441, R@15: 0.05829, P@15: 0.03488
valid 	 N@20: 0.05968, R@20: 0.07215, P@20: 0.03253

2023-11-04 14:40:27,805 - [INFO] - E:157|train_time: 43.42, VALID_time: 1.015, losses:-3.544, losses_emb:0.02411, best_valid(recall@20): 0.07215
valid 	 N@5: 0.04643, R@5: 0.0247, P@5: 0.04392
valid 	 N@10: 0.04911, R@10: 0.04284, P@10: 0.03825
valid 	 N@15: 0.05427, R@15: 0.05811, P@15: 0.03478
valid 	 N@20: 0.05948, R@20: 0.07188, P@20: 0.03237

2023-11-04 14:41:13,375 - [INFO] - E:158|train_time: 43.92, VALID_time: 1.597, losses:-3.545, losses_emb:0.02416, best_valid(recall@20): 0.07215
valid 	 N@5: 0.04643, R@5: 0.02475, P@5: 0.04395
valid 	 N@10: 0.04906, R@10: 0.04278, P@10: 0.03825
valid 	 N@15: 0.05431, R@15: 0.0582, P@15: 0.03491
valid 	 N@20: 0.05948, R@20: 0.07195, P@20: 0.03242

2023-11-04 14:41:58,191 - [INFO] - E:159|train_time: 43.57, VALID_time: 1.184, losses:-3.545, losses_emb:0.02421, best_valid(recall@20): 0.07215
valid 	 N@5: 0.0464, R@5: 0.0247, P@5: 0.04389
valid 	 N@10: 0.04914, R@10: 0.04287, P@10: 0.03832
valid 	 N@15: 0.05445, R@15: 0.05839, P@15: 0.03498
valid 	 N@20: 0.05965, R@20: 0.07215, P@20: 0.0325

2023-11-04 14:42:43,153 - [INFO] - E:160|train_time: 43.62, VALID_time: 1.247, losses:-3.546, losses_emb:0.02426, best_valid(recall@20): 0.07215
valid 	 N@5: 0.0467, R@5: 0.02488, P@5: 0.04423
valid 	 N@10: 0.04938, R@10: 0.0431, P@10: 0.03847
valid 	 N@15: 0.05445, R@15: 0.05828, P@15: 0.03483
valid 	 N@20: 0.05976, R@20: 0.07227, P@20: 0.03249

2023-11-04 14:43:28,269 - [INFO] - E:161|train_time: 43.71, VALID_time: 1.315, losses:-3.547, losses_emb:0.02431, best_valid(recall@20): 0.07227
valid 	 N@5: 0.04633, R@5: 0.02461, P@5: 0.04375
valid 	 N@10: 0.04915, R@10: 0.0429, P@10: 0.03825
valid 	 N@15: 0.05444, R@15: 0.05836, P@15: 0.03488
valid 	 N@20: 0.05969, R@20: 0.0722, P@20: 0.03248

2023-11-04 14:44:13,110 - [INFO] - E:162|train_time: 43.67, VALID_time: 1.112, losses:-3.546, losses_emb:0.02436, best_valid(recall@20): 0.07227
valid 	 N@5: 0.04639, R@5: 0.02463, P@5: 0.04394
valid 	 N@10: 0.04903, R@10: 0.04287, P@10: 0.03816
valid 	 N@15: 0.05435, R@15: 0.05824, P@15: 0.03494
valid 	 N@20: 0.05963, R@20: 0.07232, P@20: 0.03248

2023-11-04 14:44:58,181 - [INFO] - E:163|train_time: 43.94, VALID_time: 1.03, losses:-3.546, losses_emb:0.02441, best_valid(recall@20): 0.07232
valid 	 N@5: 0.04622, R@5: 0.02456, P@5: 0.04377
valid 	 N@10: 0.04898, R@10: 0.04272, P@10: 0.03818
valid 	 N@15: 0.05436, R@15: 0.05838, P@15: 0.03495
valid 	 N@20: 0.05948, R@20: 0.07196, P@20: 0.0324

2023-11-04 14:45:43,419 - [INFO] - E:164|train_time: 43.71, VALID_time: 1.477, losses:-3.546, losses_emb:0.02446, best_valid(recall@20): 0.07232
valid 	 N@5: 0.04651, R@5: 0.02464, P@5: 0.04394
valid 	 N@10: 0.0491, R@10: 0.04273, P@10: 0.03823
valid 	 N@15: 0.05446, R@15: 0.05842, P@15: 0.03496
valid 	 N@20: 0.05971, R@20: 0.07233, P@20: 0.03251

2023-11-04 14:46:28,489 - [INFO] - E:165|train_time: 43.69, VALID_time: 1.259, losses:-3.546, losses_emb:0.0245, best_valid(recall@20): 0.07233
valid 	 N@5: 0.04622, R@5: 0.02458, P@5: 0.04378
valid 	 N@10: 0.04893, R@10: 0.04269, P@10: 0.03815
valid 	 N@15: 0.05427, R@15: 0.05824, P@15: 0.03489
valid 	 N@20: 0.05953, R@20: 0.07213, P@20: 0.03247

2023-11-04 14:47:13,355 - [INFO] - E:166|train_time: 43.69, VALID_time: 1.124, losses:-3.546, losses_emb:0.02455, best_valid(recall@20): 0.07233
valid 	 N@5: 0.04642, R@5: 0.02487, P@5: 0.0442
valid 	 N@10: 0.04902, R@10: 0.04295, P@10: 0.03829
valid 	 N@15: 0.05428, R@15: 0.05832, P@15: 0.03491
valid 	 N@20: 0.05957, R@20: 0.07228, P@20: 0.03252

2023-11-04 14:47:58,197 - [INFO] - E:167|train_time: 43.8, VALID_time: 0.9979, losses:-3.547, losses_emb:0.02459, best_valid(recall@20): 0.07233
valid 	 N@5: 0.04637, R@5: 0.02464, P@5: 0.0439
valid 	 N@10: 0.04902, R@10: 0.04277, P@10: 0.03819
valid 	 N@15: 0.05434, R@15: 0.05834, P@15: 0.0349
valid 	 N@20: 0.05945, R@20: 0.07191, P@20: 0.03236

2023-11-04 14:48:43,002 - [INFO] - E:168|train_time: 43.65, VALID_time: 1.098, losses:-3.547, losses_emb:0.02464, best_valid(recall@20): 0.07233
valid 	 N@5: 0.04621, R@5: 0.02464, P@5: 0.04384
valid 	 N@10: 0.04897, R@10: 0.04289, P@10: 0.03822
valid 	 N@15: 0.05432, R@15: 0.05836, P@15: 0.03496
valid 	 N@20: 0.05952, R@20: 0.07212, P@20: 0.03249

2023-11-04 14:49:29,546 - [INFO] - E:169|train_time: 44.28, VALID_time: 2.214, losses:-3.547, losses_emb:0.02468, best_valid(recall@20): 0.07233
valid 	 N@5: 0.04643, R@5: 0.02478, P@5: 0.04401
valid 	 N@10: 0.04899, R@10: 0.04267, P@10: 0.03816
valid 	 N@15: 0.05453, R@15: 0.05865, P@15: 0.03506
valid 	 N@20: 0.05951, R@20: 0.0719, P@20: 0.03243

2023-11-04 14:50:13,835 - [INFO] - E:170|train_time: 42.46, VALID_time: 1.749, losses:-3.547, losses_emb:0.02473, best_valid(recall@20): 0.07233
valid 	 N@5: 0.04658, R@5: 0.02468, P@5: 0.044
valid 	 N@10: 0.04913, R@10: 0.04275, P@10: 0.03823
valid 	 N@15: 0.05453, R@15: 0.05846, P@15: 0.03502
valid 	 N@20: 0.05959, R@20: 0.07205, P@20: 0.03238

2023-11-04 14:50:57,541 - [INFO] - E:171|train_time: 41.85, VALID_time: 1.772, losses:-3.548, losses_emb:0.02477, best_valid(recall@20): 0.07233
valid 	 N@5: 0.04639, R@5: 0.02471, P@5: 0.04408
valid 	 N@10: 0.04897, R@10: 0.04276, P@10: 0.03821
valid 	 N@15: 0.0543, R@15: 0.05829, P@15: 0.03494
valid 	 N@20: 0.05951, R@20: 0.07211, P@20: 0.0325

2023-11-04 14:51:41,121 - [INFO] - E:172|train_time: 41.73, VALID_time: 1.778, losses:-3.547, losses_emb:0.02481, best_valid(recall@20): 0.07233
valid 	 N@5: 0.04654, R@5: 0.02474, P@5: 0.04416
valid 	 N@10: 0.04908, R@10: 0.04285, P@10: 0.03824
valid 	 N@15: 0.05445, R@15: 0.05851, P@15: 0.03498
valid 	 N@20: 0.05969, R@20: 0.07227, P@20: 0.03258

2023-11-04 14:52:25,243 - [INFO] - E:173|train_time: 42.19, VALID_time: 1.858, losses:-3.547, losses_emb:0.02485, best_valid(recall@20): 0.07233
valid 	 N@5: 0.04657, R@5: 0.02487, P@5: 0.04425
valid 	 N@10: 0.04909, R@10: 0.04286, P@10: 0.03829
valid 	 N@15: 0.05444, R@15: 0.05856, P@15: 0.03499
valid 	 N@20: 0.05958, R@20: 0.07216, P@20: 0.0325

2023-11-04 14:53:09,153 - [INFO] - E:174|train_time: 42.18, VALID_time: 1.653, losses:-3.548, losses_emb:0.0249, best_valid(recall@20): 0.07233
valid 	 N@5: 0.0465, R@5: 0.0248, P@5: 0.04414
valid 	 N@10: 0.04917, R@10: 0.04298, P@10: 0.03841
valid 	 N@15: 0.0545, R@15: 0.05857, P@15: 0.03508
valid 	 N@20: 0.05948, R@20: 0.07192, P@20: 0.03238

2023-11-04 14:53:51,847 - [INFO] - E:175|train_time: 41.36, VALID_time: 1.257, losses:-3.548, losses_emb:0.02494, best_valid(recall@20): 0.07233
valid 	 N@5: 0.04633, R@5: 0.02476, P@5: 0.04404
valid 	 N@10: 0.04901, R@10: 0.0429, P@10: 0.03829
valid 	 N@15: 0.05437, R@15: 0.05852, P@15: 0.03499
valid 	 N@20: 0.05956, R@20: 0.07223, P@20: 0.03253

2023-11-04 14:54:36,480 - [INFO] - E:176|train_time: 43.51, VALID_time: 1.066, losses:-3.548, losses_emb:0.02498, best_valid(recall@20): 0.07233
valid 	 N@5: 0.04637, R@5: 0.02465, P@5: 0.04391
valid 	 N@10: 0.04911, R@10: 0.04294, P@10: 0.0383
valid 	 N@15: 0.05448, R@15: 0.05856, P@15: 0.03505
valid 	 N@20: 0.05967, R@20: 0.07233, P@20: 0.03258

2023-11-04 14:55:21,236 - [INFO] - E:177|train_time: 43.68, VALID_time: 0.997, losses:-3.548, losses_emb:0.02502, best_valid(recall@20): 0.07233
valid 	 N@5: 0.04636, R@5: 0.02465, P@5: 0.04379
valid 	 N@10: 0.04923, R@10: 0.04301, P@10: 0.03843
valid 	 N@15: 0.0544, R@15: 0.05835, P@15: 0.03493
valid 	 N@20: 0.05957, R@20: 0.07203, P@20: 0.03249

2023-11-04 14:56:06,778 - [INFO] - E:178|train_time: 44.17, VALID_time: 1.299, losses:-3.548, losses_emb:0.02506, best_valid(recall@20): 0.07233
valid 	 N@5: 0.04645, R@5: 0.0247, P@5: 0.04398
valid 	 N@10: 0.04915, R@10: 0.04296, P@10: 0.03828
valid 	 N@15: 0.0545, R@15: 0.05855, P@15: 0.03501
valid 	 N@20: 0.0596, R@20: 0.07214, P@20: 0.03245

2023-11-04 14:56:51,809 - [INFO] - E:179|train_time: 43.97, VALID_time: 0.9934, losses:-3.548, losses_emb:0.0251, best_valid(recall@20): 0.07233
valid 	 N@5: 0.04625, R@5: 0.02463, P@5: 0.04383
valid 	 N@10: 0.04901, R@10: 0.04287, P@10: 0.03826
valid 	 N@15: 0.05425, R@15: 0.05825, P@15: 0.03484
valid 	 N@20: 0.05953, R@20: 0.0722, P@20: 0.03248

2023-11-04 14:57:36,756 - [INFO] - E:180|train_time: 43.87, VALID_time: 1.027, losses:-3.548, losses_emb:0.02514, best_valid(recall@20): 0.07233
valid 	 N@5: 0.04635, R@5: 0.02473, P@5: 0.04401
valid 	 N@10: 0.0491, R@10: 0.04285, P@10: 0.03834
valid 	 N@15: 0.05444, R@15: 0.05852, P@15: 0.03499
valid 	 N@20: 0.05948, R@20: 0.07199, P@20: 0.03235

2023-11-04 14:58:21,310 - [INFO] - E:181|train_time: 43.47, VALID_time: 1.042, losses:-3.549, losses_emb:0.02518, best_valid(recall@20): 0.07233
valid 	 N@5: 0.04612, R@5: 0.02447, P@5: 0.04358
valid 	 N@10: 0.04899, R@10: 0.04276, P@10: 0.03828
valid 	 N@15: 0.05432, R@15: 0.05848, P@15: 0.0349
valid 	 N@20: 0.05954, R@20: 0.07218, P@20: 0.03252

2023-11-04 14:59:06,892 - [INFO] - E:182|train_time: 44.19, VALID_time: 1.334, losses:-3.548, losses_emb:0.02521, best_valid(recall@20): 0.07233
valid 	 N@5: 0.0462, R@5: 0.02454, P@5: 0.04372
valid 	 N@10: 0.04899, R@10: 0.04283, P@10: 0.03822
valid 	 N@15: 0.05431, R@15: 0.05835, P@15: 0.03489
valid 	 N@20: 0.05948, R@20: 0.07196, P@20: 0.03246

2023-11-04 14:59:51,798 - [INFO] - E:183|train_time: 43.78, VALID_time: 1.075, losses:-3.549, losses_emb:0.02525, best_valid(recall@20): 0.07233
valid 	 N@5: 0.04611, R@5: 0.0245, P@5: 0.04359
valid 	 N@10: 0.04898, R@10: 0.04285, P@10: 0.03821
valid 	 N@15: 0.05441, R@15: 0.05859, P@15: 0.03499
valid 	 N@20: 0.05945, R@20: 0.07197, P@20: 0.03239

2023-11-04 15:00:36,958 - [INFO] - E:184|train_time: 44.1, VALID_time: 1.009, losses:-3.549, losses_emb:0.02529, best_valid(recall@20): 0.07233
valid 	 N@5: 0.04636, R@5: 0.02453, P@5: 0.04375
valid 	 N@10: 0.04915, R@10: 0.04291, P@10: 0.03828
valid 	 N@15: 0.05452, R@15: 0.05859, P@15: 0.03496
valid 	 N@20: 0.05955, R@20: 0.07194, P@20: 0.0324

2023-11-04 15:01:22,337 - [INFO] - E:185|train_time: 43.73, VALID_time: 1.592, losses:-3.549, losses_emb:0.02532, best_valid(recall@20): 0.07233
valid 	 N@5: 0.04643, R@5: 0.02446, P@5: 0.04364
valid 	 N@10: 0.04934, R@10: 0.04294, P@10: 0.03842
valid 	 N@15: 0.05465, R@15: 0.0586, P@15: 0.03499
valid 	 N@20: 0.05971, R@20: 0.07208, P@20: 0.03242

2023-11-04 15:02:07,194 - [INFO] - E:186|train_time: 43.5, VALID_time: 1.279, losses:-3.549, losses_emb:0.02536, best_valid(recall@20): 0.07233
valid 	 N@5: 0.04648, R@5: 0.0246, P@5: 0.04382
valid 	 N@10: 0.04915, R@10: 0.04275, P@10: 0.03822
valid 	 N@15: 0.05442, R@15: 0.05827, P@15: 0.03483
valid 	 N@20: 0.05962, R@20: 0.07205, P@20: 0.0324

2023-11-04 15:02:52,076 - [INFO] - E:187|train_time: 43.77, VALID_time: 1.057, losses:-3.549, losses_emb:0.0254, best_valid(recall@20): 0.07233
valid 	 N@5: 0.04638, R@5: 0.02473, P@5: 0.04389
valid 	 N@10: 0.04901, R@10: 0.04277, P@10: 0.03819
valid 	 N@15: 0.05442, R@15: 0.0585, P@15: 0.03496
valid 	 N@20: 0.05965, R@20: 0.07226, P@20: 0.03255

2023-11-04 15:03:36,782 - [INFO] - E:188|train_time: 43.51, VALID_time: 1.143, losses:-3.55, losses_emb:0.02543, best_valid(recall@20): 0.07233
valid 	 N@5: 0.04635, R@5: 0.02461, P@5: 0.04381
valid 	 N@10: 0.04897, R@10: 0.04261, P@10: 0.03812
valid 	 N@15: 0.0545, R@15: 0.05858, P@15: 0.03503
valid 	 N@20: 0.0597, R@20: 0.07233, P@20: 0.03257

2023-11-04 15:04:21,706 - [INFO] - E:189|train_time: 43.69, VALID_time: 1.129, losses:-3.549, losses_emb:0.02547, best_valid(recall@20): 0.07233
valid 	 N@5: 0.04629, R@5: 0.02462, P@5: 0.0438
valid 	 N@10: 0.04897, R@10: 0.04268, P@10: 0.03819
valid 	 N@15: 0.05442, R@15: 0.05848, P@15: 0.035
valid 	 N@20: 0.05966, R@20: 0.07236, P@20: 0.03257

2023-11-04 15:05:06,073 - [INFO] - E:190|train_time: 43.03, VALID_time: 1.24, losses:-3.55, losses_emb:0.0255, best_valid(recall@20): 0.07236
valid 	 N@5: 0.04655, R@5: 0.02467, P@5: 0.04394
valid 	 N@10: 0.04908, R@10: 0.04273, P@10: 0.03815
valid 	 N@15: 0.0545, R@15: 0.05841, P@15: 0.035
valid 	 N@20: 0.05972, R@20: 0.07227, P@20: 0.03251

2023-11-04 15:05:50,413 - [INFO] - E:191|train_time: 43.24, VALID_time: 1.033, losses:-3.55, losses_emb:0.02553, best_valid(recall@20): 0.07236
valid 	 N@5: 0.04639, R@5: 0.02456, P@5: 0.04373
valid 	 N@10: 0.04909, R@10: 0.04271, P@10: 0.03819
valid 	 N@15: 0.05458, R@15: 0.05861, P@15: 0.03505
valid 	 N@20: 0.05969, R@20: 0.07211, P@20: 0.03252

2023-11-04 15:06:35,380 - [INFO] - E:192|train_time: 43.41, VALID_time: 1.483, losses:-3.55, losses_emb:0.02557, best_valid(recall@20): 0.07236
valid 	 N@5: 0.04629, R@5: 0.02456, P@5: 0.04377
valid 	 N@10: 0.04895, R@10: 0.04263, P@10: 0.03808
valid 	 N@15: 0.05455, R@15: 0.05866, P@15: 0.0351
valid 	 N@20: 0.05962, R@20: 0.07214, P@20: 0.03252

2023-11-04 15:07:20,221 - [INFO] - E:193|train_time: 43.61, VALID_time: 1.182, losses:-3.55, losses_emb:0.0256, best_valid(recall@20): 0.07236
valid 	 N@5: 0.04637, R@5: 0.02471, P@5: 0.04392
valid 	 N@10: 0.04903, R@10: 0.04287, P@10: 0.0382
valid 	 N@15: 0.05457, R@15: 0.0587, P@15: 0.03515
valid 	 N@20: 0.05959, R@20: 0.07212, P@20: 0.03248

2023-11-04 15:08:05,258 - [INFO] - E:194|train_time: 43.98, VALID_time: 0.963, losses:-3.55, losses_emb:0.02563, best_valid(recall@20): 0.07236
valid 	 N@5: 0.04636, R@5: 0.02461, P@5: 0.04375
valid 	 N@10: 0.049, R@10: 0.04275, P@10: 0.03807
valid 	 N@15: 0.05445, R@15: 0.05842, P@15: 0.03498
valid 	 N@20: 0.05958, R@20: 0.0721, P@20: 0.03242

2023-11-04 15:08:51,037 - [INFO] - E:195|train_time: 44.03, VALID_time: 1.694, losses:-3.55, losses_emb:0.02567, best_valid(recall@20): 0.07236
valid 	 N@5: 0.04631, R@5: 0.02459, P@5: 0.04382
valid 	 N@10: 0.04907, R@10: 0.04295, P@10: 0.03829
valid 	 N@15: 0.05436, R@15: 0.05839, P@15: 0.03496
valid 	 N@20: 0.05945, R@20: 0.07197, P@20: 0.03238

2023-11-04 15:09:36,841 - [INFO] - E:196|train_time: 43.92, VALID_time: 1.814, losses:-3.55, losses_emb:0.0257, best_valid(recall@20): 0.07236
valid 	 N@5: 0.04646, R@5: 0.02472, P@5: 0.04393
valid 	 N@10: 0.04905, R@10: 0.04279, P@10: 0.03817
valid 	 N@15: 0.05444, R@15: 0.05844, P@15: 0.03495
valid 	 N@20: 0.05959, R@20: 0.07207, P@20: 0.03247

2023-11-04 15:10:22,361 - [INFO] - E:197|train_time: 43.74, VALID_time: 1.706, losses:-3.55, losses_emb:0.02573, best_valid(recall@20): 0.07236
valid 	 N@5: 0.04644, R@5: 0.02471, P@5: 0.04394
valid 	 N@10: 0.04905, R@10: 0.04277, P@10: 0.03822
valid 	 N@15: 0.05443, R@15: 0.05844, P@15: 0.035
valid 	 N@20: 0.05944, R@20: 0.07184, P@20: 0.03235

2023-11-04 15:11:06,670 - [INFO] - E:198|train_time: 43.17, VALID_time: 1.056, losses:-3.551, losses_emb:0.02576, best_valid(recall@20): 0.07236
valid 	 N@5: 0.04592, R@5: 0.02437, P@5: 0.04344
valid 	 N@10: 0.04882, R@10: 0.0428, P@10: 0.03816
valid 	 N@15: 0.05425, R@15: 0.05848, P@15: 0.03498
valid 	 N@20: 0.05937, R@20: 0.07207, P@20: 0.03243

2023-11-04 15:11:51,098 - [INFO] - E:199|train_time: 43.25, VALID_time: 1.122, losses:-3.551, losses_emb:0.02579, best_valid(recall@20): 0.07236
valid 	 N@5: 0.0463, R@5: 0.02466, P@5: 0.04379
valid 	 N@10: 0.04895, R@10: 0.04277, P@10: 0.03814
valid 	 N@15: 0.05436, R@15: 0.05843, P@15: 0.03493
valid 	 N@20: 0.05958, R@20: 0.07222, P@20: 0.0325

2023-11-04 15:12:35,811 - [INFO] - E:200|train_time: 43.42, VALID_time: 1.231, losses:-3.551, losses_emb:0.02582, best_valid(recall@20): 0.07236
valid 	 N@5: 0.04632, R@5: 0.02465, P@5: 0.04387
valid 	 N@10: 0.04908, R@10: 0.04287, P@10: 0.0383
valid 	 N@15: 0.05448, R@15: 0.05863, P@15: 0.03503
valid 	 N@20: 0.05965, R@20: 0.07229, P@20: 0.03256

2023-11-04 15:13:20,850 - [INFO] - E:201|train_time: 43.84, VALID_time: 1.152, losses:-3.551, losses_emb:0.02585, best_valid(recall@20): 0.07236
valid 	 N@5: 0.0464, R@5: 0.02478, P@5: 0.04396
valid 	 N@10: 0.04911, R@10: 0.04293, P@10: 0.0383
valid 	 N@15: 0.05447, R@15: 0.05854, P@15: 0.03502
valid 	 N@20: 0.05965, R@20: 0.07227, P@20: 0.03253

2023-11-04 15:14:05,478 - [INFO] - E:202|train_time: 43.45, VALID_time: 1.111, losses:-3.551, losses_emb:0.02588, best_valid(recall@20): 0.07236
valid 	 N@5: 0.04629, R@5: 0.02471, P@5: 0.04392
valid 	 N@10: 0.04887, R@10: 0.04269, P@10: 0.03811
valid 	 N@15: 0.05435, R@15: 0.05847, P@15: 0.03499
valid 	 N@20: 0.05951, R@20: 0.07206, P@20: 0.03255

2023-11-04 15:14:50,428 - [INFO] - E:203|train_time: 43.76, VALID_time: 1.141, losses:-3.55, losses_emb:0.02591, best_valid(recall@20): 0.07236
valid 	 N@5: 0.04624, R@5: 0.02454, P@5: 0.04377
valid 	 N@10: 0.04906, R@10: 0.04296, P@10: 0.03826
valid 	 N@15: 0.05449, R@15: 0.05867, P@15: 0.03504
valid 	 N@20: 0.05944, R@20: 0.07179, P@20: 0.03241

2023-11-04 15:15:35,308 - [INFO] - E:204|train_time: 43.65, VALID_time: 1.133, losses:-3.551, losses_emb:0.02594, best_valid(recall@20): 0.07236
valid 	 N@5: 0.04661, R@5: 0.02473, P@5: 0.04403
valid 	 N@10: 0.04915, R@10: 0.04288, P@10: 0.0382
valid 	 N@15: 0.05462, R@15: 0.0587, P@15: 0.0351
valid 	 N@20: 0.05957, R@20: 0.0718, P@20: 0.03247

2023-11-04 15:16:19,951 - [INFO] - E:205|train_time: 43.31, VALID_time: 1.271, losses:-3.551, losses_emb:0.02597, best_valid(recall@20): 0.07236
valid 	 N@5: 0.04639, R@5: 0.02469, P@5: 0.04386
valid 	 N@10: 0.04921, R@10: 0.04305, P@10: 0.03833
valid 	 N@15: 0.05459, R@15: 0.05869, P@15: 0.03506
valid 	 N@20: 0.05965, R@20: 0.07203, P@20: 0.03253

2023-11-04 15:17:04,555 - [INFO] - E:206|train_time: 43.49, VALID_time: 1.06, losses:-3.552, losses_emb:0.026, best_valid(recall@20): 0.07236
valid 	 N@5: 0.04627, R@5: 0.02453, P@5: 0.04364
valid 	 N@10: 0.04904, R@10: 0.04282, P@10: 0.03815
valid 	 N@15: 0.05442, R@15: 0.05839, P@15: 0.03499
valid 	 N@20: 0.05966, R@20: 0.07223, P@20: 0.03259

2023-11-04 15:17:49,535 - [INFO] - E:207|train_time: 43.8, VALID_time: 1.12, losses:-3.551, losses_emb:0.02603, best_valid(recall@20): 0.07236
valid 	 N@5: 0.04625, R@5: 0.02458, P@5: 0.04374
valid 	 N@10: 0.04913, R@10: 0.04315, P@10: 0.03834
valid 	 N@15: 0.05426, R@15: 0.05824, P@15: 0.03484
valid 	 N@20: 0.05957, R@20: 0.07223, P@20: 0.03249

2023-11-04 15:18:34,181 - [INFO] - E:208|train_time: 43.36, VALID_time: 1.2, losses:-3.551, losses_emb:0.02606, best_valid(recall@20): 0.07236
valid 	 N@5: 0.04644, R@5: 0.02459, P@5: 0.04394
valid 	 N@10: 0.04927, R@10: 0.0432, P@10: 0.03849
valid 	 N@15: 0.05441, R@15: 0.0584, P@15: 0.03496
valid 	 N@20: 0.05961, R@20: 0.07214, P@20: 0.03254

2023-11-04 15:19:19,489 - [INFO] - E:209|train_time: 44.17, VALID_time: 1.073, losses:-3.552, losses_emb:0.02608, best_valid(recall@20): 0.07236
valid 	 N@5: 0.04638, R@5: 0.02459, P@5: 0.0439
valid 	 N@10: 0.04913, R@10: 0.04304, P@10: 0.03831
valid 	 N@15: 0.05443, R@15: 0.05852, P@15: 0.03497
valid 	 N@20: 0.05948, R@20: 0.07186, P@20: 0.03244

2023-11-04 15:20:04,151 - [INFO] - E:210|train_time: 43.46, VALID_time: 1.105, losses:-3.552, losses_emb:0.02611, best_valid(recall@20): 0.07236
valid 	 N@5: 0.04655, R@5: 0.02474, P@5: 0.0441
valid 	 N@10: 0.04914, R@10: 0.0429, P@10: 0.03831
valid 	 N@15: 0.05446, R@15: 0.05846, P@15: 0.035
valid 	 N@20: 0.05961, R@20: 0.07209, P@20: 0.0325

2023-11-04 15:20:49,324 - [INFO] - E:211|train_time: 43.86, VALID_time: 1.25, losses:-3.552, losses_emb:0.02614, best_valid(recall@20): 0.07236
valid 	 N@5: 0.04659, R@5: 0.02473, P@5: 0.04411
valid 	 N@10: 0.04929, R@10: 0.04308, P@10: 0.03847
valid 	 N@15: 0.05464, R@15: 0.05876, P@15: 0.03511
valid 	 N@20: 0.05962, R@20: 0.07203, P@20: 0.03245

2023-11-04 15:21:34,397 - [INFO] - E:212|train_time: 43.94, VALID_time: 1.064, losses:-3.552, losses_emb:0.02616, best_valid(recall@20): 0.07236
valid 	 N@5: 0.04648, R@5: 0.0247, P@5: 0.04387
valid 	 N@10: 0.04902, R@10: 0.04264, P@10: 0.03807
valid 	 N@15: 0.05455, R@15: 0.05854, P@15: 0.03502
valid 	 N@20: 0.05968, R@20: 0.07216, P@20: 0.03251

2023-11-04 15:22:18,981 - [INFO] - E:213|train_time: 43.42, VALID_time: 1.082, losses:-3.552, losses_emb:0.02619, best_valid(recall@20): 0.07236
valid 	 N@5: 0.04638, R@5: 0.02453, P@5: 0.04374
valid 	 N@10: 0.04917, R@10: 0.04284, P@10: 0.03834
valid 	 N@15: 0.05438, R@15: 0.05828, P@15: 0.03486
valid 	 N@20: 0.05955, R@20: 0.07195, P@20: 0.03241

2023-11-04 15:23:05,131 - [INFO] - E:214|train_time: 44.58, VALID_time: 1.514, losses:-3.552, losses_emb:0.02622, best_valid(recall@20): 0.07236
valid 	 N@5: 0.04637, R@5: 0.02464, P@5: 0.04374
valid 	 N@10: 0.04909, R@10: 0.04275, P@10: 0.03823
valid 	 N@15: 0.05437, R@15: 0.05839, P@15: 0.03484
valid 	 N@20: 0.0595, R@20: 0.07193, P@20: 0.03237

2023-11-04 15:23:51,445 - [INFO] - E:215|train_time: 44.26, VALID_time: 1.972, losses:-3.552, losses_emb:0.02624, best_valid(recall@20): 0.07236
valid 	 N@5: 0.04625, R@5: 0.02457, P@5: 0.04372
valid 	 N@10: 0.04902, R@10: 0.04282, P@10: 0.03821
valid 	 N@15: 0.05435, R@15: 0.05838, P@15: 0.03491
valid 	 N@20: 0.05949, R@20: 0.07202, P@20: 0.0324

2023-11-04 15:24:37,409 - [INFO] - E:216|train_time: 43.84, VALID_time: 2.046, losses:-3.552, losses_emb:0.02627, best_valid(recall@20): 0.07236
valid 	 N@5: 0.04626, R@5: 0.02449, P@5: 0.04363
valid 	 N@10: 0.04909, R@10: 0.0429, P@10: 0.03823
valid 	 N@15: 0.05436, R@15: 0.05837, P@15: 0.03485
valid 	 N@20: 0.05956, R@20: 0.07214, P@20: 0.03242

2023-11-04 15:25:23,206 - [INFO] - E:217|train_time: 43.76, VALID_time: 1.961, losses:-3.553, losses_emb:0.0263, best_valid(recall@20): 0.07236
valid 	 N@5: 0.04629, R@5: 0.02454, P@5: 0.04378
valid 	 N@10: 0.04913, R@10: 0.04293, P@10: 0.03833
valid 	 N@15: 0.05451, R@15: 0.05866, P@15: 0.03504
valid 	 N@20: 0.05959, R@20: 0.07218, P@20: 0.03247

2023-11-04 15:26:07,965 - [INFO] - E:218|train_time: 43.51, VALID_time: 1.175, losses:-3.553, losses_emb:0.02632, best_valid(recall@20): 0.07236
valid 	 N@5: 0.04657, R@5: 0.02456, P@5: 0.04396
valid 	 N@10: 0.04929, R@10: 0.04297, P@10: 0.03839
valid 	 N@15: 0.05438, R@15: 0.05817, P@15: 0.03479
valid 	 N@20: 0.05968, R@20: 0.07216, P@20: 0.03245

2023-11-04 15:26:53,020 - [INFO] - E:219|train_time: 43.81, VALID_time: 1.2, losses:-3.553, losses_emb:0.02634, best_valid(recall@20): 0.07236
valid 	 N@5: 0.04668, R@5: 0.02472, P@5: 0.04399
valid 	 N@10: 0.04933, R@10: 0.04288, P@10: 0.0383
valid 	 N@15: 0.05466, R@15: 0.05856, P@15: 0.03498
valid 	 N@20: 0.0599, R@20: 0.07245, P@20: 0.03255

2023-11-04 15:27:38,040 - [INFO] - E:220|train_time: 43.74, VALID_time: 1.17, losses:-3.553, losses_emb:0.02637, best_valid(recall@20): 0.07245
valid 	 N@5: 0.04658, R@5: 0.02467, P@5: 0.04391
valid 	 N@10: 0.0492, R@10: 0.04283, P@10: 0.03821
valid 	 N@15: 0.05447, R@15: 0.05833, P@15: 0.03487
valid 	 N@20: 0.05965, R@20: 0.07202, P@20: 0.03243

2023-11-04 15:28:23,396 - [INFO] - E:221|train_time: 44.1, VALID_time: 1.173, losses:-3.552, losses_emb:0.02639, best_valid(recall@20): 0.07245
valid 	 N@5: 0.04664, R@5: 0.02465, P@5: 0.04387
valid 	 N@10: 0.04924, R@10: 0.04283, P@10: 0.03813
valid 	 N@15: 0.05465, R@15: 0.05856, P@15: 0.03494
valid 	 N@20: 0.05972, R@20: 0.072, P@20: 0.03242

2023-11-04 15:29:08,538 - [INFO] - E:222|train_time: 43.92, VALID_time: 1.15, losses:-3.552, losses_emb:0.02642, best_valid(recall@20): 0.07245
valid 	 N@5: 0.04676, R@5: 0.02476, P@5: 0.04412
valid 	 N@10: 0.04934, R@10: 0.04293, P@10: 0.03837
valid 	 N@15: 0.05461, R@15: 0.05851, P@15: 0.03494
valid 	 N@20: 0.05973, R@20: 0.07206, P@20: 0.03248

2023-11-04 15:29:53,183 - [INFO] - E:223|train_time: 43.44, VALID_time: 1.125, losses:-3.553, losses_emb:0.02644, best_valid(recall@20): 0.07245
valid 	 N@5: 0.04691, R@5: 0.02484, P@5: 0.04424
valid 	 N@10: 0.0495, R@10: 0.04314, P@10: 0.03845
valid 	 N@15: 0.05467, R@15: 0.05847, P@15: 0.03492
valid 	 N@20: 0.05979, R@20: 0.07198, P@20: 0.03247

2023-11-04 15:30:38,044 - [INFO] - E:224|train_time: 43.6, VALID_time: 1.176, losses:-3.553, losses_emb:0.02646, best_valid(recall@20): 0.07245
valid 	 N@5: 0.04674, R@5: 0.0248, P@5: 0.04411
valid 	 N@10: 0.04936, R@10: 0.04302, P@10: 0.03836
valid 	 N@15: 0.05466, R@15: 0.05859, P@15: 0.03501
valid 	 N@20: 0.05976, R@20: 0.0721, P@20: 0.03252

2023-11-04 15:31:23,325 - [INFO] - E:225|train_time: 43.95, VALID_time: 1.273, losses:-3.553, losses_emb:0.02649, best_valid(recall@20): 0.07245
valid 	 N@5: 0.04659, R@5: 0.02476, P@5: 0.04396
valid 	 N@10: 0.04936, R@10: 0.04313, P@10: 0.03841
valid 	 N@15: 0.05459, R@15: 0.05857, P@15: 0.03497
valid 	 N@20: 0.05962, R@20: 0.07188, P@20: 0.0324

2023-11-04 15:32:08,738 - [INFO] - E:226|train_time: 44.19, VALID_time: 1.154, losses:-3.553, losses_emb:0.02651, best_valid(recall@20): 0.07245
valid 	 N@5: 0.04653, R@5: 0.02464, P@5: 0.04385
valid 	 N@10: 0.04944, R@10: 0.04322, P@10: 0.03853
valid 	 N@15: 0.05476, R@15: 0.05884, P@15: 0.03515
valid 	 N@20: 0.05967, R@20: 0.07199, P@20: 0.03243

2023-11-04 15:32:53,449 - [INFO] - E:227|train_time: 43.55, VALID_time: 1.095, losses:-3.553, losses_emb:0.02653, best_valid(recall@20): 0.07245
valid 	 N@5: 0.04656, R@5: 0.02471, P@5: 0.04403
valid 	 N@10: 0.04922, R@10: 0.04311, P@10: 0.03833
valid 	 N@15: 0.05456, R@15: 0.05862, P@15: 0.03505
valid 	 N@20: 0.05958, R@20: 0.07202, P@20: 0.03245

2023-11-04 15:33:38,939 - [INFO] - E:228|train_time: 44.13, VALID_time: 1.305, losses:-3.553, losses_emb:0.02656, best_valid(recall@20): 0.07245
valid 	 N@5: 0.04663, R@5: 0.02472, P@5: 0.04412
valid 	 N@10: 0.04918, R@10: 0.04294, P@10: 0.03825
valid 	 N@15: 0.05461, R@15: 0.05868, P@15: 0.03505
valid 	 N@20: 0.05968, R@20: 0.07209, P@20: 0.03253

2023-11-04 15:34:24,538 - [INFO] - E:229|train_time: 44.3, VALID_time: 1.217, losses:-3.554, losses_emb:0.02658, best_valid(recall@20): 0.07245
valid 	 N@5: 0.04654, R@5: 0.02461, P@5: 0.04398
valid 	 N@10: 0.04917, R@10: 0.04297, P@10: 0.03824
valid 	 N@15: 0.05457, R@15: 0.05862, P@15: 0.03507
valid 	 N@20: 0.05962, R@20: 0.07217, P@20: 0.03243

2023-11-04 15:35:10,241 - [INFO] - E:230|train_time: 44.59, VALID_time: 1.049, losses:-3.554, losses_emb:0.0266, best_valid(recall@20): 0.07245
valid 	 N@5: 0.04643, R@5: 0.02452, P@5: 0.04378
valid 	 N@10: 0.04933, R@10: 0.04316, P@10: 0.03846
valid 	 N@15: 0.05451, R@15: 0.0585, P@15: 0.03497
valid 	 N@20: 0.05968, R@20: 0.07222, P@20: 0.03249

2023-11-04 15:35:55,357 - [INFO] - E:231|train_time: 43.87, VALID_time: 1.192, losses:-3.554, losses_emb:0.02662, best_valid(recall@20): 0.07245
valid 	 N@5: 0.04666, R@5: 0.02468, P@5: 0.04407
valid 	 N@10: 0.04923, R@10: 0.04297, P@10: 0.0383
valid 	 N@15: 0.05447, R@15: 0.05836, P@15: 0.03493
valid 	 N@20: 0.05974, R@20: 0.07232, P@20: 0.03254

2023-11-04 15:36:40,180 - [INFO] - E:232|train_time: 43.64, VALID_time: 1.083, losses:-3.554, losses_emb:0.02664, best_valid(recall@20): 0.07245
valid 	 N@5: 0.04658, R@5: 0.02476, P@5: 0.04408
valid 	 N@10: 0.0492, R@10: 0.04305, P@10: 0.03832
valid 	 N@15: 0.05452, R@15: 0.05848, P@15: 0.03504
valid 	 N@20: 0.05974, R@20: 0.07237, P@20: 0.03255

2023-11-04 15:37:25,420 - [INFO] - E:233|train_time: 44.02, VALID_time: 1.165, losses:-3.554, losses_emb:0.02666, best_valid(recall@20): 0.07245
valid 	 N@5: 0.04641, R@5: 0.02459, P@5: 0.04379
valid 	 N@10: 0.0492, R@10: 0.04297, P@10: 0.03833
valid 	 N@15: 0.05458, R@15: 0.05864, P@15: 0.03508
valid 	 N@20: 0.0598, R@20: 0.07244, P@20: 0.03261

2023-11-04 15:38:11,303 - [INFO] - E:234|train_time: 44.31, VALID_time: 1.521, losses:-3.554, losses_emb:0.02668, best_valid(recall@20): 0.07245
valid 	 N@5: 0.04657, R@5: 0.02466, P@5: 0.04394
valid 	 N@10: 0.04922, R@10: 0.04292, P@10: 0.03828
valid 	 N@15: 0.05461, R@15: 0.05864, P@15: 0.03506
valid 	 N@20: 0.05983, R@20: 0.07243, P@20: 0.03262

2023-11-04 15:38:56,857 - [INFO] - E:235|train_time: 44.18, VALID_time: 1.263, losses:-3.554, losses_emb:0.02671, best_valid(recall@20): 0.07245
valid 	 N@5: 0.04648, R@5: 0.02459, P@5: 0.04386
valid 	 N@10: 0.0493, R@10: 0.04305, P@10: 0.0384
valid 	 N@15: 0.05456, R@15: 0.05856, P@15: 0.03497
valid 	 N@20: 0.05976, R@20: 0.07224, P@20: 0.03257

2023-11-04 15:39:42,153 - [INFO] - E:236|train_time: 44.01, VALID_time: 1.241, losses:-3.554, losses_emb:0.02673, best_valid(recall@20): 0.07245
valid 	 N@5: 0.04664, R@5: 0.02459, P@5: 0.04392
valid 	 N@10: 0.04937, R@10: 0.04306, P@10: 0.03838
valid 	 N@15: 0.05457, R@15: 0.05843, P@15: 0.03492
valid 	 N@20: 0.05981, R@20: 0.07229, P@20: 0.03253

2023-11-04 15:40:32,760 - [INFO] - E:237|train_time: 48.05, VALID_time: 2.477, losses:-3.555, losses_emb:0.02675, best_valid(recall@20): 0.07245
valid 	 N@5: 0.04653, R@5: 0.02473, P@5: 0.04399
valid 	 N@10: 0.04915, R@10: 0.04289, P@10: 0.03825
valid 	 N@15: 0.05449, R@15: 0.05848, P@15: 0.03495
valid 	 N@20: 0.05963, R@20: 0.07207, P@20: 0.03247

2023-11-04 15:41:28,430 - [INFO] - E:238|train_time: 53.14, VALID_time: 2.405, losses:-3.554, losses_emb:0.02677, best_valid(recall@20): 0.07245
valid 	 N@5: 0.04654, R@5: 0.02472, P@5: 0.04403
valid 	 N@10: 0.04917, R@10: 0.04284, P@10: 0.03832
valid 	 N@15: 0.05453, R@15: 0.05856, P@15: 0.03504
valid 	 N@20: 0.05961, R@20: 0.07205, P@20: 0.03249

2023-11-04 15:42:23,591 - [INFO] - E:239|train_time: 53.2, VALID_time: 1.888, losses:-3.554, losses_emb:0.02679, best_valid(recall@20): 0.07245
valid 	 N@5: 0.04629, R@5: 0.02434, P@5: 0.0435
valid 	 N@10: 0.04914, R@10: 0.04284, P@10: 0.03822
valid 	 N@15: 0.05449, R@15: 0.05848, P@15: 0.03497
valid 	 N@20: 0.05967, R@20: 0.07214, P@20: 0.03253

2023-11-04 15:43:18,526 - [INFO] - E:240|train_time: 53.1, VALID_time: 1.746, losses:-3.554, losses_emb:0.02681, best_valid(recall@20): 0.07245
valid 	 N@5: 0.04655, R@5: 0.02462, P@5: 0.04394
valid 	 N@10: 0.04931, R@10: 0.04314, P@10: 0.03837
valid 	 N@15: 0.05443, R@15: 0.05827, P@15: 0.03487
valid 	 N@20: 0.05964, R@20: 0.07201, P@20: 0.03248

2023-11-04 15:44:13,740 - [INFO] - E:241|train_time: 53.3, VALID_time: 1.82, losses:-3.555, losses_emb:0.02683, best_valid(recall@20): 0.07245
valid 	 N@5: 0.04648, R@5: 0.0246, P@5: 0.04382
valid 	 N@10: 0.04942, R@10: 0.04322, P@10: 0.03852
valid 	 N@15: 0.05441, R@15: 0.0582, P@15: 0.03479
valid 	 N@20: 0.05969, R@20: 0.07208, P@20: 0.03247

2023-11-04 15:45:09,624 - [INFO] - E:242|train_time: 53.7, VALID_time: 2.126, losses:-3.555, losses_emb:0.02684, best_valid(recall@20): 0.07245
valid 	 N@5: 0.04684, R@5: 0.02492, P@5: 0.04427
valid 	 N@10: 0.04934, R@10: 0.04306, P@10: 0.03834
valid 	 N@15: 0.05449, R@15: 0.05834, P@15: 0.03483
valid 	 N@20: 0.05974, R@20: 0.07216, P@20: 0.03248

2023-11-04 15:46:06,046 - [INFO] - E:243|train_time: 54.28, VALID_time: 2.078, losses:-3.555, losses_emb:0.02686, best_valid(recall@20): 0.07245
valid 	 N@5: 0.04646, R@5: 0.02464, P@5: 0.04384
valid 	 N@10: 0.04932, R@10: 0.04313, P@10: 0.03839
valid 	 N@15: 0.05452, R@15: 0.05841, P@15: 0.03495
valid 	 N@20: 0.05966, R@20: 0.07203, P@20: 0.03248

2023-11-04 15:47:01,349 - [INFO] - E:244|train_time: 52.56, VALID_time: 2.654, losses:-3.555, losses_emb:0.02688, best_valid(recall@20): 0.07245
valid 	 N@5: 0.04666, R@5: 0.02468, P@5: 0.04398
valid 	 N@10: 0.04935, R@10: 0.04305, P@10: 0.03837
valid 	 N@15: 0.05454, R@15: 0.05832, P@15: 0.03491
valid 	 N@20: 0.05972, R@20: 0.07203, P@20: 0.03248

2023-11-04 15:47:56,537 - [INFO] - E:245|train_time: 53.01, VALID_time: 2.109, losses:-3.555, losses_emb:0.0269, best_valid(recall@20): 0.07245
valid 	 N@5: 0.04654, R@5: 0.02459, P@5: 0.04386
valid 	 N@10: 0.0492, R@10: 0.0428, P@10: 0.03822
valid 	 N@15: 0.05447, R@15: 0.05831, P@15: 0.03485
valid 	 N@20: 0.05961, R@20: 0.07187, P@20: 0.03242

2023-11-04 15:48:53,869 - [INFO] - E:246|train_time: 54.72, VALID_time: 2.546, losses:-3.554, losses_emb:0.02692, best_valid(recall@20): 0.07245
valid 	 N@5: 0.04643, R@5: 0.02458, P@5: 0.04384
valid 	 N@10: 0.04927, R@10: 0.04313, P@10: 0.03839
valid 	 N@15: 0.05436, R@15: 0.05828, P@15: 0.0348
valid 	 N@20: 0.05961, R@20: 0.07204, P@20: 0.03246

2023-11-04 15:49:49,242 - [INFO] - E:247|train_time: 53.03, VALID_time: 2.26, losses:-3.556, losses_emb:0.02694, best_valid(recall@20): 0.07245
valid 	 N@5: 0.04627, R@5: 0.02461, P@5: 0.0438
valid 	 N@10: 0.04906, R@10: 0.04303, P@10: 0.03824
valid 	 N@15: 0.05436, R@15: 0.05843, P@15: 0.03495
valid 	 N@20: 0.05953, R@20: 0.07209, P@20: 0.03248

2023-11-04 15:50:44,970 - [INFO] - E:248|train_time: 52.96, VALID_time: 2.679, losses:-3.555, losses_emb:0.02696, best_valid(recall@20): 0.07245
valid 	 N@5: 0.04653, R@5: 0.02473, P@5: 0.04401
valid 	 N@10: 0.04913, R@10: 0.04294, P@10: 0.03824
valid 	 N@15: 0.05446, R@15: 0.05848, P@15: 0.03496
valid 	 N@20: 0.05956, R@20: 0.07194, P@20: 0.03246

2023-11-04 15:51:41,603 - [INFO] - E:249|train_time: 54.12, VALID_time: 2.419, losses:-3.555, losses_emb:0.02697, best_valid(recall@20): 0.07245
valid 	 N@5: 0.04646, R@5: 0.02465, P@5: 0.04392
valid 	 N@10: 0.04907, R@10: 0.04283, P@10: 0.03819
valid 	 N@15: 0.05445, R@15: 0.05851, P@15: 0.03495
valid 	 N@20: 0.05954, R@20: 0.07199, P@20: 0.03246

2023-11-04 15:52:39,226 - [INFO] - E:250|train_time: 54.68, VALID_time: 2.814, losses:-3.555, losses_emb:0.02699, best_valid(recall@20): 0.07245
valid 	 N@5: 0.04638, R@5: 0.02454, P@5: 0.0438
valid 	 N@10: 0.04916, R@10: 0.04293, P@10: 0.03833
valid 	 N@15: 0.0545, R@15: 0.05852, P@15: 0.03501
valid 	 N@20: 0.05948, R@20: 0.0718, P@20: 0.0324

2023-11-04 15:53:34,650 - [INFO] - E:251|train_time: 52.8, VALID_time: 2.529, losses:-3.555, losses_emb:0.02701, best_valid(recall@20): 0.07245
valid 	 N@5: 0.04654, R@5: 0.02478, P@5: 0.04403
valid 	 N@10: 0.04927, R@10: 0.04307, P@10: 0.03838
valid 	 N@15: 0.05454, R@15: 0.0586, P@15: 0.03495
valid 	 N@20: 0.05953, R@20: 0.07178, P@20: 0.03239

2023-11-04 15:54:32,407 - [INFO] - E:252|train_time: 54.83, VALID_time: 2.855, losses:-3.556, losses_emb:0.02703, best_valid(recall@20): 0.07245
valid 	 N@5: 0.04638, R@5: 0.02466, P@5: 0.04384
valid 	 N@10: 0.04926, R@10: 0.04316, P@10: 0.0384
valid 	 N@15: 0.0546, R@15: 0.05877, P@15: 0.03504
valid 	 N@20: 0.05943, R@20: 0.07161, P@20: 0.03231

2023-11-04 15:55:29,975 - [INFO] - E:253|train_time: 54.84, VALID_time: 2.613, losses:-3.556, losses_emb:0.02704, best_valid(recall@20): 0.07245
valid 	 N@5: 0.04635, R@5: 0.02453, P@5: 0.04376
valid 	 N@10: 0.04921, R@10: 0.04305, P@10: 0.03834
valid 	 N@15: 0.05458, R@15: 0.05866, P@15: 0.03503
valid 	 N@20: 0.05966, R@20: 0.07212, P@20: 0.03252

2023-11-04 15:56:26,079 - [INFO] - E:254|train_time: 53.48, VALID_time: 2.511, losses:-3.555, losses_emb:0.02706, best_valid(recall@20): 0.07245
valid 	 N@5: 0.04616, R@5: 0.02436, P@5: 0.04347
valid 	 N@10: 0.04918, R@10: 0.04304, P@10: 0.03836
valid 	 N@15: 0.05454, R@15: 0.05869, P@15: 0.03504
valid 	 N@20: 0.0596, R@20: 0.07212, P@20: 0.03249

2023-11-04 15:57:21,452 - [INFO] - E:255|train_time: 52.97, VALID_time: 2.294, losses:-3.555, losses_emb:0.02708, best_valid(recall@20): 0.07245
valid 	 N@5: 0.0461, R@5: 0.02424, P@5: 0.04328
valid 	 N@10: 0.0492, R@10: 0.04303, P@10: 0.0383
valid 	 N@15: 0.05442, R@15: 0.05832, P@15: 0.03488
valid 	 N@20: 0.05955, R@20: 0.07193, P@20: 0.03242

2023-11-04 15:58:18,506 - [INFO] - E:256|train_time: 54.28, VALID_time: 2.682, losses:-3.556, losses_emb:0.02709, best_valid(recall@20): 0.07245
valid 	 N@5: 0.04625, R@5: 0.0245, P@5: 0.04363
valid 	 N@10: 0.04928, R@10: 0.04315, P@10: 0.03848
valid 	 N@15: 0.05443, R@15: 0.05835, P@15: 0.03495
valid 	 N@20: 0.05944, R@20: 0.07172, P@20: 0.03235

2023-11-04 15:59:15,502 - [INFO] - E:257|train_time: 54.52, VALID_time: 2.377, losses:-3.556, losses_emb:0.02711, best_valid(recall@20): 0.07245
valid 	 N@5: 0.04627, R@5: 0.02451, P@5: 0.04365
valid 	 N@10: 0.04939, R@10: 0.04329, P@10: 0.03857
valid 	 N@15: 0.05464, R@15: 0.05867, P@15: 0.03513
valid 	 N@20: 0.05963, R@20: 0.07204, P@20: 0.03244

2023-11-04 16:00:11,735 - [INFO] - E:258|train_time: 52.77, VALID_time: 3.372, losses:-3.556, losses_emb:0.02712, best_valid(recall@20): 0.07245
valid 	 N@5: 0.04641, R@5: 0.02463, P@5: 0.04384
valid 	 N@10: 0.04927, R@10: 0.04305, P@10: 0.03842
valid 	 N@15: 0.05452, R@15: 0.05855, P@15: 0.03499
valid 	 N@20: 0.05954, R@20: 0.07191, P@20: 0.03239

2023-11-04 16:01:08,715 - [INFO] - E:259|train_time: 54.34, VALID_time: 2.54, losses:-3.556, losses_emb:0.02714, best_valid(recall@20): 0.07245
valid 	 N@5: 0.04618, R@5: 0.02447, P@5: 0.04355
valid 	 N@10: 0.04919, R@10: 0.04315, P@10: 0.03835
valid 	 N@15: 0.05451, R@15: 0.0587, P@15: 0.03502
valid 	 N@20: 0.05944, R@20: 0.07178, P@20: 0.03238

2023-11-04 16:02:05,937 - [INFO] - E:260|train_time: 54.08, VALID_time: 3.069, losses:-3.556, losses_emb:0.02716, best_valid(recall@20): 0.07245
valid 	 N@5: 0.04639, R@5: 0.02464, P@5: 0.04365
valid 	 N@10: 0.04931, R@10: 0.04312, P@10: 0.03834
valid 	 N@15: 0.05461, R@15: 0.05859, P@15: 0.03501
valid 	 N@20: 0.05968, R@20: 0.0721, P@20: 0.03244

2023-11-04 16:03:02,392 - [INFO] - E:261|train_time: 53.39, VALID_time: 2.962, losses:-3.555, losses_emb:0.02717, best_valid(recall@20): 0.07245
valid 	 N@5: 0.04664, R@5: 0.02485, P@5: 0.04405
valid 	 N@10: 0.04951, R@10: 0.04334, P@10: 0.03858
valid 	 N@15: 0.05464, R@15: 0.05854, P@15: 0.03503
valid 	 N@20: 0.05966, R@20: 0.07199, P@20: 0.03241

2023-11-04 16:03:59,083 - [INFO] - E:262|train_time: 53.82, VALID_time: 2.763, losses:-3.556, losses_emb:0.02719, best_valid(recall@20): 0.07245
valid 	 N@5: 0.0464, R@5: 0.02473, P@5: 0.04392
valid 	 N@10: 0.04923, R@10: 0.04316, P@10: 0.03842
valid 	 N@15: 0.05443, R@15: 0.05849, P@15: 0.03496
valid 	 N@20: 0.05961, R@20: 0.07214, P@20: 0.03253

2023-11-04 16:04:55,179 - [INFO] - E:263|train_time: 53.53, VALID_time: 2.48, losses:-3.556, losses_emb:0.0272, best_valid(recall@20): 0.07245
valid 	 N@5: 0.04654, R@5: 0.02475, P@5: 0.04411
valid 	 N@10: 0.04933, R@10: 0.04324, P@10: 0.0385
valid 	 N@15: 0.05453, R@15: 0.05857, P@15: 0.03503
valid 	 N@20: 0.05961, R@20: 0.07202, P@20: 0.03249

2023-11-04 16:05:41,147 - [INFO] - E:264|train_time: 43.12, VALID_time: 2.769, losses:-3.556, losses_emb:0.02722, best_valid(recall@20): 0.07245
valid 	 N@5: 0.04668, R@5: 0.0247, P@5: 0.04409
valid 	 N@10: 0.0494, R@10: 0.04311, P@10: 0.03844
valid 	 N@15: 0.05465, R@15: 0.05857, P@15: 0.03503
valid 	 N@20: 0.05968, R@20: 0.07191, P@20: 0.03245

2023-11-04 16:06:26,186 - [INFO] - E:265|train_time: 42.42, VALID_time: 2.516, losses:-3.556, losses_emb:0.02723, best_valid(recall@20): 0.07245
valid 	 N@5: 0.04665, R@5: 0.02469, P@5: 0.04408
valid 	 N@10: 0.0493, R@10: 0.04316, P@10: 0.0383
valid 	 N@15: 0.0546, R@15: 0.05861, P@15: 0.03497
valid 	 N@20: 0.05968, R@20: 0.072, P@20: 0.03246

2023-11-04 16:07:11,299 - [INFO] - E:266|train_time: 42.16, VALID_time: 2.862, losses:-3.557, losses_emb:0.02725, best_valid(recall@20): 0.07245
valid 	 N@5: 0.04629, R@5: 0.02466, P@5: 0.04386
valid 	 N@10: 0.0491, R@10: 0.04303, P@10: 0.03827
valid 	 N@15: 0.05447, R@15: 0.05858, P@15: 0.03501
valid 	 N@20: 0.05948, R@20: 0.07185, P@20: 0.03242

2023-11-04 16:07:56,676 - [INFO] - E:267|train_time: 42.55, VALID_time: 2.722, losses:-3.556, losses_emb:0.02726, best_valid(recall@20): 0.07245
valid 	 N@5: 0.0465, R@5: 0.02472, P@5: 0.04399
valid 	 N@10: 0.04937, R@10: 0.04326, P@10: 0.03846
valid 	 N@15: 0.05465, R@15: 0.05862, P@15: 0.0351
valid 	 N@20: 0.05958, R@20: 0.07185, P@20: 0.03239

2023-11-04 16:08:42,177 - [INFO] - E:268|train_time: 43.05, VALID_time: 2.363, losses:-3.557, losses_emb:0.02728, best_valid(recall@20): 0.07245
valid 	 N@5: 0.04644, R@5: 0.02462, P@5: 0.04375
valid 	 N@10: 0.04943, R@10: 0.04325, P@10: 0.03852
valid 	 N@15: 0.05448, R@15: 0.05824, P@15: 0.03489
valid 	 N@20: 0.05963, R@20: 0.07189, P@20: 0.03243

2023-11-04 16:09:28,539 - [INFO] - E:269|train_time: 44.1, VALID_time: 2.179, losses:-3.557, losses_emb:0.02729, best_valid(recall@20): 0.07245
valid 	 N@5: 0.04651, R@5: 0.0247, P@5: 0.04396
valid 	 N@10: 0.04931, R@10: 0.04318, P@10: 0.03842
valid 	 N@15: 0.05445, R@15: 0.05839, P@15: 0.0349
valid 	 N@20: 0.05955, R@20: 0.07188, P@20: 0.0324

2023-11-04 16:10:14,366 - [INFO] - E:270|train_time: 43.81, VALID_time: 1.922, losses:-3.557, losses_emb:0.02731, best_valid(recall@20): 0.07245
valid 	 N@5: 0.04632, R@5: 0.02457, P@5: 0.04373
valid 	 N@10: 0.04924, R@10: 0.04322, P@10: 0.03839
valid 	 N@15: 0.05456, R@15: 0.05867, P@15: 0.03507
valid 	 N@20: 0.05957, R@20: 0.07204, P@20: 0.03244

2023-11-04 16:10:14,366 - [INFO] - start to test!!

2023-11-04 16:10:15,618 - [INFO] - 
TEST 	 N@5: 0.04668, R@5: 0.02472, P@5: 0.04399
TEST 	 N@10: 0.04933, R@10: 0.04288, P@10: 0.0383
TEST 	 N@15: 0.05466, R@15: 0.05856, P@15: 0.03498
TEST 	 N@20: 0.0599, R@20: 0.07245, P@20: 0.03255

