2023-11-04 16:10:19,040 - [INFO] - {'dataset': 'yelp2018', 'data_path': './data/', 'name': 'ICDE_rebuttal_yelp2018_DRO_POS_mf_frame_t1_0.11_t2_1.00_t3_1.0_1024_800_lr_1e-4_l2_1e-3_DROP_False_MODE_multi_04_11_2023_16:10:19', 'train_ratio': 0.8, 'gnn': 'mf_frame', 'epoch': 1000, 'batch_size': 1024, 'test_batch_size': 2048, 'dim': 64, 'l2': 0.001, 'lr': 0.0001, 'mess_dropout': True, 'mess_dropout_rate': 0.1, 'edge_dropout': False, 'edge_dropout_rate': 0.1, 'batch_test_flag': True, 'ns': 'mixgcf', 'K': 1, 'n_negs': 800, 'pool': 'mean', 'cuda': True, 'gpu_id': 0, 'Ks': '[5, 10, 15, 20]', 'test_flag': 'part', 'context_hops': 3, 'eval_earlystop': 'recall@20', 'tau_plus': 0.1, 'temperature': 0.11, 'beta': 1.0, 'sample_num': 2048, 's_neg': 64, 's_pos': 64, 'norm_change': False, 'norm_path': None, 'u_norm': True, 'i_norm': True, 'alpha': 0.1, 'save': False, 'save_analyses': False, 'log_hard_rate': False, 'norm_before': False, 'norm_after': False, 'batch_var': False, 'out_dir': './weights/', 'log_dir': './log_pos/', 'config_dir': './config/', 'restore': False, 'bash_train': False, 'emb_l2': False, 'lam': 0.1, 'lam_per_epoch': 0.1, 'margin': 0.9, 'negative_weight': 150, 'loss_fn': 'Pos_DROLoss', 'sampling_method': 'uniform', 'load_name': 'uniform', 'generate_mode': 'cosine', 'reweight_period': 5, 'mix_target': 'mix_target', 'mask_distribution': 'mask_distribution', 'neg_alpha': 1.6, 'pos_alpha': 2.0, 'dim_mask': 'both', 'expolation_mask': False, 'mix_replace': False, 'save_emb': False, 'sample_replace': False, 'init_norm': 'uniform', 'init_mean': 2.0, 'init_std': 2.0, 'pop_pow': 1.0, 'save_mle': False, 'l2_mode': 'static', 'temperature_2': 1.0, 'temperature_3': 1.0, 'group_valid': False, 'score_save': 'alpha', 'tau_min': 0.05, 'tau_max': 0.15, 'm': 0.9, 'pow_rate': 0.9, 't_min': 0.05, 't_max': 0.15, 't_epoch': 0.01, 't_patience': 50, 'tau_mode': 'static', 'pos_num': 10, 'beta_1': 10, 'beta_2': 10, 'kl_mode': 'kl', 'lam_bank': False, 'neg_rate': '', 'trans_mode': 'else', 'group_mode': 'equal_pop', 'pos_mode': 'multi', 'group_mix_mode': 'v1', 'kl_memory_fun': 'v0', 'm_tau': 0.9, 'loss_re': False, 'min_lr': 1e-06, 'cnt_lr': 10, 'group_num': 10, 'w1': 0.9, 'w2': 0.9, 'w3': 0.9, 'w4': 0.9, 'negative_weight2': 0.9, 'gamma': 0.9, 'lambda_': 0.9, 'initial_weight': 0.9, 'ii_neighbor_num': 0.9, 'bool_sigmoid': 1, 'bool_normalized': 1, 'bool_omega': 1, 'lambda_thresh': 10.0, 'lam_epoch': 5, 'add_epoch': 5, 'bool_save': 1, 'lambda_mode': 1, 'pos_prob': 1.0}
2023-11-04 16:10:21,541 - [INFO] - load train.txt
2023-11-04 16:10:27,103 - [INFO] - building the adj mat ...
2023-11-04 16:10:27,740 - [INFO] - train set len is 1237259
2023-11-04 16:10:27,740 - [INFO] - test set len is 324147
2023-11-04 16:10:27,740 - [INFO] - loading over ...
2023-11-04 16:10:27,741 - [INFO] - users are 31668 items are 38048
Here is Pos_DROLoss loss
tau_1	tau_2 tau_3 	 is 0.11	1.0	 1.0 loss_re False MODE multi
2023-11-04 16:10:36,034 - [INFO] - Evaluation Protocols is 1 @ 20
2023-11-04 16:10:36,037 - [INFO] - start training ...
2023-11-04 16:11:23,423 - [INFO] - E:0|train_time: 45.26, VALID_time: 2.03, losses:0.4635, losses_emb:0.001482, best_valid(recall@20): -inf
valid 	 N@5: 0.003482, R@5: 0.001298, P@5: 0.003423
valid 	 N@10: 0.003547, R@10: 0.002372, P@10: 0.003132
valid 	 N@15: 0.00388, R@15: 0.003477, P@15: 0.003046
valid 	 N@20: 0.004188, R@20: 0.004434, P@20: 0.002905

2023-11-04 16:12:09,608 - [INFO] - E:1|train_time: 43.65, VALID_time: 2.412, losses:-1.642, losses_emb:0.001743, best_valid(recall@20): 0.004434
valid 	 N@5: 0.01957, R@5: 0.009266, P@5: 0.01913
valid 	 N@10: 0.02095, R@10: 0.01736, P@10: 0.01773
valid 	 N@15: 0.02327, R@15: 0.02449, P@15: 0.01661
valid 	 N@20: 0.02595, R@20: 0.03162, P@20: 0.01595

2023-11-04 16:12:56,666 - [INFO] - E:2|train_time: 44.44, VALID_time: 2.491, losses:-2.697, losses_emb:0.001968, best_valid(recall@20): 0.03162
valid 	 N@5: 0.02896, R@5: 0.01475, P@5: 0.02783
valid 	 N@10: 0.03072, R@10: 0.02628, P@10: 0.0248
valid 	 N@15: 0.03409, R@15: 0.03637, P@15: 0.02291
valid 	 N@20: 0.0376, R@20: 0.0457, P@20: 0.0216

2023-11-04 16:13:43,562 - [INFO] - E:3|train_time: 44.04, VALID_time: 2.726, losses:-3.023, losses_emb:0.002198, best_valid(recall@20): 0.0457
valid 	 N@5: 0.03313, R@5: 0.01719, P@5: 0.0315
valid 	 N@10: 0.03556, R@10: 0.03081, P@10: 0.02832
valid 	 N@15: 0.03973, R@15: 0.04278, P@15: 0.02625
valid 	 N@20: 0.04409, R@20: 0.05425, P@20: 0.02485

2023-11-04 16:14:29,084 - [INFO] - E:4|train_time: 42.94, VALID_time: 2.444, losses:-3.172, losses_emb:0.00244, best_valid(recall@20): 0.05425
valid 	 N@5: 0.03649, R@5: 0.01909, P@5: 0.03476
valid 	 N@10: 0.03882, R@10: 0.03384, P@10: 0.03064
valid 	 N@15: 0.04337, R@15: 0.04688, P@15: 0.02838
valid 	 N@20: 0.04788, R@20: 0.05869, P@20: 0.02671

2023-11-04 16:15:14,274 - [INFO] - E:5|train_time: 42.39, VALID_time: 2.648, losses:-3.255, losses_emb:0.002688, best_valid(recall@20): 0.05869
valid 	 N@5: 0.03802, R@5: 0.01997, P@5: 0.03621
valid 	 N@10: 0.04082, R@10: 0.03587, P@10: 0.03235
valid 	 N@15: 0.04548, R@15: 0.04935, P@15: 0.0298
valid 	 N@20: 0.05006, R@20: 0.06149, P@20: 0.02787

2023-11-04 16:15:58,889 - [INFO] - E:6|train_time: 42.45, VALID_time: 2.045, losses:-3.308, losses_emb:0.002939, best_valid(recall@20): 0.06149
valid 	 N@5: 0.03966, R@5: 0.02076, P@5: 0.03741
valid 	 N@10: 0.04231, R@10: 0.03701, P@10: 0.03313
valid 	 N@15: 0.0472, R@15: 0.05096, P@15: 0.03066
valid 	 N@20: 0.0517, R@20: 0.06296, P@20: 0.02847

2023-11-04 16:16:45,200 - [INFO] - E:7|train_time: 43.81, VALID_time: 2.367, losses:-3.346, losses_emb:0.003191, best_valid(recall@20): 0.06296
valid 	 N@5: 0.04041, R@5: 0.02132, P@5: 0.03825
valid 	 N@10: 0.0431, R@10: 0.03777, P@10: 0.03374
valid 	 N@15: 0.04814, R@15: 0.05224, P@15: 0.03115
valid 	 N@20: 0.05299, R@20: 0.06487, P@20: 0.02921

2023-11-04 16:17:31,234 - [INFO] - E:8|train_time: 43.92, VALID_time: 1.98, losses:-3.374, losses_emb:0.003442, best_valid(recall@20): 0.06487
valid 	 N@5: 0.04071, R@5: 0.02171, P@5: 0.03885
valid 	 N@10: 0.04365, R@10: 0.03842, P@10: 0.03445
valid 	 N@15: 0.04859, R@15: 0.05273, P@15: 0.0316
valid 	 N@20: 0.0534, R@20: 0.06538, P@20: 0.02952

2023-11-04 16:18:17,065 - [INFO] - E:9|train_time: 43.15, VALID_time: 2.568, losses:-3.397, losses_emb:0.003694, best_valid(recall@20): 0.06538
valid 	 N@5: 0.04148, R@5: 0.02208, P@5: 0.03955
valid 	 N@10: 0.04427, R@10: 0.039, P@10: 0.03481
valid 	 N@15: 0.0493, R@15: 0.05352, P@15: 0.03202
valid 	 N@20: 0.05413, R@20: 0.0663, P@20: 0.02983

2023-11-04 16:19:02,332 - [INFO] - E:10|train_time: 42.11, VALID_time: 3.028, losses:-3.415, losses_emb:0.003945, best_valid(recall@20): 0.0663
valid 	 N@5: 0.04163, R@5: 0.0221, P@5: 0.03959
valid 	 N@10: 0.04473, R@10: 0.0394, P@10: 0.03524
valid 	 N@15: 0.05002, R@15: 0.05457, P@15: 0.03254
valid 	 N@20: 0.05496, R@20: 0.06758, P@20: 0.03035

2023-11-04 16:19:48,162 - [INFO] - E:11|train_time: 43.45, VALID_time: 2.209, losses:-3.43, losses_emb:0.004194, best_valid(recall@20): 0.06758
valid 	 N@5: 0.04229, R@5: 0.02228, P@5: 0.04013
valid 	 N@10: 0.04504, R@10: 0.03939, P@10: 0.03534
valid 	 N@15: 0.05021, R@15: 0.05434, P@15: 0.03254
valid 	 N@20: 0.05536, R@20: 0.06787, P@20: 0.03052

2023-11-04 16:20:34,145 - [INFO] - E:12|train_time: 43.64, VALID_time: 2.189, losses:-3.443, losses_emb:0.004443, best_valid(recall@20): 0.06787
valid 	 N@5: 0.04227, R@5: 0.02231, P@5: 0.04003
valid 	 N@10: 0.04532, R@10: 0.03985, P@10: 0.03558
valid 	 N@15: 0.05074, R@15: 0.05526, P@15: 0.03293
valid 	 N@20: 0.05569, R@20: 0.06824, P@20: 0.0307

2023-11-04 16:21:19,315 - [INFO] - E:13|train_time: 42.78, VALID_time: 2.271, losses:-3.454, losses_emb:0.004692, best_valid(recall@20): 0.06824
valid 	 N@5: 0.04232, R@5: 0.02237, P@5: 0.03997
valid 	 N@10: 0.04551, R@10: 0.04009, P@10: 0.03575
valid 	 N@15: 0.05083, R@15: 0.05531, P@15: 0.03295
valid 	 N@20: 0.05589, R@20: 0.06855, P@20: 0.03079

2023-11-04 16:22:04,217 - [INFO] - E:14|train_time: 42.94, VALID_time: 1.843, losses:-3.464, losses_emb:0.004939, best_valid(recall@20): 0.06855
valid 	 N@5: 0.04288, R@5: 0.02249, P@5: 0.04046
valid 	 N@10: 0.04593, R@10: 0.04024, P@10: 0.03599
valid 	 N@15: 0.05105, R@15: 0.0552, P@15: 0.033
valid 	 N@20: 0.05608, R@20: 0.06858, P@20: 0.03077

2023-11-04 16:22:49,352 - [INFO] - E:15|train_time: 42.33, VALID_time: 2.678, losses:-3.473, losses_emb:0.005185, best_valid(recall@20): 0.06858
valid 	 N@5: 0.04284, R@5: 0.0226, P@5: 0.04047
valid 	 N@10: 0.04584, R@10: 0.04021, P@10: 0.0359
valid 	 N@15: 0.05113, R@15: 0.05541, P@15: 0.03307
valid 	 N@20: 0.05626, R@20: 0.0688, P@20: 0.03098

2023-11-04 16:23:36,219 - [INFO] - E:16|train_time: 43.4, VALID_time: 3.32, losses:-3.48, losses_emb:0.005429, best_valid(recall@20): 0.0688
valid 	 N@5: 0.04324, R@5: 0.02271, P@5: 0.04083
valid 	 N@10: 0.04594, R@10: 0.04009, P@10: 0.03596
valid 	 N@15: 0.05131, R@15: 0.05552, P@15: 0.03316
valid 	 N@20: 0.05651, R@20: 0.06918, P@20: 0.03107

2023-11-04 16:24:23,257 - [INFO] - E:17|train_time: 44.15, VALID_time: 2.727, losses:-3.488, losses_emb:0.005672, best_valid(recall@20): 0.06918
valid 	 N@5: 0.04358, R@5: 0.02299, P@5: 0.0413
valid 	 N@10: 0.04621, R@10: 0.04033, P@10: 0.03621
valid 	 N@15: 0.0515, R@15: 0.05573, P@15: 0.03326
valid 	 N@20: 0.05676, R@20: 0.06948, P@20: 0.03122

2023-11-04 16:25:10,140 - [INFO] - E:18|train_time: 44.18, VALID_time: 2.57, losses:-3.495, losses_emb:0.005914, best_valid(recall@20): 0.06948
valid 	 N@5: 0.04352, R@5: 0.02297, P@5: 0.04123
valid 	 N@10: 0.04641, R@10: 0.04071, P@10: 0.0364
valid 	 N@15: 0.05156, R@15: 0.05577, P@15: 0.03327
valid 	 N@20: 0.0568, R@20: 0.06941, P@20: 0.03125

2023-11-04 16:25:55,646 - [INFO] - E:19|train_time: 43.57, VALID_time: 1.818, losses:-3.501, losses_emb:0.006154, best_valid(recall@20): 0.06948
valid 	 N@5: 0.04342, R@5: 0.02285, P@5: 0.04086
valid 	 N@10: 0.04646, R@10: 0.04055, P@10: 0.03638
valid 	 N@15: 0.05173, R@15: 0.05581, P@15: 0.03342
valid 	 N@20: 0.05681, R@20: 0.06919, P@20: 0.03118

2023-11-04 16:26:39,903 - [INFO] - E:20|train_time: 42.9, VALID_time: 1.26, losses:-3.506, losses_emb:0.006393, best_valid(recall@20): 0.06948
valid 	 N@5: 0.04367, R@5: 0.02312, P@5: 0.04142
valid 	 N@10: 0.04633, R@10: 0.04049, P@10: 0.03628
valid 	 N@15: 0.05178, R@15: 0.05608, P@15: 0.03351
valid 	 N@20: 0.05679, R@20: 0.06932, P@20: 0.03118

2023-11-04 16:27:24,521 - [INFO] - E:21|train_time: 42.49, VALID_time: 2.082, losses:-3.511, losses_emb:0.006629, best_valid(recall@20): 0.06948
valid 	 N@5: 0.04366, R@5: 0.02288, P@5: 0.0413
valid 	 N@10: 0.04663, R@10: 0.04079, P@10: 0.03661
valid 	 N@15: 0.05191, R@15: 0.05614, P@15: 0.03358
valid 	 N@20: 0.05697, R@20: 0.06956, P@20: 0.03127

2023-11-04 16:28:09,000 - [INFO] - E:22|train_time: 42.46, VALID_time: 1.882, losses:-3.515, losses_emb:0.006864, best_valid(recall@20): 0.06956
valid 	 N@5: 0.04361, R@5: 0.02283, P@5: 0.04123
valid 	 N@10: 0.04652, R@10: 0.04066, P@10: 0.03649
valid 	 N@15: 0.05175, R@15: 0.05598, P@15: 0.03345
valid 	 N@20: 0.05677, R@20: 0.06932, P@20: 0.03113

2023-11-04 16:28:54,825 - [INFO] - E:23|train_time: 44.06, VALID_time: 1.7, losses:-3.519, losses_emb:0.007098, best_valid(recall@20): 0.06956
valid 	 N@5: 0.04384, R@5: 0.02311, P@5: 0.04142
valid 	 N@10: 0.04682, R@10: 0.04092, P@10: 0.03675
valid 	 N@15: 0.05192, R@15: 0.05603, P@15: 0.03355
valid 	 N@20: 0.05694, R@20: 0.06933, P@20: 0.03123

2023-11-04 16:29:40,463 - [INFO] - E:24|train_time: 42.62, VALID_time: 2.941, losses:-3.524, losses_emb:0.00733, best_valid(recall@20): 0.06956
valid 	 N@5: 0.0438, R@5: 0.02322, P@5: 0.04154
valid 	 N@10: 0.04676, R@10: 0.04088, P@10: 0.03673
valid 	 N@15: 0.05208, R@15: 0.05635, P@15: 0.0337
valid 	 N@20: 0.05719, R@20: 0.06985, P@20: 0.03143

2023-11-04 16:30:25,163 - [INFO] - E:25|train_time: 42.04, VALID_time: 2.508, losses:-3.527, losses_emb:0.007559, best_valid(recall@20): 0.06985
valid 	 N@5: 0.0439, R@5: 0.02321, P@5: 0.04155
valid 	 N@10: 0.04686, R@10: 0.04114, P@10: 0.03678
valid 	 N@15: 0.05206, R@15: 0.05634, P@15: 0.03363
valid 	 N@20: 0.05706, R@20: 0.06961, P@20: 0.03126

2023-11-04 16:31:10,071 - [INFO] - E:26|train_time: 42.2, VALID_time: 2.615, losses:-3.531, losses_emb:0.007788, best_valid(recall@20): 0.06985
valid 	 N@5: 0.044, R@5: 0.02328, P@5: 0.04167
valid 	 N@10: 0.04699, R@10: 0.04125, P@10: 0.03689
valid 	 N@15: 0.05211, R@15: 0.05627, P@15: 0.03365
valid 	 N@20: 0.0573, R@20: 0.06982, P@20: 0.03149

2023-11-04 16:31:56,273 - [INFO] - E:27|train_time: 43.44, VALID_time: 2.667, losses:-3.534, losses_emb:0.008014, best_valid(recall@20): 0.06985
valid 	 N@5: 0.04408, R@5: 0.02346, P@5: 0.04194
valid 	 N@10: 0.04675, R@10: 0.04092, P@10: 0.03662
valid 	 N@15: 0.052, R@15: 0.05619, P@15: 0.03353
valid 	 N@20: 0.05739, R@20: 0.07025, P@20: 0.03149

2023-11-04 16:32:43,471 - [INFO] - E:28|train_time: 44.65, VALID_time: 2.407, losses:-3.537, losses_emb:0.008238, best_valid(recall@20): 0.07025
valid 	 N@5: 0.04465, R@5: 0.02348, P@5: 0.04214
valid 	 N@10: 0.04726, R@10: 0.04112, P@10: 0.03679
valid 	 N@15: 0.05255, R@15: 0.05654, P@15: 0.03377
valid 	 N@20: 0.05762, R@20: 0.06995, P@20: 0.03144

2023-11-04 16:33:28,525 - [INFO] - E:29|train_time: 42.87, VALID_time: 2.116, losses:-3.541, losses_emb:0.008461, best_valid(recall@20): 0.07025
valid 	 N@5: 0.04469, R@5: 0.02348, P@5: 0.04221
valid 	 N@10: 0.04732, R@10: 0.04121, P@10: 0.0369
valid 	 N@15: 0.05246, R@15: 0.05633, P@15: 0.03371
valid 	 N@20: 0.05786, R@20: 0.07047, P@20: 0.03166

2023-11-04 16:34:15,002 - [INFO] - E:30|train_time: 44.26, VALID_time: 2.103, losses:-3.543, losses_emb:0.008681, best_valid(recall@20): 0.07047
valid 	 N@5: 0.04425, R@5: 0.02316, P@5: 0.04188
valid 	 N@10: 0.04702, R@10: 0.04098, P@10: 0.03681
valid 	 N@15: 0.05231, R@15: 0.05644, P@15: 0.03377
valid 	 N@20: 0.0576, R@20: 0.07029, P@20: 0.03165

2023-11-04 16:34:59,771 - [INFO] - E:31|train_time: 42.24, VALID_time: 2.445, losses:-3.545, losses_emb:0.0089, best_valid(recall@20): 0.07047
valid 	 N@5: 0.04442, R@5: 0.02346, P@5: 0.04203
valid 	 N@10: 0.04727, R@10: 0.04126, P@10: 0.03701
valid 	 N@15: 0.05255, R@15: 0.05667, P@15: 0.03389
valid 	 N@20: 0.0577, R@20: 0.07023, P@20: 0.03163

2023-11-04 16:35:45,727 - [INFO] - E:32|train_time: 43.5, VALID_time: 2.354, losses:-3.549, losses_emb:0.009116, best_valid(recall@20): 0.07047
valid 	 N@5: 0.04441, R@5: 0.02339, P@5: 0.0419
valid 	 N@10: 0.04725, R@10: 0.04121, P@10: 0.03695
valid 	 N@15: 0.05252, R@15: 0.05654, P@15: 0.03387
valid 	 N@20: 0.05771, R@20: 0.07026, P@20: 0.03164

2023-11-04 16:36:30,600 - [INFO] - E:33|train_time: 42.57, VALID_time: 2.215, losses:-3.55, losses_emb:0.009332, best_valid(recall@20): 0.07047
valid 	 N@5: 0.04438, R@5: 0.02332, P@5: 0.04182
valid 	 N@10: 0.04724, R@10: 0.04116, P@10: 0.03698
valid 	 N@15: 0.05253, R@15: 0.05661, P@15: 0.03384
valid 	 N@20: 0.05763, R@20: 0.07009, P@20: 0.03153

2023-11-04 16:37:13,606 - [INFO] - E:34|train_time: 40.73, VALID_time: 2.16, losses:-3.553, losses_emb:0.009544, best_valid(recall@20): 0.07047
valid 	 N@5: 0.04405, R@5: 0.02326, P@5: 0.04179
valid 	 N@10: 0.04692, R@10: 0.04099, P@10: 0.03685
valid 	 N@15: 0.05227, R@15: 0.05651, P@15: 0.03385
valid 	 N@20: 0.05745, R@20: 0.07022, P@20: 0.03159

2023-11-04 16:37:59,891 - [INFO] - E:35|train_time: 43.77, VALID_time: 2.416, losses:-3.555, losses_emb:0.009755, best_valid(recall@20): 0.07047
valid 	 N@5: 0.04425, R@5: 0.0234, P@5: 0.04177
valid 	 N@10: 0.04721, R@10: 0.04127, P@10: 0.03698
valid 	 N@15: 0.0525, R@15: 0.05661, P@15: 0.03391
valid 	 N@20: 0.05782, R@20: 0.07053, P@20: 0.03177

2023-11-04 16:38:46,793 - [INFO] - E:36|train_time: 43.75, VALID_time: 3.01, losses:-3.558, losses_emb:0.009964, best_valid(recall@20): 0.07053
valid 	 N@5: 0.04426, R@5: 0.02329, P@5: 0.04178
valid 	 N@10: 0.04722, R@10: 0.04133, P@10: 0.037
valid 	 N@15: 0.05238, R@15: 0.0564, P@15: 0.03378
valid 	 N@20: 0.05758, R@20: 0.07008, P@20: 0.03159

2023-11-04 16:39:32,914 - [INFO] - E:37|train_time: 43.92, VALID_time: 2.09, losses:-3.56, losses_emb:0.01017, best_valid(recall@20): 0.07053
valid 	 N@5: 0.04451, R@5: 0.02357, P@5: 0.04212
valid 	 N@10: 0.04731, R@10: 0.04127, P@10: 0.03701
valid 	 N@15: 0.05248, R@15: 0.05642, P@15: 0.03382
valid 	 N@20: 0.05772, R@20: 0.07022, P@20: 0.03162

2023-11-04 16:40:20,482 - [INFO] - E:38|train_time: 44.45, VALID_time: 3.037, losses:-3.561, losses_emb:0.01038, best_valid(recall@20): 0.07053
valid 	 N@5: 0.04444, R@5: 0.02345, P@5: 0.04205
valid 	 N@10: 0.04738, R@10: 0.04131, P@10: 0.03706
valid 	 N@15: 0.05262, R@15: 0.05665, P@15: 0.03388
valid 	 N@20: 0.05789, R@20: 0.07045, P@20: 0.03171

2023-11-04 16:41:08,796 - [INFO] - E:39|train_time: 45.61, VALID_time: 2.569, losses:-3.563, losses_emb:0.01058, best_valid(recall@20): 0.07053
valid 	 N@5: 0.04476, R@5: 0.02374, P@5: 0.04232
valid 	 N@10: 0.04739, R@10: 0.04135, P@10: 0.03696
valid 	 N@15: 0.05269, R@15: 0.05664, P@15: 0.03392
valid 	 N@20: 0.05794, R@20: 0.07042, P@20: 0.03171

2023-11-04 16:41:54,737 - [INFO] - E:40|train_time: 43.53, VALID_time: 2.322, losses:-3.565, losses_emb:0.01078, best_valid(recall@20): 0.07053
valid 	 N@5: 0.04442, R@5: 0.0235, P@5: 0.04207
valid 	 N@10: 0.04733, R@10: 0.04153, P@10: 0.03707
valid 	 N@15: 0.05276, R@15: 0.05713, P@15: 0.03412
valid 	 N@20: 0.05781, R@20: 0.07046, P@20: 0.0317

2023-11-04 16:42:42,781 - [INFO] - E:41|train_time: 44.17, VALID_time: 3.772, losses:-3.567, losses_emb:0.01098, best_valid(recall@20): 0.07053
valid 	 N@5: 0.04443, R@5: 0.02356, P@5: 0.04215
valid 	 N@10: 0.04738, R@10: 0.04148, P@10: 0.03713
valid 	 N@15: 0.05262, R@15: 0.05675, P@15: 0.03395
valid 	 N@20: 0.05794, R@20: 0.07062, P@20: 0.03181

2023-11-04 16:43:29,845 - [INFO] - E:42|train_time: 44.0, VALID_time: 2.911, losses:-3.568, losses_emb:0.01118, best_valid(recall@20): 0.07062
valid 	 N@5: 0.04457, R@5: 0.02355, P@5: 0.04218
valid 	 N@10: 0.04739, R@10: 0.04134, P@10: 0.03709
valid 	 N@15: 0.05268, R@15: 0.0568, P@15: 0.03398
valid 	 N@20: 0.0581, R@20: 0.07097, P@20: 0.03192

2023-11-04 16:44:17,623 - [INFO] - E:43|train_time: 44.72, VALID_time: 2.89, losses:-3.57, losses_emb:0.01137, best_valid(recall@20): 0.07097
valid 	 N@5: 0.04454, R@5: 0.02356, P@5: 0.04226
valid 	 N@10: 0.0472, R@10: 0.04119, P@10: 0.03695
valid 	 N@15: 0.05256, R@15: 0.0567, P@15: 0.03397
valid 	 N@20: 0.05801, R@20: 0.07102, P@20: 0.03188

2023-11-04 16:45:04,719 - [INFO] - E:44|train_time: 44.54, VALID_time: 2.4, losses:-3.571, losses_emb:0.01156, best_valid(recall@20): 0.07102
valid 	 N@5: 0.04482, R@5: 0.02387, P@5: 0.0425
valid 	 N@10: 0.04759, R@10: 0.0416, P@10: 0.0372
valid 	 N@15: 0.05273, R@15: 0.05665, P@15: 0.03391
valid 	 N@20: 0.05813, R@20: 0.07079, P@20: 0.03182

2023-11-04 16:45:52,582 - [INFO] - E:45|train_time: 45.2, VALID_time: 2.53, losses:-3.572, losses_emb:0.01175, best_valid(recall@20): 0.07102
valid 	 N@5: 0.04499, R@5: 0.02398, P@5: 0.04265
valid 	 N@10: 0.04774, R@10: 0.04178, P@10: 0.03729
valid 	 N@15: 0.05293, R@15: 0.05688, P@15: 0.03406
valid 	 N@20: 0.05828, R@20: 0.07092, P@20: 0.03188

2023-11-04 16:46:39,112 - [INFO] - E:46|train_time: 43.94, VALID_time: 2.469, losses:-3.574, losses_emb:0.01194, best_valid(recall@20): 0.07102
valid 	 N@5: 0.04438, R@5: 0.02359, P@5: 0.04208
valid 	 N@10: 0.04743, R@10: 0.04165, P@10: 0.03717
valid 	 N@15: 0.05268, R@15: 0.05675, P@15: 0.03403
valid 	 N@20: 0.05798, R@20: 0.07067, P@20: 0.03183

2023-11-04 16:47:24,989 - [INFO] - E:47|train_time: 42.88, VALID_time: 2.927, losses:-3.575, losses_emb:0.01213, best_valid(recall@20): 0.07102
valid 	 N@5: 0.04474, R@5: 0.02374, P@5: 0.04235
valid 	 N@10: 0.0477, R@10: 0.04182, P@10: 0.03736
valid 	 N@15: 0.05284, R@15: 0.05687, P@15: 0.034
valid 	 N@20: 0.05815, R@20: 0.0708, P@20: 0.03183

2023-11-04 16:48:12,386 - [INFO] - E:48|train_time: 44.85, VALID_time: 2.448, losses:-3.577, losses_emb:0.01232, best_valid(recall@20): 0.07102
valid 	 N@5: 0.04469, R@5: 0.02368, P@5: 0.04228
valid 	 N@10: 0.04769, R@10: 0.04189, P@10: 0.03729
valid 	 N@15: 0.05293, R@15: 0.05711, P@15: 0.03404
valid 	 N@20: 0.05812, R@20: 0.07076, P@20: 0.03178

2023-11-04 16:48:58,781 - [INFO] - E:49|train_time: 43.97, VALID_time: 2.289, losses:-3.578, losses_emb:0.0125, best_valid(recall@20): 0.07102
valid 	 N@5: 0.04471, R@5: 0.02369, P@5: 0.04233
valid 	 N@10: 0.04767, R@10: 0.04178, P@10: 0.03733
valid 	 N@15: 0.05297, R@15: 0.05722, P@15: 0.03414
valid 	 N@20: 0.05825, R@20: 0.07113, P@20: 0.03189

2023-11-04 16:49:45,960 - [INFO] - E:50|train_time: 44.06, VALID_time: 3.016, losses:-3.58, losses_emb:0.01268, best_valid(recall@20): 0.07113
valid 	 N@5: 0.04476, R@5: 0.02379, P@5: 0.04255
valid 	 N@10: 0.04755, R@10: 0.04168, P@10: 0.03718
valid 	 N@15: 0.05283, R@15: 0.05692, P@15: 0.03406
valid 	 N@20: 0.0582, R@20: 0.07099, P@20: 0.03191

2023-11-04 16:50:32,455 - [INFO] - E:51|train_time: 43.61, VALID_time: 2.794, losses:-3.581, losses_emb:0.01286, best_valid(recall@20): 0.07113
valid 	 N@5: 0.04475, R@5: 0.02376, P@5: 0.04251
valid 	 N@10: 0.04743, R@10: 0.04158, P@10: 0.0371
valid 	 N@15: 0.05285, R@15: 0.05711, P@15: 0.03411
valid 	 N@20: 0.05818, R@20: 0.07098, P@20: 0.03197

2023-11-04 16:51:20,874 - [INFO] - E:52|train_time: 45.0, VALID_time: 3.307, losses:-3.581, losses_emb:0.01304, best_valid(recall@20): 0.07113
valid 	 N@5: 0.04464, R@5: 0.02368, P@5: 0.0423
valid 	 N@10: 0.04776, R@10: 0.04207, P@10: 0.03746
valid 	 N@15: 0.05295, R@15: 0.05717, P@15: 0.03415
valid 	 N@20: 0.05822, R@20: 0.07094, P@20: 0.03191

2023-11-04 16:52:08,239 - [INFO] - E:53|train_time: 44.33, VALID_time: 2.915, losses:-3.582, losses_emb:0.01321, best_valid(recall@20): 0.07113
valid 	 N@5: 0.04496, R@5: 0.02371, P@5: 0.04233
valid 	 N@10: 0.04786, R@10: 0.04182, P@10: 0.03731
valid 	 N@15: 0.05294, R@15: 0.05683, P@15: 0.03393
valid 	 N@20: 0.05827, R@20: 0.07077, P@20: 0.03184

2023-11-04 16:52:54,893 - [INFO] - E:54|train_time: 44.16, VALID_time: 2.367, losses:-3.583, losses_emb:0.01338, best_valid(recall@20): 0.07113
valid 	 N@5: 0.04495, R@5: 0.02361, P@5: 0.04231
valid 	 N@10: 0.04789, R@10: 0.04184, P@10: 0.03738
valid 	 N@15: 0.05309, R@15: 0.05707, P@15: 0.0341
valid 	 N@20: 0.0584, R@20: 0.07101, P@20: 0.03193

2023-11-04 16:53:41,911 - [INFO] - E:55|train_time: 44.4, VALID_time: 2.515, losses:-3.584, losses_emb:0.01356, best_valid(recall@20): 0.07113
valid 	 N@5: 0.04509, R@5: 0.02386, P@5: 0.04274
valid 	 N@10: 0.04787, R@10: 0.04189, P@10: 0.03746
valid 	 N@15: 0.05304, R@15: 0.05702, P@15: 0.03417
valid 	 N@20: 0.05826, R@20: 0.07084, P@20: 0.03188

2023-11-04 16:54:28,600 - [INFO] - E:56|train_time: 43.22, VALID_time: 3.37, losses:-3.586, losses_emb:0.01373, best_valid(recall@20): 0.07113
valid 	 N@5: 0.04497, R@5: 0.02377, P@5: 0.0425
valid 	 N@10: 0.04792, R@10: 0.04207, P@10: 0.03746
valid 	 N@15: 0.05324, R@15: 0.05746, P@15: 0.0343
valid 	 N@20: 0.0584, R@20: 0.07103, P@20: 0.03195

2023-11-04 16:55:15,722 - [INFO] - E:57|train_time: 44.66, VALID_time: 2.367, losses:-3.586, losses_emb:0.01389, best_valid(recall@20): 0.07113
valid 	 N@5: 0.0448, R@5: 0.02379, P@5: 0.0424
valid 	 N@10: 0.04787, R@10: 0.0421, P@10: 0.03742
valid 	 N@15: 0.05326, R@15: 0.05752, P@15: 0.03434
valid 	 N@20: 0.05829, R@20: 0.0708, P@20: 0.0319

2023-11-04 16:56:02,321 - [INFO] - E:58|train_time: 44.35, VALID_time: 2.141, losses:-3.588, losses_emb:0.01406, best_valid(recall@20): 0.07113
valid 	 N@5: 0.04503, R@5: 0.0238, P@5: 0.04253
valid 	 N@10: 0.04786, R@10: 0.04178, P@10: 0.03733
valid 	 N@15: 0.05334, R@15: 0.05751, P@15: 0.03436
valid 	 N@20: 0.05844, R@20: 0.07102, P@20: 0.03194

2023-11-04 16:56:49,784 - [INFO] - E:59|train_time: 44.77, VALID_time: 2.586, losses:-3.588, losses_emb:0.01422, best_valid(recall@20): 0.07113
valid 	 N@5: 0.04516, R@5: 0.02404, P@5: 0.04274
valid 	 N@10: 0.04795, R@10: 0.04182, P@10: 0.03748
valid 	 N@15: 0.05326, R@15: 0.05735, P@15: 0.03427
valid 	 N@20: 0.05837, R@20: 0.07079, P@20: 0.03191

2023-11-04 16:57:36,295 - [INFO] - E:60|train_time: 43.61, VALID_time: 2.787, losses:-3.589, losses_emb:0.01438, best_valid(recall@20): 0.07113
valid 	 N@5: 0.04482, R@5: 0.02387, P@5: 0.04248
valid 	 N@10: 0.04769, R@10: 0.0418, P@10: 0.03735
valid 	 N@15: 0.05302, R@15: 0.05732, P@15: 0.03416
valid 	 N@20: 0.05811, R@20: 0.07067, P@20: 0.03184

2023-11-04 16:58:23,003 - [INFO] - E:61|train_time: 43.68, VALID_time: 2.948, losses:-3.59, losses_emb:0.01454, best_valid(recall@20): 0.07113
valid 	 N@5: 0.04479, R@5: 0.02369, P@5: 0.04227
valid 	 N@10: 0.04785, R@10: 0.04194, P@10: 0.03739
valid 	 N@15: 0.05308, R@15: 0.05717, P@15: 0.03416
valid 	 N@20: 0.05825, R@20: 0.07072, P@20: 0.03187

2023-11-04 16:59:09,053 - [INFO] - E:62|train_time: 43.49, VALID_time: 2.455, losses:-3.59, losses_emb:0.0147, best_valid(recall@20): 0.07113
valid 	 N@5: 0.04482, R@5: 0.02372, P@5: 0.04242
valid 	 N@10: 0.04782, R@10: 0.04197, P@10: 0.03745
valid 	 N@15: 0.05303, R@15: 0.05714, P@15: 0.03419
valid 	 N@20: 0.05821, R@20: 0.07078, P@20: 0.03188

2023-11-04 16:59:56,943 - [INFO] - E:63|train_time: 44.57, VALID_time: 3.218, losses:-3.591, losses_emb:0.01486, best_valid(recall@20): 0.07113
valid 	 N@5: 0.0448, R@5: 0.02371, P@5: 0.0423
valid 	 N@10: 0.04789, R@10: 0.04208, P@10: 0.03747
valid 	 N@15: 0.05308, R@15: 0.0572, P@15: 0.03418
valid 	 N@20: 0.05815, R@20: 0.07059, P@20: 0.0318

2023-11-04 17:00:43,664 - [INFO] - E:64|train_time: 44.0, VALID_time: 2.598, losses:-3.593, losses_emb:0.01501, best_valid(recall@20): 0.07113
valid 	 N@5: 0.04474, R@5: 0.02386, P@5: 0.04248
valid 	 N@10: 0.04777, R@10: 0.04205, P@10: 0.03744
valid 	 N@15: 0.05291, R@15: 0.05713, P@15: 0.03408
valid 	 N@20: 0.05814, R@20: 0.07087, P@20: 0.03181

2023-11-04 17:01:30,099 - [INFO] - E:65|train_time: 43.28, VALID_time: 3.052, losses:-3.593, losses_emb:0.01517, best_valid(recall@20): 0.07113
valid 	 N@5: 0.04499, R@5: 0.02386, P@5: 0.04258
valid 	 N@10: 0.04786, R@10: 0.04189, P@10: 0.03737
valid 	 N@15: 0.05336, R@15: 0.0577, P@15: 0.03438
valid 	 N@20: 0.05851, R@20: 0.07125, P@20: 0.03202

2023-11-04 17:02:16,712 - [INFO] - E:66|train_time: 44.62, VALID_time: 1.827, losses:-3.594, losses_emb:0.01532, best_valid(recall@20): 0.07125
valid 	 N@5: 0.04552, R@5: 0.02421, P@5: 0.04324
valid 	 N@10: 0.04801, R@10: 0.04189, P@10: 0.03745
valid 	 N@15: 0.05337, R@15: 0.05759, P@15: 0.03427
valid 	 N@20: 0.05864, R@20: 0.07133, P@20: 0.03208

2023-11-04 17:03:02,186 - [INFO] - E:67|train_time: 43.01, VALID_time: 2.358, losses:-3.594, losses_emb:0.01547, best_valid(recall@20): 0.07133
valid 	 N@5: 0.04489, R@5: 0.02376, P@5: 0.04236
valid 	 N@10: 0.04795, R@10: 0.04193, P@10: 0.03752
valid 	 N@15: 0.05322, R@15: 0.0574, P@15: 0.03425
valid 	 N@20: 0.0585, R@20: 0.07119, P@20: 0.03203

2023-11-04 17:03:47,464 - [INFO] - E:68|train_time: 43.38, VALID_time: 1.82, losses:-3.596, losses_emb:0.01561, best_valid(recall@20): 0.07133
valid 	 N@5: 0.04524, R@5: 0.02399, P@5: 0.04274
valid 	 N@10: 0.04795, R@10: 0.04185, P@10: 0.03736
valid 	 N@15: 0.05339, R@15: 0.05747, P@15: 0.03436
valid 	 N@20: 0.05864, R@20: 0.07132, P@20: 0.03207

2023-11-04 17:04:31,283 - [INFO] - E:69|train_time: 41.94, VALID_time: 1.813, losses:-3.595, losses_emb:0.01576, best_valid(recall@20): 0.07133
valid 	 N@5: 0.04509, R@5: 0.0239, P@5: 0.04256
valid 	 N@10: 0.04806, R@10: 0.04204, P@10: 0.03755
valid 	 N@15: 0.05324, R@15: 0.05723, P@15: 0.03422
valid 	 N@20: 0.0585, R@20: 0.07109, P@20: 0.03195

2023-11-04 17:05:16,110 - [INFO] - E:70|train_time: 42.93, VALID_time: 1.808, losses:-3.597, losses_emb:0.0159, best_valid(recall@20): 0.07133
valid 	 N@5: 0.04494, R@5: 0.02392, P@5: 0.04262
valid 	 N@10: 0.04789, R@10: 0.04204, P@10: 0.03748
valid 	 N@15: 0.05321, R@15: 0.05749, P@15: 0.03431
valid 	 N@20: 0.05854, R@20: 0.07146, P@20: 0.0321

2023-11-04 17:06:00,958 - [INFO] - E:71|train_time: 42.92, VALID_time: 1.775, losses:-3.597, losses_emb:0.01605, best_valid(recall@20): 0.07146
valid 	 N@5: 0.04514, R@5: 0.02397, P@5: 0.04281
valid 	 N@10: 0.04793, R@10: 0.04191, P@10: 0.03743
valid 	 N@15: 0.05325, R@15: 0.05743, P@15: 0.03426
valid 	 N@20: 0.05852, R@20: 0.07128, P@20: 0.03201

2023-11-04 17:06:46,323 - [INFO] - E:72|train_time: 43.25, VALID_time: 2.042, losses:-3.598, losses_emb:0.01619, best_valid(recall@20): 0.07146
valid 	 N@5: 0.04511, R@5: 0.02378, P@5: 0.04252
valid 	 N@10: 0.04823, R@10: 0.04219, P@10: 0.03769
valid 	 N@15: 0.05341, R@15: 0.05746, P@15: 0.0343
valid 	 N@20: 0.05865, R@20: 0.07125, P@20: 0.03203

2023-11-04 17:07:31,079 - [INFO] - E:73|train_time: 42.99, VALID_time: 1.685, losses:-3.598, losses_emb:0.01633, best_valid(recall@20): 0.07146
valid 	 N@5: 0.04495, R@5: 0.02392, P@5: 0.04269
valid 	 N@10: 0.04803, R@10: 0.04217, P@10: 0.03771
valid 	 N@15: 0.05327, R@15: 0.05762, P@15: 0.0343
valid 	 N@20: 0.05852, R@20: 0.07144, P@20: 0.03198

2023-11-04 17:08:15,310 - [INFO] - E:74|train_time: 41.68, VALID_time: 2.495, losses:-3.599, losses_emb:0.01646, best_valid(recall@20): 0.07146
valid 	 N@5: 0.04506, R@5: 0.02398, P@5: 0.04267
valid 	 N@10: 0.04811, R@10: 0.04227, P@10: 0.03764
valid 	 N@15: 0.05329, R@15: 0.05746, P@15: 0.03427
valid 	 N@20: 0.05833, R@20: 0.07078, P@20: 0.03184

2023-11-04 17:09:00,889 - [INFO] - E:75|train_time: 43.13, VALID_time: 2.377, losses:-3.599, losses_emb:0.0166, best_valid(recall@20): 0.07146
valid 	 N@5: 0.04486, R@5: 0.02389, P@5: 0.04262
valid 	 N@10: 0.04803, R@10: 0.04232, P@10: 0.03773
valid 	 N@15: 0.05325, R@15: 0.05759, P@15: 0.03436
valid 	 N@20: 0.05826, R@20: 0.07088, P@20: 0.03187

2023-11-04 17:09:46,675 - [INFO] - E:76|train_time: 43.32, VALID_time: 2.376, losses:-3.6, losses_emb:0.01673, best_valid(recall@20): 0.07146
valid 	 N@5: 0.04459, R@5: 0.02374, P@5: 0.04227
valid 	 N@10: 0.04782, R@10: 0.04207, P@10: 0.03756
valid 	 N@15: 0.05321, R@15: 0.05768, P@15: 0.0344
valid 	 N@20: 0.05822, R@20: 0.07092, P@20: 0.03193

2023-11-04 17:10:33,259 - [INFO] - E:77|train_time: 44.81, VALID_time: 1.669, losses:-3.601, losses_emb:0.01687, best_valid(recall@20): 0.07146
valid 	 N@5: 0.04475, R@5: 0.02381, P@5: 0.04236
valid 	 N@10: 0.04791, R@10: 0.04205, P@10: 0.03762
valid 	 N@15: 0.05316, R@15: 0.05745, P@15: 0.03429
valid 	 N@20: 0.05841, R@20: 0.07125, P@20: 0.032

2023-11-04 17:11:17,977 - [INFO] - E:78|train_time: 42.85, VALID_time: 1.813, losses:-3.601, losses_emb:0.017, best_valid(recall@20): 0.07146
valid 	 N@5: 0.04482, R@5: 0.02394, P@5: 0.04253
valid 	 N@10: 0.04796, R@10: 0.04209, P@10: 0.03774
valid 	 N@15: 0.05321, R@15: 0.05754, P@15: 0.03437
valid 	 N@20: 0.05835, R@20: 0.07112, P@20: 0.03198

2023-11-04 17:12:03,819 - [INFO] - E:79|train_time: 43.41, VALID_time: 2.379, losses:-3.602, losses_emb:0.01713, best_valid(recall@20): 0.07146
valid 	 N@5: 0.04504, R@5: 0.02406, P@5: 0.04287
valid 	 N@10: 0.04799, R@10: 0.0421, P@10: 0.03768
valid 	 N@15: 0.05333, R@15: 0.05766, P@15: 0.03445
valid 	 N@20: 0.05843, R@20: 0.07112, P@20: 0.03201

2023-11-04 17:12:49,001 - [INFO] - E:80|train_time: 42.67, VALID_time: 2.394, losses:-3.602, losses_emb:0.01725, best_valid(recall@20): 0.07146
valid 	 N@5: 0.04471, R@5: 0.02387, P@5: 0.04248
valid 	 N@10: 0.04783, R@10: 0.04208, P@10: 0.03753
valid 	 N@15: 0.0532, R@15: 0.05751, P@15: 0.03439
valid 	 N@20: 0.05833, R@20: 0.07109, P@20: 0.03197

2023-11-04 17:13:34,073 - [INFO] - E:81|train_time: 43.22, VALID_time: 1.741, losses:-3.603, losses_emb:0.01738, best_valid(recall@20): 0.07146
valid 	 N@5: 0.045, R@5: 0.02401, P@5: 0.04266
valid 	 N@10: 0.04791, R@10: 0.04199, P@10: 0.03751
valid 	 N@15: 0.05338, R@15: 0.05767, P@15: 0.03451
valid 	 N@20: 0.05854, R@20: 0.07132, P@20: 0.03211

2023-11-04 17:14:20,329 - [INFO] - E:82|train_time: 44.55, VALID_time: 1.577, losses:-3.603, losses_emb:0.0175, best_valid(recall@20): 0.07146
valid 	 N@5: 0.04531, R@5: 0.02407, P@5: 0.04293
valid 	 N@10: 0.04822, R@10: 0.04216, P@10: 0.03777
valid 	 N@15: 0.05359, R@15: 0.05781, P@15: 0.03456
valid 	 N@20: 0.05865, R@20: 0.07126, P@20: 0.03205

2023-11-04 17:15:04,066 - [INFO] - E:83|train_time: 42.01, VALID_time: 1.659, losses:-3.605, losses_emb:0.01763, best_valid(recall@20): 0.07146
valid 	 N@5: 0.04492, R@5: 0.02397, P@5: 0.04254
valid 	 N@10: 0.04801, R@10: 0.04212, P@10: 0.03762
valid 	 N@15: 0.05334, R@15: 0.05765, P@15: 0.03438
valid 	 N@20: 0.05839, R@20: 0.07093, P@20: 0.03194

2023-11-04 17:15:47,871 - [INFO] - E:84|train_time: 41.84, VALID_time: 1.921, losses:-3.605, losses_emb:0.01775, best_valid(recall@20): 0.07146
valid 	 N@5: 0.04496, R@5: 0.02385, P@5: 0.04257
valid 	 N@10: 0.04798, R@10: 0.04208, P@10: 0.03758
valid 	 N@15: 0.05338, R@15: 0.0577, P@15: 0.03444
valid 	 N@20: 0.05858, R@20: 0.07134, P@20: 0.03213

2023-11-04 17:16:32,690 - [INFO] - E:85|train_time: 42.85, VALID_time: 1.893, losses:-3.605, losses_emb:0.01787, best_valid(recall@20): 0.07146
valid 	 N@5: 0.04505, R@5: 0.02399, P@5: 0.04266
valid 	 N@10: 0.04781, R@10: 0.04177, P@10: 0.03733
valid 	 N@15: 0.05336, R@15: 0.05754, P@15: 0.03444
valid 	 N@20: 0.05865, R@20: 0.07149, P@20: 0.03215

2023-11-04 17:17:17,543 - [INFO] - E:86|train_time: 42.83, VALID_time: 1.914, losses:-3.605, losses_emb:0.01799, best_valid(recall@20): 0.07149
valid 	 N@5: 0.04501, R@5: 0.02397, P@5: 0.04262
valid 	 N@10: 0.04801, R@10: 0.04198, P@10: 0.03759
valid 	 N@15: 0.05344, R@15: 0.05763, P@15: 0.03451
valid 	 N@20: 0.05865, R@20: 0.07137, P@20: 0.03214

2023-11-04 17:18:01,204 - [INFO] - E:87|train_time: 41.75, VALID_time: 1.797, losses:-3.606, losses_emb:0.01811, best_valid(recall@20): 0.07149
valid 	 N@5: 0.04504, R@5: 0.02407, P@5: 0.04266
valid 	 N@10: 0.0481, R@10: 0.04224, P@10: 0.03773
valid 	 N@15: 0.05351, R@15: 0.05788, P@15: 0.03459
valid 	 N@20: 0.05865, R@20: 0.07152, P@20: 0.03213

2023-11-04 17:18:45,906 - [INFO] - E:88|train_time: 42.5, VALID_time: 2.12, losses:-3.606, losses_emb:0.01822, best_valid(recall@20): 0.07152
valid 	 N@5: 0.04501, R@5: 0.02403, P@5: 0.04262
valid 	 N@10: 0.04811, R@10: 0.04226, P@10: 0.03772
valid 	 N@15: 0.05332, R@15: 0.05744, P@15: 0.03442
valid 	 N@20: 0.05851, R@20: 0.07119, P@20: 0.03206

2023-11-04 17:19:30,834 - [INFO] - E:89|train_time: 42.64, VALID_time: 2.194, losses:-3.607, losses_emb:0.01833, best_valid(recall@20): 0.07152
valid 	 N@5: 0.04499, R@5: 0.02407, P@5: 0.04275
valid 	 N@10: 0.04806, R@10: 0.04221, P@10: 0.03774
valid 	 N@15: 0.05319, R@15: 0.05727, P@15: 0.03434
valid 	 N@20: 0.05848, R@20: 0.07124, P@20: 0.03207

2023-11-04 17:20:15,810 - [INFO] - E:90|train_time: 43.09, VALID_time: 1.792, losses:-3.607, losses_emb:0.01845, best_valid(recall@20): 0.07152
valid 	 N@5: 0.04519, R@5: 0.02393, P@5: 0.04264
valid 	 N@10: 0.04831, R@10: 0.04236, P@10: 0.03779
valid 	 N@15: 0.0534, R@15: 0.05738, P@15: 0.03433
valid 	 N@20: 0.0586, R@20: 0.07107, P@20: 0.03202

2023-11-04 17:21:01,379 - [INFO] - E:91|train_time: 43.81, VALID_time: 1.69, losses:-3.607, losses_emb:0.01856, best_valid(recall@20): 0.07152
valid 	 N@5: 0.0451, R@5: 0.02398, P@5: 0.04267
valid 	 N@10: 0.04816, R@10: 0.0422, P@10: 0.03772
valid 	 N@15: 0.05339, R@15: 0.05746, P@15: 0.03443
valid 	 N@20: 0.05865, R@20: 0.07135, P@20: 0.03212

2023-11-04 17:21:44,649 - [INFO] - E:92|train_time: 41.02, VALID_time: 2.165, losses:-3.608, losses_emb:0.01867, best_valid(recall@20): 0.07152
valid 	 N@5: 0.04504, R@5: 0.02392, P@5: 0.04264
valid 	 N@10: 0.04792, R@10: 0.04191, P@10: 0.03741
valid 	 N@15: 0.05337, R@15: 0.05753, P@15: 0.03442
valid 	 N@20: 0.0587, R@20: 0.07155, P@20: 0.03216

2023-11-04 17:22:28,414 - [INFO] - E:93|train_time: 41.97, VALID_time: 1.704, losses:-3.608, losses_emb:0.01878, best_valid(recall@20): 0.07155
valid 	 N@5: 0.04479, R@5: 0.02375, P@5: 0.04232
valid 	 N@10: 0.0481, R@10: 0.0422, P@10: 0.03772
valid 	 N@15: 0.05341, R@15: 0.05762, P@15: 0.0345
valid 	 N@20: 0.05865, R@20: 0.07146, P@20: 0.03214

2023-11-04 17:23:13,033 - [INFO] - E:94|train_time: 42.81, VALID_time: 1.728, losses:-3.609, losses_emb:0.01888, best_valid(recall@20): 0.07155
valid 	 N@5: 0.04506, R@5: 0.02394, P@5: 0.04258
valid 	 N@10: 0.0481, R@10: 0.04202, P@10: 0.03764
valid 	 N@15: 0.05334, R@15: 0.05737, P@15: 0.03436
valid 	 N@20: 0.05864, R@20: 0.0713, P@20: 0.03211

2023-11-04 17:23:57,623 - [INFO] - E:95|train_time: 42.41, VALID_time: 2.101, losses:-3.609, losses_emb:0.01899, best_valid(recall@20): 0.07155
valid 	 N@5: 0.04523, R@5: 0.02396, P@5: 0.04272
valid 	 N@10: 0.0481, R@10: 0.04193, P@10: 0.03754
valid 	 N@15: 0.05344, R@15: 0.05745, P@15: 0.03437
valid 	 N@20: 0.0588, R@20: 0.07149, P@20: 0.03217

2023-11-04 17:24:42,137 - [INFO] - E:96|train_time: 42.52, VALID_time: 1.879, losses:-3.609, losses_emb:0.0191, best_valid(recall@20): 0.07155
valid 	 N@5: 0.04502, R@5: 0.02396, P@5: 0.04262
valid 	 N@10: 0.04803, R@10: 0.0421, P@10: 0.03764
valid 	 N@15: 0.05321, R@15: 0.05733, P@15: 0.03427
valid 	 N@20: 0.05866, R@20: 0.07158, P@20: 0.03216

2023-11-04 17:25:26,527 - [INFO] - E:97|train_time: 42.95, VALID_time: 1.323, losses:-3.61, losses_emb:0.0192, best_valid(recall@20): 0.07158
valid 	 N@5: 0.04488, R@5: 0.02372, P@5: 0.04237
valid 	 N@10: 0.04807, R@10: 0.04205, P@10: 0.03768
valid 	 N@15: 0.05338, R@15: 0.05762, P@15: 0.03441
valid 	 N@20: 0.05864, R@20: 0.07138, P@20: 0.03212

2023-11-04 17:26:11,923 - [INFO] - E:98|train_time: 43.3, VALID_time: 2.048, losses:-3.61, losses_emb:0.0193, best_valid(recall@20): 0.07158
valid 	 N@5: 0.04507, R@5: 0.024, P@5: 0.04259
valid 	 N@10: 0.04809, R@10: 0.04213, P@10: 0.03764
valid 	 N@15: 0.05339, R@15: 0.05758, P@15: 0.0344
valid 	 N@20: 0.05865, R@20: 0.0714, P@20: 0.0321

2023-11-04 17:26:57,563 - [INFO] - E:99|train_time: 43.62, VALID_time: 1.948, losses:-3.61, losses_emb:0.0194, best_valid(recall@20): 0.07158
valid 	 N@5: 0.04494, R@5: 0.02385, P@5: 0.04238
valid 	 N@10: 0.04811, R@10: 0.04216, P@10: 0.0377
valid 	 N@15: 0.05338, R@15: 0.05752, P@15: 0.03441
valid 	 N@20: 0.0587, R@20: 0.07143, P@20: 0.03219

2023-11-04 17:27:43,407 - [INFO] - E:100|train_time: 44.35, VALID_time: 1.425, losses:-3.611, losses_emb:0.0195, best_valid(recall@20): 0.07158
valid 	 N@5: 0.04537, R@5: 0.02413, P@5: 0.04294
valid 	 N@10: 0.04817, R@10: 0.04209, P@10: 0.03768
valid 	 N@15: 0.05363, R@15: 0.0579, P@15: 0.03458
valid 	 N@20: 0.05874, R@20: 0.0714, P@20: 0.03214

2023-11-04 17:28:29,133 - [INFO] - E:101|train_time: 43.92, VALID_time: 1.733, losses:-3.611, losses_emb:0.0196, best_valid(recall@20): 0.07158
valid 	 N@5: 0.04515, R@5: 0.02397, P@5: 0.04271
valid 	 N@10: 0.04809, R@10: 0.04214, P@10: 0.03758
valid 	 N@15: 0.05352, R@15: 0.05774, P@15: 0.03454
valid 	 N@20: 0.0587, R@20: 0.07144, P@20: 0.03216

2023-11-04 17:29:10,391 - [INFO] - E:102|train_time: 39.42, VALID_time: 1.767, losses:-3.612, losses_emb:0.0197, best_valid(recall@20): 0.07158
valid 	 N@5: 0.04521, R@5: 0.02406, P@5: 0.04286
valid 	 N@10: 0.04814, R@10: 0.04219, P@10: 0.03771
valid 	 N@15: 0.05351, R@15: 0.05782, P@15: 0.03451
valid 	 N@20: 0.05867, R@20: 0.07141, P@20: 0.03216

2023-11-04 17:29:55,137 - [INFO] - E:103|train_time: 42.53, VALID_time: 2.14, losses:-3.612, losses_emb:0.01979, best_valid(recall@20): 0.07158
valid 	 N@5: 0.04525, R@5: 0.0241, P@5: 0.04292
valid 	 N@10: 0.04798, R@10: 0.04206, P@10: 0.03755
valid 	 N@15: 0.05346, R@15: 0.05778, P@15: 0.03453
valid 	 N@20: 0.05863, R@20: 0.0714, P@20: 0.03217

2023-11-04 17:30:41,282 - [INFO] - E:104|train_time: 43.94, VALID_time: 2.136, losses:-3.612, losses_emb:0.01989, best_valid(recall@20): 0.07158
valid 	 N@5: 0.04493, R@5: 0.02398, P@5: 0.0426
valid 	 N@10: 0.04793, R@10: 0.04203, P@10: 0.03761
valid 	 N@15: 0.0532, R@15: 0.05746, P@15: 0.03432
valid 	 N@20: 0.05859, R@20: 0.07154, P@20: 0.03216

2023-11-04 17:31:26,610 - [INFO] - E:105|train_time: 43.28, VALID_time: 1.964, losses:-3.613, losses_emb:0.01998, best_valid(recall@20): 0.07158
valid 	 N@5: 0.04529, R@5: 0.024, P@5: 0.04278
valid 	 N@10: 0.04813, R@10: 0.04213, P@10: 0.0375
valid 	 N@15: 0.05354, R@15: 0.05766, P@15: 0.03445
valid 	 N@20: 0.05876, R@20: 0.07135, P@20: 0.03214

2023-11-04 17:32:11,837 - [INFO] - E:106|train_time: 43.64, VALID_time: 1.53, losses:-3.613, losses_emb:0.02007, best_valid(recall@20): 0.07158
valid 	 N@5: 0.04524, R@5: 0.02418, P@5: 0.04297
valid 	 N@10: 0.04822, R@10: 0.04234, P@10: 0.03782
valid 	 N@15: 0.05354, R@15: 0.05782, P@15: 0.03458
valid 	 N@20: 0.05877, R@20: 0.07161, P@20: 0.03224

2023-11-04 17:32:57,306 - [INFO] - E:107|train_time: 43.46, VALID_time: 1.89, losses:-3.613, losses_emb:0.02017, best_valid(recall@20): 0.07161
valid 	 N@5: 0.04526, R@5: 0.02411, P@5: 0.04298
valid 	 N@10: 0.04814, R@10: 0.04214, P@10: 0.03769
valid 	 N@15: 0.05348, R@15: 0.05773, P@15: 0.03448
valid 	 N@20: 0.05868, R@20: 0.07143, P@20: 0.03211

2023-11-04 17:33:42,852 - [INFO] - E:108|train_time: 43.49, VALID_time: 1.975, losses:-3.613, losses_emb:0.02026, best_valid(recall@20): 0.07161
valid 	 N@5: 0.04522, R@5: 0.02416, P@5: 0.04296
valid 	 N@10: 0.04813, R@10: 0.04221, P@10: 0.03769
valid 	 N@15: 0.05344, R@15: 0.05771, P@15: 0.03443
valid 	 N@20: 0.0587, R@20: 0.07154, P@20: 0.03213

2023-11-04 17:34:28,555 - [INFO] - E:109|train_time: 43.31, VALID_time: 2.305, losses:-3.614, losses_emb:0.02035, best_valid(recall@20): 0.07161
valid 	 N@5: 0.04509, R@5: 0.02398, P@5: 0.04278
valid 	 N@10: 0.04813, R@10: 0.04222, P@10: 0.03771
valid 	 N@15: 0.05333, R@15: 0.05753, P@15: 0.03434
valid 	 N@20: 0.05857, R@20: 0.0713, P@20: 0.03207

2023-11-04 17:35:12,883 - [INFO] - E:110|train_time: 42.86, VALID_time: 1.389, losses:-3.614, losses_emb:0.02043, best_valid(recall@20): 0.07161
valid 	 N@5: 0.04537, R@5: 0.02414, P@5: 0.04302
valid 	 N@10: 0.04833, R@10: 0.04237, P@10: 0.0378
valid 	 N@15: 0.05353, R@15: 0.05762, P@15: 0.03443
valid 	 N@20: 0.0588, R@20: 0.07152, P@20: 0.03213

2023-11-04 17:35:58,026 - [INFO] - E:111|train_time: 43.33, VALID_time: 1.758, losses:-3.614, losses_emb:0.02052, best_valid(recall@20): 0.07161
valid 	 N@5: 0.04517, R@5: 0.02416, P@5: 0.04305
valid 	 N@10: 0.04809, R@10: 0.04225, P@10: 0.03774
valid 	 N@15: 0.0534, R@15: 0.05759, P@15: 0.03453
valid 	 N@20: 0.05866, R@20: 0.07149, P@20: 0.03216

2023-11-04 17:36:43,207 - [INFO] - E:112|train_time: 43.18, VALID_time: 1.943, losses:-3.615, losses_emb:0.02061, best_valid(recall@20): 0.07161
valid 	 N@5: 0.04524, R@5: 0.02415, P@5: 0.04295
valid 	 N@10: 0.04829, R@10: 0.04241, P@10: 0.03785
valid 	 N@15: 0.05343, R@15: 0.05749, P@15: 0.03442
valid 	 N@20: 0.05871, R@20: 0.07139, P@20: 0.03213

2023-11-04 17:37:30,890 - [INFO] - E:113|train_time: 45.91, VALID_time: 1.665, losses:-3.616, losses_emb:0.02069, best_valid(recall@20): 0.07161
valid 	 N@5: 0.04514, R@5: 0.02407, P@5: 0.04286
valid 	 N@10: 0.04816, R@10: 0.04217, P@10: 0.03784
valid 	 N@15: 0.05336, R@15: 0.05746, P@15: 0.03444
valid 	 N@20: 0.05866, R@20: 0.07144, P@20: 0.03214

2023-11-04 17:38:16,233 - [INFO] - E:114|train_time: 43.56, VALID_time: 1.732, losses:-3.615, losses_emb:0.02077, best_valid(recall@20): 0.07161
valid 	 N@5: 0.04506, R@5: 0.02406, P@5: 0.0427
valid 	 N@10: 0.04808, R@10: 0.04209, P@10: 0.0377
valid 	 N@15: 0.05344, R@15: 0.05761, P@15: 0.0345
valid 	 N@20: 0.0586, R@20: 0.07131, P@20: 0.03207

2023-11-04 17:39:01,375 - [INFO] - E:115|train_time: 43.14, VALID_time: 1.933, losses:-3.616, losses_emb:0.02086, best_valid(recall@20): 0.07161
valid 	 N@5: 0.04493, R@5: 0.02399, P@5: 0.0426
valid 	 N@10: 0.04811, R@10: 0.04223, P@10: 0.0378
valid 	 N@15: 0.0533, R@15: 0.05739, P@15: 0.03443
valid 	 N@20: 0.05863, R@20: 0.07141, P@20: 0.03216

2023-11-04 17:39:46,223 - [INFO] - E:116|train_time: 43.13, VALID_time: 1.629, losses:-3.615, losses_emb:0.02094, best_valid(recall@20): 0.07161
valid 	 N@5: 0.04535, R@5: 0.02421, P@5: 0.04302
valid 	 N@10: 0.04812, R@10: 0.04208, P@10: 0.03762
valid 	 N@15: 0.05333, R@15: 0.05729, P@15: 0.03434
valid 	 N@20: 0.05861, R@20: 0.07122, P@20: 0.03204

2023-11-04 17:40:31,670 - [INFO] - E:117|train_time: 42.97, VALID_time: 2.392, losses:-3.616, losses_emb:0.02102, best_valid(recall@20): 0.07161
valid 	 N@5: 0.04509, R@5: 0.02398, P@5: 0.04272
valid 	 N@10: 0.04805, R@10: 0.04212, P@10: 0.03755
valid 	 N@15: 0.0533, R@15: 0.05727, P@15: 0.03435
valid 	 N@20: 0.05856, R@20: 0.07114, P@20: 0.03204

2023-11-04 17:41:16,380 - [INFO] - E:118|train_time: 43.03, VALID_time: 1.573, losses:-3.617, losses_emb:0.0211, best_valid(recall@20): 0.07161
valid 	 N@5: 0.04526, R@5: 0.02407, P@5: 0.04277
valid 	 N@10: 0.04828, R@10: 0.04224, P@10: 0.03776
valid 	 N@15: 0.05358, R@15: 0.0577, P@15: 0.03452
valid 	 N@20: 0.0588, R@20: 0.07143, P@20: 0.03218

2023-11-04 17:42:01,648 - [INFO] - E:119|train_time: 43.48, VALID_time: 1.722, losses:-3.617, losses_emb:0.02118, best_valid(recall@20): 0.07161
valid 	 N@5: 0.04514, R@5: 0.02384, P@5: 0.0426
valid 	 N@10: 0.04834, R@10: 0.04251, P@10: 0.03781
valid 	 N@15: 0.05354, R@15: 0.05762, P@15: 0.0345
valid 	 N@20: 0.05882, R@20: 0.07154, P@20: 0.03223

2023-11-04 17:42:46,985 - [INFO] - E:120|train_time: 43.37, VALID_time: 1.872, losses:-3.617, losses_emb:0.02125, best_valid(recall@20): 0.07161
valid 	 N@5: 0.04539, R@5: 0.02404, P@5: 0.0429
valid 	 N@10: 0.04838, R@10: 0.04238, P@10: 0.03782
valid 	 N@15: 0.05364, R@15: 0.05778, P@15: 0.03451
valid 	 N@20: 0.059, R@20: 0.07177, P@20: 0.03233

2023-11-04 17:43:31,872 - [INFO] - E:121|train_time: 42.87, VALID_time: 1.912, losses:-3.617, losses_emb:0.02133, best_valid(recall@20): 0.07177
valid 	 N@5: 0.04533, R@5: 0.02406, P@5: 0.04296
valid 	 N@10: 0.04827, R@10: 0.04235, P@10: 0.0378
valid 	 N@15: 0.05348, R@15: 0.05764, P@15: 0.03445
valid 	 N@20: 0.0588, R@20: 0.0716, P@20: 0.03223

2023-11-04 17:44:17,092 - [INFO] - E:122|train_time: 43.25, VALID_time: 1.927, losses:-3.617, losses_emb:0.02141, best_valid(recall@20): 0.07177
valid 	 N@5: 0.04512, R@5: 0.02386, P@5: 0.04269
valid 	 N@10: 0.04826, R@10: 0.04241, P@10: 0.03783
valid 	 N@15: 0.05342, R@15: 0.0576, P@15: 0.03442
valid 	 N@20: 0.05861, R@20: 0.07127, P@20: 0.03211

2023-11-04 17:45:02,298 - [INFO] - E:123|train_time: 43.45, VALID_time: 1.702, losses:-3.618, losses_emb:0.02148, best_valid(recall@20): 0.07177
valid 	 N@5: 0.04513, R@5: 0.02409, P@5: 0.04272
valid 	 N@10: 0.04817, R@10: 0.04221, P@10: 0.03773
valid 	 N@15: 0.05341, R@15: 0.05756, P@15: 0.03441
valid 	 N@20: 0.05858, R@20: 0.07114, P@20: 0.0321

2023-11-04 17:45:47,623 - [INFO] - E:124|train_time: 43.43, VALID_time: 1.814, losses:-3.618, losses_emb:0.02155, best_valid(recall@20): 0.07177
valid 	 N@5: 0.04514, R@5: 0.02406, P@5: 0.04262
valid 	 N@10: 0.04832, R@10: 0.04244, P@10: 0.03783
valid 	 N@15: 0.05354, R@15: 0.05769, P@15: 0.03448
valid 	 N@20: 0.05878, R@20: 0.07143, P@20: 0.0322

2023-11-04 17:46:33,609 - [INFO] - E:125|train_time: 44.44, VALID_time: 1.485, losses:-3.618, losses_emb:0.02163, best_valid(recall@20): 0.07177
valid 	 N@5: 0.04539, R@5: 0.02423, P@5: 0.04287
valid 	 N@10: 0.04837, R@10: 0.04222, P@10: 0.03779
valid 	 N@15: 0.05371, R@15: 0.05778, P@15: 0.03458
valid 	 N@20: 0.05898, R@20: 0.07164, P@20: 0.03225

2023-11-04 17:47:17,779 - [INFO] - E:126|train_time: 42.21, VALID_time: 1.901, losses:-3.619, losses_emb:0.0217, best_valid(recall@20): 0.07177
valid 	 N@5: 0.04535, R@5: 0.0241, P@5: 0.04281
valid 	 N@10: 0.04842, R@10: 0.04233, P@10: 0.03784
valid 	 N@15: 0.05371, R@15: 0.05776, P@15: 0.03454
valid 	 N@20: 0.05892, R@20: 0.0715, P@20: 0.0322

2023-11-04 17:48:01,926 - [INFO] - E:127|train_time: 41.95, VALID_time: 2.139, losses:-3.618, losses_emb:0.02177, best_valid(recall@20): 0.07177
valid 	 N@5: 0.04523, R@5: 0.02417, P@5: 0.04287
valid 	 N@10: 0.04822, R@10: 0.04222, P@10: 0.03774
valid 	 N@15: 0.05353, R@15: 0.05768, P@15: 0.03448
valid 	 N@20: 0.05884, R@20: 0.07159, P@20: 0.03222

2023-11-04 17:48:45,507 - [INFO] - E:128|train_time: 41.64, VALID_time: 1.857, losses:-3.618, losses_emb:0.02184, best_valid(recall@20): 0.07177
valid 	 N@5: 0.04502, R@5: 0.024, P@5: 0.04265
valid 	 N@10: 0.04806, R@10: 0.04197, P@10: 0.03765
valid 	 N@15: 0.05335, R@15: 0.05736, P@15: 0.03444
valid 	 N@20: 0.05877, R@20: 0.07163, P@20: 0.03225

2023-11-04 17:49:31,677 - [INFO] - E:129|train_time: 44.28, VALID_time: 1.83, losses:-3.62, losses_emb:0.02191, best_valid(recall@20): 0.07177
valid 	 N@5: 0.04541, R@5: 0.02423, P@5: 0.043
valid 	 N@10: 0.04818, R@10: 0.04208, P@10: 0.03767
valid 	 N@15: 0.05354, R@15: 0.05763, P@15: 0.03447
valid 	 N@20: 0.05878, R@20: 0.07143, P@20: 0.03216

2023-11-04 17:50:15,431 - [INFO] - E:130|train_time: 42.49, VALID_time: 1.215, losses:-3.619, losses_emb:0.02198, best_valid(recall@20): 0.07177
valid 	 N@5: 0.04511, R@5: 0.02407, P@5: 0.04272
valid 	 N@10: 0.04808, R@10: 0.04213, P@10: 0.03768
valid 	 N@15: 0.0535, R@15: 0.05783, P@15: 0.03453
valid 	 N@20: 0.0588, R@20: 0.07174, P@20: 0.03225

2023-11-04 17:51:00,542 - [INFO] - E:131|train_time: 43.12, VALID_time: 1.912, losses:-3.619, losses_emb:0.02205, best_valid(recall@20): 0.07177
valid 	 N@5: 0.04507, R@5: 0.02391, P@5: 0.04249
valid 	 N@10: 0.04826, R@10: 0.04219, P@10: 0.03781
valid 	 N@15: 0.05361, R@15: 0.0578, P@15: 0.03457
valid 	 N@20: 0.05886, R@20: 0.07167, P@20: 0.03222

2023-11-04 17:51:45,877 - [INFO] - E:132|train_time: 43.13, VALID_time: 2.143, losses:-3.619, losses_emb:0.02211, best_valid(recall@20): 0.07177
valid 	 N@5: 0.04536, R@5: 0.02413, P@5: 0.04278
valid 	 N@10: 0.04846, R@10: 0.04236, P@10: 0.03791
valid 	 N@15: 0.05376, R@15: 0.05788, P@15: 0.0346
valid 	 N@20: 0.0591, R@20: 0.07184, P@20: 0.03236

2023-11-04 17:52:31,594 - [INFO] - E:133|train_time: 43.63, VALID_time: 1.995, losses:-3.62, losses_emb:0.02218, best_valid(recall@20): 0.07184
valid 	 N@5: 0.04533, R@5: 0.02412, P@5: 0.04283
valid 	 N@10: 0.04842, R@10: 0.04236, P@10: 0.03794
valid 	 N@15: 0.0538, R@15: 0.05806, P@15: 0.0347
valid 	 N@20: 0.05896, R@20: 0.07172, P@20: 0.03227

2023-11-04 17:53:18,571 - [INFO] - E:134|train_time: 45.18, VALID_time: 1.713, losses:-3.62, losses_emb:0.02224, best_valid(recall@20): 0.07184
valid 	 N@5: 0.04553, R@5: 0.02417, P@5: 0.04301
valid 	 N@10: 0.04847, R@10: 0.04233, P@10: 0.03792
valid 	 N@15: 0.05391, R@15: 0.05817, P@15: 0.03476
valid 	 N@20: 0.05908, R@20: 0.07188, P@20: 0.03228

2023-11-04 17:54:04,512 - [INFO] - E:135|train_time: 43.92, VALID_time: 1.942, losses:-3.62, losses_emb:0.02231, best_valid(recall@20): 0.07188
valid 	 N@5: 0.04531, R@5: 0.02409, P@5: 0.04281
valid 	 N@10: 0.0484, R@10: 0.04226, P@10: 0.03791
valid 	 N@15: 0.05387, R@15: 0.0582, P@15: 0.03475
valid 	 N@20: 0.05895, R@20: 0.07165, P@20: 0.03225

2023-11-04 17:54:49,957 - [INFO] - E:136|train_time: 43.12, VALID_time: 2.211, losses:-3.621, losses_emb:0.02237, best_valid(recall@20): 0.07188
valid 	 N@5: 0.04507, R@5: 0.024, P@5: 0.04281
valid 	 N@10: 0.04821, R@10: 0.04235, P@10: 0.03796
valid 	 N@15: 0.05348, R@15: 0.05783, P@15: 0.0346
valid 	 N@20: 0.05869, R@20: 0.07151, P@20: 0.03224

2023-11-04 17:55:34,856 - [INFO] - E:137|train_time: 42.78, VALID_time: 2.041, losses:-3.62, losses_emb:0.02243, best_valid(recall@20): 0.07188
valid 	 N@5: 0.0451, R@5: 0.02401, P@5: 0.04273
valid 	 N@10: 0.04821, R@10: 0.04234, P@10: 0.03785
valid 	 N@15: 0.05346, R@15: 0.05772, P@15: 0.03453
valid 	 N@20: 0.05872, R@20: 0.07142, P@20: 0.03227

2023-11-04 17:56:20,814 - [INFO] - E:138|train_time: 44.15, VALID_time: 1.726, losses:-3.621, losses_emb:0.02249, best_valid(recall@20): 0.07188
valid 	 N@5: 0.0451, R@5: 0.02405, P@5: 0.04268
valid 	 N@10: 0.04815, R@10: 0.04218, P@10: 0.03774
valid 	 N@15: 0.05354, R@15: 0.05784, P@15: 0.03459
valid 	 N@20: 0.05857, R@20: 0.07121, P@20: 0.03206

2023-11-04 17:57:06,304 - [INFO] - E:139|train_time: 43.45, VALID_time: 1.96, losses:-3.621, losses_emb:0.02255, best_valid(recall@20): 0.07188
valid 	 N@5: 0.04529, R@5: 0.02409, P@5: 0.04286
valid 	 N@10: 0.04815, R@10: 0.04201, P@10: 0.03764
valid 	 N@15: 0.05356, R@15: 0.05777, P@15: 0.0345
valid 	 N@20: 0.05874, R@20: 0.07135, P@20: 0.03216

2023-11-04 17:57:51,422 - [INFO] - E:140|train_time: 43.51, VALID_time: 1.537, losses:-3.622, losses_emb:0.02261, best_valid(recall@20): 0.07188
valid 	 N@5: 0.04527, R@5: 0.02399, P@5: 0.04275
valid 	 N@10: 0.04828, R@10: 0.04211, P@10: 0.03775
valid 	 N@15: 0.05359, R@15: 0.05768, P@15: 0.0345
valid 	 N@20: 0.05881, R@20: 0.07145, P@20: 0.03215

2023-11-04 17:58:38,018 - [INFO] - E:141|train_time: 44.83, VALID_time: 1.718, losses:-3.621, losses_emb:0.02267, best_valid(recall@20): 0.07188
valid 	 N@5: 0.0451, R@5: 0.02396, P@5: 0.04268
valid 	 N@10: 0.04813, R@10: 0.04206, P@10: 0.03773
valid 	 N@15: 0.05346, R@15: 0.05772, P@15: 0.03443
valid 	 N@20: 0.05872, R@20: 0.07153, P@20: 0.03215

2023-11-04 17:59:23,201 - [INFO] - E:142|train_time: 43.67, VALID_time: 1.416, losses:-3.621, losses_emb:0.02273, best_valid(recall@20): 0.07188
valid 	 N@5: 0.04521, R@5: 0.0239, P@5: 0.04259
valid 	 N@10: 0.04824, R@10: 0.04203, P@10: 0.0377
valid 	 N@15: 0.0536, R@15: 0.05777, P@15: 0.03446
valid 	 N@20: 0.05893, R@20: 0.07174, P@20: 0.03222

2023-11-04 18:00:08,994 - [INFO] - E:143|train_time: 43.79, VALID_time: 1.944, losses:-3.622, losses_emb:0.02279, best_valid(recall@20): 0.07188
valid 	 N@5: 0.04489, R@5: 0.02377, P@5: 0.04225
valid 	 N@10: 0.04823, R@10: 0.04222, P@10: 0.03774
valid 	 N@15: 0.05361, R@15: 0.0578, P@15: 0.0346
valid 	 N@20: 0.05885, R@20: 0.07161, P@20: 0.03222

2023-11-04 18:00:53,629 - [INFO] - E:144|train_time: 42.5, VALID_time: 2.032, losses:-3.622, losses_emb:0.02285, best_valid(recall@20): 0.07188
valid 	 N@5: 0.04469, R@5: 0.02361, P@5: 0.04211
valid 	 N@10: 0.04831, R@10: 0.0424, P@10: 0.03801
valid 	 N@15: 0.05356, R@15: 0.05781, P@15: 0.03461
valid 	 N@20: 0.05878, R@20: 0.07167, P@20: 0.03218

2023-11-04 18:01:39,168 - [INFO] - E:145|train_time: 43.46, VALID_time: 1.99, losses:-3.622, losses_emb:0.0229, best_valid(recall@20): 0.07188
valid 	 N@5: 0.04453, R@5: 0.02358, P@5: 0.04198
valid 	 N@10: 0.0481, R@10: 0.04218, P@10: 0.03785
valid 	 N@15: 0.05356, R@15: 0.05794, P@15: 0.03471
valid 	 N@20: 0.0587, R@20: 0.07162, P@20: 0.03222

2023-11-04 18:02:23,808 - [INFO] - E:146|train_time: 42.86, VALID_time: 1.692, losses:-3.622, losses_emb:0.02296, best_valid(recall@20): 0.07188
valid 	 N@5: 0.04495, R@5: 0.02375, P@5: 0.04236
valid 	 N@10: 0.04823, R@10: 0.04222, P@10: 0.03779
valid 	 N@15: 0.0536, R@15: 0.05782, P@15: 0.0346
valid 	 N@20: 0.05888, R@20: 0.07176, P@20: 0.0323

2023-11-04 18:03:08,469 - [INFO] - E:147|train_time: 43.06, VALID_time: 1.552, losses:-3.622, losses_emb:0.02301, best_valid(recall@20): 0.07188
valid 	 N@5: 0.04527, R@5: 0.02394, P@5: 0.04276
valid 	 N@10: 0.04843, R@10: 0.0424, P@10: 0.03797
valid 	 N@15: 0.05375, R@15: 0.05794, P@15: 0.03467
valid 	 N@20: 0.05896, R@20: 0.0717, P@20: 0.0323

2023-11-04 18:03:54,269 - [INFO] - E:148|train_time: 43.8, VALID_time: 1.954, losses:-3.622, losses_emb:0.02307, best_valid(recall@20): 0.07188
valid 	 N@5: 0.04509, R@5: 0.024, P@5: 0.04265
valid 	 N@10: 0.04845, R@10: 0.04259, P@10: 0.03808
valid 	 N@15: 0.05365, R@15: 0.05796, P@15: 0.03459
valid 	 N@20: 0.0588, R@20: 0.0715, P@20: 0.03218

2023-11-04 18:04:39,421 - [INFO] - E:149|train_time: 43.36, VALID_time: 1.705, losses:-3.623, losses_emb:0.02312, best_valid(recall@20): 0.07188
valid 	 N@5: 0.04517, R@5: 0.024, P@5: 0.04269
valid 	 N@10: 0.04845, R@10: 0.04257, P@10: 0.03799
valid 	 N@15: 0.05371, R@15: 0.05797, P@15: 0.03462
valid 	 N@20: 0.05882, R@20: 0.07154, P@20: 0.03216

2023-11-04 18:05:24,913 - [INFO] - E:150|train_time: 43.66, VALID_time: 1.702, losses:-3.623, losses_emb:0.02318, best_valid(recall@20): 0.07188
valid 	 N@5: 0.04509, R@5: 0.02381, P@5: 0.0424
valid 	 N@10: 0.0485, R@10: 0.0426, P@10: 0.03798
valid 	 N@15: 0.05378, R@15: 0.05797, P@15: 0.03463
valid 	 N@20: 0.05892, R@20: 0.07153, P@20: 0.03221

2023-11-04 18:06:09,547 - [INFO] - E:151|train_time: 43.41, VALID_time: 1.142, losses:-3.623, losses_emb:0.02323, best_valid(recall@20): 0.07188
valid 	 N@5: 0.04523, R@5: 0.024, P@5: 0.04286
valid 	 N@10: 0.04833, R@10: 0.0424, P@10: 0.03792
valid 	 N@15: 0.05368, R@15: 0.05802, P@15: 0.03466
valid 	 N@20: 0.05878, R@20: 0.07153, P@20: 0.0322

2023-11-04 18:06:56,854 - [INFO] - E:152|train_time: 45.1, VALID_time: 2.165, losses:-3.623, losses_emb:0.02328, best_valid(recall@20): 0.07188
valid 	 N@5: 0.04493, R@5: 0.02386, P@5: 0.04247
valid 	 N@10: 0.04836, R@10: 0.0425, P@10: 0.03803
valid 	 N@15: 0.05352, R@15: 0.05778, P@15: 0.03452
valid 	 N@20: 0.05877, R@20: 0.07156, P@20: 0.03223

2023-11-04 18:07:41,797 - [INFO] - E:153|train_time: 42.99, VALID_time: 1.882, losses:-3.623, losses_emb:0.02333, best_valid(recall@20): 0.07188
valid 	 N@5: 0.04536, R@5: 0.02408, P@5: 0.04288
valid 	 N@10: 0.04841, R@10: 0.0424, P@10: 0.03789
valid 	 N@15: 0.05371, R@15: 0.05784, P@15: 0.03462
valid 	 N@20: 0.059, R@20: 0.07174, P@20: 0.03229

2023-11-04 18:08:26,656 - [INFO] - E:154|train_time: 42.92, VALID_time: 1.85, losses:-3.624, losses_emb:0.02338, best_valid(recall@20): 0.07188
valid 	 N@5: 0.04509, R@5: 0.02387, P@5: 0.04251
valid 	 N@10: 0.04841, R@10: 0.04238, P@10: 0.03798
valid 	 N@15: 0.05371, R@15: 0.05792, P@15: 0.03465
valid 	 N@20: 0.05895, R@20: 0.0717, P@20: 0.03229

2023-11-04 18:09:11,019 - [INFO] - E:155|train_time: 42.61, VALID_time: 1.696, losses:-3.624, losses_emb:0.02343, best_valid(recall@20): 0.07188
valid 	 N@5: 0.04533, R@5: 0.024, P@5: 0.04279
valid 	 N@10: 0.04846, R@10: 0.0425, P@10: 0.03796
valid 	 N@15: 0.05382, R@15: 0.05808, P@15: 0.03472
valid 	 N@20: 0.05897, R@20: 0.07167, P@20: 0.03229

2023-11-04 18:09:55,721 - [INFO] - E:156|train_time: 43.06, VALID_time: 1.591, losses:-3.624, losses_emb:0.02348, best_valid(recall@20): 0.07188
valid 	 N@5: 0.04527, R@5: 0.02398, P@5: 0.04281
valid 	 N@10: 0.04848, R@10: 0.04252, P@10: 0.03802
valid 	 N@15: 0.0537, R@15: 0.0579, P@15: 0.03463
valid 	 N@20: 0.05887, R@20: 0.07151, P@20: 0.03222

2023-11-04 18:10:41,536 - [INFO] - E:157|train_time: 44.11, VALID_time: 1.649, losses:-3.623, losses_emb:0.02353, best_valid(recall@20): 0.07188
valid 	 N@5: 0.04539, R@5: 0.02406, P@5: 0.04294
valid 	 N@10: 0.04838, R@10: 0.04236, P@10: 0.03786
valid 	 N@15: 0.05362, R@15: 0.05765, P@15: 0.03452
valid 	 N@20: 0.0589, R@20: 0.07152, P@20: 0.0322

2023-11-04 18:11:26,225 - [INFO] - E:158|train_time: 42.93, VALID_time: 1.706, losses:-3.624, losses_emb:0.02358, best_valid(recall@20): 0.07188
valid 	 N@5: 0.04514, R@5: 0.02397, P@5: 0.04275
valid 	 N@10: 0.04823, R@10: 0.04226, P@10: 0.03778
valid 	 N@15: 0.05364, R@15: 0.05781, P@15: 0.03466
valid 	 N@20: 0.05889, R@20: 0.07168, P@20: 0.03228

2023-11-04 18:12:11,517 - [INFO] - E:159|train_time: 42.85, VALID_time: 2.388, losses:-3.624, losses_emb:0.02363, best_valid(recall@20): 0.07188
valid 	 N@5: 0.04534, R@5: 0.02401, P@5: 0.04283
valid 	 N@10: 0.04839, R@10: 0.04227, P@10: 0.03787
valid 	 N@15: 0.05364, R@15: 0.05768, P@15: 0.03456
valid 	 N@20: 0.05891, R@20: 0.07157, P@20: 0.03222

2023-11-04 18:12:56,999 - [INFO] - E:160|train_time: 43.8, VALID_time: 1.602, losses:-3.625, losses_emb:0.02367, best_valid(recall@20): 0.07188
valid 	 N@5: 0.04545, R@5: 0.02409, P@5: 0.04283
valid 	 N@10: 0.04857, R@10: 0.04251, P@10: 0.03794
valid 	 N@15: 0.05377, R@15: 0.05777, P@15: 0.03458
valid 	 N@20: 0.05922, R@20: 0.07205, P@20: 0.03241

2023-11-04 18:13:43,326 - [INFO] - E:161|train_time: 44.04, VALID_time: 2.214, losses:-3.626, losses_emb:0.02372, best_valid(recall@20): 0.07205
valid 	 N@5: 0.04517, R@5: 0.0239, P@5: 0.04246
valid 	 N@10: 0.04848, R@10: 0.04245, P@10: 0.0379
valid 	 N@15: 0.0537, R@15: 0.05775, P@15: 0.03458
valid 	 N@20: 0.0591, R@20: 0.07189, P@20: 0.03236

2023-11-04 18:14:27,809 - [INFO] - E:162|train_time: 42.55, VALID_time: 1.878, losses:-3.625, losses_emb:0.02377, best_valid(recall@20): 0.07205
valid 	 N@5: 0.04513, R@5: 0.02391, P@5: 0.0426
valid 	 N@10: 0.0483, R@10: 0.04237, P@10: 0.03781
valid 	 N@15: 0.0536, R@15: 0.05776, P@15: 0.03459
valid 	 N@20: 0.05897, R@20: 0.07182, P@20: 0.03236

2023-11-04 18:15:12,131 - [INFO] - E:163|train_time: 42.5, VALID_time: 1.763, losses:-3.625, losses_emb:0.02381, best_valid(recall@20): 0.07205
valid 	 N@5: 0.04505, R@5: 0.02387, P@5: 0.04257
valid 	 N@10: 0.04817, R@10: 0.0423, P@10: 0.03769
valid 	 N@15: 0.05357, R@15: 0.05783, P@15: 0.0346
valid 	 N@20: 0.05897, R@20: 0.07193, P@20: 0.0324

2023-11-04 18:15:57,178 - [INFO] - E:164|train_time: 43.7, VALID_time: 1.296, losses:-3.625, losses_emb:0.02386, best_valid(recall@20): 0.07205
valid 	 N@5: 0.04514, R@5: 0.02398, P@5: 0.04274
valid 	 N@10: 0.04818, R@10: 0.04214, P@10: 0.03776
valid 	 N@15: 0.05364, R@15: 0.05798, P@15: 0.03463
valid 	 N@20: 0.05894, R@20: 0.07189, P@20: 0.03234

2023-11-04 18:16:43,244 - [INFO] - E:165|train_time: 44.09, VALID_time: 1.929, losses:-3.625, losses_emb:0.0239, best_valid(recall@20): 0.07205
valid 	 N@5: 0.04519, R@5: 0.02389, P@5: 0.04263
valid 	 N@10: 0.04819, R@10: 0.04215, P@10: 0.03767
valid 	 N@15: 0.05361, R@15: 0.05784, P@15: 0.03457
valid 	 N@20: 0.05888, R@20: 0.07169, P@20: 0.03226

2023-11-04 18:17:29,317 - [INFO] - E:166|train_time: 44.35, VALID_time: 1.631, losses:-3.625, losses_emb:0.02395, best_valid(recall@20): 0.07205
valid 	 N@5: 0.04504, R@5: 0.02391, P@5: 0.04265
valid 	 N@10: 0.04828, R@10: 0.04241, P@10: 0.03789
valid 	 N@15: 0.05359, R@15: 0.05787, P@15: 0.03459
valid 	 N@20: 0.05894, R@20: 0.0719, P@20: 0.03234

2023-11-04 18:18:13,993 - [INFO] - E:167|train_time: 42.56, VALID_time: 2.039, losses:-3.626, losses_emb:0.02399, best_valid(recall@20): 0.07205
valid 	 N@5: 0.04497, R@5: 0.02382, P@5: 0.0425
valid 	 N@10: 0.04826, R@10: 0.04233, P@10: 0.0379
valid 	 N@15: 0.05361, R@15: 0.05795, P@15: 0.03464
valid 	 N@20: 0.0589, R@20: 0.07187, P@20: 0.03232

2023-11-04 18:18:58,731 - [INFO] - E:168|train_time: 43.02, VALID_time: 1.624, losses:-3.626, losses_emb:0.02403, best_valid(recall@20): 0.07205
valid 	 N@5: 0.04507, R@5: 0.02387, P@5: 0.04254
valid 	 N@10: 0.04832, R@10: 0.04242, P@10: 0.03788
valid 	 N@15: 0.05355, R@15: 0.05775, P@15: 0.03452
valid 	 N@20: 0.05901, R@20: 0.07197, P@20: 0.03237

2023-11-04 18:19:44,078 - [INFO] - E:169|train_time: 42.58, VALID_time: 2.721, losses:-3.625, losses_emb:0.02407, best_valid(recall@20): 0.07205
valid 	 N@5: 0.04526, R@5: 0.0239, P@5: 0.04263
valid 	 N@10: 0.04827, R@10: 0.0421, P@10: 0.03772
valid 	 N@15: 0.05374, R@15: 0.058, P@15: 0.03463
valid 	 N@20: 0.05909, R@20: 0.07199, P@20: 0.03239

2023-11-04 18:20:24,981 - [INFO] - E:170|train_time: 38.96, VALID_time: 1.829, losses:-3.626, losses_emb:0.02411, best_valid(recall@20): 0.07205
valid 	 N@5: 0.04515, R@5: 0.02394, P@5: 0.04263
valid 	 N@10: 0.0483, R@10: 0.04235, P@10: 0.03782
valid 	 N@15: 0.05369, R@15: 0.05796, P@15: 0.03463
valid 	 N@20: 0.05895, R@20: 0.07179, P@20: 0.0323

2023-11-04 18:21:10,155 - [INFO] - E:171|train_time: 43.36, VALID_time: 1.736, losses:-3.626, losses_emb:0.02416, best_valid(recall@20): 0.07205
valid 	 N@5: 0.0452, R@5: 0.02396, P@5: 0.04286
valid 	 N@10: 0.04815, R@10: 0.04225, P@10: 0.03771
valid 	 N@15: 0.05359, R@15: 0.05785, P@15: 0.03464
valid 	 N@20: 0.05895, R@20: 0.07193, P@20: 0.0324

2023-11-04 18:21:56,650 - [INFO] - E:172|train_time: 44.1, VALID_time: 2.319, losses:-3.626, losses_emb:0.0242, best_valid(recall@20): 0.07205
valid 	 N@5: 0.04516, R@5: 0.02397, P@5: 0.04286
valid 	 N@10: 0.04832, R@10: 0.04246, P@10: 0.03797
valid 	 N@15: 0.05368, R@15: 0.0581, P@15: 0.03471
valid 	 N@20: 0.05896, R@20: 0.07191, P@20: 0.03239

2023-11-04 18:22:41,024 - [INFO] - E:173|train_time: 43.26, VALID_time: 0.9881, losses:-3.626, losses_emb:0.02424, best_valid(recall@20): 0.07205
valid 	 N@5: 0.04528, R@5: 0.02409, P@5: 0.04298
valid 	 N@10: 0.04832, R@10: 0.04243, P@10: 0.0379
valid 	 N@15: 0.05357, R@15: 0.05776, P@15: 0.03458
valid 	 N@20: 0.05887, R@20: 0.07167, P@20: 0.03228

2023-11-04 18:23:26,260 - [INFO] - E:174|train_time: 43.22, VALID_time: 1.966, losses:-3.627, losses_emb:0.02428, best_valid(recall@20): 0.07205
valid 	 N@5: 0.04533, R@5: 0.02406, P@5: 0.04298
valid 	 N@10: 0.04832, R@10: 0.04236, P@10: 0.03788
valid 	 N@15: 0.0537, R@15: 0.05792, P@15: 0.03467
valid 	 N@20: 0.05899, R@20: 0.07181, P@20: 0.03234

2023-11-04 18:24:11,569 - [INFO] - E:175|train_time: 42.99, VALID_time: 2.212, losses:-3.626, losses_emb:0.02432, best_valid(recall@20): 0.07205
valid 	 N@5: 0.04538, R@5: 0.02397, P@5: 0.0429
valid 	 N@10: 0.04849, R@10: 0.04252, P@10: 0.03796
valid 	 N@15: 0.05388, R@15: 0.05816, P@15: 0.03474
valid 	 N@20: 0.05908, R@20: 0.07186, P@20: 0.03234

2023-11-04 18:24:55,579 - [INFO] - E:176|train_time: 42.26, VALID_time: 1.675, losses:-3.626, losses_emb:0.02435, best_valid(recall@20): 0.07205
valid 	 N@5: 0.04543, R@5: 0.02401, P@5: 0.04298
valid 	 N@10: 0.04853, R@10: 0.04255, P@10: 0.03804
valid 	 N@15: 0.05385, R@15: 0.05811, P@15: 0.03472
valid 	 N@20: 0.05918, R@20: 0.07212, P@20: 0.03242

2023-11-04 18:25:40,802 - [INFO] - E:177|train_time: 42.99, VALID_time: 2.124, losses:-3.627, losses_emb:0.02439, best_valid(recall@20): 0.07212
valid 	 N@5: 0.04533, R@5: 0.02401, P@5: 0.04283
valid 	 N@10: 0.04834, R@10: 0.04229, P@10: 0.03784
valid 	 N@15: 0.05378, R@15: 0.05802, P@15: 0.03472
valid 	 N@20: 0.05913, R@20: 0.07209, P@20: 0.03243

2023-11-04 18:26:25,257 - [INFO] - E:178|train_time: 42.71, VALID_time: 1.665, losses:-3.627, losses_emb:0.02443, best_valid(recall@20): 0.07212
valid 	 N@5: 0.04526, R@5: 0.02391, P@5: 0.04275
valid 	 N@10: 0.04824, R@10: 0.04222, P@10: 0.03774
valid 	 N@15: 0.05383, R@15: 0.0583, P@15: 0.03474
valid 	 N@20: 0.05906, R@20: 0.07199, P@20: 0.03238

2023-11-04 18:27:12,107 - [INFO] - E:179|train_time: 44.86, VALID_time: 1.922, losses:-3.627, losses_emb:0.02447, best_valid(recall@20): 0.07212
valid 	 N@5: 0.04524, R@5: 0.02396, P@5: 0.04274
valid 	 N@10: 0.04837, R@10: 0.04243, P@10: 0.03791
valid 	 N@15: 0.0537, R@15: 0.058, P@15: 0.03461
valid 	 N@20: 0.05895, R@20: 0.07176, P@20: 0.03229

2023-11-04 18:27:56,484 - [INFO] - E:180|train_time: 43.06, VALID_time: 1.21, losses:-3.627, losses_emb:0.0245, best_valid(recall@20): 0.07212
valid 	 N@5: 0.0452, R@5: 0.02408, P@5: 0.04284
valid 	 N@10: 0.04836, R@10: 0.04246, P@10: 0.03796
valid 	 N@15: 0.05375, R@15: 0.05812, P@15: 0.03474
valid 	 N@20: 0.05887, R@20: 0.07164, P@20: 0.03227

2023-11-04 18:28:40,763 - [INFO] - E:181|train_time: 42.62, VALID_time: 1.606, losses:-3.627, losses_emb:0.02454, best_valid(recall@20): 0.07212
valid 	 N@5: 0.04494, R@5: 0.02371, P@5: 0.04238
valid 	 N@10: 0.04825, R@10: 0.0423, P@10: 0.03788
valid 	 N@15: 0.05356, R@15: 0.05785, P@15: 0.03459
valid 	 N@20: 0.05886, R@20: 0.07176, P@20: 0.0323

2023-11-04 18:29:25,445 - [INFO] - E:182|train_time: 42.62, VALID_time: 1.985, losses:-3.627, losses_emb:0.02458, best_valid(recall@20): 0.07212
valid 	 N@5: 0.04522, R@5: 0.02393, P@5: 0.04267
valid 	 N@10: 0.0484, R@10: 0.0424, P@10: 0.03794
valid 	 N@15: 0.05373, R@15: 0.05793, P@15: 0.03468
valid 	 N@20: 0.05886, R@20: 0.07155, P@20: 0.03218

2023-11-04 18:30:10,919 - [INFO] - E:183|train_time: 43.22, VALID_time: 2.182, losses:-3.628, losses_emb:0.02461, best_valid(recall@20): 0.07212
valid 	 N@5: 0.04517, R@5: 0.02396, P@5: 0.04255
valid 	 N@10: 0.04827, R@10: 0.04226, P@10: 0.03772
valid 	 N@15: 0.05366, R@15: 0.05784, P@15: 0.03456
valid 	 N@20: 0.0589, R@20: 0.07167, P@20: 0.03219

2023-11-04 18:30:56,462 - [INFO] - E:184|train_time: 43.52, VALID_time: 1.926, losses:-3.627, losses_emb:0.02465, best_valid(recall@20): 0.07212
valid 	 N@5: 0.04532, R@5: 0.02399, P@5: 0.04276
valid 	 N@10: 0.04845, R@10: 0.04248, P@10: 0.03795
valid 	 N@15: 0.05367, R@15: 0.05788, P@15: 0.03452
valid 	 N@20: 0.05891, R@20: 0.07162, P@20: 0.03223

2023-11-04 18:31:42,017 - [INFO] - E:185|train_time: 43.32, VALID_time: 2.157, losses:-3.628, losses_emb:0.02468, best_valid(recall@20): 0.07212
valid 	 N@5: 0.04535, R@5: 0.02397, P@5: 0.04258
valid 	 N@10: 0.04853, R@10: 0.04243, P@10: 0.03787
valid 	 N@15: 0.05384, R@15: 0.05789, P@15: 0.03463
valid 	 N@20: 0.05909, R@20: 0.07169, P@20: 0.03231

2023-11-04 18:32:26,942 - [INFO] - E:186|train_time: 43.64, VALID_time: 1.199, losses:-3.628, losses_emb:0.02472, best_valid(recall@20): 0.07212
valid 	 N@5: 0.04543, R@5: 0.02392, P@5: 0.04284
valid 	 N@10: 0.04846, R@10: 0.04243, P@10: 0.03789
valid 	 N@15: 0.05378, R@15: 0.05795, P@15: 0.03462
valid 	 N@20: 0.05898, R@20: 0.07167, P@20: 0.03222

2023-11-04 18:33:12,147 - [INFO] - E:187|train_time: 43.03, VALID_time: 2.116, losses:-3.628, losses_emb:0.02475, best_valid(recall@20): 0.07212
valid 	 N@5: 0.04522, R@5: 0.02396, P@5: 0.04271
valid 	 N@10: 0.04835, R@10: 0.0424, P@10: 0.03791
valid 	 N@15: 0.05374, R@15: 0.05809, P@15: 0.03468
valid 	 N@20: 0.05894, R@20: 0.07179, P@20: 0.03226

2023-11-04 18:33:58,033 - [INFO] - E:188|train_time: 43.57, VALID_time: 2.266, losses:-3.628, losses_emb:0.02478, best_valid(recall@20): 0.07212
valid 	 N@5: 0.04511, R@5: 0.02387, P@5: 0.0426
valid 	 N@10: 0.04835, R@10: 0.04244, P@10: 0.03789
valid 	 N@15: 0.05368, R@15: 0.05796, P@15: 0.03464
valid 	 N@20: 0.05895, R@20: 0.0718, P@20: 0.0323

2023-11-04 18:34:44,294 - [INFO] - E:189|train_time: 44.11, VALID_time: 2.076, losses:-3.628, losses_emb:0.02482, best_valid(recall@20): 0.07212
valid 	 N@5: 0.04517, R@5: 0.02392, P@5: 0.04275
valid 	 N@10: 0.04829, R@10: 0.04246, P@10: 0.03785
valid 	 N@15: 0.05359, R@15: 0.05789, P@15: 0.0346
valid 	 N@20: 0.05894, R@20: 0.07187, P@20: 0.03235

2023-11-04 18:35:30,260 - [INFO] - E:190|train_time: 43.88, VALID_time: 1.996, losses:-3.629, losses_emb:0.02485, best_valid(recall@20): 0.07212
valid 	 N@5: 0.04527, R@5: 0.024, P@5: 0.04287
valid 	 N@10: 0.04826, R@10: 0.04223, P@10: 0.0378
valid 	 N@15: 0.05362, R@15: 0.05783, P@15: 0.0346
valid 	 N@20: 0.05895, R@20: 0.07183, P@20: 0.03233

2023-11-04 18:36:16,190 - [INFO] - E:191|train_time: 43.93, VALID_time: 1.906, losses:-3.629, losses_emb:0.02488, best_valid(recall@20): 0.07212
valid 	 N@5: 0.04529, R@5: 0.02399, P@5: 0.04281
valid 	 N@10: 0.0482, R@10: 0.04216, P@10: 0.03771
valid 	 N@15: 0.05365, R@15: 0.05786, P@15: 0.03465
valid 	 N@20: 0.05885, R@20: 0.07162, P@20: 0.03223

2023-11-04 18:37:00,865 - [INFO] - E:192|train_time: 42.8, VALID_time: 1.82, losses:-3.628, losses_emb:0.02491, best_valid(recall@20): 0.07212
valid 	 N@5: 0.04527, R@5: 0.02397, P@5: 0.0429
valid 	 N@10: 0.04823, R@10: 0.04225, P@10: 0.03781
valid 	 N@15: 0.05362, R@15: 0.05791, P@15: 0.03463
valid 	 N@20: 0.05887, R@20: 0.07173, P@20: 0.03229

2023-11-04 18:37:46,884 - [INFO] - E:193|train_time: 43.75, VALID_time: 2.217, losses:-3.629, losses_emb:0.02494, best_valid(recall@20): 0.07212
valid 	 N@5: 0.04509, R@5: 0.02374, P@5: 0.04249
valid 	 N@10: 0.04824, R@10: 0.04232, P@10: 0.03771
valid 	 N@15: 0.05369, R@15: 0.05793, P@15: 0.03465
valid 	 N@20: 0.05889, R@20: 0.07166, P@20: 0.03225

2023-11-04 18:38:32,182 - [INFO] - E:194|train_time: 43.48, VALID_time: 1.742, losses:-3.629, losses_emb:0.02497, best_valid(recall@20): 0.07212
valid 	 N@5: 0.0453, R@5: 0.02392, P@5: 0.04269
valid 	 N@10: 0.04823, R@10: 0.04218, P@10: 0.03761
valid 	 N@15: 0.0538, R@15: 0.05804, P@15: 0.03472
valid 	 N@20: 0.05892, R@20: 0.07163, P@20: 0.03222

2023-11-04 18:39:18,714 - [INFO] - E:195|train_time: 44.65, VALID_time: 1.826, losses:-3.629, losses_emb:0.02501, best_valid(recall@20): 0.07212
valid 	 N@5: 0.04518, R@5: 0.02383, P@5: 0.04266
valid 	 N@10: 0.04822, R@10: 0.04225, P@10: 0.03772
valid 	 N@15: 0.05372, R@15: 0.05803, P@15: 0.03468
valid 	 N@20: 0.05878, R@20: 0.07151, P@20: 0.03215

2023-11-04 18:40:03,721 - [INFO] - E:196|train_time: 43.16, VALID_time: 1.766, losses:-3.629, losses_emb:0.02504, best_valid(recall@20): 0.07212
valid 	 N@5: 0.04545, R@5: 0.02414, P@5: 0.0431
valid 	 N@10: 0.04828, R@10: 0.04224, P@10: 0.0378
valid 	 N@15: 0.0538, R@15: 0.05819, P@15: 0.03476
valid 	 N@20: 0.05889, R@20: 0.07164, P@20: 0.03226

2023-11-04 18:40:48,405 - [INFO] - E:197|train_time: 42.72, VALID_time: 1.891, losses:-3.629, losses_emb:0.02507, best_valid(recall@20): 0.07212
valid 	 N@5: 0.04541, R@5: 0.02411, P@5: 0.043
valid 	 N@10: 0.04831, R@10: 0.04229, P@10: 0.03784
valid 	 N@15: 0.05367, R@15: 0.05787, P@15: 0.03464
valid 	 N@20: 0.0588, R@20: 0.07149, P@20: 0.03218

2023-11-04 18:41:33,889 - [INFO] - E:198|train_time: 43.04, VALID_time: 2.375, losses:-3.63, losses_emb:0.0251, best_valid(recall@20): 0.07212
valid 	 N@5: 0.04499, R@5: 0.0238, P@5: 0.04256
valid 	 N@10: 0.04827, R@10: 0.04231, P@10: 0.03797
valid 	 N@15: 0.05358, R@15: 0.05795, P@15: 0.03461
valid 	 N@20: 0.0588, R@20: 0.07173, P@20: 0.03222

2023-11-04 18:42:19,829 - [INFO] - E:199|train_time: 43.81, VALID_time: 2.052, losses:-3.63, losses_emb:0.02512, best_valid(recall@20): 0.07212
valid 	 N@5: 0.04511, R@5: 0.02398, P@5: 0.04259
valid 	 N@10: 0.04831, R@10: 0.04242, P@10: 0.03791
valid 	 N@15: 0.05369, R@15: 0.05806, P@15: 0.03467
valid 	 N@20: 0.05893, R@20: 0.07182, P@20: 0.03232

2023-11-04 18:43:06,462 - [INFO] - E:200|train_time: 44.8, VALID_time: 1.776, losses:-3.63, losses_emb:0.02515, best_valid(recall@20): 0.07212
valid 	 N@5: 0.04525, R@5: 0.02383, P@5: 0.04272
valid 	 N@10: 0.04841, R@10: 0.0424, P@10: 0.03793
valid 	 N@15: 0.0538, R@15: 0.05812, P@15: 0.03469
valid 	 N@20: 0.05906, R@20: 0.07196, P@20: 0.03235

2023-11-04 18:43:51,518 - [INFO] - E:201|train_time: 43.34, VALID_time: 1.628, losses:-3.63, losses_emb:0.02518, best_valid(recall@20): 0.07212
valid 	 N@5: 0.0452, R@5: 0.02395, P@5: 0.04278
valid 	 N@10: 0.04837, R@10: 0.04243, P@10: 0.03793
valid 	 N@15: 0.05368, R@15: 0.05795, P@15: 0.03461
valid 	 N@20: 0.05902, R@20: 0.07193, P@20: 0.03236

2023-11-04 18:44:38,061 - [INFO] - E:202|train_time: 44.42, VALID_time: 2.031, losses:-3.63, losses_emb:0.02521, best_valid(recall@20): 0.07212
valid 	 N@5: 0.04541, R@5: 0.02413, P@5: 0.04309
valid 	 N@10: 0.04839, R@10: 0.04248, P@10: 0.03795
valid 	 N@15: 0.0537, R@15: 0.05794, P@15: 0.03467
valid 	 N@20: 0.05894, R@20: 0.07172, P@20: 0.03232

2023-11-04 18:45:24,147 - [INFO] - E:203|train_time: 44.92, VALID_time: 1.096, losses:-3.629, losses_emb:0.02524, best_valid(recall@20): 0.07212
valid 	 N@5: 0.04525, R@5: 0.02412, P@5: 0.04305
valid 	 N@10: 0.04823, R@10: 0.04247, P@10: 0.03783
valid 	 N@15: 0.05365, R@15: 0.05804, P@15: 0.0347
valid 	 N@20: 0.05877, R@20: 0.07154, P@20: 0.03225

2023-11-04 18:46:09,770 - [INFO] - E:204|train_time: 43.06, VALID_time: 2.52, losses:-3.63, losses_emb:0.02527, best_valid(recall@20): 0.07212
valid 	 N@5: 0.04551, R@5: 0.0241, P@5: 0.04303
valid 	 N@10: 0.04852, R@10: 0.04249, P@10: 0.03797
valid 	 N@15: 0.05383, R@15: 0.058, P@15: 0.03468
valid 	 N@20: 0.05894, R@20: 0.07148, P@20: 0.0322

2023-11-04 18:46:56,028 - [INFO] - E:205|train_time: 43.84, VALID_time: 2.346, losses:-3.629, losses_emb:0.02529, best_valid(recall@20): 0.07212
valid 	 N@5: 0.04556, R@5: 0.0243, P@5: 0.04322
valid 	 N@10: 0.0484, R@10: 0.04235, P@10: 0.03789
valid 	 N@15: 0.05372, R@15: 0.05789, P@15: 0.03461
valid 	 N@20: 0.05899, R@20: 0.07177, P@20: 0.03228

2023-11-04 18:47:40,591 - [INFO] - E:206|train_time: 42.84, VALID_time: 1.652, losses:-3.631, losses_emb:0.02532, best_valid(recall@20): 0.07212
valid 	 N@5: 0.04538, R@5: 0.02401, P@5: 0.0429
valid 	 N@10: 0.04829, R@10: 0.04221, P@10: 0.03777
valid 	 N@15: 0.05363, R@15: 0.05781, P@15: 0.03455
valid 	 N@20: 0.05898, R@20: 0.07183, P@20: 0.03233

2023-11-04 18:48:25,839 - [INFO] - E:207|train_time: 43.57, VALID_time: 1.624, losses:-3.63, losses_emb:0.02535, best_valid(recall@20): 0.07212
valid 	 N@5: 0.04541, R@5: 0.02416, P@5: 0.04315
valid 	 N@10: 0.04817, R@10: 0.04219, P@10: 0.03771
valid 	 N@15: 0.05357, R@15: 0.05784, P@15: 0.03454
valid 	 N@20: 0.05888, R@20: 0.07171, P@20: 0.03229

2023-11-04 18:49:11,185 - [INFO] - E:208|train_time: 42.88, VALID_time: 2.411, losses:-3.63, losses_emb:0.02537, best_valid(recall@20): 0.07212
valid 	 N@5: 0.04551, R@5: 0.02415, P@5: 0.04303
valid 	 N@10: 0.04849, R@10: 0.04246, P@10: 0.03802
valid 	 N@15: 0.05363, R@15: 0.05767, P@15: 0.03453
valid 	 N@20: 0.0591, R@20: 0.07203, P@20: 0.03238

2023-11-04 18:49:56,565 - [INFO] - E:209|train_time: 42.98, VALID_time: 2.326, losses:-3.63, losses_emb:0.0254, best_valid(recall@20): 0.07212
valid 	 N@5: 0.04546, R@5: 0.02404, P@5: 0.04293
valid 	 N@10: 0.04834, R@10: 0.04226, P@10: 0.0378
valid 	 N@15: 0.05375, R@15: 0.05791, P@15: 0.03467
valid 	 N@20: 0.059, R@20: 0.07177, P@20: 0.03231

2023-11-04 18:50:41,456 - [INFO] - E:210|train_time: 42.55, VALID_time: 2.281, losses:-3.631, losses_emb:0.02543, best_valid(recall@20): 0.07212
valid 	 N@5: 0.04541, R@5: 0.02411, P@5: 0.04285
valid 	 N@10: 0.04834, R@10: 0.04223, P@10: 0.03781
valid 	 N@15: 0.05373, R@15: 0.05787, P@15: 0.03461
valid 	 N@20: 0.05897, R@20: 0.07164, P@20: 0.03229

2023-11-04 18:51:27,400 - [INFO] - E:211|train_time: 43.95, VALID_time: 1.917, losses:-3.631, losses_emb:0.02545, best_valid(recall@20): 0.07212
valid 	 N@5: 0.04565, R@5: 0.02408, P@5: 0.04297
valid 	 N@10: 0.04856, R@10: 0.04239, P@10: 0.03787
valid 	 N@15: 0.05395, R@15: 0.05803, P@15: 0.03468
valid 	 N@20: 0.05911, R@20: 0.07166, P@20: 0.03228

2023-11-04 18:52:11,650 - [INFO] - E:212|train_time: 42.35, VALID_time: 1.859, losses:-3.63, losses_emb:0.02548, best_valid(recall@20): 0.07212
valid 	 N@5: 0.04551, R@5: 0.02399, P@5: 0.04294
valid 	 N@10: 0.04861, R@10: 0.04253, P@10: 0.03805
valid 	 N@15: 0.05369, R@15: 0.05761, P@15: 0.03452
valid 	 N@20: 0.05893, R@20: 0.07148, P@20: 0.03219

2023-11-04 18:52:57,511 - [INFO] - E:213|train_time: 43.87, VALID_time: 1.93, losses:-3.631, losses_emb:0.0255, best_valid(recall@20): 0.07212
valid 	 N@5: 0.04541, R@5: 0.02399, P@5: 0.04281
valid 	 N@10: 0.04846, R@10: 0.04233, P@10: 0.0379
valid 	 N@15: 0.05366, R@15: 0.05768, P@15: 0.03451
valid 	 N@20: 0.05892, R@20: 0.07153, P@20: 0.03222

2023-11-04 18:53:44,721 - [INFO] - E:214|train_time: 45.08, VALID_time: 2.054, losses:-3.631, losses_emb:0.02553, best_valid(recall@20): 0.07212
valid 	 N@5: 0.04535, R@5: 0.02393, P@5: 0.04274
valid 	 N@10: 0.04847, R@10: 0.04235, P@10: 0.03792
valid 	 N@15: 0.05359, R@15: 0.05765, P@15: 0.03442
valid 	 N@20: 0.05894, R@20: 0.07163, P@20: 0.03224

2023-11-04 18:54:30,842 - [INFO] - E:215|train_time: 44.09, VALID_time: 1.931, losses:-3.631, losses_emb:0.02555, best_valid(recall@20): 0.07212
valid 	 N@5: 0.04534, R@5: 0.02391, P@5: 0.04281
valid 	 N@10: 0.04837, R@10: 0.04235, P@10: 0.03783
valid 	 N@15: 0.05366, R@15: 0.0578, P@15: 0.03453
valid 	 N@20: 0.05886, R@20: 0.07154, P@20: 0.03216

2023-11-04 18:55:16,392 - [INFO] - E:216|train_time: 44.11, VALID_time: 1.385, losses:-3.631, losses_emb:0.02557, best_valid(recall@20): 0.07212
valid 	 N@5: 0.04544, R@5: 0.02407, P@5: 0.04298
valid 	 N@10: 0.04841, R@10: 0.04237, P@10: 0.03788
valid 	 N@15: 0.05363, R@15: 0.0577, P@15: 0.03453
valid 	 N@20: 0.05891, R@20: 0.07166, P@20: 0.03222

2023-11-04 18:56:01,228 - [INFO] - E:217|train_time: 43.06, VALID_time: 1.728, losses:-3.631, losses_emb:0.0256, best_valid(recall@20): 0.07212
valid 	 N@5: 0.04528, R@5: 0.02391, P@5: 0.04278
valid 	 N@10: 0.04837, R@10: 0.04238, P@10: 0.0379
valid 	 N@15: 0.05364, R@15: 0.05781, P@15: 0.03458
valid 	 N@20: 0.05888, R@20: 0.0716, P@20: 0.03228

2023-11-04 18:56:46,770 - [INFO] - E:218|train_time: 43.38, VALID_time: 2.108, losses:-3.632, losses_emb:0.02562, best_valid(recall@20): 0.07212
valid 	 N@5: 0.04569, R@5: 0.02405, P@5: 0.04323
valid 	 N@10: 0.0485, R@10: 0.04229, P@10: 0.03794
valid 	 N@15: 0.05374, R@15: 0.05782, P@15: 0.03457
valid 	 N@20: 0.0591, R@20: 0.0719, P@20: 0.03233

2023-11-04 18:57:31,715 - [INFO] - E:219|train_time: 42.9, VALID_time: 1.969, losses:-3.632, losses_emb:0.02565, best_valid(recall@20): 0.07212
valid 	 N@5: 0.04547, R@5: 0.02394, P@5: 0.04289
valid 	 N@10: 0.04849, R@10: 0.04234, P@10: 0.03793
valid 	 N@15: 0.05372, R@15: 0.05781, P@15: 0.03454
valid 	 N@20: 0.0591, R@20: 0.07192, P@20: 0.03231

2023-11-04 18:58:16,738 - [INFO] - E:220|train_time: 43.29, VALID_time: 1.678, losses:-3.631, losses_emb:0.02567, best_valid(recall@20): 0.07212
valid 	 N@5: 0.04545, R@5: 0.02397, P@5: 0.04291
valid 	 N@10: 0.04836, R@10: 0.04223, P@10: 0.03779
valid 	 N@15: 0.05375, R@15: 0.05794, P@15: 0.03456
valid 	 N@20: 0.05909, R@20: 0.07186, P@20: 0.03238

2023-11-04 18:59:03,722 - [INFO] - E:221|train_time: 44.59, VALID_time: 2.329, losses:-3.631, losses_emb:0.02569, best_valid(recall@20): 0.07212
valid 	 N@5: 0.04569, R@5: 0.02415, P@5: 0.04327
valid 	 N@10: 0.04848, R@10: 0.04254, P@10: 0.03786
valid 	 N@15: 0.05383, R@15: 0.05802, P@15: 0.03468
valid 	 N@20: 0.05893, R@20: 0.07156, P@20: 0.0322

2023-11-04 18:59:48,836 - [INFO] - E:222|train_time: 42.93, VALID_time: 2.109, losses:-3.631, losses_emb:0.02571, best_valid(recall@20): 0.07212
valid 	 N@5: 0.04574, R@5: 0.02424, P@5: 0.04333
valid 	 N@10: 0.04851, R@10: 0.04244, P@10: 0.03787
valid 	 N@15: 0.05381, R@15: 0.05785, P@15: 0.03463
valid 	 N@20: 0.05921, R@20: 0.07202, P@20: 0.03242

2023-11-04 19:00:34,077 - [INFO] - E:223|train_time: 42.76, VALID_time: 2.429, losses:-3.632, losses_emb:0.02574, best_valid(recall@20): 0.07212
valid 	 N@5: 0.04563, R@5: 0.02411, P@5: 0.04311
valid 	 N@10: 0.04856, R@10: 0.04256, P@10: 0.03792
valid 	 N@15: 0.05378, R@15: 0.05785, P@15: 0.03456
valid 	 N@20: 0.05909, R@20: 0.07175, P@20: 0.0323

2023-11-04 19:01:19,724 - [INFO] - E:224|train_time: 43.42, VALID_time: 2.126, losses:-3.632, losses_emb:0.02576, best_valid(recall@20): 0.07212
valid 	 N@5: 0.04556, R@5: 0.02411, P@5: 0.0431
valid 	 N@10: 0.0485, R@10: 0.04253, P@10: 0.03789
valid 	 N@15: 0.05379, R@15: 0.05786, P@15: 0.03467
valid 	 N@20: 0.05899, R@20: 0.07163, P@20: 0.03226

2023-11-04 19:02:04,802 - [INFO] - E:225|train_time: 43.66, VALID_time: 1.33, losses:-3.632, losses_emb:0.02578, best_valid(recall@20): 0.07212
valid 	 N@5: 0.04558, R@5: 0.02409, P@5: 0.04304
valid 	 N@10: 0.04851, R@10: 0.04241, P@10: 0.03787
valid 	 N@15: 0.05384, R@15: 0.05796, P@15: 0.03463
valid 	 N@20: 0.05912, R@20: 0.07182, P@20: 0.03233

2023-11-04 19:02:50,486 - [INFO] - E:226|train_time: 43.87, VALID_time: 1.768, losses:-3.632, losses_emb:0.0258, best_valid(recall@20): 0.07212
valid 	 N@5: 0.04537, R@5: 0.02408, P@5: 0.04284
valid 	 N@10: 0.04844, R@10: 0.04241, P@10: 0.03793
valid 	 N@15: 0.05382, R@15: 0.05803, P@15: 0.03471
valid 	 N@20: 0.05894, R@20: 0.07158, P@20: 0.03227

2023-11-04 19:03:37,191 - [INFO] - E:227|train_time: 44.49, VALID_time: 2.164, losses:-3.632, losses_emb:0.02582, best_valid(recall@20): 0.07212
valid 	 N@5: 0.04551, R@5: 0.02407, P@5: 0.043
valid 	 N@10: 0.04852, R@10: 0.0425, P@10: 0.03795
valid 	 N@15: 0.05381, R@15: 0.05797, P@15: 0.03463
valid 	 N@20: 0.05906, R@20: 0.07181, P@20: 0.03232

2023-11-04 19:03:37,192 - [INFO] - start to test!!

2023-11-04 19:03:38,418 - [INFO] - 
TEST 	 N@5: 0.04543, R@5: 0.02401, P@5: 0.04298
TEST 	 N@10: 0.04853, R@10: 0.04255, P@10: 0.03804
TEST 	 N@15: 0.05385, R@15: 0.05811, P@15: 0.03472
TEST 	 N@20: 0.05918, R@20: 0.07212, P@20: 0.03242

