2022-08-29 05:33:20,689 - [INFO] - {'dataset': 'amazon', 'data_path': './data/', 'name': 'amazon_DRO_POS_LGN_frame_t1_0.30_t2_0.80_t3_0.30_HOPS_3_4096_800_lr_1e-3_l2_1e-1_NODROP_False_MODE_reweight_P_50_G_no_cosine_29_08_2022_05:33:20', 'train_ratio': 0.8, 'gnn': 'lgn_frame', 'epoch': 1000, 'batch_size': 4096, 'test_batch_size': 2048, 'dim': 64, 'l2': 0.1, 'lr': 0.001, 'mess_dropout': False, 'mess_dropout_rate': 0.1, 'edge_dropout': False, 'edge_dropout_rate': 0.1, 'batch_test_flag': True, 'ns': 'mixgcf', 'K': 1, 'n_negs': 800, 'pool': 'mean', 'cuda': True, 'gpu_id': 0, 'Ks': '[10, 20, 50]', 'test_flag': 'part', 'context_hops': 3, 'eval_earlystop': 'recall@20', 'tau_plus': 0.1, 'temperature': 0.3, 'beta': 1.0, 'sample_num': 2048, 's_neg': 64, 's_pos': 64, 'norm_change': False, 'norm_path': None, 'u_norm': True, 'i_norm': True, 'alpha': 0.1, 'save': False, 'save_analyses': False, 'log_hard_rate': False, 'norm_before': False, 'norm_after': False, 'batch_var': False, 'out_dir': './weights/', 'log_dir': './log_pos/', 'config_dir': './config/', 'restore': False, 'bash_train': False, 'emb_l2': False, 'lam': 0.1, 'lam_per_epoch': 0.1, 'margin': 0.9, 'negative_weight': 150, 'loss_fn': 'Pos_DROLoss', 'sampling_method': 'no_sample', 'load_name': 'uniform', 'generate_mode': 'no_cosine', 'reweight_period': 5, 'mix_target': 'mix_target', 'mask_distribution': 'mask_distribution', 'neg_alpha': 1.6, 'pos_alpha': 2.0, 'dim_mask': 'both', 'expolation_mask': False, 'mix_replace': False, 'save_emb': False, 'sample_replace': False, 'init_norm': 'uniform', 'init_mean': 2.0, 'init_std': 2.0, 'pop_pow': 1.0, 'save_mle': False, 'l2_mode': 'static', 'temperature_2': 0.8, 'temperature_3': 0.3, 'group_valid': False, 'score_save': 'alpha', 'tau_min': 0.05, 'tau_max': 0.15, 'm': 0.9, 'pow_rate': 0.9, 't_min': 0.05, 't_max': 0.15, 't_epoch': 0.01, 't_patience': 50, 'tau_mode': 'static', 'pos_num': 10, 'beta_1': 10, 'beta_2': 10, 'kl_mode': 'kl', 'lam_bank': False, 'neg_rate': '', 'trans_mode': 'else', 'group_mode': 'equal_pop', 'pos_mode': 'reweight', 'group_mix_mode': 'v1', 'kl_memory_fun': 'v0', 'm_tau': 0.9, 'loss_re': False, 'min_lr': 1e-06, 'cnt_lr': 10, 'group_num': 10, 'w1': 0.9, 'w2': 0.9, 'w3': 0.9, 'w4': 0.9, 'negative_weight2': 0.9, 'gamma': 0.9, 'lambda_': 0.9, 'initial_weight': 0.9, 'ii_neighbor_num': 0.9, 'bool_sigmoid': 1, 'bool_normalized': 1, 'bool_omega': 1, 'lambda_thresh': 10.0, 'lam_epoch': 5, 'add_epoch': 5, 'bool_save': 1, 'lambda_mode': 1, 'pos_prob': 1.0}
2022-08-29 05:33:27,442 - [INFO] - load train.txt
2022-08-29 05:33:35,552 - [INFO] - building the adj mat ...
2022-08-29 05:33:36,381 - [INFO] - train set len is 1368000
2022-08-29 05:33:36,382 - [INFO] - test set len is 152255
2022-08-29 05:33:36,382 - [INFO] - loading over ...
2022-08-29 05:33:36,382 - [INFO] - users are 192403 items are 63001
Here is Pos_DROLoss loss
tau_1	tau_2 tau_3 	 is 0.3	0.8	 0.3 loss_re False MODE reweight
sample method is no_sample
2022-08-29 05:33:44,827 - [INFO] - Evaluation Protocols is 1 @ 20
2022-08-29 05:33:44,828 - [INFO] - start training ...
2022-08-29 05:34:08,577 - [INFO] - E:0|train_time: 19.34, VALID_time: 4.326, loss: 10.99, losses:5.504, losses_emb:0.003709, best_valid(recall@20): -inf
valid 	 N@10: 0.01696, R@10: 0.03156, P@10: 0.003604
valid 	 N@20: 0.02136, R@20: 0.0485, P@20: 0.00278
valid 	 N@50: 0.02774, R@50: 0.07973, P@50: 0.001841

2022-08-29 05:34:30,693 - [INFO] - E:1|train_time: 17.58, VALID_time: 4.284, loss: 10.58, losses:5.162, losses_emb:0.008868, best_valid(recall@20): 0.0485
valid 	 N@10: 0.01888, R@10: 0.03491, P@10: 0.003976
valid 	 N@20: 0.02361, R@20: 0.05322, P@20: 0.003038
valid 	 N@50: 0.03047, R@50: 0.08676, P@50: 0.002002

2022-08-29 05:34:53,098 - [INFO] - E:2|train_time: 17.75, VALID_time: 4.271, loss: 10.45, losses:5.097, losses_emb:0.01252, best_valid(recall@20): 0.05322
valid 	 N@10: 0.01934, R@10: 0.03581, P@10: 0.004068
valid 	 N@20: 0.02433, R@20: 0.0551, P@20: 0.003144
valid 	 N@50: 0.03127, R@50: 0.08911, P@50: 0.002053

2022-08-29 05:35:15,310 - [INFO] - E:3|train_time: 17.65, VALID_time: 4.181, loss: 10.41, losses:5.067, losses_emb:0.01584, best_valid(recall@20): 0.0551
valid 	 N@10: 0.01979, R@10: 0.03671, P@10: 0.004161
valid 	 N@20: 0.02475, R@20: 0.05588, P@20: 0.003186
valid 	 N@50: 0.03181, R@50: 0.09047, P@50: 0.002084

2022-08-29 05:35:37,931 - [INFO] - E:4|train_time: 17.83, VALID_time: 4.33, loss: 10.35, losses:5.05, losses_emb:0.0189, best_valid(recall@20): 0.05588
valid 	 N@10: 0.02009, R@10: 0.03713, P@10: 0.004204
valid 	 N@20: 0.02514, R@20: 0.0567, P@20: 0.00323
valid 	 N@50: 0.03228, R@50: 0.0917, P@50: 0.002111

2022-08-29 05:36:00,757 - [INFO] - E:5|train_time: 17.84, VALID_time: 4.305, loss: 10.33, losses:5.04, losses_emb:0.02175, best_valid(recall@20): 0.0567
valid 	 N@10: 0.0202, R@10: 0.03731, P@10: 0.004224
valid 	 N@20: 0.02532, R@20: 0.05716, P@20: 0.003249
valid 	 N@50: 0.03253, R@50: 0.09241, P@50: 0.002127

2022-08-29 05:36:23,331 - [INFO] - E:6|train_time: 17.87, VALID_time: 4.257, loss: 10.32, losses:5.033, losses_emb:0.02442, best_valid(recall@20): 0.05716
valid 	 N@10: 0.02031, R@10: 0.03744, P@10: 0.004244
valid 	 N@20: 0.02554, R@20: 0.05773, P@20: 0.003278
valid 	 N@50: 0.03274, R@50: 0.09297, P@50: 0.002137

2022-08-29 05:36:45,958 - [INFO] - E:7|train_time: 17.82, VALID_time: 4.22, loss: 10.31, losses:5.028, losses_emb:0.02695, best_valid(recall@20): 0.05773
valid 	 N@10: 0.02039, R@10: 0.03779, P@10: 0.004276
valid 	 N@20: 0.02557, R@20: 0.05784, P@20: 0.003283
valid 	 N@50: 0.03282, R@50: 0.09332, P@50: 0.002147

2022-08-29 05:37:08,666 - [INFO] - E:8|train_time: 17.84, VALID_time: 4.202, loss: 10.26, losses:5.025, losses_emb:0.02934, best_valid(recall@20): 0.05784
valid 	 N@10: 0.02045, R@10: 0.03777, P@10: 0.004274
valid 	 N@20: 0.02567, R@20: 0.05797, P@20: 0.003292
valid 	 N@50: 0.033, R@50: 0.09387, P@50: 0.002157

2022-08-29 05:37:31,066 - [INFO] - E:9|train_time: 17.79, VALID_time: 4.221, loss: 10.28, losses:5.023, losses_emb:0.03162, best_valid(recall@20): 0.05797
valid 	 N@10: 0.02057, R@10: 0.03802, P@10: 0.004292
valid 	 N@20: 0.02575, R@20: 0.05807, P@20: 0.003298
valid 	 N@50: 0.0331, R@50: 0.09401, P@50: 0.00216

2022-08-29 05:37:53,661 - [INFO] - E:10|train_time: 17.87, VALID_time: 4.222, loss: 10.28, losses:5.022, losses_emb:0.03373, best_valid(recall@20): 0.05807
valid 	 N@10: 0.02063, R@10: 0.03815, P@10: 0.00431
valid 	 N@20: 0.02579, R@20: 0.05809, P@20: 0.003301
valid 	 N@50: 0.03319, R@50: 0.09437, P@50: 0.002167

2022-08-29 05:38:16,155 - [INFO] - E:11|train_time: 17.83, VALID_time: 4.262, loss: 10.24, losses:5.021, losses_emb:0.03579, best_valid(recall@20): 0.05809
valid 	 N@10: 0.02068, R@10: 0.03803, P@10: 0.004296
valid 	 N@20: 0.02597, R@20: 0.05846, P@20: 0.003321
valid 	 N@50: 0.03332, R@50: 0.09447, P@50: 0.002172

2022-08-29 05:38:38,840 - [INFO] - E:12|train_time: 17.85, VALID_time: 4.324, loss: 10.25, losses:5.021, losses_emb:0.03768, best_valid(recall@20): 0.05846
valid 	 N@10: 0.0208, R@10: 0.03828, P@10: 0.004322
valid 	 N@20: 0.02598, R@20: 0.05827, P@20: 0.003313
valid 	 N@50: 0.03339, R@50: 0.09455, P@50: 0.002172

2022-08-29 05:39:02,079 - [INFO] - E:13|train_time: 18.04, VALID_time: 5.093, loss: 10.25, losses:5.021, losses_emb:0.03947, best_valid(recall@20): 0.05846
valid 	 N@10: 0.0208, R@10: 0.03833, P@10: 0.004331
valid 	 N@20: 0.02599, R@20: 0.05837, P@20: 0.00332
valid 	 N@50: 0.03342, R@50: 0.09471, P@50: 0.002177

2022-08-29 05:39:27,044 - [INFO] - E:14|train_time: 19.57, VALID_time: 5.311, loss: 10.26, losses:5.021, losses_emb:0.04115, best_valid(recall@20): 0.05846
valid 	 N@10: 0.02081, R@10: 0.03843, P@10: 0.004342
valid 	 N@20: 0.02601, R@20: 0.05851, P@20: 0.00333
valid 	 N@50: 0.03337, R@50: 0.09458, P@50: 0.002173

2022-08-29 05:39:52,513 - [INFO] - E:15|train_time: 19.28, VALID_time: 5.38, loss: 10.25, losses:5.021, losses_emb:0.04268, best_valid(recall@20): 0.05851
valid 	 N@10: 0.02083, R@10: 0.03859, P@10: 0.00435
valid 	 N@20: 0.02608, R@20: 0.05886, P@20: 0.003346
valid 	 N@50: 0.03342, R@50: 0.09478, P@50: 0.002178

2022-08-29 05:40:17,450 - [INFO] - E:16|train_time: 19.27, VALID_time: 5.204, loss: 10.26, losses:5.021, losses_emb:0.04413, best_valid(recall@20): 0.05886
valid 	 N@10: 0.0209, R@10: 0.03862, P@10: 0.004358
valid 	 N@20: 0.0262, R@20: 0.05907, P@20: 0.003355
valid 	 N@50: 0.03356, R@50: 0.09517, P@50: 0.002187

2022-08-29 05:40:44,007 - [INFO] - E:17|train_time: 20.26, VALID_time: 5.634, loss: 10.28, losses:5.021, losses_emb:0.04545, best_valid(recall@20): 0.05907
valid 	 N@10: 0.02109, R@10: 0.03891, P@10: 0.004388
valid 	 N@20: 0.02634, R@20: 0.05917, P@20: 0.003365
valid 	 N@50: 0.03372, R@50: 0.09537, P@50: 0.00219

2022-08-29 05:41:10,727 - [INFO] - E:18|train_time: 19.09, VALID_time: 7.093, loss: 10.25, losses:5.022, losses_emb:0.04667, best_valid(recall@20): 0.05917
valid 	 N@10: 0.02111, R@10: 0.03903, P@10: 0.004402
valid 	 N@20: 0.02628, R@20: 0.05898, P@20: 0.003354
valid 	 N@50: 0.03365, R@50: 0.09502, P@50: 0.002182

2022-08-29 05:41:36,580 - [INFO] - E:19|train_time: 19.29, VALID_time: 6.405, loss: 10.21, losses:5.022, losses_emb:0.04779, best_valid(recall@20): 0.05917
valid 	 N@10: 0.02105, R@10: 0.03885, P@10: 0.004384
valid 	 N@20: 0.0263, R@20: 0.05912, P@20: 0.003358
valid 	 N@50: 0.0337, R@50: 0.09531, P@50: 0.002191

2022-08-29 05:42:00,333 - [INFO] - E:20|train_time: 18.44, VALID_time: 5.136, loss: 10.26, losses:5.022, losses_emb:0.0488, best_valid(recall@20): 0.05917
valid 	 N@10: 0.02111, R@10: 0.03917, P@10: 0.004418
valid 	 N@20: 0.0263, R@20: 0.05919, P@20: 0.003365
valid 	 N@50: 0.0337, R@50: 0.09547, P@50: 0.002194

2022-08-29 05:42:25,652 - [INFO] - E:21|train_time: 19.71, VALID_time: 5.148, loss: 10.25, losses:5.022, losses_emb:0.04973, best_valid(recall@20): 0.05919
valid 	 N@10: 0.02117, R@10: 0.03925, P@10: 0.004421
valid 	 N@20: 0.02639, R@20: 0.05938, P@20: 0.003376
valid 	 N@50: 0.03379, R@50: 0.0956, P@50: 0.002197

2022-08-29 05:42:50,446 - [INFO] - E:22|train_time: 19.48, VALID_time: 4.87, loss: 10.29, losses:5.022, losses_emb:0.05058, best_valid(recall@20): 0.05938
valid 	 N@10: 0.02123, R@10: 0.03915, P@10: 0.004406
valid 	 N@20: 0.02648, R@20: 0.05936, P@20: 0.003374
valid 	 N@50: 0.03392, R@50: 0.09584, P@50: 0.002201

2022-08-29 05:43:16,820 - [INFO] - E:23|train_time: 19.73, VALID_time: 6.547, loss: 10.25, losses:5.022, losses_emb:0.05135, best_valid(recall@20): 0.05938
valid 	 N@10: 0.02126, R@10: 0.0393, P@10: 0.004427
valid 	 N@20: 0.02649, R@20: 0.05947, P@20: 0.00338
valid 	 N@50: 0.03391, R@50: 0.09583, P@50: 0.002203

2022-08-29 05:43:42,397 - [INFO] - E:24|train_time: 19.8, VALID_time: 5.257, loss: 10.23, losses:5.022, losses_emb:0.05203, best_valid(recall@20): 0.05947
valid 	 N@10: 0.02135, R@10: 0.03947, P@10: 0.00444
valid 	 N@20: 0.02651, R@20: 0.05933, P@20: 0.003371
valid 	 N@50: 0.03398, R@50: 0.09594, P@50: 0.002206

2022-08-29 05:44:08,639 - [INFO] - E:25|train_time: 19.7, VALID_time: 6.426, loss: 10.23, losses:5.022, losses_emb:0.05267, best_valid(recall@20): 0.05947
valid 	 N@10: 0.02129, R@10: 0.03952, P@10: 0.00445
valid 	 N@20: 0.02648, R@20: 0.05955, P@20: 0.003381
valid 	 N@50: 0.03391, R@50: 0.09598, P@50: 0.002206

2022-08-29 05:44:34,543 - [INFO] - E:26|train_time: 19.94, VALID_time: 5.353, loss: 10.21, losses:5.022, losses_emb:0.05323, best_valid(recall@20): 0.05955
valid 	 N@10: 0.02133, R@10: 0.0397, P@10: 0.004469
valid 	 N@20: 0.02651, R@20: 0.05966, P@20: 0.003384
valid 	 N@50: 0.03394, R@50: 0.09606, P@50: 0.002209

2022-08-29 05:44:59,313 - [INFO] - E:27|train_time: 19.19, VALID_time: 5.146, loss: 10.24, losses:5.022, losses_emb:0.05376, best_valid(recall@20): 0.05966
valid 	 N@10: 0.02128, R@10: 0.03962, P@10: 0.00446
valid 	 N@20: 0.02648, R@20: 0.05967, P@20: 0.003385
valid 	 N@50: 0.03392, R@50: 0.09604, P@50: 0.002209

2022-08-29 05:45:26,242 - [INFO] - E:28|train_time: 20.31, VALID_time: 6.158, loss: 10.25, losses:5.022, losses_emb:0.05422, best_valid(recall@20): 0.05967
valid 	 N@10: 0.02132, R@10: 0.03973, P@10: 0.004472
valid 	 N@20: 0.02658, R@20: 0.06003, P@20: 0.003404
valid 	 N@50: 0.0339, R@50: 0.09589, P@50: 0.002203

2022-08-29 05:45:50,853 - [INFO] - E:29|train_time: 18.24, VALID_time: 5.965, loss: 10.22, losses:5.022, losses_emb:0.05465, best_valid(recall@20): 0.06003
valid 	 N@10: 0.02133, R@10: 0.03962, P@10: 0.004459
valid 	 N@20: 0.02658, R@20: 0.05985, P@20: 0.003397
valid 	 N@50: 0.03399, R@50: 0.09618, P@50: 0.002209

2022-08-29 05:46:17,960 - [INFO] - E:30|train_time: 20.05, VALID_time: 6.971, loss: 10.23, losses:5.022, losses_emb:0.05502, best_valid(recall@20): 0.06003
valid 	 N@10: 0.02136, R@10: 0.03973, P@10: 0.004474
valid 	 N@20: 0.02662, R@20: 0.06003, P@20: 0.003405
valid 	 N@50: 0.03401, R@50: 0.09625, P@50: 0.002211

2022-08-29 05:46:41,689 - [INFO] - E:31|train_time: 18.72, VALID_time: 4.902, loss: 10.23, losses:5.021, losses_emb:0.05539, best_valid(recall@20): 0.06003
valid 	 N@10: 0.02145, R@10: 0.03995, P@10: 0.004495
valid 	 N@20: 0.02669, R@20: 0.06019, P@20: 0.003417
valid 	 N@50: 0.03406, R@50: 0.09629, P@50: 0.002213

2022-08-29 05:47:07,153 - [INFO] - E:32|train_time: 19.7, VALID_time: 5.318, loss: 10.26, losses:5.021, losses_emb:0.0557, best_valid(recall@20): 0.06019
valid 	 N@10: 0.02139, R@10: 0.03989, P@10: 0.004489
valid 	 N@20: 0.0266, R@20: 0.05997, P@20: 0.003403
valid 	 N@50: 0.03399, R@50: 0.09618, P@50: 0.002208

2022-08-29 05:47:31,979 - [INFO] - E:33|train_time: 19.52, VALID_time: 5.203, loss: 10.21, losses:5.021, losses_emb:0.05598, best_valid(recall@20): 0.06019
valid 	 N@10: 0.02143, R@10: 0.03993, P@10: 0.004498
valid 	 N@20: 0.0267, R@20: 0.06025, P@20: 0.003418
valid 	 N@50: 0.03405, R@50: 0.09623, P@50: 0.002211

2022-08-29 05:47:58,139 - [INFO] - E:34|train_time: 19.49, VALID_time: 6.257, loss: 10.23, losses:5.021, losses_emb:0.05624, best_valid(recall@20): 0.06025
valid 	 N@10: 0.0214, R@10: 0.03984, P@10: 0.004484
valid 	 N@20: 0.02669, R@20: 0.06025, P@20: 0.003419
valid 	 N@50: 0.03409, R@50: 0.09647, P@50: 0.002216

2022-08-29 05:48:23,543 - [INFO] - E:35|train_time: 19.6, VALID_time: 5.179, loss: 10.24, losses:5.021, losses_emb:0.05648, best_valid(recall@20): 0.06025
valid 	 N@10: 0.02138, R@10: 0.03971, P@10: 0.00447
valid 	 N@20: 0.02673, R@20: 0.0603, P@20: 0.00342
valid 	 N@50: 0.03405, R@50: 0.09613, P@50: 0.002208

2022-08-29 05:48:49,196 - [INFO] - E:36|train_time: 19.34, VALID_time: 5.909, loss: 10.25, losses:5.021, losses_emb:0.0567, best_valid(recall@20): 0.0603
valid 	 N@10: 0.02136, R@10: 0.03976, P@10: 0.004477
valid 	 N@20: 0.02675, R@20: 0.06052, P@20: 0.003435
valid 	 N@50: 0.03407, R@50: 0.09642, P@50: 0.002213

2022-08-29 05:49:14,814 - [INFO] - E:37|train_time: 20.01, VALID_time: 5.079, loss: 10.23, losses:5.021, losses_emb:0.05688, best_valid(recall@20): 0.06052
valid 	 N@10: 0.02151, R@10: 0.04001, P@10: 0.004503
valid 	 N@20: 0.02676, R@20: 0.06025, P@20: 0.003421
valid 	 N@50: 0.03416, R@50: 0.09646, P@50: 0.002215

2022-08-29 05:49:39,538 - [INFO] - E:38|train_time: 18.48, VALID_time: 6.144, loss: 10.24, losses:5.021, losses_emb:0.05706, best_valid(recall@20): 0.06052
valid 	 N@10: 0.02135, R@10: 0.03969, P@10: 0.004472
valid 	 N@20: 0.02674, R@20: 0.06045, P@20: 0.003429
valid 	 N@50: 0.03408, R@50: 0.0964, P@50: 0.002214

2022-08-29 05:50:05,089 - [INFO] - E:39|train_time: 19.72, VALID_time: 5.701, loss: 10.24, losses:5.02, losses_emb:0.05723, best_valid(recall@20): 0.06052
valid 	 N@10: 0.02138, R@10: 0.0399, P@10: 0.004493
valid 	 N@20: 0.02678, R@20: 0.06073, P@20: 0.003446
valid 	 N@50: 0.03406, R@50: 0.09643, P@50: 0.002214

2022-08-29 05:50:31,101 - [INFO] - E:40|train_time: 19.04, VALID_time: 6.509, loss: 10.22, losses:5.02, losses_emb:0.05738, best_valid(recall@20): 0.06073
valid 	 N@10: 0.0215, R@10: 0.04004, P@10: 0.004507
valid 	 N@20: 0.02687, R@20: 0.06075, P@20: 0.003445
valid 	 N@50: 0.03415, R@50: 0.09645, P@50: 0.002216

2022-08-29 05:50:56,514 - [INFO] - E:41|train_time: 19.3, VALID_time: 5.478, loss: 10.24, losses:5.02, losses_emb:0.05752, best_valid(recall@20): 0.06075
valid 	 N@10: 0.02153, R@10: 0.04016, P@10: 0.004529
valid 	 N@20: 0.02676, R@20: 0.06029, P@20: 0.003419
valid 	 N@50: 0.03419, R@50: 0.0967, P@50: 0.00222

2022-08-29 05:51:20,415 - [INFO] - E:42|train_time: 18.99, VALID_time: 4.795, loss: 10.26, losses:5.02, losses_emb:0.05764, best_valid(recall@20): 0.06075
valid 	 N@10: 0.02156, R@10: 0.04022, P@10: 0.004529
valid 	 N@20: 0.02684, R@20: 0.06057, P@20: 0.003435
valid 	 N@50: 0.03419, R@50: 0.09659, P@50: 0.002217

2022-08-29 05:51:46,415 - [INFO] - E:43|train_time: 19.92, VALID_time: 5.985, loss: 10.21, losses:5.02, losses_emb:0.05776, best_valid(recall@20): 0.06075
valid 	 N@10: 0.02149, R@10: 0.04002, P@10: 0.004517
valid 	 N@20: 0.02679, R@20: 0.06051, P@20: 0.00343
valid 	 N@50: 0.03415, R@50: 0.09655, P@50: 0.002218

2022-08-29 05:52:12,051 - [INFO] - E:44|train_time: 19.88, VALID_time: 5.66, loss: 10.23, losses:5.02, losses_emb:0.05786, best_valid(recall@20): 0.06075
valid 	 N@10: 0.02147, R@10: 0.04004, P@10: 0.004514
valid 	 N@20: 0.02682, R@20: 0.06068, P@20: 0.00344
valid 	 N@50: 0.0341, R@50: 0.09634, P@50: 0.002211

2022-08-29 05:52:38,279 - [INFO] - E:45|train_time: 19.5, VALID_time: 6.586, loss: 10.23, losses:5.02, losses_emb:0.05796, best_valid(recall@20): 0.06075
valid 	 N@10: 0.02151, R@10: 0.04002, P@10: 0.004512
valid 	 N@20: 0.02685, R@20: 0.06062, P@20: 0.003437
valid 	 N@50: 0.03417, R@50: 0.09654, P@50: 0.002217

2022-08-29 05:53:03,387 - [INFO] - E:46|train_time: 19.76, VALID_time: 5.173, loss: 10.2, losses:5.02, losses_emb:0.05805, best_valid(recall@20): 0.06075
valid 	 N@10: 0.02151, R@10: 0.04001, P@10: 0.004514
valid 	 N@20: 0.02686, R@20: 0.06068, P@20: 0.003438
valid 	 N@50: 0.03424, R@50: 0.09679, P@50: 0.002224

2022-08-29 05:53:29,422 - [INFO] - E:47|train_time: 20.16, VALID_time: 5.77, loss: 10.23, losses:5.02, losses_emb:0.05813, best_valid(recall@20): 0.06075
valid 	 N@10: 0.02143, R@10: 0.04005, P@10: 0.004513
valid 	 N@20: 0.02669, R@20: 0.06035, P@20: 0.003421
valid 	 N@50: 0.03406, R@50: 0.09647, P@50: 0.002215

2022-08-29 05:53:55,280 - [INFO] - E:48|train_time: 19.84, VALID_time: 5.916, loss: 10.24, losses:5.019, losses_emb:0.05821, best_valid(recall@20): 0.06075
valid 	 N@10: 0.02143, R@10: 0.04001, P@10: 0.004506
valid 	 N@20: 0.02679, R@20: 0.06068, P@20: 0.003442
valid 	 N@50: 0.03408, R@50: 0.09642, P@50: 0.002215

2022-08-29 05:54:21,466 - [INFO] - E:49|train_time: 19.66, VALID_time: 6.456, loss: 10.23, losses:5.019, losses_emb:0.05828, best_valid(recall@20): 0.06075
valid 	 N@10: 0.02158, R@10: 0.04033, P@10: 0.004543
valid 	 N@20: 0.02685, R@20: 0.06071, P@20: 0.003442
valid 	 N@50: 0.03416, R@50: 0.09654, P@50: 0.002215

2022-08-29 05:54:46,729 - [INFO] - E:50|train_time: 19.63, VALID_time: 5.514, loss: 10.2, losses:5.019, losses_emb:0.05834, best_valid(recall@20): 0.06075
valid 	 N@10: 0.02156, R@10: 0.04032, P@10: 0.004546
valid 	 N@20: 0.02687, R@20: 0.06081, P@20: 0.003447
valid 	 N@50: 0.03409, R@50: 0.09615, P@50: 0.002208

2022-08-29 05:55:11,852 - [INFO] - E:51|train_time: 19.26, VALID_time: 5.372, loss: 10.22, losses:5.019, losses_emb:0.05841, best_valid(recall@20): 0.06081
valid 	 N@10: 0.02151, R@10: 0.04025, P@10: 0.004538
valid 	 N@20: 0.0268, R@20: 0.06069, P@20: 0.003441
valid 	 N@50: 0.03407, R@50: 0.0963, P@50: 0.002211

2022-08-29 05:55:37,045 - [INFO] - E:52|train_time: 19.89, VALID_time: 5.231, loss: 10.19, losses:5.019, losses_emb:0.05846, best_valid(recall@20): 0.06081
valid 	 N@10: 0.02151, R@10: 0.04018, P@10: 0.004532
valid 	 N@20: 0.02678, R@20: 0.06053, P@20: 0.00343
valid 	 N@50: 0.0341, R@50: 0.09632, P@50: 0.002212

2022-08-29 05:56:01,572 - [INFO] - E:53|train_time: 19.02, VALID_time: 5.382, loss: 10.24, losses:5.019, losses_emb:0.05852, best_valid(recall@20): 0.06081
valid 	 N@10: 0.02152, R@10: 0.04004, P@10: 0.004518
valid 	 N@20: 0.02688, R@20: 0.06074, P@20: 0.003444
valid 	 N@50: 0.03414, R@50: 0.09635, P@50: 0.002212

2022-08-29 05:56:26,859 - [INFO] - E:54|train_time: 19.07, VALID_time: 6.15, loss: 10.21, losses:5.019, losses_emb:0.05856, best_valid(recall@20): 0.06081
valid 	 N@10: 0.02148, R@10: 0.04017, P@10: 0.004527
valid 	 N@20: 0.02681, R@20: 0.0607, P@20: 0.003442
valid 	 N@50: 0.03411, R@50: 0.09649, P@50: 0.002216

2022-08-29 05:56:51,552 - [INFO] - E:55|train_time: 19.22, VALID_time: 5.376, loss: 10.23, losses:5.019, losses_emb:0.05859, best_valid(recall@20): 0.06081
valid 	 N@10: 0.02156, R@10: 0.04033, P@10: 0.004547
valid 	 N@20: 0.02685, R@20: 0.06078, P@20: 0.003445
valid 	 N@50: 0.03413, R@50: 0.09642, P@50: 0.002216

2022-08-29 05:57:15,628 - [INFO] - E:56|train_time: 18.66, VALID_time: 5.333, loss: 10.26, losses:5.019, losses_emb:0.05865, best_valid(recall@20): 0.06081
valid 	 N@10: 0.02152, R@10: 0.04011, P@10: 0.004521
valid 	 N@20: 0.02688, R@20: 0.0608, P@20: 0.003449
valid 	 N@50: 0.03416, R@50: 0.0964, P@50: 0.002215

2022-08-29 05:57:41,141 - [INFO] - E:57|train_time: 20.1, VALID_time: 5.294, loss: 10.22, losses:5.019, losses_emb:0.05869, best_valid(recall@20): 0.06081
valid 	 N@10: 0.02152, R@10: 0.04017, P@10: 0.004524
valid 	 N@20: 0.02679, R@20: 0.06049, P@20: 0.003429
valid 	 N@50: 0.03411, R@50: 0.09629, P@50: 0.002211

2022-08-29 05:58:05,110 - [INFO] - E:58|train_time: 18.35, VALID_time: 5.517, loss: 10.23, losses:5.018, losses_emb:0.05872, best_valid(recall@20): 0.06081
valid 	 N@10: 0.02147, R@10: 0.04009, P@10: 0.004518
valid 	 N@20: 0.02688, R@20: 0.06102, P@20: 0.003459
valid 	 N@50: 0.03407, R@50: 0.09624, P@50: 0.00221

2022-08-29 05:58:31,865 - [INFO] - E:59|train_time: 19.46, VALID_time: 6.9, loss: 10.19, losses:5.018, losses_emb:0.05877, best_valid(recall@20): 0.06102
valid 	 N@10: 0.02153, R@10: 0.04014, P@10: 0.004518
valid 	 N@20: 0.02687, R@20: 0.06075, P@20: 0.003448
valid 	 N@50: 0.03414, R@50: 0.09635, P@50: 0.002214

2022-08-29 05:58:57,944 - [INFO] - E:60|train_time: 19.93, VALID_time: 6.006, loss: 10.28, losses:5.018, losses_emb:0.05879, best_valid(recall@20): 0.06102
valid 	 N@10: 0.02134, R@10: 0.03983, P@10: 0.00449
valid 	 N@20: 0.02678, R@20: 0.06084, P@20: 0.00345
valid 	 N@50: 0.03404, R@50: 0.09642, P@50: 0.002215

2022-08-29 05:59:23,176 - [INFO] - E:61|train_time: 19.41, VALID_time: 5.711, loss: 10.26, losses:5.018, losses_emb:0.05883, best_valid(recall@20): 0.06102
valid 	 N@10: 0.02144, R@10: 0.03995, P@10: 0.0045
valid 	 N@20: 0.02677, R@20: 0.06052, P@20: 0.003432
valid 	 N@50: 0.03407, R@50: 0.09624, P@50: 0.002211

2022-08-29 05:59:47,323 - [INFO] - E:62|train_time: 19.17, VALID_time: 4.849, loss: 10.18, losses:5.018, losses_emb:0.05884, best_valid(recall@20): 0.06102
valid 	 N@10: 0.02147, R@10: 0.04, P@10: 0.004506
valid 	 N@20: 0.02678, R@20: 0.06044, P@20: 0.003426
valid 	 N@50: 0.03405, R@50: 0.09605, P@50: 0.002205

2022-08-29 06:00:11,556 - [INFO] - E:63|train_time: 18.76, VALID_time: 5.383, loss: 10.21, losses:5.018, losses_emb:0.05888, best_valid(recall@20): 0.06102
valid 	 N@10: 0.02153, R@10: 0.04013, P@10: 0.004524
valid 	 N@20: 0.02686, R@20: 0.06076, P@20: 0.003442
valid 	 N@50: 0.03406, R@50: 0.09597, P@50: 0.002205

2022-08-29 06:00:37,071 - [INFO] - E:64|train_time: 19.74, VALID_time: 5.702, loss: 10.28, losses:5.018, losses_emb:0.05891, best_valid(recall@20): 0.06102
valid 	 N@10: 0.02148, R@10: 0.03998, P@10: 0.004503
valid 	 N@20: 0.02685, R@20: 0.06074, P@20: 0.003443
valid 	 N@50: 0.03401, R@50: 0.09578, P@50: 0.002202

2022-08-29 06:01:00,914 - [INFO] - E:65|train_time: 18.31, VALID_time: 5.426, loss: 10.26, losses:5.018, losses_emb:0.05892, best_valid(recall@20): 0.06102
valid 	 N@10: 0.02146, R@10: 0.04016, P@10: 0.004526
valid 	 N@20: 0.02675, R@20: 0.0606, P@20: 0.003434
valid 	 N@50: 0.03395, R@50: 0.09581, P@50: 0.0022

2022-08-29 06:01:26,544 - [INFO] - E:66|train_time: 19.63, VALID_time: 5.884, loss: 10.21, losses:5.018, losses_emb:0.05894, best_valid(recall@20): 0.06102
valid 	 N@10: 0.0214, R@10: 0.03994, P@10: 0.004504
valid 	 N@20: 0.02672, R@20: 0.06047, P@20: 0.00343
valid 	 N@50: 0.03395, R@50: 0.09579, P@50: 0.002201

2022-08-29 06:01:50,136 - [INFO] - E:67|train_time: 18.69, VALID_time: 4.803, loss: 10.27, losses:5.018, losses_emb:0.05897, best_valid(recall@20): 0.06102
valid 	 N@10: 0.02143, R@10: 0.04, P@10: 0.004509
valid 	 N@20: 0.02672, R@20: 0.06041, P@20: 0.003423
valid 	 N@50: 0.03393, R@50: 0.09568, P@50: 0.002199

2022-08-29 06:02:15,040 - [INFO] - E:68|train_time: 19.43, VALID_time: 5.383, loss: 10.21, losses:5.018, losses_emb:0.05898, best_valid(recall@20): 0.06102
valid 	 N@10: 0.02152, R@10: 0.04009, P@10: 0.004516
valid 	 N@20: 0.02679, R@20: 0.06046, P@20: 0.003427
valid 	 N@50: 0.03399, R@50: 0.09566, P@50: 0.002197

2022-08-29 06:02:39,631 - [INFO] - E:69|train_time: 19.29, VALID_time: 5.187, loss: 10.21, losses:5.018, losses_emb:0.05901, best_valid(recall@20): 0.06102
valid 	 N@10: 0.02151, R@10: 0.04005, P@10: 0.004516
valid 	 N@20: 0.02679, R@20: 0.06044, P@20: 0.00343
valid 	 N@50: 0.034, R@50: 0.09571, P@50: 0.0022

2022-08-29 06:03:05,146 - [INFO] - E:70|train_time: 19.45, VALID_time: 5.977, loss: 10.21, losses:5.018, losses_emb:0.05902, best_valid(recall@20): 0.06102
valid 	 N@10: 0.02145, R@10: 0.03999, P@10: 0.004508
valid 	 N@20: 0.02674, R@20: 0.06038, P@20: 0.003426
valid 	 N@50: 0.03393, R@50: 0.09557, P@50: 0.002196

2022-08-29 06:03:29,732 - [INFO] - E:71|train_time: 19.29, VALID_time: 5.192, loss: 10.21, losses:5.018, losses_emb:0.05904, best_valid(recall@20): 0.06102
valid 	 N@10: 0.0215, R@10: 0.04023, P@10: 0.004533
valid 	 N@20: 0.02674, R@20: 0.06049, P@20: 0.003427
valid 	 N@50: 0.03392, R@50: 0.09562, P@50: 0.002197

2022-08-29 06:03:54,508 - [INFO] - E:72|train_time: 19.22, VALID_time: 5.461, loss: 10.22, losses:5.018, losses_emb:0.05906, best_valid(recall@20): 0.06102
valid 	 N@10: 0.02154, R@10: 0.04015, P@10: 0.004521
valid 	 N@20: 0.02682, R@20: 0.06057, P@20: 0.003432
valid 	 N@50: 0.03395, R@50: 0.09542, P@50: 0.002194

2022-08-29 06:04:19,715 - [INFO] - E:73|train_time: 19.78, VALID_time: 5.309, loss: 10.26, losses:5.017, losses_emb:0.05908, best_valid(recall@20): 0.06102
valid 	 N@10: 0.02143, R@10: 0.03989, P@10: 0.004505
valid 	 N@20: 0.02672, R@20: 0.06035, P@20: 0.00342
valid 	 N@50: 0.03394, R@50: 0.09563, P@50: 0.002197

2022-08-29 06:04:44,295 - [INFO] - E:74|train_time: 18.81, VALID_time: 5.647, loss: 10.23, losses:5.017, losses_emb:0.05908, best_valid(recall@20): 0.06102
valid 	 N@10: 0.02143, R@10: 0.0399, P@10: 0.004496
valid 	 N@20: 0.02676, R@20: 0.06053, P@20: 0.003431
valid 	 N@50: 0.0339, R@50: 0.09545, P@50: 0.002192

2022-08-29 06:05:09,284 - [INFO] - E:75|train_time: 19.48, VALID_time: 5.445, loss: 10.23, losses:5.017, losses_emb:0.0591, best_valid(recall@20): 0.06102
valid 	 N@10: 0.02136, R@10: 0.0399, P@10: 0.004496
valid 	 N@20: 0.02667, R@20: 0.06043, P@20: 0.003424
valid 	 N@50: 0.03377, R@50: 0.09518, P@50: 0.002186

2022-08-29 06:05:33,202 - [INFO] - E:76|train_time: 18.17, VALID_time: 5.657, loss: 10.21, losses:5.017, losses_emb:0.05912, best_valid(recall@20): 0.06102
valid 	 N@10: 0.02129, R@10: 0.03969, P@10: 0.004475
valid 	 N@20: 0.02663, R@20: 0.06028, P@20: 0.003415
valid 	 N@50: 0.03373, R@50: 0.09504, P@50: 0.002184

2022-08-29 06:05:57,718 - [INFO] - E:77|train_time: 19.3, VALID_time: 5.1, loss: 10.2, losses:5.017, losses_emb:0.05912, best_valid(recall@20): 0.06102
valid 	 N@10: 0.02137, R@10: 0.0399, P@10: 0.004499
valid 	 N@20: 0.02667, R@20: 0.06035, P@20: 0.003423
valid 	 N@50: 0.03379, R@50: 0.09523, P@50: 0.002186

2022-08-29 06:06:21,457 - [INFO] - E:78|train_time: 18.89, VALID_time: 4.775, loss: 10.24, losses:5.017, losses_emb:0.05913, best_valid(recall@20): 0.06102
valid 	 N@10: 0.02141, R@10: 0.03994, P@10: 0.004504
valid 	 N@20: 0.02665, R@20: 0.06021, P@20: 0.003412
valid 	 N@50: 0.03378, R@50: 0.09511, P@50: 0.002183

2022-08-29 06:06:47,384 - [INFO] - E:79|train_time: 19.4, VALID_time: 6.459, loss: 10.21, losses:5.017, losses_emb:0.05914, best_valid(recall@20): 0.06102
valid 	 N@10: 0.0214, R@10: 0.04002, P@10: 0.00451
valid 	 N@20: 0.02662, R@20: 0.0602, P@20: 0.003411
valid 	 N@50: 0.03378, R@50: 0.09524, P@50: 0.002187

2022-08-29 06:07:11,343 - [INFO] - E:80|train_time: 18.82, VALID_time: 5.07, loss: 10.26, losses:5.017, losses_emb:0.05915, best_valid(recall@20): 0.06102
valid 	 N@10: 0.02134, R@10: 0.03972, P@10: 0.004478
valid 	 N@20: 0.0266, R@20: 0.05999, P@20: 0.003405
valid 	 N@50: 0.03373, R@50: 0.09483, P@50: 0.00218

2022-08-29 06:07:36,073 - [INFO] - E:81|train_time: 19.16, VALID_time: 5.488, loss: 10.23, losses:5.017, losses_emb:0.05917, best_valid(recall@20): 0.06102
valid 	 N@10: 0.02136, R@10: 0.03973, P@10: 0.004479
valid 	 N@20: 0.02658, R@20: 0.05985, P@20: 0.003396
valid 	 N@50: 0.0337, R@50: 0.09465, P@50: 0.002174

2022-08-29 06:07:59,984 - [INFO] - E:82|train_time: 19.03, VALID_time: 4.781, loss: 10.22, losses:5.017, losses_emb:0.05916, best_valid(recall@20): 0.06102
valid 	 N@10: 0.02129, R@10: 0.03968, P@10: 0.004472
valid 	 N@20: 0.02658, R@20: 0.06005, P@20: 0.003406
valid 	 N@50: 0.03369, R@50: 0.09483, P@50: 0.002179

2022-08-29 06:08:23,902 - [INFO] - E:83|train_time: 18.75, VALID_time: 5.062, loss: 10.26, losses:5.017, losses_emb:0.05918, best_valid(recall@20): 0.06102
valid 	 N@10: 0.02141, R@10: 0.03987, P@10: 0.004492
valid 	 N@20: 0.02666, R@20: 0.06017, P@20: 0.003409
valid 	 N@50: 0.03377, R@50: 0.09496, P@50: 0.002181

2022-08-29 06:08:49,149 - [INFO] - E:84|train_time: 19.65, VALID_time: 5.487, loss: 10.23, losses:5.017, losses_emb:0.05919, best_valid(recall@20): 0.06102
valid 	 N@10: 0.02129, R@10: 0.03959, P@10: 0.004463
valid 	 N@20: 0.02653, R@20: 0.05982, P@20: 0.003388
valid 	 N@50: 0.03365, R@50: 0.09467, P@50: 0.002176

2022-08-29 06:09:12,986 - [INFO] - E:85|train_time: 18.34, VALID_time: 5.401, loss: 10.2, losses:5.017, losses_emb:0.0592, best_valid(recall@20): 0.06102
valid 	 N@10: 0.02126, R@10: 0.03949, P@10: 0.004447
valid 	 N@20: 0.02655, R@20: 0.05993, P@20: 0.003396
valid 	 N@50: 0.03368, R@50: 0.0948, P@50: 0.002176

2022-08-29 06:09:38,732 - [INFO] - E:86|train_time: 19.78, VALID_time: 5.847, loss: 10.22, losses:5.017, losses_emb:0.0592, best_valid(recall@20): 0.06102
valid 	 N@10: 0.02131, R@10: 0.0395, P@10: 0.004462
valid 	 N@20: 0.02655, R@20: 0.05977, P@20: 0.003387
valid 	 N@50: 0.03365, R@50: 0.09445, P@50: 0.00217

2022-08-29 06:10:02,404 - [INFO] - E:87|train_time: 18.64, VALID_time: 4.907, loss: 10.23, losses:5.017, losses_emb:0.0592, best_valid(recall@20): 0.06102
valid 	 N@10: 0.02129, R@10: 0.03955, P@10: 0.00446
valid 	 N@20: 0.02652, R@20: 0.05973, P@20: 0.003389
valid 	 N@50: 0.03363, R@50: 0.09445, P@50: 0.00217

2022-08-29 06:10:27,528 - [INFO] - E:88|train_time: 19.64, VALID_time: 5.39, loss: 10.24, losses:5.017, losses_emb:0.05922, best_valid(recall@20): 0.06102
valid 	 N@10: 0.02127, R@10: 0.03962, P@10: 0.004466
valid 	 N@20: 0.0265, R@20: 0.05977, P@20: 0.003387
valid 	 N@50: 0.03366, R@50: 0.09483, P@50: 0.00218

2022-08-29 06:10:51,684 - [INFO] - E:89|train_time: 18.93, VALID_time: 5.137, loss: 10.26, losses:5.017, losses_emb:0.05922, best_valid(recall@20): 0.06102
valid 	 N@10: 0.02132, R@10: 0.03963, P@10: 0.004469
valid 	 N@20: 0.02661, R@20: 0.06003, P@20: 0.003406
valid 	 N@50: 0.03366, R@50: 0.09458, P@50: 0.002175

2022-08-29 06:11:16,808 - [INFO] - E:90|train_time: 19.62, VALID_time: 5.424, loss: 10.2, losses:5.017, losses_emb:0.05922, best_valid(recall@20): 0.06102
valid 	 N@10: 0.02134, R@10: 0.03973, P@10: 0.00448
valid 	 N@20: 0.0265, R@20: 0.05965, P@20: 0.003385
valid 	 N@50: 0.03364, R@50: 0.09455, P@50: 0.002174

2022-08-29 06:11:41,061 - [INFO] - E:91|train_time: 18.88, VALID_time: 5.283, loss: 10.24, losses:5.017, losses_emb:0.05924, best_valid(recall@20): 0.06102
valid 	 N@10: 0.02123, R@10: 0.03942, P@10: 0.004447
valid 	 N@20: 0.02644, R@20: 0.05954, P@20: 0.003376
valid 	 N@50: 0.0336, R@50: 0.09458, P@50: 0.002173

2022-08-29 06:12:06,048 - [INFO] - E:92|train_time: 19.37, VALID_time: 5.533, loss: 10.21, losses:5.017, losses_emb:0.05923, best_valid(recall@20): 0.06102
valid 	 N@10: 0.02121, R@10: 0.03942, P@10: 0.004443
valid 	 N@20: 0.0264, R@20: 0.05948, P@20: 0.00337
valid 	 N@50: 0.03355, R@50: 0.09445, P@50: 0.002169

2022-08-29 06:12:29,542 - [INFO] - E:93|train_time: 18.73, VALID_time: 4.684, loss: 10.21, losses:5.017, losses_emb:0.05924, best_valid(recall@20): 0.06102
valid 	 N@10: 0.02124, R@10: 0.03945, P@10: 0.004445
valid 	 N@20: 0.0265, R@20: 0.05974, P@20: 0.003389
valid 	 N@50: 0.03362, R@50: 0.09461, P@50: 0.002173

2022-08-29 06:12:54,008 - [INFO] - E:94|train_time: 18.94, VALID_time: 5.464, loss: 10.23, losses:5.017, losses_emb:0.05924, best_valid(recall@20): 0.06102
valid 	 N@10: 0.02125, R@10: 0.03952, P@10: 0.00446
valid 	 N@20: 0.02641, R@20: 0.05947, P@20: 0.003372
valid 	 N@50: 0.03356, R@50: 0.09442, P@50: 0.00217

2022-08-29 06:13:18,550 - [INFO] - E:95|train_time: 19.26, VALID_time: 5.189, loss: 10.19, losses:5.016, losses_emb:0.05925, best_valid(recall@20): 0.06102
valid 	 N@10: 0.02119, R@10: 0.03941, P@10: 0.004434
valid 	 N@20: 0.02636, R@20: 0.05935, P@20: 0.003366
valid 	 N@50: 0.03354, R@50: 0.0945, P@50: 0.00217

2022-08-29 06:13:42,611 - [INFO] - E:96|train_time: 18.51, VALID_time: 5.458, loss: 10.19, losses:5.016, losses_emb:0.05925, best_valid(recall@20): 0.06102
valid 	 N@10: 0.02114, R@10: 0.03925, P@10: 0.004425
valid 	 N@20: 0.0263, R@20: 0.05918, P@20: 0.003355
valid 	 N@50: 0.03346, R@50: 0.09412, P@50: 0.002162

2022-08-29 06:14:07,546 - [INFO] - E:97|train_time: 19.68, VALID_time: 5.144, loss: 10.24, losses:5.016, losses_emb:0.05926, best_valid(recall@20): 0.06102
valid 	 N@10: 0.02113, R@10: 0.03926, P@10: 0.00443
valid 	 N@20: 0.02632, R@20: 0.05928, P@20: 0.003366
valid 	 N@50: 0.03346, R@50: 0.09417, P@50: 0.002163

2022-08-29 06:14:31,079 - [INFO] - E:98|train_time: 18.08, VALID_time: 5.353, loss: 10.19, losses:5.016, losses_emb:0.05926, best_valid(recall@20): 0.06102
valid 	 N@10: 0.02115, R@10: 0.03915, P@10: 0.004415
valid 	 N@20: 0.02641, R@20: 0.05949, P@20: 0.003375
valid 	 N@50: 0.03345, R@50: 0.09389, P@50: 0.00216

2022-08-29 06:14:56,455 - [INFO] - E:99|train_time: 19.35, VALID_time: 5.902, loss: 10.22, losses:5.016, losses_emb:0.05926, best_valid(recall@20): 0.06102
valid 	 N@10: 0.02116, R@10: 0.03933, P@10: 0.00444
valid 	 N@20: 0.02633, R@20: 0.05929, P@20: 0.003363
valid 	 N@50: 0.03347, R@50: 0.09422, P@50: 0.002165

2022-08-29 06:15:20,885 - [INFO] - E:100|train_time: 18.59, VALID_time: 5.752, loss: 10.23, losses:5.016, losses_emb:0.05925, best_valid(recall@20): 0.06102
valid 	 N@10: 0.02124, R@10: 0.0395, P@10: 0.004451
valid 	 N@20: 0.02642, R@20: 0.05951, P@20: 0.003376
valid 	 N@50: 0.03353, R@50: 0.0943, P@50: 0.002166

2022-08-29 06:15:45,989 - [INFO] - E:101|train_time: 19.63, VALID_time: 5.38, loss: 10.23, losses:5.016, losses_emb:0.05927, best_valid(recall@20): 0.06102
valid 	 N@10: 0.0212, R@10: 0.03954, P@10: 0.004459
valid 	 N@20: 0.02629, R@20: 0.0592, P@20: 0.003361
valid 	 N@50: 0.03345, R@50: 0.09425, P@50: 0.002166

2022-08-29 06:16:09,520 - [INFO] - E:102|train_time: 18.56, VALID_time: 4.873, loss: 10.23, losses:5.016, losses_emb:0.05927, best_valid(recall@20): 0.06102
valid 	 N@10: 0.02108, R@10: 0.03901, P@10: 0.004396
valid 	 N@20: 0.02634, R@20: 0.05928, P@20: 0.003363
valid 	 N@50: 0.03344, R@50: 0.09408, P@50: 0.002162

2022-08-29 06:16:35,157 - [INFO] - E:103|train_time: 19.79, VALID_time: 5.735, loss: 10.26, losses:5.016, losses_emb:0.05926, best_valid(recall@20): 0.06102
valid 	 N@10: 0.02111, R@10: 0.03929, P@10: 0.004428
valid 	 N@20: 0.02625, R@20: 0.05907, P@20: 0.003353
valid 	 N@50: 0.03339, R@50: 0.09402, P@50: 0.002161

2022-08-29 06:16:59,087 - [INFO] - E:104|train_time: 18.79, VALID_time: 5.064, loss: 10.23, losses:5.016, losses_emb:0.05927, best_valid(recall@20): 0.06102
valid 	 N@10: 0.02104, R@10: 0.03908, P@10: 0.004401
valid 	 N@20: 0.02624, R@20: 0.05917, P@20: 0.003357
valid 	 N@50: 0.03332, R@50: 0.09385, P@50: 0.002154

2022-08-29 06:17:24,283 - [INFO] - E:105|train_time: 19.38, VALID_time: 5.726, loss: 10.23, losses:5.016, losses_emb:0.05928, best_valid(recall@20): 0.06102
valid 	 N@10: 0.02107, R@10: 0.03912, P@10: 0.004416
valid 	 N@20: 0.0262, R@20: 0.05895, P@20: 0.003344
valid 	 N@50: 0.03335, R@50: 0.09394, P@50: 0.002157

2022-08-29 06:17:48,486 - [INFO] - E:106|train_time: 19.18, VALID_time: 4.844, loss: 10.23, losses:5.016, losses_emb:0.05928, best_valid(recall@20): 0.06102
valid 	 N@10: 0.0211, R@10: 0.03928, P@10: 0.004428
valid 	 N@20: 0.02618, R@20: 0.05888, P@20: 0.003342
valid 	 N@50: 0.03331, R@50: 0.09377, P@50: 0.002154

2022-08-29 06:18:12,883 - [INFO] - E:107|train_time: 19.2, VALID_time: 5.113, loss: 10.2, losses:5.016, losses_emb:0.05928, best_valid(recall@20): 0.06102
valid 	 N@10: 0.02121, R@10: 0.03953, P@10: 0.004451
valid 	 N@20: 0.02627, R@20: 0.05905, P@20: 0.003352
valid 	 N@50: 0.0334, R@50: 0.09398, P@50: 0.002159

2022-08-29 06:18:37,564 - [INFO] - E:108|train_time: 19.54, VALID_time: 5.058, loss: 10.2, losses:5.016, losses_emb:0.05928, best_valid(recall@20): 0.06102
valid 	 N@10: 0.02111, R@10: 0.03934, P@10: 0.004436
valid 	 N@20: 0.02617, R@20: 0.05888, P@20: 0.003339
valid 	 N@50: 0.03332, R@50: 0.09384, P@50: 0.002155

2022-08-29 06:19:02,433 - [INFO] - E:109|train_time: 18.81, VALID_time: 5.985, loss: 10.22, losses:5.016, losses_emb:0.05928, best_valid(recall@20): 0.06102
valid 	 N@10: 0.02107, R@10: 0.03917, P@10: 0.004412
valid 	 N@20: 0.0262, R@20: 0.059, P@20: 0.003346
valid 	 N@50: 0.03329, R@50: 0.09372, P@50: 0.002152

2022-08-29 06:19:02,433 - [INFO] - start to test!!

2022-08-29 06:19:05,394 - [INFO] - 
TEST 	 N@10: 0.02077, R@10: 0.03617, P@10: 0.004047
TEST 	 N@20: 0.02491, R@20: 0.05212, P@20: 0.002947
TEST 	 N@50: 0.03093, R@50: 0.08161, P@50: 0.001864

