2022-07-02 14:20:03,786 - [INFO] - {'dataset': 'gowalla', 'data_path': './data/', 'name': 'gowalla_DRO_POS_LGN_frame_t1_0.12_t2_0.84_t3_0.12_HOPS_1_2048_500_lr_1e-3_l2_1e-5_NODROP_False_MODE_reweight_02_07_2022_14:20:03', 'train_ratio': 0.8, 'gnn': 'lgn_frame', 'epoch': 1000, 'batch_size': 2048, 'test_batch_size': 2048, 'dim': 64, 'l2': 1e-05, 'lr': 0.001, 'mess_dropout': False, 'mess_dropout_rate': 0.1, 'edge_dropout': False, 'edge_dropout_rate': 0.1, 'batch_test_flag': True, 'ns': 'mixgcf', 'K': 1, 'n_negs': 500, 'pool': 'mean', 'cuda': True, 'gpu_id': 0, 'Ks': '[10, 20, 50]', 'test_flag': 'part', 'context_hops': 1, 'eval_earlystop': 'recall@20', 'tau_plus': 0.1, 'temperature': 0.12, 'beta': 1.0, 'sample_num': 2048, 's_neg': 64, 's_pos': 64, 'norm_change': False, 'norm_path': None, 'u_norm': True, 'i_norm': True, 'alpha': 0.1, 'save': False, 'save_analyses': False, 'log_hard_rate': False, 'norm_before': False, 'norm_after': False, 'batch_var': False, 'out_dir': './weights/', 'log_dir': './log_pos/', 'config_dir': './config/', 'restore': False, 'bash_train': False, 'emb_l2': False, 'lam': 0.1, 'lam_per_epoch': 0.1, 'margin': 0.9, 'negative_weight': 150, 'loss_fn': 'Pos_DROLoss', 'sampling_method': 'no_sample', 'load_name': 'uniform', 'generate_mode': 'cosine', 'reweight_period': 5, 'mix_target': 'mix_target', 'mask_distribution': 'mask_distribution', 'neg_alpha': 1.6, 'pos_alpha': 2.0, 'dim_mask': 'both', 'expolation_mask': False, 'mix_replace': False, 'save_emb': False, 'sample_replace': False, 'init_norm': 'uniform', 'init_mean': 2.0, 'init_std': 2.0, 'pop_pow': 1.0, 'save_mle': False, 'l2_mode': 'static', 'temperature_2': 0.84, 'temperature_3': 0.12, 'group_valid': False, 'score_save': 'alpha', 'tau_min': 0.05, 'tau_max': 0.15, 'm': 0.9, 'pow_rate': 0.9, 't_min': 0.05, 't_max': 0.15, 't_epoch': 0.01, 't_patience': 10, 'tau_mode': 'static', 'pos_num': 10, 'beta_1': 10, 'beta_2': 10, 'kl_mode': 'kl', 'lam_bank': False, 'neg_rate': '', 'trans_mode': 'else', 'group_mode': 'equal_pop', 'pos_mode': 'reweight', 'group_mix_mode': 'v1', 'kl_memory_fun': 'v0', 'm_tau': 0.9, 'loss_re': False, 'min_lr': 1e-06, 'cnt_lr': 10, 'group_num': 10}
2022-07-02 14:20:04,780 - [INFO] - load train.txt
2022-07-02 14:20:06,849 - [INFO] - building the adj mat ...
2022-07-02 14:20:07,108 - [INFO] - train set len is 810128
2022-07-02 14:20:07,108 - [INFO] - test set len is 217242
2022-07-02 14:20:07,108 - [INFO] - loading over ...
2022-07-02 14:20:07,108 - [INFO] - users are 29858 items are 40981
Here is Pos_DROLoss loss
tau_1	tau_2 tau_3 	 is 0.12	0.84	loss_re 0.12 MODE False
2022-07-02 14:20:10,827 - [INFO] - Evaluation Protocols is 1 @ 20
2022-07-02 14:20:10,827 - [INFO] - start training ...
2022-07-02 14:20:19,482 - [INFO] - E:0|train_time: 7.759, VALID_time: 0.8506, loss: 5.325, losses:3.516, losses_emb:2.478e-07, best_valid(recall@20): -inf
valid 	 N@10: 0.1163, R@10: 0.1062, P@10: 0.06456
valid 	 N@20: 0.1287, R@20: 0.1511, P@20: 0.04624
valid 	 N@50: 0.1555, R@50: 0.2374, P@50: 0.02935

2022-07-02 14:20:27,304 - [INFO] - E:1|train_time: 6.701, VALID_time: 1.069, loss: 4.878, losses:2.8, losses_emb:4.886e-07, best_valid(recall@20): 0.1511
valid 	 N@10: 0.1239, R@10: 0.1141, P@10: 0.06934
valid 	 N@20: 0.1376, R@20: 0.1629, P@20: 0.0498
valid 	 N@50: 0.1661, R@50: 0.2547, P@50: 0.03154

2022-07-02 14:20:34,506 - [INFO] - E:2|train_time: 6.397, VALID_time: 0.7524, loss: 4.856, losses:2.686, losses_emb:7.042e-07, best_valid(recall@20): 0.1629
valid 	 N@10: 0.128, R@10: 0.1181, P@10: 0.07178
valid 	 N@20: 0.1421, R@20: 0.1684, P@20: 0.05157
valid 	 N@50: 0.1712, R@50: 0.2623, P@50: 0.03254

2022-07-02 14:20:42,291 - [INFO] - E:3|train_time: 6.892, VALID_time: 0.8174, loss: 4.425, losses:2.626, losses_emb:9.291e-07, best_valid(recall@20): 0.1684
valid 	 N@10: 0.13, R@10: 0.12, P@10: 0.07295
valid 	 N@20: 0.1445, R@20: 0.1716, P@20: 0.05262
valid 	 N@50: 0.1742, R@50: 0.2671, P@50: 0.03315

2022-07-02 14:20:49,843 - [INFO] - E:4|train_time: 6.764, VALID_time: 0.7251, loss: 4.521, losses:2.588, losses_emb:1.163e-06, best_valid(recall@20): 0.1716
valid 	 N@10: 0.1314, R@10: 0.1211, P@10: 0.07376
valid 	 N@20: 0.1464, R@20: 0.1737, P@20: 0.05337
valid 	 N@50: 0.1764, R@50: 0.2703, P@50: 0.03361

2022-07-02 14:20:57,056 - [INFO] - E:5|train_time: 6.412, VALID_time: 0.7473, loss: 4.533, losses:2.562, losses_emb:1.407e-06, best_valid(recall@20): 0.1737
valid 	 N@10: 0.1331, R@10: 0.1225, P@10: 0.07486
valid 	 N@20: 0.1481, R@20: 0.1759, P@20: 0.05392
valid 	 N@50: 0.1784, R@50: 0.2731, P@50: 0.03398

2022-07-02 14:21:04,818 - [INFO] - E:6|train_time: 6.833, VALID_time: 0.8639, loss: 4.476, losses:2.543, losses_emb:1.664e-06, best_valid(recall@20): 0.1759
valid 	 N@10: 0.1343, R@10: 0.1236, P@10: 0.07539
valid 	 N@20: 0.1493, R@20: 0.177, P@20: 0.05434
valid 	 N@50: 0.1796, R@50: 0.2745, P@50: 0.03415

2022-07-02 14:21:12,341 - [INFO] - E:7|train_time: 6.648, VALID_time: 0.8158, loss: 4.486, losses:2.527, losses_emb:1.933e-06, best_valid(recall@20): 0.177
valid 	 N@10: 0.135, R@10: 0.1241, P@10: 0.07573
valid 	 N@20: 0.1506, R@20: 0.1789, P@20: 0.05488
valid 	 N@50: 0.1808, R@50: 0.276, P@50: 0.0344

2022-07-02 14:21:19,667 - [INFO] - E:8|train_time: 6.504, VALID_time: 0.7633, loss: 4.344, losses:2.514, losses_emb:2.215e-06, best_valid(recall@20): 0.1789
valid 	 N@10: 0.1361, R@10: 0.1256, P@10: 0.07656
valid 	 N@20: 0.1514, R@20: 0.1795, P@20: 0.05529
valid 	 N@50: 0.1817, R@50: 0.2773, P@50: 0.0346

2022-07-02 14:21:27,290 - [INFO] - E:9|train_time: 6.823, VALID_time: 0.7577, loss: 4.234, losses:2.504, losses_emb:2.512e-06, best_valid(recall@20): 0.1795
valid 	 N@10: 0.1364, R@10: 0.1254, P@10: 0.07666
valid 	 N@20: 0.152, R@20: 0.1804, P@20: 0.05546
valid 	 N@50: 0.1827, R@50: 0.2792, P@50: 0.03476

2022-07-02 14:21:34,823 - [INFO] - E:10|train_time: 6.751, VALID_time: 0.7378, loss: 4.308, losses:2.495, losses_emb:2.821e-06, best_valid(recall@20): 0.1804
valid 	 N@10: 0.1371, R@10: 0.1261, P@10: 0.07705
valid 	 N@20: 0.1529, R@20: 0.1814, P@20: 0.05579
valid 	 N@50: 0.1838, R@50: 0.2811, P@50: 0.03505

2022-07-02 14:21:42,075 - [INFO] - E:11|train_time: 6.387, VALID_time: 0.8226, loss: 4.185, losses:2.486, losses_emb:3.144e-06, best_valid(recall@20): 0.1814
valid 	 N@10: 0.1373, R@10: 0.1265, P@10: 0.07731
valid 	 N@20: 0.1531, R@20: 0.1821, P@20: 0.05602
valid 	 N@50: 0.184, R@50: 0.2815, P@50: 0.03507

2022-07-02 14:21:49,171 - [INFO] - E:12|train_time: 6.341, VALID_time: 0.6942, loss: 4.352, losses:2.479, losses_emb:3.478e-06, best_valid(recall@20): 0.1821
valid 	 N@10: 0.1379, R@10: 0.1268, P@10: 0.07754
valid 	 N@20: 0.1535, R@20: 0.1818, P@20: 0.05607
valid 	 N@50: 0.1848, R@50: 0.2827, P@50: 0.03527

2022-07-02 14:21:56,110 - [INFO] - E:13|train_time: 6.231, VALID_time: 0.674, loss: 4.301, losses:2.472, losses_emb:3.826e-06, best_valid(recall@20): 0.1821
valid 	 N@10: 0.1383, R@10: 0.1271, P@10: 0.0779
valid 	 N@20: 0.1541, R@20: 0.183, P@20: 0.05638
valid 	 N@50: 0.1851, R@50: 0.2826, P@50: 0.03531

2022-07-02 14:22:03,583 - [INFO] - E:14|train_time: 6.858, VALID_time: 0.5697, loss: 4.221, losses:2.466, losses_emb:4.184e-06, best_valid(recall@20): 0.183
valid 	 N@10: 0.1387, R@10: 0.1276, P@10: 0.07807
valid 	 N@20: 0.1544, R@20: 0.1833, P@20: 0.05652
valid 	 N@50: 0.1856, R@50: 0.2835, P@50: 0.03542

2022-07-02 14:22:11,040 - [INFO] - E:15|train_time: 6.854, VALID_time: 0.5609, loss: 4.281, losses:2.461, losses_emb:4.553e-06, best_valid(recall@20): 0.1833
valid 	 N@10: 0.1389, R@10: 0.1279, P@10: 0.07822
valid 	 N@20: 0.1548, R@20: 0.1837, P@20: 0.05662
valid 	 N@50: 0.1858, R@50: 0.2836, P@50: 0.03545

2022-07-02 14:22:18,366 - [INFO] - E:16|train_time: 6.706, VALID_time: 0.5761, loss: 4.257, losses:2.455, losses_emb:4.929e-06, best_valid(recall@20): 0.1837
valid 	 N@10: 0.1391, R@10: 0.128, P@10: 0.07835
valid 	 N@20: 0.155, R@20: 0.184, P@20: 0.05673
valid 	 N@50: 0.1864, R@50: 0.2848, P@50: 0.03557

2022-07-02 14:22:25,891 - [INFO] - E:17|train_time: 6.906, VALID_time: 0.5772, loss: 4.157, losses:2.45, losses_emb:5.316e-06, best_valid(recall@20): 0.184
valid 	 N@10: 0.1396, R@10: 0.1288, P@10: 0.07871
valid 	 N@20: 0.1555, R@20: 0.1848, P@20: 0.05692
valid 	 N@50: 0.1867, R@50: 0.2853, P@50: 0.03564

2022-07-02 14:22:33,455 - [INFO] - E:18|train_time: 6.922, VALID_time: 0.5968, loss: 4.026, losses:2.445, losses_emb:5.711e-06, best_valid(recall@20): 0.1848
valid 	 N@10: 0.1397, R@10: 0.1291, P@10: 0.0788
valid 	 N@20: 0.1555, R@20: 0.1848, P@20: 0.05699
valid 	 N@50: 0.1867, R@50: 0.2849, P@50: 0.03563

2022-07-02 14:22:41,105 - [INFO] - E:19|train_time: 6.909, VALID_time: 0.7, loss: 4.262, losses:2.441, losses_emb:6.11e-06, best_valid(recall@20): 0.1848
valid 	 N@10: 0.1401, R@10: 0.1294, P@10: 0.07912
valid 	 N@20: 0.1558, R@20: 0.1849, P@20: 0.05703
valid 	 N@50: 0.1873, R@50: 0.286, P@50: 0.03575

2022-07-02 14:22:48,909 - [INFO] - E:20|train_time: 7.037, VALID_time: 0.7238, loss: 4.22, losses:2.437, losses_emb:6.519e-06, best_valid(recall@20): 0.1849
valid 	 N@10: 0.1401, R@10: 0.129, P@10: 0.07887
valid 	 N@20: 0.1561, R@20: 0.1851, P@20: 0.05715
valid 	 N@50: 0.1875, R@50: 0.2862, P@50: 0.03582

2022-07-02 14:22:56,501 - [INFO] - E:21|train_time: 6.921, VALID_time: 0.6195, loss: 4.209, losses:2.433, losses_emb:6.931e-06, best_valid(recall@20): 0.1851
valid 	 N@10: 0.1403, R@10: 0.1296, P@10: 0.07922
valid 	 N@20: 0.1563, R@20: 0.1857, P@20: 0.05728
valid 	 N@50: 0.1877, R@50: 0.287, P@50: 0.03589

2022-07-02 14:23:04,284 - [INFO] - E:22|train_time: 7.003, VALID_time: 0.7196, loss: 4.276, losses:2.429, losses_emb:7.35e-06, best_valid(recall@20): 0.1857
valid 	 N@10: 0.1405, R@10: 0.1297, P@10: 0.0793
valid 	 N@20: 0.1564, R@20: 0.1857, P@20: 0.05738
valid 	 N@50: 0.1878, R@50: 0.2868, P@50: 0.03591

2022-07-02 14:23:12,023 - [INFO] - E:23|train_time: 7.043, VALID_time: 0.6382, loss: 4.292, losses:2.426, losses_emb:7.774e-06, best_valid(recall@20): 0.1857
valid 	 N@10: 0.1406, R@10: 0.1298, P@10: 0.0793
valid 	 N@20: 0.1564, R@20: 0.1856, P@20: 0.0574
valid 	 N@50: 0.1879, R@50: 0.287, P@50: 0.03592

2022-07-02 14:23:19,745 - [INFO] - E:24|train_time: 7.013, VALID_time: 0.6839, loss: 4.221, losses:2.422, losses_emb:8.201e-06, best_valid(recall@20): 0.1857
valid 	 N@10: 0.1406, R@10: 0.1297, P@10: 0.07933
valid 	 N@20: 0.1566, R@20: 0.1857, P@20: 0.05741
valid 	 N@50: 0.1881, R@50: 0.2873, P@50: 0.03595

2022-07-02 14:23:27,587 - [INFO] - E:25|train_time: 7.009, VALID_time: 0.7855, loss: 3.996, losses:2.419, losses_emb:8.633e-06, best_valid(recall@20): 0.1857
valid 	 N@10: 0.1408, R@10: 0.13, P@10: 0.07948
valid 	 N@20: 0.1568, R@20: 0.1861, P@20: 0.05753
valid 	 N@50: 0.1884, R@50: 0.2878, P@50: 0.03598

2022-07-02 14:23:35,254 - [INFO] - E:26|train_time: 7.001, VALID_time: 0.6091, loss: 4.138, losses:2.416, losses_emb:9.067e-06, best_valid(recall@20): 0.1861
valid 	 N@10: 0.1408, R@10: 0.1301, P@10: 0.07941
valid 	 N@20: 0.1568, R@20: 0.1862, P@20: 0.0575
valid 	 N@50: 0.1884, R@50: 0.2879, P@50: 0.03602

2022-07-02 14:23:43,059 - [INFO] - E:27|train_time: 7.006, VALID_time: 0.7543, loss: 4.123, losses:2.413, losses_emb:9.504e-06, best_valid(recall@20): 0.1862
valid 	 N@10: 0.1409, R@10: 0.1303, P@10: 0.07954
valid 	 N@20: 0.1568, R@20: 0.1863, P@20: 0.05756
valid 	 N@50: 0.1884, R@50: 0.2879, P@50: 0.03603

2022-07-02 14:23:50,837 - [INFO] - E:28|train_time: 7.086, VALID_time: 0.6267, loss: 4.121, losses:2.411, losses_emb:9.946e-06, best_valid(recall@20): 0.1863
valid 	 N@10: 0.1409, R@10: 0.1304, P@10: 0.07962
valid 	 N@20: 0.1569, R@20: 0.1865, P@20: 0.05764
valid 	 N@50: 0.1884, R@50: 0.2877, P@50: 0.03603

2022-07-02 14:23:58,655 - [INFO] - E:29|train_time: 7.039, VALID_time: 0.7222, loss: 4.065, losses:2.408, losses_emb:1.039e-05, best_valid(recall@20): 0.1865
valid 	 N@10: 0.1411, R@10: 0.1302, P@10: 0.0795
valid 	 N@20: 0.1573, R@20: 0.1866, P@20: 0.05765
valid 	 N@50: 0.1889, R@50: 0.2881, P@50: 0.0361

2022-07-02 14:24:06,617 - [INFO] - E:30|train_time: 7.09, VALID_time: 0.8158, loss: 4.04, losses:2.406, losses_emb:1.084e-05, best_valid(recall@20): 0.1866
valid 	 N@10: 0.1412, R@10: 0.1304, P@10: 0.07968
valid 	 N@20: 0.1572, R@20: 0.1865, P@20: 0.05763
valid 	 N@50: 0.1888, R@50: 0.2881, P@50: 0.03607

2022-07-02 14:24:14,522 - [INFO] - E:31|train_time: 7.121, VALID_time: 0.7476, loss: 3.917, losses:2.403, losses_emb:1.129e-05, best_valid(recall@20): 0.1866
valid 	 N@10: 0.1412, R@10: 0.1302, P@10: 0.07959
valid 	 N@20: 0.1573, R@20: 0.1865, P@20: 0.05764
valid 	 N@50: 0.1889, R@50: 0.2882, P@50: 0.03609

2022-07-02 14:24:22,452 - [INFO] - E:32|train_time: 7.066, VALID_time: 0.8313, loss: 4.113, losses:2.401, losses_emb:1.174e-05, best_valid(recall@20): 0.1866
valid 	 N@10: 0.1413, R@10: 0.1303, P@10: 0.07963
valid 	 N@20: 0.1576, R@20: 0.1871, P@20: 0.0578
valid 	 N@50: 0.1889, R@50: 0.288, P@50: 0.03607

2022-07-02 14:24:30,425 - [INFO] - E:33|train_time: 7.095, VALID_time: 0.8044, loss: 4.051, losses:2.399, losses_emb:1.219e-05, best_valid(recall@20): 0.1871
valid 	 N@10: 0.1412, R@10: 0.1304, P@10: 0.07973
valid 	 N@20: 0.1573, R@20: 0.1868, P@20: 0.0578
valid 	 N@50: 0.1889, R@50: 0.2885, P@50: 0.03612

2022-07-02 14:24:38,203 - [INFO] - E:34|train_time: 7.059, VALID_time: 0.6927, loss: 4.137, losses:2.397, losses_emb:1.264e-05, best_valid(recall@20): 0.1871
valid 	 N@10: 0.1415, R@10: 0.1305, P@10: 0.07981
valid 	 N@20: 0.1575, R@20: 0.1868, P@20: 0.05778
valid 	 N@50: 0.1891, R@50: 0.2886, P@50: 0.03613

2022-07-02 14:24:45,984 - [INFO] - E:35|train_time: 7.096, VALID_time: 0.6618, loss: 3.98, losses:2.395, losses_emb:1.31e-05, best_valid(recall@20): 0.1871
valid 	 N@10: 0.1416, R@10: 0.1307, P@10: 0.0798
valid 	 N@20: 0.1577, R@20: 0.1871, P@20: 0.05784
valid 	 N@50: 0.1893, R@50: 0.2887, P@50: 0.03617

2022-07-02 14:24:53,697 - [INFO] - E:36|train_time: 7.011, VALID_time: 0.6768, loss: 3.955, losses:2.393, losses_emb:1.356e-05, best_valid(recall@20): 0.1871
valid 	 N@10: 0.1414, R@10: 0.1304, P@10: 0.07964
valid 	 N@20: 0.1576, R@20: 0.1871, P@20: 0.05786
valid 	 N@50: 0.1893, R@50: 0.289, P@50: 0.03619

2022-07-02 14:25:01,493 - [INFO] - E:37|train_time: 6.978, VALID_time: 0.7934, loss: 3.977, losses:2.391, losses_emb:1.402e-05, best_valid(recall@20): 0.1871
valid 	 N@10: 0.1418, R@10: 0.1309, P@10: 0.08005
valid 	 N@20: 0.1578, R@20: 0.1872, P@20: 0.05789
valid 	 N@50: 0.1894, R@50: 0.2887, P@50: 0.0362

2022-07-02 14:25:09,338 - [INFO] - E:38|train_time: 6.983, VALID_time: 0.7293, loss: 4.165, losses:2.389, losses_emb:1.448e-05, best_valid(recall@20): 0.1872
valid 	 N@10: 0.1417, R@10: 0.1308, P@10: 0.07998
valid 	 N@20: 0.1577, R@20: 0.1871, P@20: 0.05787
valid 	 N@50: 0.1893, R@50: 0.2887, P@50: 0.03619

2022-07-02 14:25:17,309 - [INFO] - E:39|train_time: 7.117, VALID_time: 0.819, loss: 4.058, losses:2.387, losses_emb:1.494e-05, best_valid(recall@20): 0.1872
valid 	 N@10: 0.1417, R@10: 0.1309, P@10: 0.08001
valid 	 N@20: 0.1577, R@20: 0.1872, P@20: 0.05789
valid 	 N@50: 0.1894, R@50: 0.2892, P@50: 0.03623

2022-07-02 14:25:25,120 - [INFO] - E:40|train_time: 7.068, VALID_time: 0.6959, loss: 3.967, losses:2.386, losses_emb:1.54e-05, best_valid(recall@20): 0.1872
valid 	 N@10: 0.1417, R@10: 0.1309, P@10: 0.07998
valid 	 N@20: 0.1578, R@20: 0.1874, P@20: 0.0579
valid 	 N@50: 0.1894, R@50: 0.2889, P@50: 0.03621

2022-07-02 14:25:33,044 - [INFO] - E:41|train_time: 7.047, VALID_time: 0.809, loss: 4.035, losses:2.384, losses_emb:1.587e-05, best_valid(recall@20): 0.1874
valid 	 N@10: 0.1418, R@10: 0.1307, P@10: 0.07994
valid 	 N@20: 0.1579, R@20: 0.1873, P@20: 0.0579
valid 	 N@50: 0.1895, R@50: 0.2887, P@50: 0.03618

2022-07-02 14:25:40,870 - [INFO] - E:42|train_time: 7.057, VALID_time: 0.73, loss: 4.03, losses:2.383, losses_emb:1.633e-05, best_valid(recall@20): 0.1874
valid 	 N@10: 0.1418, R@10: 0.1309, P@10: 0.07999
valid 	 N@20: 0.1579, R@20: 0.1874, P@20: 0.05791
valid 	 N@50: 0.1896, R@50: 0.2892, P@50: 0.03624

2022-07-02 14:25:48,409 - [INFO] - E:43|train_time: 6.859, VALID_time: 0.6262, loss: 3.837, losses:2.381, losses_emb:1.68e-05, best_valid(recall@20): 0.1874
valid 	 N@10: 0.142, R@10: 0.1311, P@10: 0.08004
valid 	 N@20: 0.1581, R@20: 0.1876, P@20: 0.05792
valid 	 N@50: 0.1898, R@50: 0.2895, P@50: 0.03628

2022-07-02 14:25:56,186 - [INFO] - E:44|train_time: 6.966, VALID_time: 0.7497, loss: 4.116, losses:2.38, losses_emb:1.727e-05, best_valid(recall@20): 0.1876
valid 	 N@10: 0.1418, R@10: 0.131, P@10: 0.08002
valid 	 N@20: 0.1579, R@20: 0.1874, P@20: 0.05789
valid 	 N@50: 0.1896, R@50: 0.2892, P@50: 0.03625

2022-07-02 14:26:03,995 - [INFO] - E:45|train_time: 7.163, VALID_time: 0.5863, loss: 3.994, losses:2.379, losses_emb:1.773e-05, best_valid(recall@20): 0.1876
valid 	 N@10: 0.1417, R@10: 0.1308, P@10: 0.07998
valid 	 N@20: 0.1578, R@20: 0.1872, P@20: 0.05791
valid 	 N@50: 0.1896, R@50: 0.2892, P@50: 0.03624

2022-07-02 14:26:11,759 - [INFO] - E:46|train_time: 7.129, VALID_time: 0.6131, loss: 3.903, losses:2.377, losses_emb:1.82e-05, best_valid(recall@20): 0.1876
valid 	 N@10: 0.1422, R@10: 0.1316, P@10: 0.08026
valid 	 N@20: 0.1581, R@20: 0.1877, P@20: 0.05797
valid 	 N@50: 0.1896, R@50: 0.289, P@50: 0.03625

2022-07-02 14:26:19,567 - [INFO] - E:47|train_time: 6.981, VALID_time: 0.7848, loss: 3.974, losses:2.376, losses_emb:1.867e-05, best_valid(recall@20): 0.1877
valid 	 N@10: 0.142, R@10: 0.1312, P@10: 0.08014
valid 	 N@20: 0.158, R@20: 0.1875, P@20: 0.05793
valid 	 N@50: 0.1897, R@50: 0.2892, P@50: 0.03624

2022-07-02 14:26:27,343 - [INFO] - E:48|train_time: 7.151, VALID_time: 0.5957, loss: 3.864, losses:2.375, losses_emb:1.914e-05, best_valid(recall@20): 0.1877
valid 	 N@10: 0.1417, R@10: 0.1306, P@10: 0.07984
valid 	 N@20: 0.158, R@20: 0.1875, P@20: 0.05794
valid 	 N@50: 0.1896, R@50: 0.2888, P@50: 0.03622

2022-07-02 14:26:35,047 - [INFO] - E:49|train_time: 7.099, VALID_time: 0.581, loss: 3.937, losses:2.373, losses_emb:1.961e-05, best_valid(recall@20): 0.1877
valid 	 N@10: 0.1418, R@10: 0.1307, P@10: 0.07991
valid 	 N@20: 0.158, R@20: 0.1875, P@20: 0.05794
valid 	 N@50: 0.1895, R@50: 0.2887, P@50: 0.03622

2022-07-02 14:26:42,682 - [INFO] - E:50|train_time: 7.036, VALID_time: 0.5735, loss: 4.016, losses:2.373, losses_emb:2.009e-05, best_valid(recall@20): 0.1877
valid 	 N@10: 0.142, R@10: 0.131, P@10: 0.08011
valid 	 N@20: 0.1581, R@20: 0.1874, P@20: 0.05792
valid 	 N@50: 0.1897, R@50: 0.2891, P@50: 0.03625

2022-07-02 14:26:50,404 - [INFO] - E:51|train_time: 7.116, VALID_time: 0.583, loss: 4.05, losses:2.371, losses_emb:2.056e-05, best_valid(recall@20): 0.1877
valid 	 N@10: 0.1421, R@10: 0.1311, P@10: 0.08015
valid 	 N@20: 0.1582, R@20: 0.1877, P@20: 0.05801
valid 	 N@50: 0.1898, R@50: 0.2892, P@50: 0.03626

2022-07-02 14:26:58,081 - [INFO] - E:52|train_time: 6.89, VALID_time: 0.7634, loss: 3.991, losses:2.37, losses_emb:2.103e-05, best_valid(recall@20): 0.1877
valid 	 N@10: 0.142, R@10: 0.1313, P@10: 0.08017
valid 	 N@20: 0.158, R@20: 0.1875, P@20: 0.05795
valid 	 N@50: 0.1898, R@50: 0.2894, P@50: 0.03628

2022-07-02 14:27:05,847 - [INFO] - E:53|train_time: 7.015, VALID_time: 0.7198, loss: 3.955, losses:2.369, losses_emb:2.15e-05, best_valid(recall@20): 0.1877
valid 	 N@10: 0.1421, R@10: 0.1312, P@10: 0.08016
valid 	 N@20: 0.1582, R@20: 0.1877, P@20: 0.058
valid 	 N@50: 0.1898, R@50: 0.2892, P@50: 0.03625

2022-07-02 14:27:13,785 - [INFO] - E:54|train_time: 7.093, VALID_time: 0.8123, loss: 4.026, losses:2.368, losses_emb:2.198e-05, best_valid(recall@20): 0.1877
valid 	 N@10: 0.1421, R@10: 0.1312, P@10: 0.08021
valid 	 N@20: 0.1582, R@20: 0.1877, P@20: 0.05802
valid 	 N@50: 0.1898, R@50: 0.2892, P@50: 0.03626

2022-07-02 14:27:21,538 - [INFO] - E:55|train_time: 6.99, VALID_time: 0.7285, loss: 3.871, losses:2.367, losses_emb:2.245e-05, best_valid(recall@20): 0.1877
valid 	 N@10: 0.142, R@10: 0.1312, P@10: 0.08016
valid 	 N@20: 0.1582, R@20: 0.1878, P@20: 0.05801
valid 	 N@50: 0.1898, R@50: 0.2893, P@50: 0.03627

2022-07-02 14:27:29,363 - [INFO] - E:56|train_time: 7.101, VALID_time: 0.6699, loss: 3.908, losses:2.366, losses_emb:2.293e-05, best_valid(recall@20): 0.1878
valid 	 N@10: 0.1421, R@10: 0.1311, P@10: 0.08011
valid 	 N@20: 0.1583, R@20: 0.1879, P@20: 0.05802
valid 	 N@50: 0.19, R@50: 0.2895, P@50: 0.0363

2022-07-02 14:27:36,876 - [INFO] - E:57|train_time: 6.716, VALID_time: 0.722, loss: 3.908, losses:2.365, losses_emb:2.341e-05, best_valid(recall@20): 0.1879
valid 	 N@10: 0.142, R@10: 0.131, P@10: 0.07999
valid 	 N@20: 0.1583, R@20: 0.1878, P@20: 0.05804
valid 	 N@50: 0.1899, R@50: 0.2892, P@50: 0.03628

2022-07-02 14:27:44,514 - [INFO] - E:58|train_time: 7.028, VALID_time: 0.5775, loss: 3.871, losses:2.364, losses_emb:2.388e-05, best_valid(recall@20): 0.1879
valid 	 N@10: 0.1422, R@10: 0.1312, P@10: 0.08017
valid 	 N@20: 0.1584, R@20: 0.1879, P@20: 0.05804
valid 	 N@50: 0.19, R@50: 0.2892, P@50: 0.03628

2022-07-02 14:27:52,241 - [INFO] - E:59|train_time: 7.022, VALID_time: 0.6591, loss: 4.011, losses:2.363, losses_emb:2.436e-05, best_valid(recall@20): 0.1879
valid 	 N@10: 0.1422, R@10: 0.1314, P@10: 0.08021
valid 	 N@20: 0.1583, R@20: 0.1878, P@20: 0.05801
valid 	 N@50: 0.1899, R@50: 0.2893, P@50: 0.0363

2022-07-02 14:27:59,609 - [INFO] - E:60|train_time: 6.73, VALID_time: 0.6124, loss: 3.964, losses:2.362, losses_emb:2.483e-05, best_valid(recall@20): 0.1879
valid 	 N@10: 0.1424, R@10: 0.1317, P@10: 0.08035
valid 	 N@20: 0.1582, R@20: 0.1878, P@20: 0.05798
valid 	 N@50: 0.19, R@50: 0.2894, P@50: 0.0363

2022-07-02 14:28:07,271 - [INFO] - E:61|train_time: 7.05, VALID_time: 0.5886, loss: 3.785, losses:2.362, losses_emb:2.531e-05, best_valid(recall@20): 0.1879
valid 	 N@10: 0.1422, R@10: 0.1315, P@10: 0.0803
valid 	 N@20: 0.1582, R@20: 0.1878, P@20: 0.05806
valid 	 N@50: 0.1898, R@50: 0.2891, P@50: 0.03626

2022-07-02 14:28:14,956 - [INFO] - E:62|train_time: 6.935, VALID_time: 0.7257, loss: 3.998, losses:2.361, losses_emb:2.579e-05, best_valid(recall@20): 0.1879
valid 	 N@10: 0.1422, R@10: 0.1313, P@10: 0.08028
valid 	 N@20: 0.1582, R@20: 0.1879, P@20: 0.05801
valid 	 N@50: 0.1899, R@50: 0.2895, P@50: 0.03632

2022-07-02 14:28:22,693 - [INFO] - E:63|train_time: 7.115, VALID_time: 0.5922, loss: 3.972, losses:2.36, losses_emb:2.626e-05, best_valid(recall@20): 0.1879
valid 	 N@10: 0.1423, R@10: 0.1314, P@10: 0.08023
valid 	 N@20: 0.1583, R@20: 0.188, P@20: 0.05797
valid 	 N@50: 0.19, R@50: 0.2894, P@50: 0.03631

2022-07-02 14:28:30,571 - [INFO] - E:64|train_time: 7.058, VALID_time: 0.7782, loss: 3.939, losses:2.359, losses_emb:2.675e-05, best_valid(recall@20): 0.188
valid 	 N@10: 0.1423, R@10: 0.1313, P@10: 0.08018
valid 	 N@20: 0.1584, R@20: 0.1879, P@20: 0.05804
valid 	 N@50: 0.19, R@50: 0.2894, P@50: 0.0363

2022-07-02 14:28:38,380 - [INFO] - E:65|train_time: 7.188, VALID_time: 0.5879, loss: 3.824, losses:2.358, losses_emb:2.722e-05, best_valid(recall@20): 0.188
valid 	 N@10: 0.1423, R@10: 0.1315, P@10: 0.08022
valid 	 N@20: 0.1584, R@20: 0.1881, P@20: 0.05807
valid 	 N@50: 0.1901, R@50: 0.2896, P@50: 0.03632

2022-07-02 14:28:46,302 - [INFO] - E:66|train_time: 7.159, VALID_time: 0.7206, loss: 4.001, losses:2.358, losses_emb:2.77e-05, best_valid(recall@20): 0.1881
valid 	 N@10: 0.1422, R@10: 0.1314, P@10: 0.0802
valid 	 N@20: 0.1583, R@20: 0.1881, P@20: 0.05809
valid 	 N@50: 0.19, R@50: 0.2896, P@50: 0.03631

2022-07-02 14:28:54,133 - [INFO] - E:67|train_time: 7.179, VALID_time: 0.5954, loss: 3.856, losses:2.357, losses_emb:2.818e-05, best_valid(recall@20): 0.1881
valid 	 N@10: 0.1425, R@10: 0.1318, P@10: 0.08037
valid 	 N@20: 0.1585, R@20: 0.1882, P@20: 0.05807
valid 	 N@50: 0.1901, R@50: 0.2896, P@50: 0.03633

2022-07-02 14:29:01,954 - [INFO] - E:68|train_time: 7.159, VALID_time: 0.6067, loss: 3.897, losses:2.356, losses_emb:2.866e-05, best_valid(recall@20): 0.1882
valid 	 N@10: 0.1423, R@10: 0.1319, P@10: 0.08033
valid 	 N@20: 0.1584, R@20: 0.1882, P@20: 0.05807
valid 	 N@50: 0.19, R@50: 0.2897, P@50: 0.03631

2022-07-02 14:29:09,692 - [INFO] - E:69|train_time: 7.091, VALID_time: 0.6021, loss: 3.903, losses:2.355, losses_emb:2.914e-05, best_valid(recall@20): 0.1882
valid 	 N@10: 0.1424, R@10: 0.1317, P@10: 0.08032
valid 	 N@20: 0.1584, R@20: 0.1881, P@20: 0.05802
valid 	 N@50: 0.19, R@50: 0.2895, P@50: 0.03632

2022-07-02 14:29:17,526 - [INFO] - E:70|train_time: 7.16, VALID_time: 0.6518, loss: 3.897, losses:2.355, losses_emb:2.962e-05, best_valid(recall@20): 0.1882
valid 	 N@10: 0.1422, R@10: 0.1313, P@10: 0.08019
valid 	 N@20: 0.1584, R@20: 0.1883, P@20: 0.05809
valid 	 N@50: 0.19, R@50: 0.2894, P@50: 0.0363

2022-07-02 14:29:25,240 - [INFO] - E:71|train_time: 7.087, VALID_time: 0.5846, loss: 3.925, losses:2.354, losses_emb:3.01e-05, best_valid(recall@20): 0.1883
valid 	 N@10: 0.1421, R@10: 0.1312, P@10: 0.08011
valid 	 N@20: 0.1584, R@20: 0.1882, P@20: 0.05812
valid 	 N@50: 0.19, R@50: 0.2897, P@50: 0.03633

2022-07-02 14:29:33,074 - [INFO] - E:72|train_time: 7.198, VALID_time: 0.6128, loss: 3.873, losses:2.354, losses_emb:3.058e-05, best_valid(recall@20): 0.1883
valid 	 N@10: 0.1422, R@10: 0.1313, P@10: 0.08022
valid 	 N@20: 0.1584, R@20: 0.1882, P@20: 0.05806
valid 	 N@50: 0.1901, R@50: 0.2896, P@50: 0.03634

2022-07-02 14:29:40,919 - [INFO] - E:73|train_time: 7.127, VALID_time: 0.6946, loss: 3.95, losses:2.353, losses_emb:3.106e-05, best_valid(recall@20): 0.1883
valid 	 N@10: 0.1424, R@10: 0.1314, P@10: 0.08025
valid 	 N@20: 0.1585, R@20: 0.188, P@20: 0.05807
valid 	 N@50: 0.1902, R@50: 0.2896, P@50: 0.03632

2022-07-02 14:29:48,932 - [INFO] - E:74|train_time: 7.258, VALID_time: 0.7216, loss: 3.851, losses:2.353, losses_emb:3.154e-05, best_valid(recall@20): 0.1883
valid 	 N@10: 0.1424, R@10: 0.1314, P@10: 0.08026
valid 	 N@20: 0.1585, R@20: 0.188, P@20: 0.05801
valid 	 N@50: 0.1902, R@50: 0.2897, P@50: 0.03634

2022-07-02 14:29:56,826 - [INFO] - E:75|train_time: 7.114, VALID_time: 0.7484, loss: 3.921, losses:2.352, losses_emb:3.202e-05, best_valid(recall@20): 0.1883
valid 	 N@10: 0.1423, R@10: 0.1313, P@10: 0.08025
valid 	 N@20: 0.1584, R@20: 0.1881, P@20: 0.05802
valid 	 N@50: 0.1902, R@50: 0.29, P@50: 0.03635

2022-07-02 14:30:04,893 - [INFO] - E:76|train_time: 7.151, VALID_time: 0.8578, loss: 3.978, losses:2.351, losses_emb:3.251e-05, best_valid(recall@20): 0.1883
valid 	 N@10: 0.1423, R@10: 0.1312, P@10: 0.08022
valid 	 N@20: 0.1585, R@20: 0.1881, P@20: 0.05804
valid 	 N@50: 0.1902, R@50: 0.2899, P@50: 0.03635

2022-07-02 14:30:12,903 - [INFO] - E:77|train_time: 7.139, VALID_time: 0.7929, loss: 4.011, losses:2.351, losses_emb:3.299e-05, best_valid(recall@20): 0.1883
valid 	 N@10: 0.1424, R@10: 0.1315, P@10: 0.08034
valid 	 N@20: 0.1586, R@20: 0.1884, P@20: 0.05809
valid 	 N@50: 0.1902, R@50: 0.2897, P@50: 0.03633

2022-07-02 14:30:20,832 - [INFO] - E:78|train_time: 7.006, VALID_time: 0.8578, loss: 3.734, losses:2.35, losses_emb:3.347e-05, best_valid(recall@20): 0.1884
valid 	 N@10: 0.1423, R@10: 0.1313, P@10: 0.08014
valid 	 N@20: 0.1586, R@20: 0.1883, P@20: 0.05812
valid 	 N@50: 0.1902, R@50: 0.2897, P@50: 0.03631

2022-07-02 14:30:28,730 - [INFO] - E:79|train_time: 7.141, VALID_time: 0.7252, loss: 3.928, losses:2.35, losses_emb:3.395e-05, best_valid(recall@20): 0.1884
valid 	 N@10: 0.1424, R@10: 0.1315, P@10: 0.08026
valid 	 N@20: 0.1585, R@20: 0.1878, P@20: 0.05803
valid 	 N@50: 0.1903, R@50: 0.2898, P@50: 0.03634

2022-07-02 14:30:36,618 - [INFO] - E:80|train_time: 7.055, VALID_time: 0.8036, loss: 3.853, losses:2.349, losses_emb:3.443e-05, best_valid(recall@20): 0.1884
valid 	 N@10: 0.1423, R@10: 0.1314, P@10: 0.08021
valid 	 N@20: 0.1585, R@20: 0.1882, P@20: 0.05805
valid 	 N@50: 0.1901, R@50: 0.2896, P@50: 0.03633

2022-07-02 14:30:44,786 - [INFO] - E:81|train_time: 7.185, VALID_time: 0.9444, loss: 4.039, losses:2.348, losses_emb:3.492e-05, best_valid(recall@20): 0.1884
valid 	 N@10: 0.1423, R@10: 0.1315, P@10: 0.08027
valid 	 N@20: 0.1584, R@20: 0.188, P@20: 0.05803
valid 	 N@50: 0.1902, R@50: 0.2898, P@50: 0.03635

2022-07-02 14:30:52,675 - [INFO] - E:82|train_time: 7.08, VALID_time: 0.7743, loss: 3.8, losses:2.348, losses_emb:3.54e-05, best_valid(recall@20): 0.1884
valid 	 N@10: 0.1425, R@10: 0.1317, P@10: 0.08039
valid 	 N@20: 0.1586, R@20: 0.1882, P@20: 0.05805
valid 	 N@50: 0.1903, R@50: 0.2897, P@50: 0.03633

2022-07-02 14:31:00,720 - [INFO] - E:83|train_time: 7.147, VALID_time: 0.8653, loss: 3.936, losses:2.347, losses_emb:3.588e-05, best_valid(recall@20): 0.1884
valid 	 N@10: 0.1426, R@10: 0.1317, P@10: 0.08035
valid 	 N@20: 0.1586, R@20: 0.1881, P@20: 0.05804
valid 	 N@50: 0.1903, R@50: 0.2897, P@50: 0.03633

2022-07-02 14:31:08,643 - [INFO] - E:84|train_time: 7.121, VALID_time: 0.7717, loss: 3.816, losses:2.347, losses_emb:3.637e-05, best_valid(recall@20): 0.1884
valid 	 N@10: 0.1424, R@10: 0.1315, P@10: 0.08024
valid 	 N@20: 0.1585, R@20: 0.1882, P@20: 0.05804
valid 	 N@50: 0.1903, R@50: 0.2901, P@50: 0.03636

2022-07-02 14:31:16,675 - [INFO] - E:85|train_time: 7.175, VALID_time: 0.8213, loss: 3.747, losses:2.346, losses_emb:3.685e-05, best_valid(recall@20): 0.1884
valid 	 N@10: 0.1424, R@10: 0.1316, P@10: 0.08023
valid 	 N@20: 0.1586, R@20: 0.1884, P@20: 0.05808
valid 	 N@50: 0.1904, R@50: 0.2901, P@50: 0.03638

2022-07-02 14:31:24,515 - [INFO] - E:86|train_time: 7.089, VALID_time: 0.6759, loss: 3.756, losses:2.346, losses_emb:3.733e-05, best_valid(recall@20): 0.1884
valid 	 N@10: 0.1424, R@10: 0.1315, P@10: 0.0803
valid 	 N@20: 0.1586, R@20: 0.1882, P@20: 0.05807
valid 	 N@50: 0.1903, R@50: 0.2899, P@50: 0.03634

2022-07-02 14:31:32,205 - [INFO] - E:87|train_time: 7.08, VALID_time: 0.5842, loss: 3.901, losses:2.345, losses_emb:3.782e-05, best_valid(recall@20): 0.1884
valid 	 N@10: 0.1425, R@10: 0.1316, P@10: 0.08043
valid 	 N@20: 0.1586, R@20: 0.1883, P@20: 0.05807
valid 	 N@50: 0.1902, R@50: 0.2898, P@50: 0.03635

2022-07-02 14:31:40,022 - [INFO] - E:88|train_time: 7.068, VALID_time: 0.7244, loss: 3.934, losses:2.345, losses_emb:3.83e-05, best_valid(recall@20): 0.1884
valid 	 N@10: 0.1424, R@10: 0.1315, P@10: 0.08026
valid 	 N@20: 0.1586, R@20: 0.1883, P@20: 0.05806
valid 	 N@50: 0.1904, R@50: 0.2902, P@50: 0.03638

2022-07-02 14:31:47,715 - [INFO] - E:89|train_time: 7.071, VALID_time: 0.5906, loss: 3.938, losses:2.344, losses_emb:3.878e-05, best_valid(recall@20): 0.1884
valid 	 N@10: 0.1425, R@10: 0.1317, P@10: 0.08036
valid 	 N@20: 0.1585, R@20: 0.1883, P@20: 0.05806
valid 	 N@50: 0.1903, R@50: 0.29, P@50: 0.03636

2022-07-02 14:31:55,519 - [INFO] - E:90|train_time: 6.999, VALID_time: 0.7811, loss: 3.8, losses:2.344, losses_emb:3.927e-05, best_valid(recall@20): 0.1884
valid 	 N@10: 0.1425, R@10: 0.1316, P@10: 0.08032
valid 	 N@20: 0.1587, R@20: 0.1884, P@20: 0.05811
valid 	 N@50: 0.1903, R@50: 0.2899, P@50: 0.03634

2022-07-02 14:32:03,151 - [INFO] - E:91|train_time: 6.947, VALID_time: 0.6234, loss: 3.872, losses:2.343, losses_emb:3.975e-05, best_valid(recall@20): 0.1884
valid 	 N@10: 0.1425, R@10: 0.1315, P@10: 0.08027
valid 	 N@20: 0.1587, R@20: 0.1885, P@20: 0.05811
valid 	 N@50: 0.1904, R@50: 0.29, P@50: 0.03638

2022-07-02 14:32:11,023 - [INFO] - E:92|train_time: 7.094, VALID_time: 0.7239, loss: 3.76, losses:2.343, losses_emb:4.024e-05, best_valid(recall@20): 0.1885
valid 	 N@10: 0.1424, R@10: 0.1314, P@10: 0.08025
valid 	 N@20: 0.1587, R@20: 0.1884, P@20: 0.05812
valid 	 N@50: 0.1903, R@50: 0.2898, P@50: 0.03636

2022-07-02 14:32:18,809 - [INFO] - E:93|train_time: 7.151, VALID_time: 0.6044, loss: 3.99, losses:2.343, losses_emb:4.072e-05, best_valid(recall@20): 0.1885
valid 	 N@10: 0.1423, R@10: 0.1314, P@10: 0.08016
valid 	 N@20: 0.1586, R@20: 0.1884, P@20: 0.05805
valid 	 N@50: 0.1904, R@50: 0.29, P@50: 0.03638

2022-07-02 14:32:26,703 - [INFO] - E:94|train_time: 7.133, VALID_time: 0.7288, loss: 3.923, losses:2.342, losses_emb:4.12e-05, best_valid(recall@20): 0.1885
valid 	 N@10: 0.1426, R@10: 0.1319, P@10: 0.08036
valid 	 N@20: 0.1587, R@20: 0.1885, P@20: 0.05814
valid 	 N@50: 0.1904, R@50: 0.2899, P@50: 0.03638

2022-07-02 14:32:34,564 - [INFO] - E:95|train_time: 7.205, VALID_time: 0.5953, loss: 3.951, losses:2.342, losses_emb:4.169e-05, best_valid(recall@20): 0.1885
valid 	 N@10: 0.1424, R@10: 0.1316, P@10: 0.08027
valid 	 N@20: 0.1586, R@20: 0.1884, P@20: 0.05809
valid 	 N@50: 0.1903, R@50: 0.2898, P@50: 0.03634

2022-07-02 14:32:42,449 - [INFO] - E:96|train_time: 7.128, VALID_time: 0.7249, loss: 3.833, losses:2.341, losses_emb:4.218e-05, best_valid(recall@20): 0.1885
valid 	 N@10: 0.1423, R@10: 0.1313, P@10: 0.08016
valid 	 N@20: 0.1586, R@20: 0.1882, P@20: 0.05803
valid 	 N@50: 0.1903, R@50: 0.29, P@50: 0.03636

2022-07-02 14:32:50,322 - [INFO] - E:97|train_time: 7.107, VALID_time: 0.734, loss: 3.774, losses:2.341, losses_emb:4.266e-05, best_valid(recall@20): 0.1885
valid 	 N@10: 0.1426, R@10: 0.1318, P@10: 0.08034
valid 	 N@20: 0.1586, R@20: 0.1882, P@20: 0.05803
valid 	 N@50: 0.1905, R@50: 0.2904, P@50: 0.0364

2022-07-02 14:32:58,079 - [INFO] - E:98|train_time: 7.092, VALID_time: 0.6263, loss: 3.811, losses:2.34, losses_emb:4.315e-05, best_valid(recall@20): 0.1885
valid 	 N@10: 0.1426, R@10: 0.1319, P@10: 0.08036
valid 	 N@20: 0.1587, R@20: 0.1884, P@20: 0.05808
valid 	 N@50: 0.1905, R@50: 0.29, P@50: 0.03639

2022-07-02 14:33:05,922 - [INFO] - E:99|train_time: 7.081, VALID_time: 0.7301, loss: 3.842, losses:2.34, losses_emb:4.363e-05, best_valid(recall@20): 0.1885
valid 	 N@10: 0.1425, R@10: 0.1316, P@10: 0.08028
valid 	 N@20: 0.1587, R@20: 0.1882, P@20: 0.05807
valid 	 N@50: 0.1904, R@50: 0.2901, P@50: 0.03636

2022-07-02 14:33:13,584 - [INFO] - E:100|train_time: 6.969, VALID_time: 0.6546, loss: 3.856, losses:2.34, losses_emb:4.411e-05, best_valid(recall@20): 0.1885
valid 	 N@10: 0.1423, R@10: 0.1315, P@10: 0.08026
valid 	 N@20: 0.1586, R@20: 0.1885, P@20: 0.05813
valid 	 N@50: 0.1903, R@50: 0.29, P@50: 0.03635

2022-07-02 14:33:21,451 - [INFO] - E:101|train_time: 7.15, VALID_time: 0.6545, loss: 3.948, losses:2.339, losses_emb:4.46e-05, best_valid(recall@20): 0.1885
valid 	 N@10: 0.1424, R@10: 0.1316, P@10: 0.08031
valid 	 N@20: 0.1585, R@20: 0.1883, P@20: 0.05809
valid 	 N@50: 0.1903, R@50: 0.2902, P@50: 0.03638

2022-07-02 14:33:29,208 - [INFO] - E:102|train_time: 7.156, VALID_time: 0.5742, loss: 3.775, losses:2.339, losses_emb:4.508e-05, best_valid(recall@20): 0.1885
valid 	 N@10: 0.1425, R@10: 0.1318, P@10: 0.08039
valid 	 N@20: 0.1585, R@20: 0.1882, P@20: 0.05809
valid 	 N@50: 0.1904, R@50: 0.2903, P@50: 0.03639

2022-07-02 14:33:36,851 - [INFO] - E:103|train_time: 6.962, VALID_time: 0.6572, loss: 3.781, losses:2.339, losses_emb:4.557e-05, best_valid(recall@20): 0.1885
valid 	 N@10: 0.1425, R@10: 0.1316, P@10: 0.08028
valid 	 N@20: 0.1587, R@20: 0.1883, P@20: 0.0581
valid 	 N@50: 0.1904, R@50: 0.2902, P@50: 0.03637

2022-07-02 14:33:44,410 - [INFO] - E:104|train_time: 6.896, VALID_time: 0.6305, loss: 3.867, losses:2.338, losses_emb:4.605e-05, best_valid(recall@20): 0.1885
valid 	 N@10: 0.1425, R@10: 0.1318, P@10: 0.08039
valid 	 N@20: 0.1586, R@20: 0.1884, P@20: 0.05812
valid 	 N@50: 0.1904, R@50: 0.2901, P@50: 0.03638

2022-07-02 14:33:51,934 - [INFO] - E:105|train_time: 6.893, VALID_time: 0.6074, loss: 3.827, losses:2.338, losses_emb:4.654e-05, best_valid(recall@20): 0.1885
valid 	 N@10: 0.1425, R@10: 0.1317, P@10: 0.08035
valid 	 N@20: 0.1586, R@20: 0.1883, P@20: 0.05811
valid 	 N@50: 0.1904, R@50: 0.2904, P@50: 0.0364

2022-07-02 14:33:59,640 - [INFO] - E:106|train_time: 7.104, VALID_time: 0.5752, loss: 3.949, losses:2.338, losses_emb:4.702e-05, best_valid(recall@20): 0.1885
valid 	 N@10: 0.1425, R@10: 0.1317, P@10: 0.0803
valid 	 N@20: 0.1585, R@20: 0.1881, P@20: 0.05797
valid 	 N@50: 0.1905, R@50: 0.2903, P@50: 0.03639

2022-07-02 14:34:07,464 - [INFO] - E:107|train_time: 7.17, VALID_time: 0.63, loss: 3.881, losses:2.337, losses_emb:4.751e-05, best_valid(recall@20): 0.1885
valid 	 N@10: 0.1424, R@10: 0.1318, P@10: 0.08037
valid 	 N@20: 0.1585, R@20: 0.1883, P@20: 0.05806
valid 	 N@50: 0.1903, R@50: 0.2902, P@50: 0.03638

2022-07-02 14:34:15,233 - [INFO] - E:108|train_time: 7.157, VALID_time: 0.5859, loss: 3.923, losses:2.337, losses_emb:4.799e-05, best_valid(recall@20): 0.1885
valid 	 N@10: 0.1425, R@10: 0.1318, P@10: 0.0804
valid 	 N@20: 0.1585, R@20: 0.1881, P@20: 0.05806
valid 	 N@50: 0.1904, R@50: 0.2902, P@50: 0.03638

2022-07-02 14:34:22,975 - [INFO] - E:109|train_time: 7.143, VALID_time: 0.575, loss: 3.712, losses:2.337, losses_emb:4.848e-05, best_valid(recall@20): 0.1885
valid 	 N@10: 0.1425, R@10: 0.1317, P@10: 0.08034
valid 	 N@20: 0.1585, R@20: 0.1883, P@20: 0.05806
valid 	 N@50: 0.1903, R@50: 0.2901, P@50: 0.03636

2022-07-02 14:34:30,809 - [INFO] - E:110|train_time: 7.089, VALID_time: 0.7204, loss: 3.814, losses:2.336, losses_emb:4.897e-05, best_valid(recall@20): 0.1885
valid 	 N@10: 0.1426, R@10: 0.132, P@10: 0.08043
valid 	 N@20: 0.1587, R@20: 0.1885, P@20: 0.05807
valid 	 N@50: 0.1904, R@50: 0.2903, P@50: 0.03638

2022-07-02 14:34:38,328 - [INFO] - E:111|train_time: 6.867, VALID_time: 0.6228, loss: 3.807, losses:2.336, losses_emb:4.945e-05, best_valid(recall@20): 0.1885
valid 	 N@10: 0.1426, R@10: 0.1319, P@10: 0.0804
valid 	 N@20: 0.1586, R@20: 0.1884, P@20: 0.05806
valid 	 N@50: 0.1904, R@50: 0.2901, P@50: 0.03637

2022-07-02 14:34:46,112 - [INFO] - E:112|train_time: 7.035, VALID_time: 0.7247, loss: 3.916, losses:2.336, losses_emb:4.994e-05, best_valid(recall@20): 0.1885
valid 	 N@10: 0.1428, R@10: 0.1321, P@10: 0.08057
valid 	 N@20: 0.1587, R@20: 0.1885, P@20: 0.05809
valid 	 N@50: 0.1905, R@50: 0.2902, P@50: 0.03638

2022-07-02 14:34:53,678 - [INFO] - E:113|train_time: 6.952, VALID_time: 0.5829, loss: 3.85, losses:2.335, losses_emb:5.043e-05, best_valid(recall@20): 0.1885
valid 	 N@10: 0.1427, R@10: 0.1319, P@10: 0.0804
valid 	 N@20: 0.1587, R@20: 0.1883, P@20: 0.05806
valid 	 N@50: 0.1905, R@50: 0.2902, P@50: 0.03637

2022-07-02 14:35:01,483 - [INFO] - E:114|train_time: 7.169, VALID_time: 0.6115, loss: 4.01, losses:2.335, losses_emb:5.091e-05, best_valid(recall@20): 0.1885
valid 	 N@10: 0.1426, R@10: 0.1318, P@10: 0.08037
valid 	 N@20: 0.1586, R@20: 0.1883, P@20: 0.05804
valid 	 N@50: 0.1904, R@50: 0.2902, P@50: 0.03637

2022-07-02 14:35:09,246 - [INFO] - E:115|train_time: 7.125, VALID_time: 0.6149, loss: 3.767, losses:2.335, losses_emb:5.139e-05, best_valid(recall@20): 0.1885
valid 	 N@10: 0.1426, R@10: 0.1319, P@10: 0.08043
valid 	 N@20: 0.1587, R@20: 0.1885, P@20: 0.0581
valid 	 N@50: 0.1905, R@50: 0.2901, P@50: 0.03639

2022-07-02 14:35:16,984 - [INFO] - E:116|train_time: 7.116, VALID_time: 0.5946, loss: 4.073, losses:2.334, losses_emb:5.189e-05, best_valid(recall@20): 0.1885
valid 	 N@10: 0.1426, R@10: 0.132, P@10: 0.08046
valid 	 N@20: 0.1587, R@20: 0.1885, P@20: 0.05809
valid 	 N@50: 0.1905, R@50: 0.2905, P@50: 0.03642

2022-07-02 14:35:24,954 - [INFO] - E:117|train_time: 7.133, VALID_time: 0.8075, loss: 3.86, losses:2.334, losses_emb:5.237e-05, best_valid(recall@20): 0.1885
valid 	 N@10: 0.1426, R@10: 0.1319, P@10: 0.08038
valid 	 N@20: 0.1587, R@20: 0.1885, P@20: 0.05811
valid 	 N@50: 0.1905, R@50: 0.2903, P@50: 0.03638

2022-07-02 14:35:33,004 - [INFO] - E:118|train_time: 7.172, VALID_time: 0.8453, loss: 3.934, losses:2.334, losses_emb:5.286e-05, best_valid(recall@20): 0.1885
valid 	 N@10: 0.1425, R@10: 0.1318, P@10: 0.08034
valid 	 N@20: 0.1586, R@20: 0.1884, P@20: 0.05807
valid 	 N@50: 0.1904, R@50: 0.2901, P@50: 0.03639

2022-07-02 14:35:40,979 - [INFO] - E:119|train_time: 7.162, VALID_time: 0.7615, loss: 3.677, losses:2.333, losses_emb:5.335e-05, best_valid(recall@20): 0.1885
valid 	 N@10: 0.1426, R@10: 0.1319, P@10: 0.08041
valid 	 N@20: 0.1586, R@20: 0.1886, P@20: 0.05812
valid 	 N@50: 0.1904, R@50: 0.2902, P@50: 0.03638

2022-07-02 14:35:48,948 - [INFO] - E:120|train_time: 7.118, VALID_time: 0.7831, loss: 3.758, losses:2.333, losses_emb:5.382e-05, best_valid(recall@20): 0.1886
valid 	 N@10: 0.1425, R@10: 0.1318, P@10: 0.08028
valid 	 N@20: 0.1586, R@20: 0.1885, P@20: 0.05808
valid 	 N@50: 0.1904, R@50: 0.29, P@50: 0.03638

2022-07-02 14:35:56,799 - [INFO] - E:121|train_time: 7.126, VALID_time: 0.6984, loss: 3.736, losses:2.333, losses_emb:5.431e-05, best_valid(recall@20): 0.1886
valid 	 N@10: 0.1425, R@10: 0.1318, P@10: 0.08033
valid 	 N@20: 0.1586, R@20: 0.1887, P@20: 0.05812
valid 	 N@50: 0.1904, R@50: 0.2903, P@50: 0.03642

2022-07-02 14:36:04,687 - [INFO] - E:122|train_time: 7.079, VALID_time: 0.7683, loss: 3.811, losses:2.332, losses_emb:5.48e-05, best_valid(recall@20): 0.1887
valid 	 N@10: 0.1426, R@10: 0.1319, P@10: 0.08038
valid 	 N@20: 0.1587, R@20: 0.1886, P@20: 0.05809
valid 	 N@50: 0.1904, R@50: 0.2903, P@50: 0.03639

2022-07-02 14:36:12,431 - [INFO] - E:123|train_time: 7.08, VALID_time: 0.6339, loss: 3.755, losses:2.332, losses_emb:5.529e-05, best_valid(recall@20): 0.1887
valid 	 N@10: 0.1427, R@10: 0.1322, P@10: 0.08047
valid 	 N@20: 0.1587, R@20: 0.1886, P@20: 0.0581
valid 	 N@50: 0.1906, R@50: 0.2906, P@50: 0.03643

2022-07-02 14:36:20,339 - [INFO] - E:124|train_time: 7.123, VALID_time: 0.7595, loss: 3.79, losses:2.332, losses_emb:5.577e-05, best_valid(recall@20): 0.1887
valid 	 N@10: 0.1426, R@10: 0.1319, P@10: 0.08037
valid 	 N@20: 0.1587, R@20: 0.1885, P@20: 0.05809
valid 	 N@50: 0.1905, R@50: 0.2902, P@50: 0.03638

2022-07-02 14:36:28,294 - [INFO] - E:125|train_time: 7.182, VALID_time: 0.7297, loss: 3.914, losses:2.332, losses_emb:5.626e-05, best_valid(recall@20): 0.1887
valid 	 N@10: 0.1427, R@10: 0.1322, P@10: 0.08053
valid 	 N@20: 0.1586, R@20: 0.1884, P@20: 0.0581
valid 	 N@50: 0.1904, R@50: 0.2902, P@50: 0.03639

2022-07-02 14:36:36,130 - [INFO] - E:126|train_time: 7.071, VALID_time: 0.7286, loss: 3.905, losses:2.332, losses_emb:5.674e-05, best_valid(recall@20): 0.1887
valid 	 N@10: 0.1426, R@10: 0.1319, P@10: 0.08042
valid 	 N@20: 0.1586, R@20: 0.1885, P@20: 0.05811
valid 	 N@50: 0.1904, R@50: 0.2901, P@50: 0.03639

2022-07-02 14:36:43,943 - [INFO] - E:127|train_time: 7.126, VALID_time: 0.6557, loss: 3.754, losses:2.331, losses_emb:5.723e-05, best_valid(recall@20): 0.1887
valid 	 N@10: 0.1427, R@10: 0.1322, P@10: 0.08047
valid 	 N@20: 0.1587, R@20: 0.1886, P@20: 0.05813
valid 	 N@50: 0.1905, R@50: 0.2903, P@50: 0.0364

2022-07-02 14:36:51,826 - [INFO] - E:128|train_time: 7.086, VALID_time: 0.7663, loss: 3.689, losses:2.331, losses_emb:5.772e-05, best_valid(recall@20): 0.1887
valid 	 N@10: 0.1427, R@10: 0.132, P@10: 0.08042
valid 	 N@20: 0.1587, R@20: 0.1885, P@20: 0.0581
valid 	 N@50: 0.1905, R@50: 0.2904, P@50: 0.0364

2022-07-02 14:36:59,422 - [INFO] - E:129|train_time: 6.887, VALID_time: 0.6682, loss: 3.742, losses:2.331, losses_emb:5.821e-05, best_valid(recall@20): 0.1887
valid 	 N@10: 0.1426, R@10: 0.132, P@10: 0.08041
valid 	 N@20: 0.1587, R@20: 0.1885, P@20: 0.05814
valid 	 N@50: 0.1905, R@50: 0.2902, P@50: 0.0364

2022-07-02 14:37:07,178 - [INFO] - E:130|train_time: 7.078, VALID_time: 0.6281, loss: 3.86, losses:2.33, losses_emb:5.869e-05, best_valid(recall@20): 0.1887
valid 	 N@10: 0.1427, R@10: 0.1321, P@10: 0.08052
valid 	 N@20: 0.1587, R@20: 0.1887, P@20: 0.05812
valid 	 N@50: 0.1904, R@50: 0.2901, P@50: 0.03638

2022-07-02 14:37:15,139 - [INFO] - E:131|train_time: 7.14, VALID_time: 0.7583, loss: 3.819, losses:2.33, losses_emb:5.918e-05, best_valid(recall@20): 0.1887
valid 	 N@10: 0.1427, R@10: 0.132, P@10: 0.08045
valid 	 N@20: 0.1588, R@20: 0.1886, P@20: 0.05809
valid 	 N@50: 0.1906, R@50: 0.2904, P@50: 0.03643

2022-07-02 14:37:23,089 - [INFO] - E:132|train_time: 7.069, VALID_time: 0.8322, loss: 3.89, losses:2.33, losses_emb:5.967e-05, best_valid(recall@20): 0.1887
valid 	 N@10: 0.1426, R@10: 0.1319, P@10: 0.08036
valid 	 N@20: 0.1587, R@20: 0.1886, P@20: 0.0581
valid 	 N@50: 0.1905, R@50: 0.2905, P@50: 0.03641

2022-07-02 14:37:31,127 - [INFO] - E:133|train_time: 7.031, VALID_time: 0.9729, loss: 3.904, losses:2.33, losses_emb:6.015e-05, best_valid(recall@20): 0.1887
valid 	 N@10: 0.1426, R@10: 0.1317, P@10: 0.08032
valid 	 N@20: 0.1587, R@20: 0.1883, P@20: 0.05803
valid 	 N@50: 0.1905, R@50: 0.2902, P@50: 0.03639

2022-07-02 14:37:39,004 - [INFO] - E:134|train_time: 6.981, VALID_time: 0.8737, loss: 3.933, losses:2.329, losses_emb:6.064e-05, best_valid(recall@20): 0.1887
valid 	 N@10: 0.1425, R@10: 0.1317, P@10: 0.08025
valid 	 N@20: 0.1586, R@20: 0.1885, P@20: 0.05808
valid 	 N@50: 0.1904, R@50: 0.2903, P@50: 0.0364

2022-07-02 14:37:46,793 - [INFO] - E:135|train_time: 7.047, VALID_time: 0.7181, loss: 3.923, losses:2.329, losses_emb:6.113e-05, best_valid(recall@20): 0.1887
valid 	 N@10: 0.1425, R@10: 0.1317, P@10: 0.0803
valid 	 N@20: 0.1587, R@20: 0.1886, P@20: 0.05814
valid 	 N@50: 0.1904, R@50: 0.2902, P@50: 0.03638

2022-07-02 14:37:54,606 - [INFO] - E:136|train_time: 7.05, VALID_time: 0.7315, loss: 3.954, losses:2.329, losses_emb:6.161e-05, best_valid(recall@20): 0.1887
valid 	 N@10: 0.1425, R@10: 0.1317, P@10: 0.08033
valid 	 N@20: 0.1586, R@20: 0.1885, P@20: 0.05811
valid 	 N@50: 0.1904, R@50: 0.2903, P@50: 0.03639

2022-07-02 14:38:02,399 - [INFO] - E:137|train_time: 6.991, VALID_time: 0.7733, loss: 3.855, losses:2.329, losses_emb:6.21e-05, best_valid(recall@20): 0.1887
valid 	 N@10: 0.1426, R@10: 0.1318, P@10: 0.0804
valid 	 N@20: 0.1587, R@20: 0.1885, P@20: 0.05811
valid 	 N@50: 0.1905, R@50: 0.2902, P@50: 0.03638

2022-07-02 14:38:10,008 - [INFO] - E:138|train_time: 6.967, VALID_time: 0.6093, loss: 3.882, losses:2.328, losses_emb:6.258e-05, best_valid(recall@20): 0.1887
valid 	 N@10: 0.1425, R@10: 0.1317, P@10: 0.08028
valid 	 N@20: 0.1587, R@20: 0.1885, P@20: 0.0581
valid 	 N@50: 0.1906, R@50: 0.2905, P@50: 0.0364

2022-07-02 14:38:17,690 - [INFO] - E:139|train_time: 7.064, VALID_time: 0.5955, loss: 3.744, losses:2.328, losses_emb:6.307e-05, best_valid(recall@20): 0.1887
valid 	 N@10: 0.1425, R@10: 0.1317, P@10: 0.08023
valid 	 N@20: 0.1588, R@20: 0.1888, P@20: 0.05815
valid 	 N@50: 0.1905, R@50: 0.2903, P@50: 0.03638

2022-07-02 14:38:25,545 - [INFO] - E:140|train_time: 7.093, VALID_time: 0.7178, loss: 3.793, losses:2.328, losses_emb:6.356e-05, best_valid(recall@20): 0.1888
valid 	 N@10: 0.1425, R@10: 0.1318, P@10: 0.08034
valid 	 N@20: 0.1587, R@20: 0.1884, P@20: 0.05808
valid 	 N@50: 0.1905, R@50: 0.2904, P@50: 0.03639

2022-07-02 14:38:33,305 - [INFO] - E:141|train_time: 7.146, VALID_time: 0.584, loss: 3.822, losses:2.328, losses_emb:6.405e-05, best_valid(recall@20): 0.1888
valid 	 N@10: 0.1425, R@10: 0.1316, P@10: 0.08027
valid 	 N@20: 0.1589, R@20: 0.1888, P@20: 0.05819
valid 	 N@50: 0.1906, R@50: 0.2905, P@50: 0.03641

2022-07-02 14:38:41,139 - [INFO] - E:142|train_time: 7.068, VALID_time: 0.723, loss: 3.867, losses:2.328, losses_emb:6.454e-05, best_valid(recall@20): 0.1888
valid 	 N@10: 0.1425, R@10: 0.1317, P@10: 0.08029
valid 	 N@20: 0.1588, R@20: 0.1887, P@20: 0.05814
valid 	 N@50: 0.1905, R@50: 0.2905, P@50: 0.03641

2022-07-02 14:38:48,905 - [INFO] - E:143|train_time: 7.105, VALID_time: 0.6305, loss: 3.752, losses:2.327, losses_emb:6.502e-05, best_valid(recall@20): 0.1888
valid 	 N@10: 0.1425, R@10: 0.1318, P@10: 0.08026
valid 	 N@20: 0.1588, R@20: 0.1887, P@20: 0.05811
valid 	 N@50: 0.1905, R@50: 0.2905, P@50: 0.0364

2022-07-02 14:38:56,574 - [INFO] - E:144|train_time: 7.071, VALID_time: 0.5716, loss: 3.867, losses:2.327, losses_emb:6.551e-05, best_valid(recall@20): 0.1888
valid 	 N@10: 0.1426, R@10: 0.1318, P@10: 0.08031
valid 	 N@20: 0.1588, R@20: 0.1888, P@20: 0.05812
valid 	 N@50: 0.1906, R@50: 0.2905, P@50: 0.03641

2022-07-02 14:39:04,239 - [INFO] - E:145|train_time: 7.009, VALID_time: 0.6311, loss: 3.78, losses:2.327, losses_emb:6.6e-05, best_valid(recall@20): 0.1888
valid 	 N@10: 0.1427, R@10: 0.1319, P@10: 0.08038
valid 	 N@20: 0.1589, R@20: 0.1888, P@20: 0.05814
valid 	 N@50: 0.1906, R@50: 0.2905, P@50: 0.03641

2022-07-02 14:39:11,952 - [INFO] - E:146|train_time: 7.065, VALID_time: 0.6008, loss: 3.833, losses:2.326, losses_emb:6.649e-05, best_valid(recall@20): 0.1888
valid 	 N@10: 0.1427, R@10: 0.1319, P@10: 0.0804
valid 	 N@20: 0.1588, R@20: 0.1887, P@20: 0.05815
valid 	 N@50: 0.1906, R@50: 0.2906, P@50: 0.03642

2022-07-02 14:39:19,748 - [INFO] - E:147|train_time: 7.034, VALID_time: 0.7398, loss: 3.814, losses:2.326, losses_emb:6.697e-05, best_valid(recall@20): 0.1888
valid 	 N@10: 0.1427, R@10: 0.132, P@10: 0.08046
valid 	 N@20: 0.1588, R@20: 0.1887, P@20: 0.05817
valid 	 N@50: 0.1905, R@50: 0.2905, P@50: 0.03641

2022-07-02 14:39:27,655 - [INFO] - E:148|train_time: 7.137, VALID_time: 0.7348, loss: 3.727, losses:2.326, losses_emb:6.746e-05, best_valid(recall@20): 0.1888
valid 	 N@10: 0.1426, R@10: 0.132, P@10: 0.08035
valid 	 N@20: 0.1588, R@20: 0.1888, P@20: 0.05813
valid 	 N@50: 0.1907, R@50: 0.2909, P@50: 0.03645

2022-07-02 14:39:35,659 - [INFO] - E:149|train_time: 7.175, VALID_time: 0.7846, loss: 3.808, losses:2.326, losses_emb:6.794e-05, best_valid(recall@20): 0.1888
valid 	 N@10: 0.1426, R@10: 0.1319, P@10: 0.08035
valid 	 N@20: 0.1588, R@20: 0.1887, P@20: 0.05811
valid 	 N@50: 0.1906, R@50: 0.2905, P@50: 0.03641

2022-07-02 14:39:43,476 - [INFO] - E:150|train_time: 7.049, VALID_time: 0.7042, loss: 3.741, losses:2.326, losses_emb:6.843e-05, best_valid(recall@20): 0.1888
valid 	 N@10: 0.1427, R@10: 0.132, P@10: 0.0804
valid 	 N@20: 0.1589, R@20: 0.1889, P@20: 0.05814
valid 	 N@50: 0.1907, R@50: 0.2906, P@50: 0.03643

2022-07-02 14:39:51,388 - [INFO] - E:151|train_time: 7.096, VALID_time: 0.7503, loss: 3.816, losses:2.325, losses_emb:6.892e-05, best_valid(recall@20): 0.1889
valid 	 N@10: 0.1427, R@10: 0.132, P@10: 0.08039
valid 	 N@20: 0.159, R@20: 0.1891, P@20: 0.05821
valid 	 N@50: 0.1906, R@50: 0.2906, P@50: 0.03641

2022-07-02 14:39:59,274 - [INFO] - E:152|train_time: 7.087, VALID_time: 0.756, loss: 3.725, losses:2.326, losses_emb:6.941e-05, best_valid(recall@20): 0.1891
valid 	 N@10: 0.1428, R@10: 0.132, P@10: 0.08041
valid 	 N@20: 0.1589, R@20: 0.1889, P@20: 0.05814
valid 	 N@50: 0.1907, R@50: 0.2906, P@50: 0.03641

2022-07-02 14:40:06,965 - [INFO] - E:153|train_time: 7.029, VALID_time: 0.6302, loss: 3.843, losses:2.325, losses_emb:6.989e-05, best_valid(recall@20): 0.1891
valid 	 N@10: 0.1428, R@10: 0.1321, P@10: 0.08045
valid 	 N@20: 0.1591, R@20: 0.1893, P@20: 0.05827
valid 	 N@50: 0.1907, R@50: 0.2905, P@50: 0.03643

2022-07-02 14:40:14,678 - [INFO] - E:154|train_time: 7.084, VALID_time: 0.5827, loss: 3.786, losses:2.325, losses_emb:7.038e-05, best_valid(recall@20): 0.1893
valid 	 N@10: 0.1428, R@10: 0.1322, P@10: 0.08044
valid 	 N@20: 0.1589, R@20: 0.189, P@20: 0.0582
valid 	 N@50: 0.1907, R@50: 0.2908, P@50: 0.03645

2022-07-02 14:40:22,428 - [INFO] - E:155|train_time: 7.095, VALID_time: 0.6319, loss: 3.902, losses:2.325, losses_emb:7.087e-05, best_valid(recall@20): 0.1893
valid 	 N@10: 0.1428, R@10: 0.1322, P@10: 0.08043
valid 	 N@20: 0.159, R@20: 0.189, P@20: 0.05822
valid 	 N@50: 0.1907, R@50: 0.2907, P@50: 0.03643

2022-07-02 14:40:30,263 - [INFO] - E:156|train_time: 7.037, VALID_time: 0.7716, loss: 3.717, losses:2.325, losses_emb:7.135e-05, best_valid(recall@20): 0.1893
valid 	 N@10: 0.1427, R@10: 0.1321, P@10: 0.0804
valid 	 N@20: 0.1589, R@20: 0.1889, P@20: 0.0582
valid 	 N@50: 0.1907, R@50: 0.2907, P@50: 0.03643

2022-07-02 14:40:37,997 - [INFO] - E:157|train_time: 7.056, VALID_time: 0.6474, loss: 3.912, losses:2.324, losses_emb:7.184e-05, best_valid(recall@20): 0.1893
valid 	 N@10: 0.1426, R@10: 0.1319, P@10: 0.08034
valid 	 N@20: 0.1589, R@20: 0.1888, P@20: 0.05817
valid 	 N@50: 0.1907, R@50: 0.2907, P@50: 0.03644

2022-07-02 14:40:45,579 - [INFO] - E:158|train_time: 6.837, VALID_time: 0.7196, loss: 4.0, losses:2.325, losses_emb:7.233e-05, best_valid(recall@20): 0.1893
valid 	 N@10: 0.1427, R@10: 0.1321, P@10: 0.08046
valid 	 N@20: 0.1589, R@20: 0.1889, P@20: 0.0582
valid 	 N@50: 0.1907, R@50: 0.2907, P@50: 0.03642

2022-07-02 14:40:53,306 - [INFO] - E:159|train_time: 7.12, VALID_time: 0.5762, loss: 3.751, losses:2.324, losses_emb:7.282e-05, best_valid(recall@20): 0.1893
valid 	 N@10: 0.1427, R@10: 0.1321, P@10: 0.08044
valid 	 N@20: 0.1588, R@20: 0.1887, P@20: 0.05816
valid 	 N@50: 0.1906, R@50: 0.2907, P@50: 0.03643

2022-07-02 14:41:01,005 - [INFO] - E:160|train_time: 7.095, VALID_time: 0.5803, loss: 3.917, losses:2.324, losses_emb:7.33e-05, best_valid(recall@20): 0.1893
valid 	 N@10: 0.1426, R@10: 0.132, P@10: 0.08039
valid 	 N@20: 0.1587, R@20: 0.1887, P@20: 0.05816
valid 	 N@50: 0.1906, R@50: 0.2908, P@50: 0.03641

2022-07-02 14:41:08,689 - [INFO] - E:161|train_time: 7.051, VALID_time: 0.6082, loss: 3.958, losses:2.324, losses_emb:7.378e-05, best_valid(recall@20): 0.1893
valid 	 N@10: 0.1427, R@10: 0.1321, P@10: 0.08035
valid 	 N@20: 0.1589, R@20: 0.1889, P@20: 0.0582
valid 	 N@50: 0.1906, R@50: 0.2905, P@50: 0.03639

2022-07-02 14:41:16,399 - [INFO] - E:162|train_time: 7.103, VALID_time: 0.5829, loss: 3.737, losses:2.323, losses_emb:7.428e-05, best_valid(recall@20): 0.1893
valid 	 N@10: 0.1428, R@10: 0.1323, P@10: 0.08052
valid 	 N@20: 0.1588, R@20: 0.1887, P@20: 0.05815
valid 	 N@50: 0.1907, R@50: 0.2907, P@50: 0.03642

2022-07-02 14:41:24,168 - [INFO] - E:163|train_time: 7.093, VALID_time: 0.6517, loss: 3.898, losses:2.324, losses_emb:7.477e-05, best_valid(recall@20): 0.1893
valid 	 N@10: 0.1428, R@10: 0.1323, P@10: 0.08049
valid 	 N@20: 0.1588, R@20: 0.1885, P@20: 0.05812
valid 	 N@50: 0.1906, R@50: 0.2905, P@50: 0.0364

2022-07-02 14:41:31,954 - [INFO] - E:164|train_time: 6.89, VALID_time: 0.865, loss: 3.809, losses:2.323, losses_emb:7.525e-05, best_valid(recall@20): 0.1893
valid 	 N@10: 0.1428, R@10: 0.1322, P@10: 0.08041
valid 	 N@20: 0.159, R@20: 0.189, P@20: 0.05823
valid 	 N@50: 0.1907, R@50: 0.2908, P@50: 0.03642

2022-07-02 14:41:39,611 - [INFO] - E:165|train_time: 7.023, VALID_time: 0.6017, loss: 3.869, losses:2.323, losses_emb:7.574e-05, best_valid(recall@20): 0.1893
valid 	 N@10: 0.1428, R@10: 0.1324, P@10: 0.08052
valid 	 N@20: 0.1589, R@20: 0.189, P@20: 0.05824
valid 	 N@50: 0.1906, R@50: 0.2906, P@50: 0.03642

2022-07-02 14:41:47,613 - [INFO] - E:166|train_time: 7.245, VALID_time: 0.7366, loss: 3.836, losses:2.323, losses_emb:7.623e-05, best_valid(recall@20): 0.1893
valid 	 N@10: 0.1428, R@10: 0.1322, P@10: 0.08047
valid 	 N@20: 0.159, R@20: 0.1892, P@20: 0.05826
valid 	 N@50: 0.1906, R@50: 0.2904, P@50: 0.03641

2022-07-02 14:41:55,302 - [INFO] - E:167|train_time: 7.064, VALID_time: 0.5926, loss: 3.794, losses:2.322, losses_emb:7.671e-05, best_valid(recall@20): 0.1893
valid 	 N@10: 0.1428, R@10: 0.1322, P@10: 0.0805
valid 	 N@20: 0.1589, R@20: 0.1889, P@20: 0.05819
valid 	 N@50: 0.1907, R@50: 0.2906, P@50: 0.03641

2022-07-02 14:42:03,141 - [INFO] - E:168|train_time: 7.217, VALID_time: 0.5994, loss: 3.738, losses:2.322, losses_emb:7.72e-05, best_valid(recall@20): 0.1893
valid 	 N@10: 0.1426, R@10: 0.1319, P@10: 0.0804
valid 	 N@20: 0.1588, R@20: 0.1887, P@20: 0.05818
valid 	 N@50: 0.1907, R@50: 0.2909, P@50: 0.03643

2022-07-02 14:42:10,878 - [INFO] - E:169|train_time: 7.135, VALID_time: 0.5786, loss: 3.76, losses:2.322, losses_emb:7.768e-05, best_valid(recall@20): 0.1893
valid 	 N@10: 0.1429, R@10: 0.1322, P@10: 0.08054
valid 	 N@20: 0.159, R@20: 0.1889, P@20: 0.0582
valid 	 N@50: 0.1908, R@50: 0.2908, P@50: 0.03642

2022-07-02 14:42:18,536 - [INFO] - E:170|train_time: 7.025, VALID_time: 0.6106, loss: 3.746, losses:2.322, losses_emb:7.818e-05, best_valid(recall@20): 0.1893
valid 	 N@10: 0.1428, R@10: 0.1321, P@10: 0.08049
valid 	 N@20: 0.1589, R@20: 0.1889, P@20: 0.05821
valid 	 N@50: 0.1907, R@50: 0.2908, P@50: 0.03642

2022-07-02 14:42:26,258 - [INFO] - E:171|train_time: 7.118, VALID_time: 0.581, loss: 3.886, losses:2.322, losses_emb:7.866e-05, best_valid(recall@20): 0.1893
valid 	 N@10: 0.1429, R@10: 0.1321, P@10: 0.08046
valid 	 N@20: 0.159, R@20: 0.1889, P@20: 0.0582
valid 	 N@50: 0.1908, R@50: 0.2908, P@50: 0.03642

2022-07-02 14:42:33,840 - [INFO] - E:172|train_time: 6.982, VALID_time: 0.577, loss: 3.795, losses:2.322, losses_emb:7.915e-05, best_valid(recall@20): 0.1893
valid 	 N@10: 0.1429, R@10: 0.1322, P@10: 0.08053
valid 	 N@20: 0.1591, R@20: 0.1891, P@20: 0.05824
valid 	 N@50: 0.1908, R@50: 0.2909, P@50: 0.03643

2022-07-02 14:42:41,532 - [INFO] - E:173|train_time: 7.09, VALID_time: 0.5776, loss: 3.813, losses:2.322, losses_emb:7.964e-05, best_valid(recall@20): 0.1893
valid 	 N@10: 0.1428, R@10: 0.1321, P@10: 0.08047
valid 	 N@20: 0.159, R@20: 0.189, P@20: 0.05823
valid 	 N@50: 0.1907, R@50: 0.2908, P@50: 0.03643

2022-07-02 14:42:49,243 - [INFO] - E:174|train_time: 7.082, VALID_time: 0.6071, loss: 3.827, losses:2.321, losses_emb:8.013e-05, best_valid(recall@20): 0.1893
valid 	 N@10: 0.1428, R@10: 0.132, P@10: 0.08044
valid 	 N@20: 0.1591, R@20: 0.1891, P@20: 0.05825
valid 	 N@50: 0.1908, R@50: 0.2908, P@50: 0.03642

2022-07-02 14:42:56,894 - [INFO] - E:175|train_time: 6.902, VALID_time: 0.725, loss: 3.772, losses:2.321, losses_emb:8.061e-05, best_valid(recall@20): 0.1893
valid 	 N@10: 0.1429, R@10: 0.1322, P@10: 0.08048
valid 	 N@20: 0.1591, R@20: 0.1889, P@20: 0.05821
valid 	 N@50: 0.1908, R@50: 0.2907, P@50: 0.03642

2022-07-02 14:43:04,610 - [INFO] - E:176|train_time: 7.091, VALID_time: 0.5952, loss: 3.809, losses:2.321, losses_emb:8.11e-05, best_valid(recall@20): 0.1893
valid 	 N@10: 0.143, R@10: 0.1324, P@10: 0.08067
valid 	 N@20: 0.159, R@20: 0.189, P@20: 0.05821
valid 	 N@50: 0.1907, R@50: 0.2906, P@50: 0.03642

2022-07-02 14:43:12,332 - [INFO] - E:177|train_time: 7.12, VALID_time: 0.5792, loss: 3.673, losses:2.321, losses_emb:8.158e-05, best_valid(recall@20): 0.1893
valid 	 N@10: 0.143, R@10: 0.1324, P@10: 0.08061
valid 	 N@20: 0.1589, R@20: 0.1887, P@20: 0.05817
valid 	 N@50: 0.1908, R@50: 0.2907, P@50: 0.03642

2022-07-02 14:43:19,796 - [INFO] - E:178|train_time: 6.855, VALID_time: 0.5868, loss: 3.938, losses:2.321, losses_emb:8.207e-05, best_valid(recall@20): 0.1893
valid 	 N@10: 0.143, R@10: 0.1325, P@10: 0.08061
valid 	 N@20: 0.159, R@20: 0.1888, P@20: 0.05818
valid 	 N@50: 0.1907, R@50: 0.2906, P@50: 0.03641

2022-07-02 14:43:27,539 - [INFO] - E:179|train_time: 7.068, VALID_time: 0.652, loss: 3.735, losses:2.321, losses_emb:8.255e-05, best_valid(recall@20): 0.1893
valid 	 N@10: 0.1429, R@10: 0.1324, P@10: 0.08056
valid 	 N@20: 0.1589, R@20: 0.1888, P@20: 0.05819
valid 	 N@50: 0.1906, R@50: 0.2904, P@50: 0.03639

2022-07-02 14:43:35,384 - [INFO] - E:180|train_time: 7.129, VALID_time: 0.6921, loss: 3.764, losses:2.321, losses_emb:8.304e-05, best_valid(recall@20): 0.1893
valid 	 N@10: 0.1428, R@10: 0.1321, P@10: 0.08046
valid 	 N@20: 0.1589, R@20: 0.1887, P@20: 0.05813
valid 	 N@50: 0.1907, R@50: 0.2905, P@50: 0.03639

2022-07-02 14:43:43,241 - [INFO] - E:181|train_time: 7.104, VALID_time: 0.7289, loss: 3.816, losses:2.32, losses_emb:8.353e-05, best_valid(recall@20): 0.1893
valid 	 N@10: 0.1428, R@10: 0.1321, P@10: 0.08043
valid 	 N@20: 0.159, R@20: 0.1889, P@20: 0.05822
valid 	 N@50: 0.1908, R@50: 0.2908, P@50: 0.03642

2022-07-02 14:43:50,852 - [INFO] - E:182|train_time: 6.947, VALID_time: 0.6334, loss: 3.826, losses:2.32, losses_emb:8.402e-05, best_valid(recall@20): 0.1893
valid 	 N@10: 0.143, R@10: 0.1324, P@10: 0.08054
valid 	 N@20: 0.159, R@20: 0.189, P@20: 0.05822
valid 	 N@50: 0.1908, R@50: 0.2906, P@50: 0.03641

2022-07-02 14:43:58,734 - [INFO] - E:183|train_time: 7.126, VALID_time: 0.7242, loss: 3.745, losses:2.32, losses_emb:8.45e-05, best_valid(recall@20): 0.1893
valid 	 N@10: 0.1431, R@10: 0.1325, P@10: 0.08068
valid 	 N@20: 0.1589, R@20: 0.1886, P@20: 0.05814
valid 	 N@50: 0.1908, R@50: 0.2906, P@50: 0.0364

2022-07-02 14:44:06,424 - [INFO] - E:184|train_time: 7.03, VALID_time: 0.6292, loss: 3.825, losses:2.32, losses_emb:8.5e-05, best_valid(recall@20): 0.1893
valid 	 N@10: 0.143, R@10: 0.1324, P@10: 0.08052
valid 	 N@20: 0.159, R@20: 0.1885, P@20: 0.05817
valid 	 N@50: 0.1908, R@50: 0.2906, P@50: 0.0364

2022-07-02 14:44:14,276 - [INFO] - E:185|train_time: 7.134, VALID_time: 0.6848, loss: 3.813, losses:2.319, losses_emb:8.548e-05, best_valid(recall@20): 0.1893
valid 	 N@10: 0.143, R@10: 0.1324, P@10: 0.08056
valid 	 N@20: 0.159, R@20: 0.1887, P@20: 0.05815
valid 	 N@50: 0.1908, R@50: 0.2906, P@50: 0.03641

2022-07-02 14:44:22,242 - [INFO] - E:186|train_time: 7.234, VALID_time: 0.699, loss: 3.653, losses:2.32, losses_emb:8.597e-05, best_valid(recall@20): 0.1893
valid 	 N@10: 0.1429, R@10: 0.1324, P@10: 0.08048
valid 	 N@20: 0.1589, R@20: 0.1886, P@20: 0.05816
valid 	 N@50: 0.1908, R@50: 0.2906, P@50: 0.03643

2022-07-02 14:44:30,372 - [INFO] - E:187|train_time: 7.269, VALID_time: 0.7821, loss: 3.648, losses:2.319, losses_emb:8.646e-05, best_valid(recall@20): 0.1893
valid 	 N@10: 0.143, R@10: 0.1324, P@10: 0.08053
valid 	 N@20: 0.1589, R@20: 0.1886, P@20: 0.05813
valid 	 N@50: 0.1908, R@50: 0.2908, P@50: 0.03643

2022-07-02 14:44:38,345 - [INFO] - E:188|train_time: 7.123, VALID_time: 0.7944, loss: 3.702, losses:2.319, losses_emb:8.694e-05, best_valid(recall@20): 0.1893
valid 	 N@10: 0.1429, R@10: 0.1323, P@10: 0.08053
valid 	 N@20: 0.1589, R@20: 0.1886, P@20: 0.05814
valid 	 N@50: 0.1908, R@50: 0.2908, P@50: 0.03643

2022-07-02 14:44:46,759 - [INFO] - E:189|train_time: 7.226, VALID_time: 1.143, loss: 3.803, losses:2.319, losses_emb:8.743e-05, best_valid(recall@20): 0.1893
valid 	 N@10: 0.1429, R@10: 0.1323, P@10: 0.08051
valid 	 N@20: 0.1589, R@20: 0.1887, P@20: 0.05816
valid 	 N@50: 0.1908, R@50: 0.2908, P@50: 0.03641

2022-07-02 14:44:54,913 - [INFO] - E:190|train_time: 7.151, VALID_time: 0.9586, loss: 3.844, losses:2.319, losses_emb:8.791e-05, best_valid(recall@20): 0.1893
valid 	 N@10: 0.1429, R@10: 0.1323, P@10: 0.08055
valid 	 N@20: 0.159, R@20: 0.1888, P@20: 0.0582
valid 	 N@50: 0.1907, R@50: 0.2905, P@50: 0.0364

2022-07-02 14:45:02,858 - [INFO] - E:191|train_time: 7.083, VALID_time: 0.826, loss: 3.778, losses:2.319, losses_emb:8.84e-05, best_valid(recall@20): 0.1893
valid 	 N@10: 0.1431, R@10: 0.1326, P@10: 0.08063
valid 	 N@20: 0.1589, R@20: 0.1886, P@20: 0.05813
valid 	 N@50: 0.1907, R@50: 0.2903, P@50: 0.03639

2022-07-02 14:45:10,855 - [INFO] - E:192|train_time: 7.166, VALID_time: 0.7994, loss: 3.741, losses:2.319, losses_emb:8.889e-05, best_valid(recall@20): 0.1893
valid 	 N@10: 0.1431, R@10: 0.1326, P@10: 0.08065
valid 	 N@20: 0.159, R@20: 0.1888, P@20: 0.05816
valid 	 N@50: 0.1908, R@50: 0.2906, P@50: 0.03641

2022-07-02 14:45:18,847 - [INFO] - E:193|train_time: 7.114, VALID_time: 0.8461, loss: 3.781, losses:2.319, losses_emb:8.938e-05, best_valid(recall@20): 0.1893
valid 	 N@10: 0.1431, R@10: 0.1324, P@10: 0.08059
valid 	 N@20: 0.1591, R@20: 0.1889, P@20: 0.05819
valid 	 N@50: 0.1908, R@50: 0.2905, P@50: 0.0364

2022-07-02 14:45:26,643 - [INFO] - E:194|train_time: 7.147, VALID_time: 0.6166, loss: 3.812, losses:2.318, losses_emb:8.986e-05, best_valid(recall@20): 0.1893
valid 	 N@10: 0.1431, R@10: 0.1325, P@10: 0.08059
valid 	 N@20: 0.1591, R@20: 0.1889, P@20: 0.05821
valid 	 N@50: 0.1907, R@50: 0.2904, P@50: 0.03639

2022-07-02 14:45:34,455 - [INFO] - E:195|train_time: 7.137, VALID_time: 0.6499, loss: 3.766, losses:2.318, losses_emb:9.035e-05, best_valid(recall@20): 0.1893
valid 	 N@10: 0.1431, R@10: 0.1326, P@10: 0.08064
valid 	 N@20: 0.159, R@20: 0.1888, P@20: 0.05816
valid 	 N@50: 0.1907, R@50: 0.2903, P@50: 0.03637

2022-07-02 14:45:41,932 - [INFO] - E:196|train_time: 6.876, VALID_time: 0.5766, loss: 3.74, losses:2.318, losses_emb:9.084e-05, best_valid(recall@20): 0.1893
valid 	 N@10: 0.143, R@10: 0.1325, P@10: 0.08064
valid 	 N@20: 0.159, R@20: 0.189, P@20: 0.05819
valid 	 N@50: 0.1907, R@50: 0.2905, P@50: 0.03641

2022-07-02 14:45:49,864 - [INFO] - E:197|train_time: 7.163, VALID_time: 0.7456, loss: 3.766, losses:2.318, losses_emb:9.132e-05, best_valid(recall@20): 0.1893
valid 	 N@10: 0.1431, R@10: 0.1326, P@10: 0.08068
valid 	 N@20: 0.1591, R@20: 0.189, P@20: 0.05822
valid 	 N@50: 0.1908, R@50: 0.2905, P@50: 0.03639

2022-07-02 14:45:57,677 - [INFO] - E:198|train_time: 7.203, VALID_time: 0.5811, loss: 3.923, losses:2.318, losses_emb:9.181e-05, best_valid(recall@20): 0.1893
valid 	 N@10: 0.1432, R@10: 0.1326, P@10: 0.08067
valid 	 N@20: 0.1591, R@20: 0.1889, P@20: 0.05823
valid 	 N@50: 0.1908, R@50: 0.2906, P@50: 0.03638

2022-07-02 14:46:05,381 - [INFO] - E:199|train_time: 7.08, VALID_time: 0.5997, loss: 3.67, losses:2.318, losses_emb:9.23e-05, best_valid(recall@20): 0.1893
valid 	 N@10: 0.1431, R@10: 0.1325, P@10: 0.08059
valid 	 N@20: 0.1591, R@20: 0.189, P@20: 0.0582
valid 	 N@50: 0.1909, R@50: 0.2909, P@50: 0.03644

2022-07-02 14:46:12,694 - [INFO] - E:200|train_time: 6.693, VALID_time: 0.5856, loss: 3.732, losses:2.318, losses_emb:9.278e-05, best_valid(recall@20): 0.1893
valid 	 N@10: 0.1431, R@10: 0.1327, P@10: 0.08068
valid 	 N@20: 0.159, R@20: 0.1889, P@20: 0.05819
valid 	 N@50: 0.1908, R@50: 0.2907, P@50: 0.03641

2022-07-02 14:46:20,384 - [INFO] - E:201|train_time: 7.079, VALID_time: 0.5878, loss: 3.811, losses:2.318, losses_emb:9.327e-05, best_valid(recall@20): 0.1893
valid 	 N@10: 0.143, R@10: 0.1326, P@10: 0.08058
valid 	 N@20: 0.159, R@20: 0.1889, P@20: 0.05817
valid 	 N@50: 0.1907, R@50: 0.2905, P@50: 0.0364

2022-07-02 14:46:27,950 - [INFO] - E:202|train_time: 6.933, VALID_time: 0.608, loss: 3.754, losses:2.317, losses_emb:9.376e-05, best_valid(recall@20): 0.1893
valid 	 N@10: 0.1431, R@10: 0.1325, P@10: 0.08065
valid 	 N@20: 0.159, R@20: 0.1889, P@20: 0.05819
valid 	 N@50: 0.1908, R@50: 0.2909, P@50: 0.03643

2022-07-02 14:46:35,735 - [INFO] - E:203|train_time: 7.18, VALID_time: 0.5783, loss: 3.831, losses:2.317, losses_emb:9.425e-05, best_valid(recall@20): 0.1893
valid 	 N@10: 0.143, R@10: 0.1325, P@10: 0.08063
valid 	 N@20: 0.1591, R@20: 0.189, P@20: 0.05822
valid 	 N@50: 0.1909, R@50: 0.2911, P@50: 0.03646

2022-07-02 14:46:43,480 - [INFO] - E:204|train_time: 7.145, VALID_time: 0.5776, loss: 3.783, losses:2.317, losses_emb:9.473e-05, best_valid(recall@20): 0.1893
valid 	 N@10: 0.1431, R@10: 0.1325, P@10: 0.08065
valid 	 N@20: 0.1591, R@20: 0.1889, P@20: 0.0582
valid 	 N@50: 0.1909, R@50: 0.2908, P@50: 0.03645

2022-07-02 14:46:43,480 - [INFO] - start to test!!

2022-07-02 14:46:43,775 - [INFO] - 
TEST 	 N@10: 0.1428, R@10: 0.1321, P@10: 0.08045
TEST 	 N@20: 0.1591, R@20: 0.1893, P@20: 0.05827
TEST 	 N@50: 0.1907, R@50: 0.2905, P@50: 0.03643

