2022-07-04 21:30:44,576 - [INFO] - {'dataset': 'ml', 'data_path': './data/', 'name': 'ml_DRO_POS_LGN_frame_t1_0.15_t2_1.10_t3_0.15_HOPS_1_1024_800_lr_1e-3_l2_1e-5_NODROP_False_MODE_multi_P_50_G_cosine_04_07_2022_21:30:44', 'train_ratio': 0.8, 'gnn': 'lgn_frame', 'epoch': 1000, 'batch_size': 1024, 'test_batch_size': 2048, 'dim': 64, 'l2': 1e-05, 'lr': 0.001, 'mess_dropout': False, 'mess_dropout_rate': 0.1, 'edge_dropout': False, 'edge_dropout_rate': 0.1, 'batch_test_flag': True, 'ns': 'mixgcf', 'K': 1, 'n_negs': 800, 'pool': 'mean', 'cuda': True, 'gpu_id': 0, 'Ks': '[10, 20, 50]', 'test_flag': 'part', 'context_hops': 1, 'eval_earlystop': 'recall@20', 'tau_plus': 0.1, 'temperature': 0.15, 'beta': 1.0, 'sample_num': 2048, 's_neg': 64, 's_pos': 64, 'norm_change': False, 'norm_path': None, 'u_norm': True, 'i_norm': True, 'alpha': 0.1, 'save': False, 'save_analyses': False, 'log_hard_rate': False, 'norm_before': False, 'norm_after': False, 'batch_var': False, 'out_dir': './weights/', 'log_dir': './log_pos/', 'config_dir': './config/', 'restore': False, 'bash_train': False, 'emb_l2': False, 'lam': 0.1, 'lam_per_epoch': 0.1, 'margin': 0.9, 'negative_weight': 150, 'loss_fn': 'Pos_DROLoss', 'sampling_method': 'uniform', 'load_name': 'uniform', 'generate_mode': 'cosine', 'reweight_period': 5, 'mix_target': 'mix_target', 'mask_distribution': 'mask_distribution', 'neg_alpha': 1.6, 'pos_alpha': 2.0, 'dim_mask': 'both', 'expolation_mask': False, 'mix_replace': False, 'save_emb': False, 'sample_replace': False, 'init_norm': 'uniform', 'init_mean': 2.0, 'init_std': 2.0, 'pop_pow': 1.0, 'save_mle': False, 'l2_mode': 'static', 'temperature_2': 1.1, 'temperature_3': 0.15, 'group_valid': False, 'score_save': 'alpha', 'tau_min': 0.05, 'tau_max': 0.15, 'm': 0.9, 'pow_rate': 0.9, 't_min': 0.05, 't_max': 0.15, 't_epoch': 0.01, 't_patience': 50, 'tau_mode': 'static', 'pos_num': 10, 'beta_1': 10, 'beta_2': 10, 'kl_mode': 'kl', 'lam_bank': False, 'neg_rate': '', 'trans_mode': 'else', 'group_mode': 'equal_pop', 'pos_mode': 'multi', 'group_mix_mode': 'v1', 'kl_memory_fun': 'v0', 'm_tau': 0.9, 'loss_re': False, 'min_lr': 1e-06, 'cnt_lr': 10, 'group_num': 10, 'w1': 0.9, 'w2': 0.9, 'w3': 0.9, 'w4': 0.9, 'negative_weight2': 0.9, 'gamma': 0.9, 'lambda_': 0.9, 'initial_weight': 0.9, 'ii_neighbor_num': 0.9}
2022-07-04 21:30:45,744 - [INFO] - load train.txt
2022-07-04 21:30:47,353 - [INFO] - building the adj mat ...
2022-07-04 21:30:47,675 - [INFO] - train set len is 796244
2022-07-04 21:30:47,675 - [INFO] - test set len is 99455
2022-07-04 21:30:47,675 - [INFO] - loading over ...
2022-07-04 21:30:47,675 - [INFO] - users are 6022 items are 3043
Here is Pos_DROLoss loss
tau_1	tau_2 tau_3 	 is 0.15	1.1	loss_re 0.15 MODE False
sample method is uniform
2022-07-04 21:30:52,422 - [INFO] - Evaluation Protocols is 1 @ 20
2022-07-04 21:30:52,422 - [INFO] - start training ...
2022-07-04 21:31:52,665 - [INFO] - E:0|train_time: 59.94, VALID_time: 0.2651, loss: -1.635, losses:-0.6885, losses_emb:0.0003049, best_valid(recall@20): -inf
valid 	 N@10: 0.1642, R@10: 0.119, P@10: 0.1345
valid 	 N@20: 0.1836, R@20: 0.1981, P@20: 0.1178
valid 	 N@50: 0.2352, R@50: 0.3551, P@50: 0.09129

2022-07-04 21:32:52,065 - [INFO] - E:1|train_time: 59.1, VALID_time: 0.2696, loss: -1.924, losses:-1.053, losses_emb:0.0005118, best_valid(recall@20): 0.1981
valid 	 N@10: 0.1864, R@10: 0.1381, P@10: 0.1514
valid 	 N@20: 0.2069, R@20: 0.2238, P@20: 0.131
valid 	 N@50: 0.2618, R@50: 0.3936, P@50: 0.09954

2022-07-04 21:33:51,247 - [INFO] - E:2|train_time: 58.87, VALID_time: 0.2613, loss: -2.229, losses:-1.131, losses_emb:0.0007177, best_valid(recall@20): 0.2238
valid 	 N@10: 0.1957, R@10: 0.1451, P@10: 0.1566
valid 	 N@20: 0.2182, R@20: 0.2372, P@20: 0.1362
valid 	 N@50: 0.274, R@50: 0.4096, P@50: 0.1027

2022-07-04 21:34:51,006 - [INFO] - E:3|train_time: 59.48, VALID_time: 0.2419, loss: -2.174, losses:-1.171, losses_emb:0.0009382, best_valid(recall@20): 0.2372
valid 	 N@10: 0.2038, R@10: 0.1505, P@10: 0.1639
valid 	 N@20: 0.2256, R@20: 0.2438, P@20: 0.1403
valid 	 N@50: 0.2806, R@50: 0.4147, P@50: 0.1044

2022-07-04 21:35:50,973 - [INFO] - E:4|train_time: 59.63, VALID_time: 0.2972, loss: -2.276, losses:-1.197, losses_emb:0.001175, best_valid(recall@20): 0.2438
valid 	 N@10: 0.2085, R@10: 0.1562, P@10: 0.1669
valid 	 N@20: 0.2304, R@20: 0.25, P@20: 0.1427
valid 	 N@50: 0.2867, R@50: 0.4241, P@50: 0.1063

2022-07-04 21:36:50,398 - [INFO] - E:5|train_time: 59.1, VALID_time: 0.2687, loss: -2.267, losses:-1.215, losses_emb:0.00143, best_valid(recall@20): 0.25
valid 	 N@10: 0.2137, R@10: 0.1585, P@10: 0.1697
valid 	 N@20: 0.2361, R@20: 0.2544, P@20: 0.145
valid 	 N@50: 0.2905, R@50: 0.4249, P@50: 0.1067

2022-07-04 21:37:49,392 - [INFO] - E:6|train_time: 58.71, VALID_time: 0.2512, loss: -2.407, losses:-1.23, losses_emb:0.001704, best_valid(recall@20): 0.2544
valid 	 N@10: 0.2139, R@10: 0.1589, P@10: 0.1704
valid 	 N@20: 0.2369, R@20: 0.257, P@20: 0.1459
valid 	 N@50: 0.2923, R@50: 0.4297, P@50: 0.1075

2022-07-04 21:38:49,016 - [INFO] - E:7|train_time: 59.32, VALID_time: 0.2675, loss: -2.281, losses:-1.242, losses_emb:0.001997, best_valid(recall@20): 0.257
valid 	 N@10: 0.2181, R@10: 0.1627, P@10: 0.1732
valid 	 N@20: 0.2404, R@20: 0.2601, P@20: 0.1472
valid 	 N@50: 0.2958, R@50: 0.433, P@50: 0.1084

2022-07-04 21:39:48,581 - [INFO] - E:8|train_time: 59.29, VALID_time: 0.2402, loss: -2.33, losses:-1.251, losses_emb:0.002307, best_valid(recall@20): 0.2601
valid 	 N@10: 0.2204, R@10: 0.1643, P@10: 0.1753
valid 	 N@20: 0.2424, R@20: 0.262, P@20: 0.1482
valid 	 N@50: 0.2975, R@50: 0.4336, P@50: 0.109

2022-07-04 21:40:48,592 - [INFO] - E:9|train_time: 59.63, VALID_time: 0.3515, loss: -2.417, losses:-1.26, losses_emb:0.002633, best_valid(recall@20): 0.262
valid 	 N@10: 0.223, R@10: 0.1678, P@10: 0.177
valid 	 N@20: 0.2442, R@20: 0.2641, P@20: 0.1491
valid 	 N@50: 0.2992, R@50: 0.4361, P@50: 0.1094

2022-07-04 21:41:48,428 - [INFO] - E:10|train_time: 59.53, VALID_time: 0.2699, loss: -2.423, losses:-1.267, losses_emb:0.002974, best_valid(recall@20): 0.2641
valid 	 N@10: 0.2238, R@10: 0.1686, P@10: 0.1779
valid 	 N@20: 0.245, R@20: 0.2646, P@20: 0.1496
valid 	 N@50: 0.3001, R@50: 0.4362, P@50: 0.1095

2022-07-04 21:42:48,264 - [INFO] - E:11|train_time: 59.49, VALID_time: 0.3086, loss: -2.44, losses:-1.274, losses_emb:0.003329, best_valid(recall@20): 0.2646
valid 	 N@10: 0.2247, R@10: 0.1683, P@10: 0.1778
valid 	 N@20: 0.247, R@20: 0.2667, P@20: 0.1505
valid 	 N@50: 0.3022, R@50: 0.4388, P@50: 0.11

2022-07-04 21:43:48,588 - [INFO] - E:12|train_time: 60.04, VALID_time: 0.2505, loss: -2.424, losses:-1.279, losses_emb:0.003696, best_valid(recall@20): 0.2667
valid 	 N@10: 0.2264, R@10: 0.1689, P@10: 0.1785
valid 	 N@20: 0.2485, R@20: 0.2681, P@20: 0.1505
valid 	 N@50: 0.3029, R@50: 0.4373, P@50: 0.1099

2022-07-04 21:44:48,568 - [INFO] - E:13|train_time: 59.58, VALID_time: 0.3592, loss: -2.414, losses:-1.284, losses_emb:0.004074, best_valid(recall@20): 0.2681
valid 	 N@10: 0.2272, R@10: 0.1704, P@10: 0.1793
valid 	 N@20: 0.2496, R@20: 0.2698, P@20: 0.1514
valid 	 N@50: 0.3039, R@50: 0.4392, P@50: 0.1103

2022-07-04 21:45:48,556 - [INFO] - E:14|train_time: 59.68, VALID_time: 0.2588, loss: -2.468, losses:-1.289, losses_emb:0.004462, best_valid(recall@20): 0.2698
valid 	 N@10: 0.2267, R@10: 0.1708, P@10: 0.1793
valid 	 N@20: 0.249, R@20: 0.2686, P@20: 0.1517
valid 	 N@50: 0.3039, R@50: 0.4409, P@50: 0.1105

2022-07-04 21:46:48,007 - [INFO] - E:15|train_time: 59.15, VALID_time: 0.2714, loss: -2.488, losses:-1.293, losses_emb:0.004859, best_valid(recall@20): 0.2698
valid 	 N@10: 0.2286, R@10: 0.1721, P@10: 0.1807
valid 	 N@20: 0.2511, R@20: 0.2713, P@20: 0.1528
valid 	 N@50: 0.305, R@50: 0.4404, P@50: 0.1106

2022-07-04 21:47:47,453 - [INFO] - E:16|train_time: 59.15, VALID_time: 0.2605, loss: -2.526, losses:-1.296, losses_emb:0.005262, best_valid(recall@20): 0.2713
valid 	 N@10: 0.2302, R@10: 0.1728, P@10: 0.1822
valid 	 N@20: 0.2518, R@20: 0.2714, P@20: 0.1527
valid 	 N@50: 0.3056, R@50: 0.4404, P@50: 0.1107

2022-07-04 21:48:47,087 - [INFO] - E:17|train_time: 59.33, VALID_time: 0.2666, loss: -2.462, losses:-1.3, losses_emb:0.005674, best_valid(recall@20): 0.2714
valid 	 N@10: 0.2308, R@10: 0.1729, P@10: 0.1824
valid 	 N@20: 0.2529, R@20: 0.2734, P@20: 0.1531
valid 	 N@50: 0.3068, R@50: 0.4422, P@50: 0.1111

2022-07-04 21:49:47,512 - [INFO] - E:18|train_time: 60.13, VALID_time: 0.2535, loss: -2.406, losses:-1.302, losses_emb:0.006091, best_valid(recall@20): 0.2734
valid 	 N@10: 0.2317, R@10: 0.1735, P@10: 0.1825
valid 	 N@20: 0.2537, R@20: 0.2731, P@20: 0.1531
valid 	 N@50: 0.3076, R@50: 0.442, P@50: 0.111

2022-07-04 21:50:47,247 - [INFO] - E:19|train_time: 59.39, VALID_time: 0.3162, loss: -2.597, losses:-1.305, losses_emb:0.006514, best_valid(recall@20): 0.2734
valid 	 N@10: 0.2321, R@10: 0.1738, P@10: 0.1827
valid 	 N@20: 0.2539, R@20: 0.2727, P@20: 0.1532
valid 	 N@50: 0.308, R@50: 0.4426, P@50: 0.111

2022-07-04 21:51:46,605 - [INFO] - E:20|train_time: 59.07, VALID_time: 0.2575, loss: -2.548, losses:-1.308, losses_emb:0.006942, best_valid(recall@20): 0.2734
valid 	 N@10: 0.2308, R@10: 0.1744, P@10: 0.1828
valid 	 N@20: 0.2532, R@20: 0.2742, P@20: 0.1539
valid 	 N@50: 0.3067, R@50: 0.4422, P@50: 0.1111

2022-07-04 21:52:45,737 - [INFO] - E:21|train_time: 58.82, VALID_time: 0.2752, loss: -2.319, losses:-1.31, losses_emb:0.007372, best_valid(recall@20): 0.2742
valid 	 N@10: 0.2331, R@10: 0.1755, P@10: 0.1838
valid 	 N@20: 0.2546, R@20: 0.2746, P@20: 0.1536
valid 	 N@50: 0.3081, R@50: 0.4423, P@50: 0.111

2022-07-04 21:53:45,737 - [INFO] - E:22|train_time: 59.72, VALID_time: 0.2477, loss: -2.55, losses:-1.312, losses_emb:0.007805, best_valid(recall@20): 0.2746
valid 	 N@10: 0.2337, R@10: 0.176, P@10: 0.1844
valid 	 N@20: 0.2548, R@20: 0.2743, P@20: 0.1539
valid 	 N@50: 0.3084, R@50: 0.4423, P@50: 0.1112

2022-07-04 21:54:45,502 - [INFO] - E:23|train_time: 59.48, VALID_time: 0.252, loss: -2.413, losses:-1.314, losses_emb:0.008242, best_valid(recall@20): 0.2746
valid 	 N@10: 0.2324, R@10: 0.1751, P@10: 0.1835
valid 	 N@20: 0.2547, R@20: 0.2748, P@20: 0.1541
valid 	 N@50: 0.3082, R@50: 0.443, P@50: 0.1111

2022-07-04 21:55:44,931 - [INFO] - E:24|train_time: 59.12, VALID_time: 0.2626, loss: -2.349, losses:-1.316, losses_emb:0.008676, best_valid(recall@20): 0.2748
valid 	 N@10: 0.2345, R@10: 0.1758, P@10: 0.184
valid 	 N@20: 0.2561, R@20: 0.2748, P@20: 0.1543
valid 	 N@50: 0.3102, R@50: 0.445, P@50: 0.1115

2022-07-04 21:56:44,439 - [INFO] - E:25|train_time: 59.21, VALID_time: 0.2675, loss: -2.507, losses:-1.317, losses_emb:0.009114, best_valid(recall@20): 0.2748
valid 	 N@10: 0.235, R@10: 0.1768, P@10: 0.1852
valid 	 N@20: 0.256, R@20: 0.2749, P@20: 0.1545
valid 	 N@50: 0.3092, R@50: 0.4427, P@50: 0.1113

2022-07-04 21:57:44,373 - [INFO] - E:26|train_time: 59.62, VALID_time: 0.2755, loss: -2.491, losses:-1.319, losses_emb:0.009549, best_valid(recall@20): 0.2749
valid 	 N@10: 0.2334, R@10: 0.1762, P@10: 0.1844
valid 	 N@20: 0.2556, R@20: 0.2758, P@20: 0.1546
valid 	 N@50: 0.3084, R@50: 0.4418, P@50: 0.1112

2022-07-04 21:58:44,116 - [INFO] - E:27|train_time: 59.41, VALID_time: 0.294, loss: -2.645, losses:-1.32, losses_emb:0.009989, best_valid(recall@20): 0.2758
valid 	 N@10: 0.235, R@10: 0.1771, P@10: 0.1851
valid 	 N@20: 0.2563, R@20: 0.2758, P@20: 0.1542
valid 	 N@50: 0.3097, R@50: 0.4435, P@50: 0.1113

2022-07-04 21:59:44,120 - [INFO] - E:28|train_time: 59.7, VALID_time: 0.2656, loss: -2.385, losses:-1.322, losses_emb:0.01042, best_valid(recall@20): 0.2758
valid 	 N@10: 0.2351, R@10: 0.1768, P@10: 0.1849
valid 	 N@20: 0.2566, R@20: 0.2757, P@20: 0.1548
valid 	 N@50: 0.31, R@50: 0.4437, P@50: 0.1116

2022-07-04 22:00:43,500 - [INFO] - E:29|train_time: 59.08, VALID_time: 0.2706, loss: -2.533, losses:-1.323, losses_emb:0.01085, best_valid(recall@20): 0.2758
valid 	 N@10: 0.2355, R@10: 0.1777, P@10: 0.1852
valid 	 N@20: 0.2568, R@20: 0.2765, P@20: 0.1544
valid 	 N@50: 0.3096, R@50: 0.4427, P@50: 0.1112

2022-07-04 22:01:42,856 - [INFO] - E:30|train_time: 59.0, VALID_time: 0.3235, loss: -2.62, losses:-1.324, losses_emb:0.01129, best_valid(recall@20): 0.2765
valid 	 N@10: 0.2349, R@10: 0.1757, P@10: 0.1844
valid 	 N@20: 0.257, R@20: 0.276, P@20: 0.1547
valid 	 N@50: 0.31, R@50: 0.4433, P@50: 0.1113

2022-07-04 22:02:42,937 - [INFO] - E:31|train_time: 59.59, VALID_time: 0.4582, loss: -2.355, losses:-1.325, losses_emb:0.01171, best_valid(recall@20): 0.2765
valid 	 N@10: 0.2361, R@10: 0.1773, P@10: 0.1859
valid 	 N@20: 0.2571, R@20: 0.2754, P@20: 0.1547
valid 	 N@50: 0.3104, R@50: 0.4435, P@50: 0.1115

2022-07-04 22:03:42,965 - [INFO] - E:32|train_time: 59.68, VALID_time: 0.3226, loss: -2.58, losses:-1.326, losses_emb:0.01214, best_valid(recall@20): 0.2765
valid 	 N@10: 0.2362, R@10: 0.1774, P@10: 0.1856
valid 	 N@20: 0.2576, R@20: 0.2765, P@20: 0.1551
valid 	 N@50: 0.3106, R@50: 0.4441, P@50: 0.1115

2022-07-04 22:04:43,612 - [INFO] - E:33|train_time: 59.97, VALID_time: 0.6394, loss: -2.543, losses:-1.327, losses_emb:0.01256, best_valid(recall@20): 0.2765
valid 	 N@10: 0.2363, R@10: 0.1776, P@10: 0.1855
valid 	 N@20: 0.2578, R@20: 0.2764, P@20: 0.1551
valid 	 N@50: 0.3111, R@50: 0.4444, P@50: 0.1117

2022-07-04 22:05:43,661 - [INFO] - E:34|train_time: 59.57, VALID_time: 0.4506, loss: -2.458, losses:-1.328, losses_emb:0.01298, best_valid(recall@20): 0.2765
valid 	 N@10: 0.2373, R@10: 0.1782, P@10: 0.1864
valid 	 N@20: 0.2579, R@20: 0.2761, P@20: 0.1546
valid 	 N@50: 0.3113, R@50: 0.4444, P@50: 0.1113

2022-07-04 22:06:43,747 - [INFO] - E:35|train_time: 59.6, VALID_time: 0.4503, loss: -2.485, losses:-1.328, losses_emb:0.01339, best_valid(recall@20): 0.2765
valid 	 N@10: 0.238, R@10: 0.1782, P@10: 0.1862
valid 	 N@20: 0.2589, R@20: 0.2768, P@20: 0.1553
valid 	 N@50: 0.3122, R@50: 0.4458, P@50: 0.1116

2022-07-04 22:07:43,915 - [INFO] - E:36|train_time: 59.73, VALID_time: 0.3597, loss: -2.519, losses:-1.329, losses_emb:0.0138, best_valid(recall@20): 0.2768
valid 	 N@10: 0.2361, R@10: 0.1775, P@10: 0.1855
valid 	 N@20: 0.2579, R@20: 0.2764, P@20: 0.1555
valid 	 N@50: 0.3109, R@50: 0.4446, P@50: 0.1114

2022-07-04 22:08:44,122 - [INFO] - E:37|train_time: 59.79, VALID_time: 0.3923, loss: -2.499, losses:-1.33, losses_emb:0.0142, best_valid(recall@20): 0.2768
valid 	 N@10: 0.2364, R@10: 0.1767, P@10: 0.1848
valid 	 N@20: 0.2586, R@20: 0.2769, P@20: 0.1553
valid 	 N@50: 0.3114, R@50: 0.4439, P@50: 0.1113

2022-07-04 22:09:44,062 - [INFO] - E:38|train_time: 59.54, VALID_time: 0.3634, loss: -2.526, losses:-1.33, losses_emb:0.0146, best_valid(recall@20): 0.2769
valid 	 N@10: 0.237, R@10: 0.1781, P@10: 0.1855
valid 	 N@20: 0.2583, R@20: 0.2764, P@20: 0.155
valid 	 N@50: 0.3114, R@50: 0.4443, P@50: 0.1115

2022-07-04 22:10:44,162 - [INFO] - E:39|train_time: 59.74, VALID_time: 0.3324, loss: -2.432, losses:-1.331, losses_emb:0.01499, best_valid(recall@20): 0.2769
valid 	 N@10: 0.2372, R@10: 0.1782, P@10: 0.1857
valid 	 N@20: 0.2585, R@20: 0.2763, P@20: 0.1553
valid 	 N@50: 0.3116, R@50: 0.4446, P@50: 0.1114

2022-07-04 22:11:44,726 - [INFO] - E:40|train_time: 60.22, VALID_time: 0.3093, loss: -2.543, losses:-1.331, losses_emb:0.01538, best_valid(recall@20): 0.2769
valid 	 N@10: 0.2376, R@10: 0.1785, P@10: 0.1859
valid 	 N@20: 0.259, R@20: 0.2774, P@20: 0.1556
valid 	 N@50: 0.312, R@50: 0.4448, P@50: 0.1116

2022-07-04 22:12:45,793 - [INFO] - E:41|train_time: 60.68, VALID_time: 0.3258, loss: -2.604, losses:-1.332, losses_emb:0.01576, best_valid(recall@20): 0.2774
valid 	 N@10: 0.2375, R@10: 0.178, P@10: 0.1859
valid 	 N@20: 0.2595, R@20: 0.278, P@20: 0.1561
valid 	 N@50: 0.3119, R@50: 0.4447, P@50: 0.1115

2022-07-04 22:13:46,047 - [INFO] - E:42|train_time: 59.93, VALID_time: 0.2891, loss: -2.602, losses:-1.332, losses_emb:0.01614, best_valid(recall@20): 0.278
valid 	 N@10: 0.2382, R@10: 0.1785, P@10: 0.1858
valid 	 N@20: 0.2597, R@20: 0.2772, P@20: 0.1558
valid 	 N@50: 0.3122, R@50: 0.4439, P@50: 0.1114

2022-07-04 22:14:46,343 - [INFO] - E:43|train_time: 59.96, VALID_time: 0.2979, loss: -2.509, losses:-1.333, losses_emb:0.01651, best_valid(recall@20): 0.278
valid 	 N@10: 0.2382, R@10: 0.1781, P@10: 0.1858
valid 	 N@20: 0.2598, R@20: 0.2772, P@20: 0.1557
valid 	 N@50: 0.3124, R@50: 0.4444, P@50: 0.1115

2022-07-04 22:15:47,161 - [INFO] - E:44|train_time: 60.43, VALID_time: 0.3616, loss: -2.458, losses:-1.333, losses_emb:0.01686, best_valid(recall@20): 0.278
valid 	 N@10: 0.2379, R@10: 0.1777, P@10: 0.1859
valid 	 N@20: 0.2596, R@20: 0.2772, P@20: 0.1556
valid 	 N@50: 0.3127, R@50: 0.4457, P@50: 0.1117

2022-07-04 22:16:47,894 - [INFO] - E:45|train_time: 60.34, VALID_time: 0.3357, loss: -2.53, losses:-1.334, losses_emb:0.01721, best_valid(recall@20): 0.278
valid 	 N@10: 0.2381, R@10: 0.1781, P@10: 0.1865
valid 	 N@20: 0.2595, R@20: 0.2776, P@20: 0.1556
valid 	 N@50: 0.3127, R@50: 0.4459, P@50: 0.1118

2022-07-04 22:17:48,362 - [INFO] - E:46|train_time: 60.06, VALID_time: 0.3604, loss: -2.384, losses:-1.334, losses_emb:0.01757, best_valid(recall@20): 0.278
valid 	 N@10: 0.239, R@10: 0.1786, P@10: 0.1868
valid 	 N@20: 0.2599, R@20: 0.2775, P@20: 0.1552
valid 	 N@50: 0.313, R@50: 0.445, P@50: 0.1117

2022-07-04 22:18:49,237 - [INFO] - E:47|train_time: 60.43, VALID_time: 0.3962, loss: -2.543, losses:-1.334, losses_emb:0.01791, best_valid(recall@20): 0.278
valid 	 N@10: 0.239, R@10: 0.1789, P@10: 0.187
valid 	 N@20: 0.2599, R@20: 0.2774, P@20: 0.1554
valid 	 N@50: 0.313, R@50: 0.4454, P@50: 0.1117

2022-07-04 22:19:49,868 - [INFO] - E:48|train_time: 60.27, VALID_time: 0.3377, loss: -2.631, losses:-1.334, losses_emb:0.01824, best_valid(recall@20): 0.278
valid 	 N@10: 0.2377, R@10: 0.178, P@10: 0.1859
valid 	 N@20: 0.26, R@20: 0.2783, P@20: 0.156
valid 	 N@50: 0.3125, R@50: 0.4449, P@50: 0.1117

2022-07-04 22:20:51,188 - [INFO] - E:49|train_time: 60.88, VALID_time: 0.3964, loss: -2.458, losses:-1.335, losses_emb:0.01856, best_valid(recall@20): 0.2783
valid 	 N@10: 0.2397, R@10: 0.1785, P@10: 0.1874
valid 	 N@20: 0.2609, R@20: 0.2782, P@20: 0.1561
valid 	 N@50: 0.3136, R@50: 0.4458, P@50: 0.1118

2022-07-04 22:21:52,865 - [INFO] - E:50|train_time: 61.03, VALID_time: 0.6173, loss: -2.586, losses:-1.335, losses_emb:0.01888, best_valid(recall@20): 0.2783
valid 	 N@10: 0.2389, R@10: 0.1791, P@10: 0.1858
valid 	 N@20: 0.261, R@20: 0.2784, P@20: 0.1562
valid 	 N@50: 0.3137, R@50: 0.4462, P@50: 0.1118

2022-07-04 22:22:53,880 - [INFO] - E:51|train_time: 60.51, VALID_time: 0.4159, loss: -2.492, losses:-1.336, losses_emb:0.01919, best_valid(recall@20): 0.2784
valid 	 N@10: 0.2395, R@10: 0.1781, P@10: 0.1868
valid 	 N@20: 0.2606, R@20: 0.2775, P@20: 0.1556
valid 	 N@50: 0.3135, R@50: 0.4457, P@50: 0.1115

2022-07-04 22:23:54,585 - [INFO] - E:52|train_time: 60.3, VALID_time: 0.3735, loss: -2.514, losses:-1.336, losses_emb:0.0195, best_valid(recall@20): 0.2784
valid 	 N@10: 0.2389, R@10: 0.1786, P@10: 0.1863
valid 	 N@20: 0.261, R@20: 0.2788, P@20: 0.1563
valid 	 N@50: 0.3138, R@50: 0.4463, P@50: 0.112

2022-07-04 22:24:55,653 - [INFO] - E:53|train_time: 60.45, VALID_time: 0.5638, loss: -2.526, losses:-1.336, losses_emb:0.0198, best_valid(recall@20): 0.2788
valid 	 N@10: 0.2391, R@10: 0.1792, P@10: 0.1873
valid 	 N@20: 0.2603, R@20: 0.2788, P@20: 0.1559
valid 	 N@50: 0.3132, R@50: 0.4463, P@50: 0.1118

2022-07-04 22:25:56,952 - [INFO] - E:54|train_time: 60.82, VALID_time: 0.4244, loss: -2.617, losses:-1.336, losses_emb:0.02009, best_valid(recall@20): 0.2788
valid 	 N@10: 0.2391, R@10: 0.1787, P@10: 0.1869
valid 	 N@20: 0.2605, R@20: 0.278, P@20: 0.1559
valid 	 N@50: 0.3137, R@50: 0.4464, P@50: 0.112

2022-07-04 22:26:58,269 - [INFO] - E:55|train_time: 60.99, VALID_time: 0.2813, loss: -2.656, losses:-1.336, losses_emb:0.02037, best_valid(recall@20): 0.2788
valid 	 N@10: 0.2394, R@10: 0.1794, P@10: 0.1868
valid 	 N@20: 0.2609, R@20: 0.2783, P@20: 0.156
valid 	 N@50: 0.3133, R@50: 0.4448, P@50: 0.1116

2022-07-04 22:27:58,300 - [INFO] - E:56|train_time: 59.7, VALID_time: 0.2962, loss: -2.519, losses:-1.336, losses_emb:0.02065, best_valid(recall@20): 0.2788
valid 	 N@10: 0.2394, R@10: 0.1793, P@10: 0.1866
valid 	 N@20: 0.2603, R@20: 0.2777, P@20: 0.1557
valid 	 N@50: 0.3134, R@50: 0.446, P@50: 0.1118

2022-07-04 22:28:58,344 - [INFO] - E:57|train_time: 59.73, VALID_time: 0.2903, loss: -2.624, losses:-1.337, losses_emb:0.02092, best_valid(recall@20): 0.2788
valid 	 N@10: 0.2395, R@10: 0.1796, P@10: 0.187
valid 	 N@20: 0.261, R@20: 0.2792, P@20: 0.1562
valid 	 N@50: 0.3131, R@50: 0.4451, P@50: 0.1115

2022-07-04 22:29:59,445 - [INFO] - E:58|train_time: 60.66, VALID_time: 0.3807, loss: -2.609, losses:-1.337, losses_emb:0.02118, best_valid(recall@20): 0.2792
valid 	 N@10: 0.2396, R@10: 0.179, P@10: 0.1869
valid 	 N@20: 0.2613, R@20: 0.2791, P@20: 0.1563
valid 	 N@50: 0.3135, R@50: 0.4453, P@50: 0.1117

2022-07-04 22:30:59,974 - [INFO] - E:59|train_time: 59.99, VALID_time: 0.5057, loss: -2.494, losses:-1.337, losses_emb:0.02144, best_valid(recall@20): 0.2792
valid 	 N@10: 0.2403, R@10: 0.1794, P@10: 0.1867
valid 	 N@20: 0.2617, R@20: 0.2786, P@20: 0.1562
valid 	 N@50: 0.3142, R@50: 0.4456, P@50: 0.1118

2022-07-04 22:32:00,551 - [INFO] - E:60|train_time: 60.1, VALID_time: 0.4224, loss: -2.599, losses:-1.337, losses_emb:0.02169, best_valid(recall@20): 0.2792
valid 	 N@10: 0.2405, R@10: 0.1796, P@10: 0.1874
valid 	 N@20: 0.2613, R@20: 0.2783, P@20: 0.156
valid 	 N@50: 0.3136, R@50: 0.4446, P@50: 0.1116

2022-07-04 22:33:00,557 - [INFO] - E:61|train_time: 59.62, VALID_time: 0.3527, loss: -2.544, losses:-1.337, losses_emb:0.02193, best_valid(recall@20): 0.2792
valid 	 N@10: 0.2412, R@10: 0.1802, P@10: 0.1873
valid 	 N@20: 0.2614, R@20: 0.2773, P@20: 0.1554
valid 	 N@50: 0.3145, R@50: 0.4457, P@50: 0.1118

2022-07-04 22:34:01,154 - [INFO] - E:62|train_time: 60.07, VALID_time: 0.4766, loss: -2.441, losses:-1.337, losses_emb:0.02216, best_valid(recall@20): 0.2792
valid 	 N@10: 0.2403, R@10: 0.1793, P@10: 0.1867
valid 	 N@20: 0.2618, R@20: 0.279, P@20: 0.1562
valid 	 N@50: 0.3142, R@50: 0.4456, P@50: 0.1117

2022-07-04 22:35:01,917 - [INFO] - E:63|train_time: 60.43, VALID_time: 0.2698, loss: -2.447, losses:-1.337, losses_emb:0.02239, best_valid(recall@20): 0.2792
valid 	 N@10: 0.2401, R@10: 0.1793, P@10: 0.1871
valid 	 N@20: 0.2614, R@20: 0.2783, P@20: 0.1564
valid 	 N@50: 0.3139, R@50: 0.4455, P@50: 0.1118

2022-07-04 22:36:01,850 - [INFO] - E:64|train_time: 59.57, VALID_time: 0.3367, loss: -2.514, losses:-1.337, losses_emb:0.02261, best_valid(recall@20): 0.2792
valid 	 N@10: 0.2402, R@10: 0.1789, P@10: 0.1868
valid 	 N@20: 0.2609, R@20: 0.2779, P@20: 0.1554
valid 	 N@50: 0.314, R@50: 0.4457, P@50: 0.1118

2022-07-04 22:37:02,580 - [INFO] - E:65|train_time: 60.41, VALID_time: 0.255, loss: -2.61, losses:-1.338, losses_emb:0.02283, best_valid(recall@20): 0.2792
valid 	 N@10: 0.2402, R@10: 0.1791, P@10: 0.1875
valid 	 N@20: 0.2611, R@20: 0.2783, P@20: 0.156
valid 	 N@50: 0.3138, R@50: 0.4458, P@50: 0.1118

2022-07-04 22:38:02,535 - [INFO] - E:66|train_time: 59.64, VALID_time: 0.2866, loss: -2.522, losses:-1.338, losses_emb:0.02304, best_valid(recall@20): 0.2792
valid 	 N@10: 0.2413, R@10: 0.1798, P@10: 0.1882
valid 	 N@20: 0.2616, R@20: 0.2779, P@20: 0.156
valid 	 N@50: 0.3143, R@50: 0.4457, P@50: 0.1118

2022-07-04 22:39:02,544 - [INFO] - E:67|train_time: 59.59, VALID_time: 0.3868, loss: -2.479, losses:-1.338, losses_emb:0.02325, best_valid(recall@20): 0.2792
valid 	 N@10: 0.242, R@10: 0.1792, P@10: 0.1879
valid 	 N@20: 0.2623, R@20: 0.2779, P@20: 0.1559
valid 	 N@50: 0.3149, R@50: 0.4453, P@50: 0.1117

2022-07-04 22:40:03,607 - [INFO] - E:68|train_time: 60.36, VALID_time: 0.6498, loss: -2.505, losses:-1.337, losses_emb:0.02344, best_valid(recall@20): 0.2792
valid 	 N@10: 0.2412, R@10: 0.179, P@10: 0.188
valid 	 N@20: 0.262, R@20: 0.2792, P@20: 0.1559
valid 	 N@50: 0.3145, R@50: 0.4457, P@50: 0.1117

2022-07-04 22:41:04,249 - [INFO] - E:69|train_time: 60.06, VALID_time: 0.4845, loss: -2.399, losses:-1.338, losses_emb:0.02364, best_valid(recall@20): 0.2792
valid 	 N@10: 0.2407, R@10: 0.1795, P@10: 0.1876
valid 	 N@20: 0.2611, R@20: 0.2779, P@20: 0.1556
valid 	 N@50: 0.3138, R@50: 0.4449, P@50: 0.1116

2022-07-04 22:42:04,789 - [INFO] - E:70|train_time: 60.16, VALID_time: 0.2813, loss: -2.536, losses:-1.338, losses_emb:0.02382, best_valid(recall@20): 0.2792
valid 	 N@10: 0.2411, R@10: 0.1797, P@10: 0.187
valid 	 N@20: 0.2622, R@20: 0.2787, P@20: 0.156
valid 	 N@50: 0.3147, R@50: 0.4456, P@50: 0.1118

2022-07-04 22:43:04,735 - [INFO] - E:71|train_time: 59.58, VALID_time: 0.3309, loss: -2.639, losses:-1.338, losses_emb:0.024, best_valid(recall@20): 0.2792
valid 	 N@10: 0.2402, R@10: 0.1795, P@10: 0.187
valid 	 N@20: 0.2618, R@20: 0.2793, P@20: 0.1563
valid 	 N@50: 0.3144, R@50: 0.4464, P@50: 0.1118

2022-07-04 22:44:04,884 - [INFO] - E:72|train_time: 59.81, VALID_time: 0.2641, loss: -2.468, losses:-1.338, losses_emb:0.02418, best_valid(recall@20): 0.2793
valid 	 N@10: 0.2412, R@10: 0.1797, P@10: 0.1875
valid 	 N@20: 0.2624, R@20: 0.2791, P@20: 0.1563
valid 	 N@50: 0.3145, R@50: 0.4449, P@50: 0.1117

2022-07-04 22:45:05,585 - [INFO] - E:73|train_time: 60.32, VALID_time: 0.3567, loss: -2.54, losses:-1.338, losses_emb:0.02435, best_valid(recall@20): 0.2793
valid 	 N@10: 0.2412, R@10: 0.1799, P@10: 0.1877
valid 	 N@20: 0.2621, R@20: 0.2788, P@20: 0.1561
valid 	 N@50: 0.3145, R@50: 0.4451, P@50: 0.1117

2022-07-04 22:46:05,917 - [INFO] - E:74|train_time: 60.03, VALID_time: 0.2788, loss: -2.54, losses:-1.338, losses_emb:0.02451, best_valid(recall@20): 0.2793
valid 	 N@10: 0.2412, R@10: 0.1803, P@10: 0.1874
valid 	 N@20: 0.2619, R@20: 0.2787, P@20: 0.1558
valid 	 N@50: 0.3146, R@50: 0.4451, P@50: 0.1118

2022-07-04 22:47:06,161 - [INFO] - E:75|train_time: 59.8, VALID_time: 0.4135, loss: -2.531, losses:-1.338, losses_emb:0.02468, best_valid(recall@20): 0.2793
valid 	 N@10: 0.2403, R@10: 0.1796, P@10: 0.1869
valid 	 N@20: 0.2614, R@20: 0.2784, P@20: 0.1559
valid 	 N@50: 0.3141, R@50: 0.4456, P@50: 0.1118

2022-07-04 22:48:06,209 - [INFO] - E:76|train_time: 59.71, VALID_time: 0.3111, loss: -2.55, losses:-1.338, losses_emb:0.02484, best_valid(recall@20): 0.2793
valid 	 N@10: 0.2401, R@10: 0.1797, P@10: 0.187
valid 	 N@20: 0.2614, R@20: 0.2788, P@20: 0.1562
valid 	 N@50: 0.314, R@50: 0.4452, P@50: 0.1118

2022-07-04 22:49:06,343 - [INFO] - E:77|train_time: 59.68, VALID_time: 0.4119, loss: -2.669, losses:-1.339, losses_emb:0.02499, best_valid(recall@20): 0.2793
valid 	 N@10: 0.2399, R@10: 0.1789, P@10: 0.1861
valid 	 N@20: 0.2619, R@20: 0.2791, P@20: 0.1561
valid 	 N@50: 0.3142, R@50: 0.4448, P@50: 0.1117

2022-07-04 22:50:06,209 - [INFO] - E:78|train_time: 59.4, VALID_time: 0.405, loss: -2.699, losses:-1.338, losses_emb:0.02513, best_valid(recall@20): 0.2793
valid 	 N@10: 0.2408, R@10: 0.1784, P@10: 0.1867
valid 	 N@20: 0.2619, R@20: 0.2779, P@20: 0.156
valid 	 N@50: 0.3145, R@50: 0.4451, P@50: 0.1117

2022-07-04 22:51:06,653 - [INFO] - E:79|train_time: 60.02, VALID_time: 0.3387, loss: -2.544, losses:-1.338, losses_emb:0.02527, best_valid(recall@20): 0.2793
valid 	 N@10: 0.2406, R@10: 0.1784, P@10: 0.1868
valid 	 N@20: 0.2624, R@20: 0.2794, P@20: 0.1563
valid 	 N@50: 0.3147, R@50: 0.4456, P@50: 0.1118

2022-07-04 22:52:07,122 - [INFO] - E:80|train_time: 60.18, VALID_time: 0.2568, loss: -2.646, losses:-1.339, losses_emb:0.02541, best_valid(recall@20): 0.2794
valid 	 N@10: 0.2408, R@10: 0.1791, P@10: 0.1866
valid 	 N@20: 0.2624, R@20: 0.2792, P@20: 0.1563
valid 	 N@50: 0.3149, R@50: 0.4459, P@50: 0.1118

2022-07-04 22:53:07,347 - [INFO] - E:81|train_time: 59.89, VALID_time: 0.3027, loss: -2.641, losses:-1.338, losses_emb:0.02555, best_valid(recall@20): 0.2794
valid 	 N@10: 0.2404, R@10: 0.1794, P@10: 0.187
valid 	 N@20: 0.2621, R@20: 0.2792, P@20: 0.1566
valid 	 N@50: 0.3142, R@50: 0.4454, P@50: 0.1117

2022-07-04 22:54:07,591 - [INFO] - E:82|train_time: 59.96, VALID_time: 0.2546, loss: -2.607, losses:-1.338, losses_emb:0.02567, best_valid(recall@20): 0.2794
valid 	 N@10: 0.2408, R@10: 0.1795, P@10: 0.1877
valid 	 N@20: 0.2615, R@20: 0.2789, P@20: 0.1559
valid 	 N@50: 0.3143, R@50: 0.4462, P@50: 0.1118

2022-07-04 22:55:07,463 - [INFO] - E:83|train_time: 59.54, VALID_time: 0.3036, loss: -2.518, losses:-1.338, losses_emb:0.0258, best_valid(recall@20): 0.2794
valid 	 N@10: 0.2415, R@10: 0.1794, P@10: 0.1877
valid 	 N@20: 0.2626, R@20: 0.279, P@20: 0.1567
valid 	 N@50: 0.3145, R@50: 0.4454, P@50: 0.1117

2022-07-04 22:56:07,640 - [INFO] - E:84|train_time: 59.83, VALID_time: 0.3207, loss: -2.514, losses:-1.339, losses_emb:0.02592, best_valid(recall@20): 0.2794
valid 	 N@10: 0.2415, R@10: 0.1797, P@10: 0.1878
valid 	 N@20: 0.2625, R@20: 0.2792, P@20: 0.1565
valid 	 N@50: 0.3149, R@50: 0.4458, P@50: 0.1118

2022-07-04 22:57:07,832 - [INFO] - E:85|train_time: 59.84, VALID_time: 0.2984, loss: -2.685, losses:-1.339, losses_emb:0.02604, best_valid(recall@20): 0.2794
valid 	 N@10: 0.241, R@10: 0.1796, P@10: 0.187
valid 	 N@20: 0.2622, R@20: 0.2784, P@20: 0.1563
valid 	 N@50: 0.3153, R@50: 0.4473, P@50: 0.112

2022-07-04 22:58:08,218 - [INFO] - E:86|train_time: 60.05, VALID_time: 0.3037, loss: -2.493, losses:-1.339, losses_emb:0.02615, best_valid(recall@20): 0.2794
valid 	 N@10: 0.2412, R@10: 0.1798, P@10: 0.1874
valid 	 N@20: 0.2625, R@20: 0.2793, P@20: 0.1567
valid 	 N@50: 0.3148, R@50: 0.4461, P@50: 0.1119

2022-07-04 22:59:08,359 - [INFO] - E:87|train_time: 59.78, VALID_time: 0.3333, loss: -2.557, losses:-1.339, losses_emb:0.02626, best_valid(recall@20): 0.2794
valid 	 N@10: 0.2416, R@10: 0.1801, P@10: 0.1877
valid 	 N@20: 0.2628, R@20: 0.2798, P@20: 0.1566
valid 	 N@50: 0.3145, R@50: 0.445, P@50: 0.1117

2022-07-04 23:00:08,571 - [INFO] - E:88|train_time: 59.86, VALID_time: 0.3168, loss: -2.721, losses:-1.338, losses_emb:0.02637, best_valid(recall@20): 0.2798
valid 	 N@10: 0.2413, R@10: 0.1796, P@10: 0.1875
valid 	 N@20: 0.2623, R@20: 0.2795, P@20: 0.1564
valid 	 N@50: 0.3142, R@50: 0.4445, P@50: 0.1117

2022-07-04 23:01:08,661 - [INFO] - E:89|train_time: 59.75, VALID_time: 0.3165, loss: -2.51, losses:-1.339, losses_emb:0.02647, best_valid(recall@20): 0.2798
valid 	 N@10: 0.2412, R@10: 0.1788, P@10: 0.187
valid 	 N@20: 0.2625, R@20: 0.279, P@20: 0.1563
valid 	 N@50: 0.3152, R@50: 0.4461, P@50: 0.112

2022-07-04 23:02:08,799 - [INFO] - E:90|train_time: 59.83, VALID_time: 0.2799, loss: -2.529, losses:-1.339, losses_emb:0.02657, best_valid(recall@20): 0.2798
valid 	 N@10: 0.2417, R@10: 0.1798, P@10: 0.1877
valid 	 N@20: 0.2629, R@20: 0.2796, P@20: 0.1567
valid 	 N@50: 0.315, R@50: 0.4457, P@50: 0.1119

2022-07-04 23:03:08,435 - [INFO] - E:91|train_time: 59.31, VALID_time: 0.2864, loss: -2.531, losses:-1.339, losses_emb:0.02666, best_valid(recall@20): 0.2798
valid 	 N@10: 0.2417, R@10: 0.1794, P@10: 0.1875
valid 	 N@20: 0.2626, R@20: 0.2789, P@20: 0.1562
valid 	 N@50: 0.3151, R@50: 0.4454, P@50: 0.1119

2022-07-04 23:04:08,428 - [INFO] - E:92|train_time: 59.63, VALID_time: 0.3375, loss: -2.686, losses:-1.339, losses_emb:0.02674, best_valid(recall@20): 0.2798
valid 	 N@10: 0.2418, R@10: 0.1801, P@10: 0.188
valid 	 N@20: 0.2623, R@20: 0.2788, P@20: 0.1562
valid 	 N@50: 0.3144, R@50: 0.4444, P@50: 0.1117

2022-07-04 23:05:08,161 - [INFO] - E:93|train_time: 59.4, VALID_time: 0.2862, loss: -2.44, losses:-1.339, losses_emb:0.02685, best_valid(recall@20): 0.2798
valid 	 N@10: 0.241, R@10: 0.1805, P@10: 0.1874
valid 	 N@20: 0.2621, R@20: 0.2791, P@20: 0.1564
valid 	 N@50: 0.3147, R@50: 0.446, P@50: 0.112

2022-07-04 23:06:08,640 - [INFO] - E:94|train_time: 60.2, VALID_time: 0.2558, loss: -2.546, losses:-1.339, losses_emb:0.02692, best_valid(recall@20): 0.2798
valid 	 N@10: 0.2412, R@10: 0.1793, P@10: 0.1869
valid 	 N@20: 0.2625, R@20: 0.279, P@20: 0.1562
valid 	 N@50: 0.3152, R@50: 0.4462, P@50: 0.1119

2022-07-04 23:07:08,748 - [INFO] - E:95|train_time: 59.75, VALID_time: 0.3319, loss: -2.728, losses:-1.339, losses_emb:0.02702, best_valid(recall@20): 0.2798
valid 	 N@10: 0.2411, R@10: 0.1796, P@10: 0.1873
valid 	 N@20: 0.262, R@20: 0.2777, P@20: 0.1561
valid 	 N@50: 0.3149, R@50: 0.4457, P@50: 0.1119

2022-07-04 23:08:08,924 - [INFO] - E:96|train_time: 59.87, VALID_time: 0.2614, loss: -2.624, losses:-1.339, losses_emb:0.02709, best_valid(recall@20): 0.2798
valid 	 N@10: 0.2413, R@10: 0.1804, P@10: 0.1879
valid 	 N@20: 0.2622, R@20: 0.2785, P@20: 0.1566
valid 	 N@50: 0.3145, R@50: 0.4454, P@50: 0.1119

2022-07-04 23:09:08,996 - [INFO] - E:97|train_time: 59.72, VALID_time: 0.326, loss: -2.425, losses:-1.339, losses_emb:0.02716, best_valid(recall@20): 0.2798
valid 	 N@10: 0.2418, R@10: 0.1799, P@10: 0.1878
valid 	 N@20: 0.2627, R@20: 0.2787, P@20: 0.1567
valid 	 N@50: 0.3149, R@50: 0.4455, P@50: 0.1119

2022-07-04 23:10:09,129 - [INFO] - E:98|train_time: 59.82, VALID_time: 0.2951, loss: -2.624, losses:-1.339, losses_emb:0.02725, best_valid(recall@20): 0.2798
valid 	 N@10: 0.2408, R@10: 0.1791, P@10: 0.1864
valid 	 N@20: 0.2624, R@20: 0.2783, P@20: 0.1564
valid 	 N@50: 0.3148, R@50: 0.4453, P@50: 0.1118

2022-07-04 23:11:09,210 - [INFO] - E:99|train_time: 59.77, VALID_time: 0.2894, loss: -2.493, losses:-1.339, losses_emb:0.02732, best_valid(recall@20): 0.2798
valid 	 N@10: 0.2409, R@10: 0.1793, P@10: 0.1867
valid 	 N@20: 0.2631, R@20: 0.2798, P@20: 0.1571
valid 	 N@50: 0.3149, R@50: 0.4458, P@50: 0.1119

2022-07-04 23:12:09,600 - [INFO] - E:100|train_time: 59.96, VALID_time: 0.3691, loss: -2.571, losses:-1.339, losses_emb:0.02739, best_valid(recall@20): 0.2798
valid 	 N@10: 0.2419, R@10: 0.18, P@10: 0.1873
valid 	 N@20: 0.2627, R@20: 0.278, P@20: 0.1566
valid 	 N@50: 0.315, R@50: 0.4457, P@50: 0.1118

2022-07-04 23:13:09,912 - [INFO] - E:101|train_time: 59.98, VALID_time: 0.306, loss: -2.497, losses:-1.339, losses_emb:0.02746, best_valid(recall@20): 0.2798
valid 	 N@10: 0.2412, R@10: 0.1798, P@10: 0.1872
valid 	 N@20: 0.2628, R@20: 0.2793, P@20: 0.1571
valid 	 N@50: 0.315, R@50: 0.4463, P@50: 0.112

2022-07-04 23:14:09,852 - [INFO] - E:102|train_time: 59.64, VALID_time: 0.2697, loss: -2.695, losses:-1.339, losses_emb:0.02753, best_valid(recall@20): 0.2798
valid 	 N@10: 0.2416, R@10: 0.1792, P@10: 0.1872
valid 	 N@20: 0.2624, R@20: 0.2783, P@20: 0.156
valid 	 N@50: 0.3149, R@50: 0.4453, P@50: 0.1119

2022-07-04 23:15:10,027 - [INFO] - E:103|train_time: 59.81, VALID_time: 0.3414, loss: -2.648, losses:-1.339, losses_emb:0.0276, best_valid(recall@20): 0.2798
valid 	 N@10: 0.2408, R@10: 0.1794, P@10: 0.187
valid 	 N@20: 0.2622, R@20: 0.2789, P@20: 0.1567
valid 	 N@50: 0.3144, R@50: 0.4462, P@50: 0.1118

2022-07-04 23:16:10,606 - [INFO] - E:104|train_time: 60.28, VALID_time: 0.2675, loss: -2.638, losses:-1.339, losses_emb:0.02765, best_valid(recall@20): 0.2798
valid 	 N@10: 0.2423, R@10: 0.1802, P@10: 0.1884
valid 	 N@20: 0.2627, R@20: 0.2786, P@20: 0.1565
valid 	 N@50: 0.3154, R@50: 0.4462, P@50: 0.1121

2022-07-04 23:17:10,387 - [INFO] - E:105|train_time: 59.47, VALID_time: 0.2736, loss: -2.329, losses:-1.339, losses_emb:0.02771, best_valid(recall@20): 0.2798
valid 	 N@10: 0.2413, R@10: 0.1798, P@10: 0.1875
valid 	 N@20: 0.2622, R@20: 0.2786, P@20: 0.1564
valid 	 N@50: 0.3146, R@50: 0.4458, P@50: 0.1118

2022-07-04 23:18:10,316 - [INFO] - E:106|train_time: 59.55, VALID_time: 0.3526, loss: -2.703, losses:-1.339, losses_emb:0.02777, best_valid(recall@20): 0.2798
valid 	 N@10: 0.2416, R@10: 0.1795, P@10: 0.1878
valid 	 N@20: 0.263, R@20: 0.2799, P@20: 0.1569
valid 	 N@50: 0.3151, R@50: 0.4458, P@50: 0.112

2022-07-04 23:19:10,308 - [INFO] - E:107|train_time: 59.58, VALID_time: 0.3745, loss: -2.46, losses:-1.339, losses_emb:0.02783, best_valid(recall@20): 0.2799
valid 	 N@10: 0.2416, R@10: 0.1805, P@10: 0.188
valid 	 N@20: 0.2627, R@20: 0.2797, P@20: 0.1569
valid 	 N@50: 0.3149, R@50: 0.4462, P@50: 0.112

2022-07-04 23:20:10,550 - [INFO] - E:108|train_time: 59.95, VALID_time: 0.2679, loss: -2.396, losses:-1.339, losses_emb:0.02789, best_valid(recall@20): 0.2799
valid 	 N@10: 0.2415, R@10: 0.1793, P@10: 0.1872
valid 	 N@20: 0.263, R@20: 0.2798, P@20: 0.1567
valid 	 N@50: 0.3153, R@50: 0.4462, P@50: 0.112

2022-07-04 23:21:10,524 - [INFO] - E:109|train_time: 59.49, VALID_time: 0.4639, loss: -2.71, losses:-1.339, losses_emb:0.02794, best_valid(recall@20): 0.2799
valid 	 N@10: 0.2419, R@10: 0.1806, P@10: 0.1879
valid 	 N@20: 0.2627, R@20: 0.2795, P@20: 0.1565
valid 	 N@50: 0.3148, R@50: 0.4452, P@50: 0.1118

2022-07-04 23:22:10,706 - [INFO] - E:110|train_time: 59.83, VALID_time: 0.2886, loss: -2.543, losses:-1.339, losses_emb:0.02798, best_valid(recall@20): 0.2799
valid 	 N@10: 0.2418, R@10: 0.1799, P@10: 0.1876
valid 	 N@20: 0.2626, R@20: 0.2786, P@20: 0.1562
valid 	 N@50: 0.3152, R@50: 0.4458, P@50: 0.1118

2022-07-04 23:23:10,999 - [INFO] - E:111|train_time: 59.95, VALID_time: 0.2982, loss: -2.377, losses:-1.339, losses_emb:0.02803, best_valid(recall@20): 0.2799
valid 	 N@10: 0.2407, R@10: 0.1785, P@10: 0.1862
valid 	 N@20: 0.2623, R@20: 0.2787, P@20: 0.1561
valid 	 N@50: 0.3146, R@50: 0.4447, P@50: 0.1117

2022-07-04 23:24:11,606 - [INFO] - E:112|train_time: 60.18, VALID_time: 0.4009, loss: -2.526, losses:-1.339, losses_emb:0.02808, best_valid(recall@20): 0.2799
valid 	 N@10: 0.2424, R@10: 0.1795, P@10: 0.188
valid 	 N@20: 0.263, R@20: 0.2788, P@20: 0.1562
valid 	 N@50: 0.3153, R@50: 0.4456, P@50: 0.1116

2022-07-04 23:25:11,995 - [INFO] - E:113|train_time: 60.03, VALID_time: 0.3343, loss: -2.499, losses:-1.339, losses_emb:0.02813, best_valid(recall@20): 0.2799
valid 	 N@10: 0.2415, R@10: 0.1797, P@10: 0.1873
valid 	 N@20: 0.2629, R@20: 0.2794, P@20: 0.1565
valid 	 N@50: 0.3152, R@50: 0.4455, P@50: 0.1118

2022-07-04 23:26:12,330 - [INFO] - E:114|train_time: 60.06, VALID_time: 0.256, loss: -2.547, losses:-1.339, losses_emb:0.02818, best_valid(recall@20): 0.2799
valid 	 N@10: 0.2423, R@10: 0.1797, P@10: 0.1878
valid 	 N@20: 0.2631, R@20: 0.279, P@20: 0.1565
valid 	 N@50: 0.3154, R@50: 0.4454, P@50: 0.1119

2022-07-04 23:27:12,328 - [INFO] - E:115|train_time: 59.71, VALID_time: 0.2591, loss: -2.6, losses:-1.339, losses_emb:0.02822, best_valid(recall@20): 0.2799
valid 	 N@10: 0.2416, R@10: 0.1795, P@10: 0.188
valid 	 N@20: 0.2627, R@20: 0.279, P@20: 0.1566
valid 	 N@50: 0.3149, R@50: 0.4456, P@50: 0.1118

2022-07-04 23:28:12,317 - [INFO] - E:116|train_time: 59.75, VALID_time: 0.2128, loss: -2.536, losses:-1.339, losses_emb:0.02826, best_valid(recall@20): 0.2799
valid 	 N@10: 0.2409, R@10: 0.1796, P@10: 0.187
valid 	 N@20: 0.2625, R@20: 0.279, P@20: 0.1568
valid 	 N@50: 0.3147, R@50: 0.4452, P@50: 0.1118

2022-07-04 23:29:12,513 - [INFO] - E:117|train_time: 59.84, VALID_time: 0.3351, loss: -2.62, losses:-1.339, losses_emb:0.02829, best_valid(recall@20): 0.2799
valid 	 N@10: 0.2418, R@10: 0.1797, P@10: 0.1875
valid 	 N@20: 0.2629, R@20: 0.2786, P@20: 0.1567
valid 	 N@50: 0.3153, R@50: 0.4457, P@50: 0.112

2022-07-04 23:30:12,841 - [INFO] - E:118|train_time: 59.96, VALID_time: 0.3462, loss: -2.646, losses:-1.339, losses_emb:0.02833, best_valid(recall@20): 0.2799
valid 	 N@10: 0.2417, R@10: 0.1798, P@10: 0.1879
valid 	 N@20: 0.2624, R@20: 0.2786, P@20: 0.1563
valid 	 N@50: 0.3146, R@50: 0.4451, P@50: 0.1117

2022-07-04 23:31:12,721 - [INFO] - E:119|train_time: 59.56, VALID_time: 0.2872, loss: -2.624, losses:-1.339, losses_emb:0.02837, best_valid(recall@20): 0.2799
valid 	 N@10: 0.241, R@10: 0.1791, P@10: 0.1868
valid 	 N@20: 0.2629, R@20: 0.279, P@20: 0.157
valid 	 N@50: 0.3148, R@50: 0.4455, P@50: 0.1119

2022-07-04 23:32:12,965 - [INFO] - E:120|train_time: 59.93, VALID_time: 0.2675, loss: -2.625, losses:-1.339, losses_emb:0.02841, best_valid(recall@20): 0.2799
valid 	 N@10: 0.2412, R@10: 0.1796, P@10: 0.1873
valid 	 N@20: 0.2625, R@20: 0.2787, P@20: 0.1568
valid 	 N@50: 0.3146, R@50: 0.4451, P@50: 0.1117

2022-07-04 23:33:13,191 - [INFO] - E:121|train_time: 59.88, VALID_time: 0.3214, loss: -2.474, losses:-1.339, losses_emb:0.02845, best_valid(recall@20): 0.2799
valid 	 N@10: 0.2407, R@10: 0.1791, P@10: 0.187
valid 	 N@20: 0.2622, R@20: 0.2787, P@20: 0.1564
valid 	 N@50: 0.3148, R@50: 0.4462, P@50: 0.1118

2022-07-04 23:34:13,189 - [INFO] - E:122|train_time: 59.7, VALID_time: 0.2802, loss: -2.541, losses:-1.339, losses_emb:0.02848, best_valid(recall@20): 0.2799
valid 	 N@10: 0.2415, R@10: 0.1793, P@10: 0.1874
valid 	 N@20: 0.2626, R@20: 0.2788, P@20: 0.1564
valid 	 N@50: 0.3151, R@50: 0.4459, P@50: 0.1118

2022-07-04 23:35:12,250 - [INFO] - E:123|train_time: 58.64, VALID_time: 0.3885, loss: -2.498, losses:-1.339, losses_emb:0.02851, best_valid(recall@20): 0.2799
valid 	 N@10: 0.2407, R@10: 0.1787, P@10: 0.187
valid 	 N@20: 0.2625, R@20: 0.2794, P@20: 0.1565
valid 	 N@50: 0.3148, R@50: 0.4456, P@50: 0.1119

2022-07-04 23:35:51,213 - [INFO] - E:124|train_time: 38.61, VALID_time: 0.3008, loss: -2.512, losses:-1.339, losses_emb:0.02854, best_valid(recall@20): 0.2799
valid 	 N@10: 0.2417, R@10: 0.1801, P@10: 0.1878
valid 	 N@20: 0.2629, R@20: 0.2793, P@20: 0.1568
valid 	 N@50: 0.3154, R@50: 0.4461, P@50: 0.1121

2022-07-04 23:36:30,291 - [INFO] - E:125|train_time: 38.7, VALID_time: 0.3565, loss: -2.494, losses:-1.339, losses_emb:0.02858, best_valid(recall@20): 0.2799
valid 	 N@10: 0.2412, R@10: 0.1796, P@10: 0.1874
valid 	 N@20: 0.2627, R@20: 0.2798, P@20: 0.1566
valid 	 N@50: 0.315, R@50: 0.446, P@50: 0.112

2022-07-04 23:37:09,295 - [INFO] - E:126|train_time: 38.75, VALID_time: 0.2292, loss: -2.524, losses:-1.339, losses_emb:0.0286, best_valid(recall@20): 0.2799
valid 	 N@10: 0.2417, R@10: 0.1797, P@10: 0.188
valid 	 N@20: 0.2629, R@20: 0.2795, P@20: 0.1567
valid 	 N@50: 0.3153, R@50: 0.4463, P@50: 0.1121

2022-07-04 23:37:48,267 - [INFO] - E:127|train_time: 38.72, VALID_time: 0.2272, loss: -2.743, losses:-1.339, losses_emb:0.02865, best_valid(recall@20): 0.2799
valid 	 N@10: 0.241, R@10: 0.18, P@10: 0.1882
valid 	 N@20: 0.2622, R@20: 0.2796, P@20: 0.1568
valid 	 N@50: 0.3145, R@50: 0.4462, P@50: 0.1119

2022-07-04 23:38:27,005 - [INFO] - E:128|train_time: 38.49, VALID_time: 0.2122, loss: -2.515, losses:-1.339, losses_emb:0.02867, best_valid(recall@20): 0.2799
valid 	 N@10: 0.2408, R@10: 0.179, P@10: 0.1874
valid 	 N@20: 0.2625, R@20: 0.2795, P@20: 0.1568
valid 	 N@50: 0.3147, R@50: 0.446, P@50: 0.1119

2022-07-04 23:39:05,772 - [INFO] - E:129|train_time: 38.41, VALID_time: 0.334, loss: -2.447, losses:-1.34, losses_emb:0.0287, best_valid(recall@20): 0.2799
valid 	 N@10: 0.2408, R@10: 0.1798, P@10: 0.1872
valid 	 N@20: 0.2627, R@20: 0.2799, P@20: 0.157
valid 	 N@50: 0.3145, R@50: 0.4452, P@50: 0.1117

2022-07-04 23:39:44,678 - [INFO] - E:130|train_time: 38.64, VALID_time: 0.2198, loss: -2.542, losses:-1.339, losses_emb:0.02872, best_valid(recall@20): 0.2799
valid 	 N@10: 0.2416, R@10: 0.1807, P@10: 0.1881
valid 	 N@20: 0.2627, R@20: 0.2796, P@20: 0.1569
valid 	 N@50: 0.3145, R@50: 0.4452, P@50: 0.1117

2022-07-04 23:40:23,451 - [INFO] - E:131|train_time: 38.5, VALID_time: 0.2403, loss: -2.616, losses:-1.339, losses_emb:0.02875, best_valid(recall@20): 0.2799
valid 	 N@10: 0.2415, R@10: 0.1795, P@10: 0.1881
valid 	 N@20: 0.2626, R@20: 0.2789, P@20: 0.1569
valid 	 N@50: 0.3147, R@50: 0.4452, P@50: 0.1118

2022-07-04 23:41:02,423 - [INFO] - E:132|train_time: 38.67, VALID_time: 0.2792, loss: -2.547, losses:-1.339, losses_emb:0.02876, best_valid(recall@20): 0.2799
valid 	 N@10: 0.2423, R@10: 0.1802, P@10: 0.1881
valid 	 N@20: 0.2629, R@20: 0.2794, P@20: 0.1565
valid 	 N@50: 0.3153, R@50: 0.4456, P@50: 0.1121

2022-07-04 23:41:41,211 - [INFO] - E:133|train_time: 38.47, VALID_time: 0.2795, loss: -2.56, losses:-1.339, losses_emb:0.0288, best_valid(recall@20): 0.2799
valid 	 N@10: 0.2416, R@10: 0.1805, P@10: 0.1881
valid 	 N@20: 0.2624, R@20: 0.2793, P@20: 0.1564
valid 	 N@50: 0.3147, R@50: 0.4455, P@50: 0.1119

2022-07-04 23:42:20,388 - [INFO] - E:134|train_time: 38.79, VALID_time: 0.355, loss: -2.65, losses:-1.339, losses_emb:0.02883, best_valid(recall@20): 0.2799
valid 	 N@10: 0.2407, R@10: 0.1793, P@10: 0.1874
valid 	 N@20: 0.2626, R@20: 0.2797, P@20: 0.157
valid 	 N@50: 0.3145, R@50: 0.4452, P@50: 0.1119

2022-07-04 23:42:59,179 - [INFO] - E:135|train_time: 38.54, VALID_time: 0.2179, loss: -2.746, losses:-1.339, losses_emb:0.02884, best_valid(recall@20): 0.2799
valid 	 N@10: 0.2418, R@10: 0.1797, P@10: 0.1879
valid 	 N@20: 0.2627, R@20: 0.2793, P@20: 0.1566
valid 	 N@50: 0.315, R@50: 0.4455, P@50: 0.1119

2022-07-04 23:43:38,179 - [INFO] - E:136|train_time: 38.68, VALID_time: 0.2856, loss: -2.705, losses:-1.339, losses_emb:0.02886, best_valid(recall@20): 0.2799
valid 	 N@10: 0.2418, R@10: 0.1801, P@10: 0.1878
valid 	 N@20: 0.2631, R@20: 0.2798, P@20: 0.1568
valid 	 N@50: 0.3152, R@50: 0.4455, P@50: 0.1118

2022-07-04 23:44:17,465 - [INFO] - E:137|train_time: 39.0, VALID_time: 0.2483, loss: -2.493, losses:-1.339, losses_emb:0.02888, best_valid(recall@20): 0.2799
valid 	 N@10: 0.2413, R@10: 0.1793, P@10: 0.1875
valid 	 N@20: 0.2623, R@20: 0.2784, P@20: 0.1562
valid 	 N@50: 0.3148, R@50: 0.4453, P@50: 0.1119

2022-07-04 23:44:56,499 - [INFO] - E:138|train_time: 38.77, VALID_time: 0.2349, loss: -2.45, losses:-1.339, losses_emb:0.02891, best_valid(recall@20): 0.2799
valid 	 N@10: 0.2412, R@10: 0.1787, P@10: 0.1874
valid 	 N@20: 0.2622, R@20: 0.2781, P@20: 0.1561
valid 	 N@50: 0.3152, R@50: 0.446, P@50: 0.112

2022-07-04 23:45:35,372 - [INFO] - E:139|train_time: 38.61, VALID_time: 0.225, loss: -2.55, losses:-1.339, losses_emb:0.02892, best_valid(recall@20): 0.2799
valid 	 N@10: 0.2415, R@10: 0.1793, P@10: 0.1875
valid 	 N@20: 0.263, R@20: 0.2793, P@20: 0.1569
valid 	 N@50: 0.3151, R@50: 0.4457, P@50: 0.1119

2022-07-04 23:46:14,374 - [INFO] - E:140|train_time: 38.69, VALID_time: 0.2804, loss: -2.59, losses:-1.339, losses_emb:0.02894, best_valid(recall@20): 0.2799
valid 	 N@10: 0.2418, R@10: 0.1801, P@10: 0.1883
valid 	 N@20: 0.2627, R@20: 0.2796, P@20: 0.1566
valid 	 N@50: 0.3148, R@50: 0.4451, P@50: 0.1119

2022-07-04 23:46:53,067 - [INFO] - E:141|train_time: 38.37, VALID_time: 0.2924, loss: -2.464, losses:-1.339, losses_emb:0.02897, best_valid(recall@20): 0.2799
valid 	 N@10: 0.2416, R@10: 0.1799, P@10: 0.188
valid 	 N@20: 0.2627, R@20: 0.2798, P@20: 0.1565
valid 	 N@50: 0.3152, R@50: 0.4463, P@50: 0.1121

2022-07-04 23:47:31,934 - [INFO] - E:142|train_time: 38.63, VALID_time: 0.2057, loss: -2.568, losses:-1.339, losses_emb:0.02898, best_valid(recall@20): 0.2799
valid 	 N@10: 0.2414, R@10: 0.18, P@10: 0.1875
valid 	 N@20: 0.2629, R@20: 0.2796, P@20: 0.1568
valid 	 N@50: 0.3152, R@50: 0.4456, P@50: 0.112

2022-07-04 23:48:10,337 - [INFO] - E:143|train_time: 38.11, VALID_time: 0.2693, loss: -2.5, losses:-1.339, losses_emb:0.029, best_valid(recall@20): 0.2799
valid 	 N@10: 0.2411, R@10: 0.1793, P@10: 0.187
valid 	 N@20: 0.2628, R@20: 0.2794, P@20: 0.1568
valid 	 N@50: 0.3149, R@50: 0.4452, P@50: 0.1119

2022-07-04 23:48:49,711 - [INFO] - E:144|train_time: 39.13, VALID_time: 0.2228, loss: -2.516, losses:-1.34, losses_emb:0.02902, best_valid(recall@20): 0.2799
valid 	 N@10: 0.2407, R@10: 0.1793, P@10: 0.1871
valid 	 N@20: 0.2628, R@20: 0.2799, P@20: 0.1571
valid 	 N@50: 0.3147, R@50: 0.4453, P@50: 0.1119

2022-07-04 23:49:28,613 - [INFO] - E:145|train_time: 38.61, VALID_time: 0.262, loss: -2.543, losses:-1.339, losses_emb:0.02903, best_valid(recall@20): 0.2799
valid 	 N@10: 0.2408, R@10: 0.1782, P@10: 0.1873
valid 	 N@20: 0.2628, R@20: 0.2791, P@20: 0.1571
valid 	 N@50: 0.3145, R@50: 0.4445, P@50: 0.1117

2022-07-04 23:50:07,401 - [INFO] - E:146|train_time: 38.48, VALID_time: 0.2303, loss: -2.69, losses:-1.339, losses_emb:0.02906, best_valid(recall@20): 0.2799
valid 	 N@10: 0.2413, R@10: 0.1784, P@10: 0.1872
valid 	 N@20: 0.2632, R@20: 0.2793, P@20: 0.157
valid 	 N@50: 0.3152, R@50: 0.4451, P@50: 0.1119

2022-07-04 23:50:46,225 - [INFO] - E:147|train_time: 38.57, VALID_time: 0.2305, loss: -2.48, losses:-1.339, losses_emb:0.02906, best_valid(recall@20): 0.2799
valid 	 N@10: 0.241, R@10: 0.1789, P@10: 0.1872
valid 	 N@20: 0.2632, R@20: 0.2796, P@20: 0.1575
valid 	 N@50: 0.3146, R@50: 0.4449, P@50: 0.1116

2022-07-04 23:51:25,218 - [INFO] - E:148|train_time: 38.55, VALID_time: 0.4148, loss: -2.655, losses:-1.339, losses_emb:0.02907, best_valid(recall@20): 0.2799
valid 	 N@10: 0.2405, R@10: 0.1786, P@10: 0.1869
valid 	 N@20: 0.2627, R@20: 0.2794, P@20: 0.157
valid 	 N@50: 0.3148, R@50: 0.4455, P@50: 0.112

2022-07-04 23:52:04,070 - [INFO] - E:149|train_time: 38.46, VALID_time: 0.3438, loss: -2.46, losses:-1.339, losses_emb:0.02911, best_valid(recall@20): 0.2799
valid 	 N@10: 0.241, R@10: 0.1795, P@10: 0.1869
valid 	 N@20: 0.2628, R@20: 0.2794, P@20: 0.1568
valid 	 N@50: 0.3149, R@50: 0.4456, P@50: 0.1119

2022-07-04 23:52:43,019 - [INFO] - E:150|train_time: 38.65, VALID_time: 0.2709, loss: -2.571, losses:-1.339, losses_emb:0.02911, best_valid(recall@20): 0.2799
valid 	 N@10: 0.2412, R@10: 0.1795, P@10: 0.1874
valid 	 N@20: 0.2627, R@20: 0.2791, P@20: 0.1568
valid 	 N@50: 0.315, R@50: 0.4453, P@50: 0.1119

2022-07-04 23:53:22,101 - [INFO] - E:151|train_time: 38.73, VALID_time: 0.3204, loss: -2.456, losses:-1.339, losses_emb:0.02913, best_valid(recall@20): 0.2799
valid 	 N@10: 0.2413, R@10: 0.1793, P@10: 0.1872
valid 	 N@20: 0.2629, R@20: 0.2793, P@20: 0.1568
valid 	 N@50: 0.3151, R@50: 0.446, P@50: 0.1119

2022-07-04 23:54:00,537 - [INFO] - E:152|train_time: 38.19, VALID_time: 0.2161, loss: -2.515, losses:-1.339, losses_emb:0.02914, best_valid(recall@20): 0.2799
valid 	 N@10: 0.2412, R@10: 0.1793, P@10: 0.1871
valid 	 N@20: 0.2629, R@20: 0.2798, P@20: 0.1568
valid 	 N@50: 0.315, R@50: 0.4457, P@50: 0.112

2022-07-04 23:54:39,494 - [INFO] - E:153|train_time: 38.71, VALID_time: 0.2228, loss: -2.479, losses:-1.339, losses_emb:0.02915, best_valid(recall@20): 0.2799
valid 	 N@10: 0.2407, R@10: 0.179, P@10: 0.187
valid 	 N@20: 0.2626, R@20: 0.2793, P@20: 0.1565
valid 	 N@50: 0.3147, R@50: 0.4452, P@50: 0.1119

2022-07-04 23:55:17,943 - [INFO] - E:154|train_time: 38.15, VALID_time: 0.2683, loss: -2.402, losses:-1.34, losses_emb:0.02917, best_valid(recall@20): 0.2799
valid 	 N@10: 0.2412, R@10: 0.1792, P@10: 0.1874
valid 	 N@20: 0.2628, R@20: 0.2791, P@20: 0.1569
valid 	 N@50: 0.3148, R@50: 0.4448, P@50: 0.1118

2022-07-04 23:55:56,798 - [INFO] - E:155|train_time: 38.52, VALID_time: 0.2919, loss: -2.485, losses:-1.339, losses_emb:0.02919, best_valid(recall@20): 0.2799
valid 	 N@10: 0.2408, R@10: 0.1794, P@10: 0.1869
valid 	 N@20: 0.2627, R@20: 0.2797, P@20: 0.157
valid 	 N@50: 0.3147, R@50: 0.4456, P@50: 0.1119

2022-07-04 23:56:35,714 - [INFO] - E:156|train_time: 38.55, VALID_time: 0.3291, loss: -2.46, losses:-1.339, losses_emb:0.02919, best_valid(recall@20): 0.2799
valid 	 N@10: 0.2416, R@10: 0.1795, P@10: 0.1873
valid 	 N@20: 0.2628, R@20: 0.279, P@20: 0.1564
valid 	 N@50: 0.3154, R@50: 0.4459, P@50: 0.1121

2022-07-04 23:57:14,365 - [INFO] - E:157|train_time: 38.37, VALID_time: 0.237, loss: -2.456, losses:-1.34, losses_emb:0.02919, best_valid(recall@20): 0.2799
valid 	 N@10: 0.2412, R@10: 0.1794, P@10: 0.1872
valid 	 N@20: 0.2631, R@20: 0.2796, P@20: 0.1571
valid 	 N@50: 0.3152, R@50: 0.4458, P@50: 0.112

2022-07-04 23:57:52,853 - [INFO] - E:158|train_time: 38.26, VALID_time: 0.2012, loss: -2.512, losses:-1.339, losses_emb:0.02922, best_valid(recall@20): 0.2799
valid 	 N@10: 0.2418, R@10: 0.1794, P@10: 0.1874
valid 	 N@20: 0.2632, R@20: 0.2796, P@20: 0.1567
valid 	 N@50: 0.3154, R@50: 0.4457, P@50: 0.112

2022-07-04 23:58:31,554 - [INFO] - E:159|train_time: 38.42, VALID_time: 0.2559, loss: -2.547, losses:-1.339, losses_emb:0.02922, best_valid(recall@20): 0.2799
valid 	 N@10: 0.2411, R@10: 0.1795, P@10: 0.1869
valid 	 N@20: 0.2624, R@20: 0.2781, P@20: 0.1565
valid 	 N@50: 0.3149, R@50: 0.4449, P@50: 0.112

2022-07-04 23:59:09,997 - [INFO] - E:160|train_time: 38.17, VALID_time: 0.239, loss: -2.548, losses:-1.339, losses_emb:0.02924, best_valid(recall@20): 0.2799
valid 	 N@10: 0.2414, R@10: 0.1793, P@10: 0.1877
valid 	 N@20: 0.2626, R@20: 0.279, P@20: 0.1566
valid 	 N@50: 0.3148, R@50: 0.4455, P@50: 0.1118

2022-07-04 23:59:48,743 - [INFO] - E:161|train_time: 38.47, VALID_time: 0.2499, loss: -2.683, losses:-1.34, losses_emb:0.02924, best_valid(recall@20): 0.2799
valid 	 N@10: 0.2416, R@10: 0.1796, P@10: 0.188
valid 	 N@20: 0.2625, R@20: 0.2792, P@20: 0.1564
valid 	 N@50: 0.3147, R@50: 0.4446, P@50: 0.1119

2022-07-05 00:00:27,460 - [INFO] - E:162|train_time: 38.41, VALID_time: 0.2768, loss: -2.586, losses:-1.34, losses_emb:0.02925, best_valid(recall@20): 0.2799
valid 	 N@10: 0.2415, R@10: 0.1793, P@10: 0.1876
valid 	 N@20: 0.2633, R@20: 0.2798, P@20: 0.157
valid 	 N@50: 0.3148, R@50: 0.4442, P@50: 0.1117

2022-07-05 00:01:05,885 - [INFO] - E:163|train_time: 38.07, VALID_time: 0.3272, loss: -2.475, losses:-1.339, losses_emb:0.02927, best_valid(recall@20): 0.2799
valid 	 N@10: 0.2415, R@10: 0.1802, P@10: 0.188
valid 	 N@20: 0.2622, R@20: 0.279, P@20: 0.1564
valid 	 N@50: 0.3145, R@50: 0.4448, P@50: 0.1118

2022-07-05 00:01:44,707 - [INFO] - E:164|train_time: 38.57, VALID_time: 0.2182, loss: -2.527, losses:-1.34, losses_emb:0.02929, best_valid(recall@20): 0.2799
valid 	 N@10: 0.2422, R@10: 0.1801, P@10: 0.1882
valid 	 N@20: 0.2631, R@20: 0.2791, P@20: 0.1569
valid 	 N@50: 0.3148, R@50: 0.4444, P@50: 0.1118

2022-07-05 00:02:23,234 - [INFO] - E:165|train_time: 38.21, VALID_time: 0.2751, loss: -2.567, losses:-1.339, losses_emb:0.02929, best_valid(recall@20): 0.2799
valid 	 N@10: 0.2422, R@10: 0.181, P@10: 0.1886
valid 	 N@20: 0.2627, R@20: 0.2791, P@20: 0.1565
valid 	 N@50: 0.3148, R@50: 0.4445, P@50: 0.1118

2022-07-05 00:03:01,964 - [INFO] - E:166|train_time: 38.43, VALID_time: 0.2584, loss: -2.709, losses:-1.34, losses_emb:0.0293, best_valid(recall@20): 0.2799
valid 	 N@10: 0.2422, R@10: 0.1808, P@10: 0.1879
valid 	 N@20: 0.2632, R@20: 0.2794, P@20: 0.1567
valid 	 N@50: 0.3152, R@50: 0.445, P@50: 0.1118

2022-07-05 00:03:40,684 - [INFO] - E:167|train_time: 38.46, VALID_time: 0.2278, loss: -2.659, losses:-1.339, losses_emb:0.02931, best_valid(recall@20): 0.2799
valid 	 N@10: 0.2421, R@10: 0.1798, P@10: 0.1878
valid 	 N@20: 0.2635, R@20: 0.2795, P@20: 0.157
valid 	 N@50: 0.3157, R@50: 0.4464, P@50: 0.1119

2022-07-05 00:04:19,300 - [INFO] - E:168|train_time: 38.32, VALID_time: 0.2659, loss: -2.393, losses:-1.34, losses_emb:0.02932, best_valid(recall@20): 0.2799
valid 	 N@10: 0.2422, R@10: 0.18, P@10: 0.1883
valid 	 N@20: 0.2631, R@20: 0.2794, P@20: 0.1567
valid 	 N@50: 0.315, R@50: 0.4446, P@50: 0.1118

2022-07-05 00:04:57,789 - [INFO] - E:169|train_time: 38.13, VALID_time: 0.3281, loss: -2.565, losses:-1.339, losses_emb:0.02933, best_valid(recall@20): 0.2799
valid 	 N@10: 0.242, R@10: 0.1798, P@10: 0.1875
valid 	 N@20: 0.2634, R@20: 0.2791, P@20: 0.157
valid 	 N@50: 0.3153, R@50: 0.4451, P@50: 0.1117

2022-07-05 00:05:36,680 - [INFO] - E:170|train_time: 38.54, VALID_time: 0.2725, loss: -2.685, losses:-1.339, losses_emb:0.02934, best_valid(recall@20): 0.2799
valid 	 N@10: 0.2422, R@10: 0.1796, P@10: 0.1875
valid 	 N@20: 0.2637, R@20: 0.2794, P@20: 0.157
valid 	 N@50: 0.3157, R@50: 0.4456, P@50: 0.112

2022-07-05 00:06:15,562 - [INFO] - E:171|train_time: 38.6, VALID_time: 0.2562, loss: -2.487, losses:-1.34, losses_emb:0.02933, best_valid(recall@20): 0.2799
valid 	 N@10: 0.242, R@10: 0.179, P@10: 0.1878
valid 	 N@20: 0.2633, R@20: 0.2795, P@20: 0.1567
valid 	 N@50: 0.3155, R@50: 0.4455, P@50: 0.1121

2022-07-05 00:06:54,482 - [INFO] - E:172|train_time: 38.69, VALID_time: 0.1969, loss: -2.59, losses:-1.34, losses_emb:0.02934, best_valid(recall@20): 0.2799
valid 	 N@10: 0.2417, R@10: 0.1796, P@10: 0.1878
valid 	 N@20: 0.2631, R@20: 0.2794, P@20: 0.1569
valid 	 N@50: 0.315, R@50: 0.4451, P@50: 0.1117

2022-07-05 00:07:33,418 - [INFO] - E:173|train_time: 38.6, VALID_time: 0.3157, loss: -2.738, losses:-1.339, losses_emb:0.02936, best_valid(recall@20): 0.2799
valid 	 N@10: 0.2418, R@10: 0.1796, P@10: 0.188
valid 	 N@20: 0.2628, R@20: 0.2789, P@20: 0.1566
valid 	 N@50: 0.3148, R@50: 0.4449, P@50: 0.1117

2022-07-05 00:08:12,153 - [INFO] - E:174|train_time: 38.49, VALID_time: 0.2173, loss: -2.712, losses:-1.34, losses_emb:0.02936, best_valid(recall@20): 0.2799
valid 	 N@10: 0.2418, R@10: 0.1796, P@10: 0.188
valid 	 N@20: 0.2625, R@20: 0.2786, P@20: 0.1564
valid 	 N@50: 0.3149, R@50: 0.445, P@50: 0.1118

2022-07-05 00:08:51,262 - [INFO] - E:175|train_time: 38.71, VALID_time: 0.3781, loss: -2.439, losses:-1.339, losses_emb:0.02937, best_valid(recall@20): 0.2799
valid 	 N@10: 0.2412, R@10: 0.1789, P@10: 0.1872
valid 	 N@20: 0.2629, R@20: 0.279, P@20: 0.1569
valid 	 N@50: 0.3152, R@50: 0.446, P@50: 0.1119

2022-07-05 00:09:29,982 - [INFO] - E:176|train_time: 38.45, VALID_time: 0.2505, loss: -2.755, losses:-1.34, losses_emb:0.02937, best_valid(recall@20): 0.2799
valid 	 N@10: 0.2416, R@10: 0.1795, P@10: 0.1873
valid 	 N@20: 0.263, R@20: 0.2792, P@20: 0.1566
valid 	 N@50: 0.3154, R@50: 0.4458, P@50: 0.1119

2022-07-05 00:10:08,726 - [INFO] - E:177|train_time: 38.49, VALID_time: 0.2317, loss: -2.472, losses:-1.339, losses_emb:0.0294, best_valid(recall@20): 0.2799
valid 	 N@10: 0.2421, R@10: 0.1796, P@10: 0.1879
valid 	 N@20: 0.2633, R@20: 0.2794, P@20: 0.1568
valid 	 N@50: 0.3158, R@50: 0.4466, P@50: 0.1121

2022-07-05 00:10:47,556 - [INFO] - E:178|train_time: 38.59, VALID_time: 0.2141, loss: -2.604, losses:-1.339, losses_emb:0.02938, best_valid(recall@20): 0.2799
valid 	 N@10: 0.2413, R@10: 0.1797, P@10: 0.1876
valid 	 N@20: 0.2627, R@20: 0.2789, P@20: 0.1569
valid 	 N@50: 0.315, R@50: 0.4457, P@50: 0.1119

2022-07-05 00:11:26,729 - [INFO] - E:179|train_time: 38.81, VALID_time: 0.3159, loss: -2.715, losses:-1.339, losses_emb:0.0294, best_valid(recall@20): 0.2799
valid 	 N@10: 0.2413, R@10: 0.18, P@10: 0.1875
valid 	 N@20: 0.2626, R@20: 0.2792, P@20: 0.1567
valid 	 N@50: 0.315, R@50: 0.4457, P@50: 0.1119

2022-07-05 00:12:05,599 - [INFO] - E:180|train_time: 38.65, VALID_time: 0.1961, loss: -2.434, losses:-1.34, losses_emb:0.0294, best_valid(recall@20): 0.2799
valid 	 N@10: 0.2416, R@10: 0.1794, P@10: 0.1876
valid 	 N@20: 0.2629, R@20: 0.2795, P@20: 0.1566
valid 	 N@50: 0.3153, R@50: 0.4461, P@50: 0.1119

2022-07-05 00:12:05,599 - [INFO] - start to test!!

2022-07-05 00:12:05,703 - [INFO] - 
TEST 	 N@10: 0.2408, R@10: 0.1798, P@10: 0.1872
TEST 	 N@20: 0.2627, R@20: 0.2799, P@20: 0.157
TEST 	 N@50: 0.3145, R@50: 0.4452, P@50: 0.1117

