2022-06-21 02:13:04,010 - [INFO] - {'dataset': 'yelp2018', 'data_path': './data/', 'name': 'yelp2018_DRO_POS_mf_frame_t1_0.11_t2_1.10_1024_800_lr_1e-4_l2_1e-3_DROP_False_MODE_multi_21_06_2022_02:13:04', 'train_ratio': 0.8, 'gnn': 'mf_frame', 'epoch': 1000, 'batch_size': 1024, 'test_batch_size': 2048, 'dim': 64, 'l2': 0.001, 'lr': 0.0001, 'mess_dropout': True, 'mess_dropout_rate': 0.1, 'edge_dropout': False, 'edge_dropout_rate': 0.1, 'batch_test_flag': True, 'ns': 'mixgcf', 'K': 1, 'n_negs': 800, 'pool': 'mean', 'cuda': True, 'gpu_id': 0, 'Ks': '[10, 20, 50]', 'test_flag': 'part', 'context_hops': 3, 'eval_earlystop': 'recall@20', 'tau_plus': 0.1, 'temperature': 0.11, 'beta': 1.0, 'sample_num': 2048, 's_neg': 64, 's_pos': 64, 'norm_change': False, 'norm_path': None, 'u_norm': True, 'i_norm': True, 'alpha': 0.1, 'save': False, 'save_analyses': False, 'log_hard_rate': False, 'norm_before': False, 'norm_after': False, 'batch_var': False, 'out_dir': './weights/', 'log_dir': './log_pos/', 'config_dir': './config/', 'restore': False, 'bash_train': False, 'emb_l2': False, 'lam': 0.1, 'lam_per_epoch': 0.1, 'margin': 0.9, 'negative_weight': 150, 'loss_fn': 'Pos_DROLoss', 'sampling_method': 'uniform', 'load_name': 'uniform', 'generate_mode': 'cosine', 'reweight_period': 5, 'mix_target': 'mix_target', 'mask_distribution': 'mask_distribution', 'neg_alpha': 1.6, 'pos_alpha': 2.0, 'dim_mask': 'both', 'expolation_mask': False, 'mix_replace': False, 'save_emb': False, 'sample_replace': False, 'init_norm': 'uniform', 'init_mean': 2.0, 'init_std': 2.0, 'pop_pow': 1.0, 'save_mle': False, 'l2_mode': 'static', 'temperature_2': 1.1, 'temperature_3': 1.0, 'group_valid': False, 'score_save': 'alpha', 'tau_min': 0.05, 'tau_max': 0.15, 'm': 0.9, 'pow_rate': 0.9, 't_min': 0.05, 't_max': 0.15, 't_epoch': 0.01, 't_patience': 10, 'tau_mode': 'static', 'pos_num': 10, 'beta_1': 10, 'beta_2': 10, 'kl_mode': 'kl', 'lam_bank': False, 'neg_rate': '', 'trans_mode': 'else', 'pos_mode': 'multi', 'tau_memory_func': 'v1', 'kl_memory_fun': 'v0', 'm_tau': 0.9, 'loss_re': False, 'min_lr': 1e-06, 'cnt_lr': 10, 'group_num': 10}
2022-06-21 02:13:06,484 - [INFO] - load train.txt
2022-06-21 02:13:11,311 - [INFO] - building the adj mat ...
2022-06-21 02:13:12,083 - [INFO] - train set len is 1237259
2022-06-21 02:13:12,084 - [INFO] - test set len is 324147
2022-06-21 02:13:12,084 - [INFO] - loading over ...
2022-06-21 02:13:12,084 - [INFO] - users are 31668 items are 38048
[9 0 4 ... 0 0 0]
Here is Pos_DROLoss loss
tau_1	tau_2	 is 0.11	1.1	loss_re False MODE multi
2022-06-21 02:13:20,524 - [INFO] - Evaluation Protocols is 1 @ 20
2022-06-21 02:13:20,525 - [INFO] - start training ...
2022-06-21 02:14:05,724 - [INFO] - E:0|train_time: 43.54, VALID_time: 1.575, loss: -0.3206, best_valid(recall@20): -inf
valid 	 N@10: 0.004025, R@10: 0.002735, P@10: 0.003568
valid 	 N@20: 0.004775, R@20: 0.005153, P@20: 0.003295
valid 	 N@50: 0.00688, R@50: 0.01096, P@50: 0.002797

2022-06-21 02:14:49,501 - [INFO] - E:1|train_time: 42.0, VALID_time: 1.652, loss: -4.387, best_valid(recall@20): 0.005153
valid 	 N@10: 0.02214, R@10: 0.01819, P@10: 0.01828
valid 	 N@20: 0.02727, R@20: 0.03281, P@20: 0.01637
valid 	 N@50: 0.03991, R@50: 0.06695, P@50: 0.01332

2022-06-21 02:15:34,574 - [INFO] - E:2|train_time: 43.06, VALID_time: 1.861, loss: -5.78, best_valid(recall@20): 0.03281
valid 	 N@10: 0.03175, R@10: 0.02707, P@10: 0.02539
valid 	 N@20: 0.03851, R@20: 0.04642, P@20: 0.02181
valid 	 N@50: 0.05536, R@50: 0.09179, P@50: 0.01741

2022-06-21 02:16:26,330 - [INFO] - E:3|train_time: 49.71, VALID_time: 1.901, loss: -5.519, best_valid(recall@20): 0.04642
valid 	 N@10: 0.03634, R@10: 0.03123, P@10: 0.02869
valid 	 N@20: 0.04465, R@20: 0.05431, P@20: 0.02495
valid 	 N@50: 0.06358, R@50: 0.1054, P@50: 0.01958

2022-06-21 02:17:12,460 - [INFO] - E:4|train_time: 44.34, VALID_time: 1.588, loss: -6.242, best_valid(recall@20): 0.05431
valid 	 N@10: 0.03982, R@10: 0.03453, P@10: 0.03126
valid 	 N@20: 0.04848, R@20: 0.05883, P@20: 0.02675
valid 	 N@50: 0.06871, R@50: 0.1134, P@50: 0.0209

2022-06-21 02:17:56,485 - [INFO] - E:5|train_time: 42.24, VALID_time: 1.667, loss: -6.105, best_valid(recall@20): 0.05883
valid 	 N@10: 0.04192, R@10: 0.03639, P@10: 0.03286
valid 	 N@20: 0.05094, R@20: 0.06177, P@20: 0.02801
valid 	 N@50: 0.07199, R@50: 0.1186, P@50: 0.02177

2022-06-21 02:18:39,876 - [INFO] - E:6|train_time: 41.68, VALID_time: 1.594, loss: -6.228, best_valid(recall@20): 0.06177
valid 	 N@10: 0.04312, R@10: 0.03747, P@10: 0.03361
valid 	 N@20: 0.0525, R@20: 0.06362, P@20: 0.02875
valid 	 N@50: 0.0742, R@50: 0.1222, P@50: 0.02238

2022-06-21 02:19:23,903 - [INFO] - E:7|train_time: 42.05, VALID_time: 1.816, loss: -6.429, best_valid(recall@20): 0.06362
valid 	 N@10: 0.04413, R@10: 0.03858, P@10: 0.03437
valid 	 N@20: 0.05377, R@20: 0.06535, P@20: 0.02939
valid 	 N@50: 0.07569, R@50: 0.1245, P@50: 0.02277

2022-06-21 02:20:08,397 - [INFO] - E:8|train_time: 42.51, VALID_time: 1.851, loss: -6.455, best_valid(recall@20): 0.06535
valid 	 N@10: 0.04486, R@10: 0.03929, P@10: 0.03511
valid 	 N@20: 0.05452, R@20: 0.06626, P@20: 0.02989
valid 	 N@50: 0.07677, R@50: 0.1265, P@50: 0.02312

2022-06-21 02:20:52,121 - [INFO] - E:9|train_time: 42.06, VALID_time: 1.564, loss: -6.616, best_valid(recall@20): 0.06626
valid 	 N@10: 0.04581, R@10: 0.04016, P@10: 0.03582
valid 	 N@20: 0.05521, R@20: 0.06685, P@20: 0.03001
valid 	 N@50: 0.0778, R@50: 0.1278, P@50: 0.02337

2022-06-21 02:21:36,174 - [INFO] - E:10|train_time: 42.39, VALID_time: 1.535, loss: -6.416, best_valid(recall@20): 0.06685
valid 	 N@10: 0.0458, R@10: 0.03994, P@10: 0.03566
valid 	 N@20: 0.05593, R@20: 0.06803, P@20: 0.03055
valid 	 N@50: 0.07845, R@50: 0.1289, P@50: 0.02351

2022-06-21 02:22:20,564 - [INFO] - E:11|train_time: 42.38, VALID_time: 1.831, loss: -6.241, best_valid(recall@20): 0.06803
valid 	 N@10: 0.04626, R@10: 0.04041, P@10: 0.03613
valid 	 N@20: 0.05627, R@20: 0.06848, P@20: 0.03078
valid 	 N@50: 0.07886, R@50: 0.1294, P@50: 0.02366

2022-06-21 02:23:05,009 - [INFO] - E:12|train_time: 42.26, VALID_time: 2.028, loss: -6.367, best_valid(recall@20): 0.06848
valid 	 N@10: 0.04628, R@10: 0.04033, P@10: 0.03612
valid 	 N@20: 0.05656, R@20: 0.06885, P@20: 0.0309
valid 	 N@50: 0.07926, R@50: 0.1301, P@50: 0.02381

2022-06-21 02:23:48,955 - [INFO] - E:13|train_time: 41.97, VALID_time: 1.738, loss: -6.58, best_valid(recall@20): 0.06885
valid 	 N@10: 0.04649, R@10: 0.0405, P@10: 0.03608
valid 	 N@20: 0.05687, R@20: 0.06906, P@20: 0.03101
valid 	 N@50: 0.0797, R@50: 0.1308, P@50: 0.02386

2022-06-21 02:24:33,077 - [INFO] - E:14|train_time: 42.31, VALID_time: 1.687, loss: -6.461, best_valid(recall@20): 0.06906
valid 	 N@10: 0.04687, R@10: 0.04059, P@10: 0.03642
valid 	 N@20: 0.05691, R@20: 0.06883, P@20: 0.03099
valid 	 N@50: 0.08008, R@50: 0.1314, P@50: 0.024

2022-06-21 02:25:17,630 - [INFO] - E:15|train_time: 42.68, VALID_time: 1.755, loss: -6.424, best_valid(recall@20): 0.06906
valid 	 N@10: 0.04679, R@10: 0.04086, P@10: 0.03635
valid 	 N@20: 0.05717, R@20: 0.06949, P@20: 0.03123
valid 	 N@50: 0.08028, R@50: 0.1319, P@50: 0.0241

2022-06-21 02:26:01,577 - [INFO] - E:16|train_time: 42.02, VALID_time: 1.79, loss: -6.523, best_valid(recall@20): 0.06949
valid 	 N@10: 0.04677, R@10: 0.04063, P@10: 0.03643
valid 	 N@20: 0.05722, R@20: 0.06964, P@20: 0.03127
valid 	 N@50: 0.08031, R@50: 0.132, P@50: 0.02409

2022-06-21 02:26:45,509 - [INFO] - E:17|train_time: 42.0, VALID_time: 1.791, loss: -6.438, best_valid(recall@20): 0.06964
valid 	 N@10: 0.0472, R@10: 0.04102, P@10: 0.03668
valid 	 N@20: 0.0576, R@20: 0.06986, P@20: 0.03144
valid 	 N@50: 0.08067, R@50: 0.1323, P@50: 0.02412

2022-06-21 02:27:29,152 - [INFO] - E:18|train_time: 41.93, VALID_time: 1.587, loss: -6.367, best_valid(recall@20): 0.06986
valid 	 N@10: 0.04755, R@10: 0.04121, P@10: 0.03692
valid 	 N@20: 0.05782, R@20: 0.06997, P@20: 0.03143
valid 	 N@50: 0.08093, R@50: 0.1324, P@50: 0.02419

2022-06-21 02:28:12,781 - [INFO] - E:19|train_time: 41.94, VALID_time: 1.58, loss: -6.481, best_valid(recall@20): 0.06997
valid 	 N@10: 0.04724, R@10: 0.04104, P@10: 0.03675
valid 	 N@20: 0.05757, R@20: 0.06984, P@20: 0.03135
valid 	 N@50: 0.08076, R@50: 0.1325, P@50: 0.02418

2022-06-21 02:28:56,527 - [INFO] - E:20|train_time: 42.01, VALID_time: 1.618, loss: -6.895, best_valid(recall@20): 0.06997
valid 	 N@10: 0.04743, R@10: 0.0414, P@10: 0.03698
valid 	 N@20: 0.05782, R@20: 0.07016, P@20: 0.03155
valid 	 N@50: 0.08099, R@50: 0.1328, P@50: 0.02425

2022-06-21 02:29:40,302 - [INFO] - E:21|train_time: 42.09, VALID_time: 1.563, loss: -6.536, best_valid(recall@20): 0.07016
valid 	 N@10: 0.04781, R@10: 0.04159, P@10: 0.03731
valid 	 N@20: 0.05799, R@20: 0.07027, P@20: 0.03157
valid 	 N@50: 0.08138, R@50: 0.1334, P@50: 0.02437

2022-06-21 02:30:24,103 - [INFO] - E:22|train_time: 42.06, VALID_time: 1.626, loss: -6.41, best_valid(recall@20): 0.07027
valid 	 N@10: 0.04747, R@10: 0.04134, P@10: 0.03694
valid 	 N@20: 0.05761, R@20: 0.06976, P@20: 0.03135
valid 	 N@50: 0.08102, R@50: 0.1329, P@50: 0.02429

2022-06-21 02:31:07,997 - [INFO] - E:23|train_time: 41.96, VALID_time: 1.87, loss: -6.489, best_valid(recall@20): 0.07027
valid 	 N@10: 0.04792, R@10: 0.04167, P@10: 0.0373
valid 	 N@20: 0.05805, R@20: 0.07013, P@20: 0.03161
valid 	 N@50: 0.08153, R@50: 0.1337, P@50: 0.02442

2022-06-21 02:31:51,754 - [INFO] - E:24|train_time: 41.9, VALID_time: 1.722, loss: -6.595, best_valid(recall@20): 0.07027
valid 	 N@10: 0.04806, R@10: 0.04185, P@10: 0.03739
valid 	 N@20: 0.05825, R@20: 0.07036, P@20: 0.0317
valid 	 N@50: 0.08179, R@50: 0.134, P@50: 0.02445

2022-06-21 02:32:35,580 - [INFO] - E:25|train_time: 41.94, VALID_time: 1.761, loss: -6.649, best_valid(recall@20): 0.07036
valid 	 N@10: 0.04773, R@10: 0.0416, P@10: 0.03719
valid 	 N@20: 0.05804, R@20: 0.07032, P@20: 0.03164
valid 	 N@50: 0.08155, R@50: 0.1341, P@50: 0.0244

2022-06-21 02:33:19,287 - [INFO] - E:26|train_time: 41.87, VALID_time: 1.714, loss: -6.509, best_valid(recall@20): 0.07036
valid 	 N@10: 0.04791, R@10: 0.04186, P@10: 0.03729
valid 	 N@20: 0.05823, R@20: 0.07058, P@20: 0.03173
valid 	 N@50: 0.08163, R@50: 0.1338, P@50: 0.02441

2022-06-21 02:34:03,429 - [INFO] - E:27|train_time: 42.19, VALID_time: 1.828, loss: -6.509, best_valid(recall@20): 0.07058
valid 	 N@10: 0.04774, R@10: 0.04181, P@10: 0.03721
valid 	 N@20: 0.05805, R@20: 0.07041, P@20: 0.0316
valid 	 N@50: 0.08181, R@50: 0.1346, P@50: 0.02454

2022-06-21 02:34:47,260 - [INFO] - E:28|train_time: 42.11, VALID_time: 1.634, loss: -6.574, best_valid(recall@20): 0.07058
valid 	 N@10: 0.04802, R@10: 0.04176, P@10: 0.03725
valid 	 N@20: 0.05845, R@20: 0.0708, P@20: 0.03174
valid 	 N@50: 0.08204, R@50: 0.1345, P@50: 0.02455

2022-06-21 02:35:31,411 - [INFO] - E:29|train_time: 42.14, VALID_time: 1.882, loss: -6.455, best_valid(recall@20): 0.0708
valid 	 N@10: 0.04858, R@10: 0.04228, P@10: 0.03778
valid 	 N@20: 0.05863, R@20: 0.07073, P@20: 0.0318
valid 	 N@50: 0.08229, R@50: 0.1348, P@50: 0.02457

2022-06-21 02:36:15,672 - [INFO] - E:30|train_time: 42.1, VALID_time: 2.062, loss: -6.679, best_valid(recall@20): 0.0708
valid 	 N@10: 0.04804, R@10: 0.04185, P@10: 0.03742
valid 	 N@20: 0.05843, R@20: 0.07083, P@20: 0.0319
valid 	 N@50: 0.08196, R@50: 0.1346, P@50: 0.02456

2022-06-21 02:36:59,538 - [INFO] - E:31|train_time: 42.09, VALID_time: 1.608, loss: -6.618, best_valid(recall@20): 0.07083
valid 	 N@10: 0.04857, R@10: 0.04226, P@10: 0.03766
valid 	 N@20: 0.05876, R@20: 0.07083, P@20: 0.0319
valid 	 N@50: 0.08227, R@50: 0.1345, P@50: 0.02458

2022-06-21 02:37:43,787 - [INFO] - E:32|train_time: 42.42, VALID_time: 1.713, loss: -6.978, best_valid(recall@20): 0.07083
valid 	 N@10: 0.04844, R@10: 0.04223, P@10: 0.03758
valid 	 N@20: 0.05859, R@20: 0.07063, P@20: 0.03185
valid 	 N@50: 0.08217, R@50: 0.1345, P@50: 0.02457

2022-06-21 02:38:27,100 - [INFO] - E:33|train_time: 41.64, VALID_time: 1.591, loss: -6.695, best_valid(recall@20): 0.07083
valid 	 N@10: 0.04823, R@10: 0.04187, P@10: 0.03745
valid 	 N@20: 0.05849, R@20: 0.07055, P@20: 0.0318
valid 	 N@50: 0.08194, R@50: 0.134, P@50: 0.02449

2022-06-21 02:39:11,177 - [INFO] - E:34|train_time: 42.21, VALID_time: 1.781, loss: -6.896, best_valid(recall@20): 0.07083
valid 	 N@10: 0.04794, R@10: 0.04186, P@10: 0.03737
valid 	 N@20: 0.05826, R@20: 0.07055, P@20: 0.03179
valid 	 N@50: 0.08187, R@50: 0.1345, P@50: 0.02454

2022-06-21 02:39:55,023 - [INFO] - E:35|train_time: 42.02, VALID_time: 1.753, loss: -6.718, best_valid(recall@20): 0.07083
valid 	 N@10: 0.04824, R@10: 0.04214, P@10: 0.03767
valid 	 N@20: 0.05851, R@20: 0.07085, P@20: 0.03192
valid 	 N@50: 0.08198, R@50: 0.1344, P@50: 0.02456

2022-06-21 02:40:38,690 - [INFO] - E:36|train_time: 41.97, VALID_time: 1.585, loss: -6.467, best_valid(recall@20): 0.07085
valid 	 N@10: 0.04861, R@10: 0.04228, P@10: 0.03789
valid 	 N@20: 0.05854, R@20: 0.07047, P@20: 0.03177
valid 	 N@50: 0.08222, R@50: 0.1346, P@50: 0.02457

2022-06-21 02:41:23,093 - [INFO] - E:37|train_time: 42.18, VALID_time: 2.135, loss: -6.783, best_valid(recall@20): 0.07085
valid 	 N@10: 0.04853, R@10: 0.04229, P@10: 0.03784
valid 	 N@20: 0.05859, R@20: 0.0707, P@20: 0.03185
valid 	 N@50: 0.08224, R@50: 0.1347, P@50: 0.02461

2022-06-21 02:42:06,756 - [INFO] - E:38|train_time: 41.85, VALID_time: 1.673, loss: -6.848, best_valid(recall@20): 0.07085
valid 	 N@10: 0.04836, R@10: 0.04221, P@10: 0.03781
valid 	 N@20: 0.05861, R@20: 0.07103, P@20: 0.03198
valid 	 N@50: 0.08209, R@50: 0.1346, P@50: 0.02459

2022-06-21 02:42:50,879 - [INFO] - E:39|train_time: 42.34, VALID_time: 1.666, loss: -6.879, best_valid(recall@20): 0.07103
valid 	 N@10: 0.04841, R@10: 0.04206, P@10: 0.03761
valid 	 N@20: 0.05879, R@20: 0.0711, P@20: 0.03195
valid 	 N@50: 0.08232, R@50: 0.1347, P@50: 0.0246

2022-06-21 02:43:34,789 - [INFO] - E:40|train_time: 41.86, VALID_time: 1.928, loss: -6.543, best_valid(recall@20): 0.0711
valid 	 N@10: 0.04843, R@10: 0.04218, P@10: 0.0377
valid 	 N@20: 0.05876, R@20: 0.07116, P@20: 0.03196
valid 	 N@50: 0.08228, R@50: 0.1348, P@50: 0.02461

2022-06-21 02:44:19,110 - [INFO] - E:41|train_time: 42.31, VALID_time: 1.865, loss: -6.414, best_valid(recall@20): 0.07116
valid 	 N@10: 0.04845, R@10: 0.0422, P@10: 0.03771
valid 	 N@20: 0.05861, R@20: 0.07069, P@20: 0.03189
valid 	 N@50: 0.0822, R@50: 0.1345, P@50: 0.02453

2022-06-21 02:45:03,226 - [INFO] - E:42|train_time: 42.21, VALID_time: 1.804, loss: -6.582, best_valid(recall@20): 0.07116
valid 	 N@10: 0.04877, R@10: 0.04246, P@10: 0.03793
valid 	 N@20: 0.05894, R@20: 0.07115, P@20: 0.03202
valid 	 N@50: 0.08247, R@50: 0.1348, P@50: 0.02463

2022-06-21 02:45:46,724 - [INFO] - E:43|train_time: 41.82, VALID_time: 1.59, loss: -7.019, best_valid(recall@20): 0.07116
valid 	 N@10: 0.04848, R@10: 0.04218, P@10: 0.0377
valid 	 N@20: 0.05881, R@20: 0.07115, P@20: 0.03202
valid 	 N@50: 0.08244, R@50: 0.135, P@50: 0.02469

2022-06-21 02:46:30,847 - [INFO] - E:44|train_time: 42.45, VALID_time: 1.579, loss: -6.948, best_valid(recall@20): 0.07116
valid 	 N@10: 0.0485, R@10: 0.04226, P@10: 0.03773
valid 	 N@20: 0.05877, R@20: 0.07103, P@20: 0.03195
valid 	 N@50: 0.08237, R@50: 0.1348, P@50: 0.02463

2022-06-21 02:47:14,718 - [INFO] - E:45|train_time: 42.17, VALID_time: 1.59, loss: -6.931, best_valid(recall@20): 0.07116
valid 	 N@10: 0.04854, R@10: 0.04233, P@10: 0.03778
valid 	 N@20: 0.05885, R@20: 0.07119, P@20: 0.03204
valid 	 N@50: 0.08239, R@50: 0.1348, P@50: 0.02465

2022-06-21 02:47:59,638 - [INFO] - E:46|train_time: 42.88, VALID_time: 1.89, loss: -6.783, best_valid(recall@20): 0.07119
valid 	 N@10: 0.0486, R@10: 0.04259, P@10: 0.03795
valid 	 N@20: 0.05864, R@20: 0.07082, P@20: 0.03193
valid 	 N@50: 0.08222, R@50: 0.1345, P@50: 0.0246

2022-06-21 02:48:44,564 - [INFO] - E:47|train_time: 42.53, VALID_time: 2.313, loss: -7.003, best_valid(recall@20): 0.07119
valid 	 N@10: 0.04869, R@10: 0.0425, P@10: 0.03785
valid 	 N@20: 0.05897, R@20: 0.07119, P@20: 0.03207
valid 	 N@50: 0.08247, R@50: 0.1348, P@50: 0.02462

2022-06-21 02:49:28,481 - [INFO] - E:48|train_time: 42.11, VALID_time: 1.721, loss: -6.975, best_valid(recall@20): 0.07119
valid 	 N@10: 0.04862, R@10: 0.04248, P@10: 0.03781
valid 	 N@20: 0.05885, R@20: 0.07107, P@20: 0.0319
valid 	 N@50: 0.08251, R@50: 0.135, P@50: 0.02464

2022-06-21 02:50:12,654 - [INFO] - E:49|train_time: 42.14, VALID_time: 1.935, loss: -6.926, best_valid(recall@20): 0.07119
valid 	 N@10: 0.04885, R@10: 0.04249, P@10: 0.03801
valid 	 N@20: 0.05908, R@20: 0.07137, P@20: 0.03202
valid 	 N@50: 0.08278, R@50: 0.1355, P@50: 0.02472

2022-06-21 02:50:56,872 - [INFO] - E:50|train_time: 42.49, VALID_time: 1.569, loss: -7.002, best_valid(recall@20): 0.07137
valid 	 N@10: 0.04874, R@10: 0.04274, P@10: 0.03803
valid 	 N@20: 0.05882, R@20: 0.07108, P@20: 0.03196
valid 	 N@50: 0.08269, R@50: 0.1356, P@50: 0.02475

2022-06-21 02:51:41,280 - [INFO] - E:51|train_time: 41.97, VALID_time: 2.348, loss: -6.704, best_valid(recall@20): 0.07137
valid 	 N@10: 0.04862, R@10: 0.04252, P@10: 0.03794
valid 	 N@20: 0.05889, R@20: 0.07123, P@20: 0.0321
valid 	 N@50: 0.08268, R@50: 0.1356, P@50: 0.02477

2022-06-21 02:52:25,066 - [INFO] - E:52|train_time: 42.04, VALID_time: 1.666, loss: -6.751, best_valid(recall@20): 0.07137
valid 	 N@10: 0.04869, R@10: 0.04248, P@10: 0.0379
valid 	 N@20: 0.05898, R@20: 0.07121, P@20: 0.03204
valid 	 N@50: 0.08261, R@50: 0.1351, P@50: 0.02467

2022-06-21 02:53:09,690 - [INFO] - E:53|train_time: 42.59, VALID_time: 1.959, loss: -6.586, best_valid(recall@20): 0.07137
valid 	 N@10: 0.04866, R@10: 0.04227, P@10: 0.03772
valid 	 N@20: 0.05899, R@20: 0.07116, P@20: 0.03202
valid 	 N@50: 0.08271, R@50: 0.1354, P@50: 0.02472

2022-06-21 02:53:54,116 - [INFO] - E:54|train_time: 42.46, VALID_time: 1.862, loss: -6.919, best_valid(recall@20): 0.07137
valid 	 N@10: 0.04869, R@10: 0.04241, P@10: 0.03787
valid 	 N@20: 0.05902, R@20: 0.07137, P@20: 0.03207
valid 	 N@50: 0.08267, R@50: 0.1353, P@50: 0.02471

2022-06-21 02:54:38,131 - [INFO] - E:55|train_time: 41.86, VALID_time: 2.017, loss: -6.927, best_valid(recall@20): 0.07137
valid 	 N@10: 0.0489, R@10: 0.04253, P@10: 0.03801
valid 	 N@20: 0.05911, R@20: 0.0713, P@20: 0.03208
valid 	 N@50: 0.08275, R@50: 0.1353, P@50: 0.02469

2022-06-21 02:55:24,030 - [INFO] - E:56|train_time: 43.1, VALID_time: 2.673, loss: -6.77, best_valid(recall@20): 0.07137
valid 	 N@10: 0.04871, R@10: 0.04251, P@10: 0.03787
valid 	 N@20: 0.05902, R@20: 0.07128, P@20: 0.03211
valid 	 N@50: 0.08271, R@50: 0.1354, P@50: 0.02473

2022-06-21 02:56:12,642 - [INFO] - E:57|train_time: 45.77, VALID_time: 2.617, loss: -6.994, best_valid(recall@20): 0.07137
valid 	 N@10: 0.04864, R@10: 0.04265, P@10: 0.03791
valid 	 N@20: 0.059, R@20: 0.07142, P@20: 0.03216
valid 	 N@50: 0.08271, R@50: 0.1356, P@50: 0.02477

2022-06-21 02:57:00,886 - [INFO] - E:58|train_time: 45.88, VALID_time: 2.204, loss: -6.827, best_valid(recall@20): 0.07142
valid 	 N@10: 0.0488, R@10: 0.0427, P@10: 0.03798
valid 	 N@20: 0.05919, R@20: 0.07158, P@20: 0.03227
valid 	 N@50: 0.08277, R@50: 0.1356, P@50: 0.02475

2022-06-21 02:57:49,941 - [INFO] - E:59|train_time: 46.58, VALID_time: 2.252, loss: -6.848, best_valid(recall@20): 0.07158
valid 	 N@10: 0.04889, R@10: 0.04254, P@10: 0.03804
valid 	 N@20: 0.05899, R@20: 0.07104, P@20: 0.03197
valid 	 N@50: 0.08283, R@50: 0.1355, P@50: 0.02476

2022-06-21 02:58:39,119 - [INFO] - E:60|train_time: 46.16, VALID_time: 2.92, loss: -6.651, best_valid(recall@20): 0.07158
valid 	 N@10: 0.0487, R@10: 0.04231, P@10: 0.03778
valid 	 N@20: 0.05897, R@20: 0.07111, P@20: 0.032
valid 	 N@50: 0.0827, R@50: 0.1353, P@50: 0.02474

2022-06-21 02:59:27,556 - [INFO] - E:61|train_time: 45.67, VALID_time: 2.603, loss: -6.665, best_valid(recall@20): 0.07158
valid 	 N@10: 0.04869, R@10: 0.04236, P@10: 0.03781
valid 	 N@20: 0.05907, R@20: 0.07137, P@20: 0.03208
valid 	 N@50: 0.08262, R@50: 0.135, P@50: 0.02472

2022-06-21 03:00:12,506 - [INFO] - E:62|train_time: 43.05, VALID_time: 1.739, loss: -6.901, best_valid(recall@20): 0.07158
valid 	 N@10: 0.04884, R@10: 0.04256, P@10: 0.03793
valid 	 N@20: 0.05893, R@20: 0.07092, P@20: 0.03196
valid 	 N@50: 0.08278, R@50: 0.1354, P@50: 0.02478

2022-06-21 03:00:56,972 - [INFO] - E:63|train_time: 42.76, VALID_time: 1.586, loss: -6.918, best_valid(recall@20): 0.07158
valid 	 N@10: 0.04886, R@10: 0.04271, P@10: 0.038
valid 	 N@20: 0.05907, R@20: 0.07136, P@20: 0.03206
valid 	 N@50: 0.08263, R@50: 0.135, P@50: 0.02469

2022-06-21 03:01:41,367 - [INFO] - E:64|train_time: 42.38, VALID_time: 1.914, loss: -6.944, best_valid(recall@20): 0.07158
valid 	 N@10: 0.04876, R@10: 0.04266, P@10: 0.03795
valid 	 N@20: 0.05896, R@20: 0.07122, P@20: 0.03205
valid 	 N@50: 0.08279, R@50: 0.1358, P@50: 0.02476

2022-06-21 03:02:25,984 - [INFO] - E:65|train_time: 42.61, VALID_time: 1.923, loss: -6.796, best_valid(recall@20): 0.07158
valid 	 N@10: 0.0487, R@10: 0.0425, P@10: 0.03786
valid 	 N@20: 0.0591, R@20: 0.0715, P@20: 0.03215
valid 	 N@50: 0.08257, R@50: 0.1349, P@50: 0.02468

2022-06-21 03:03:10,211 - [INFO] - E:66|train_time: 42.43, VALID_time: 1.687, loss: -6.525, best_valid(recall@20): 0.07158
valid 	 N@10: 0.04911, R@10: 0.04277, P@10: 0.03816
valid 	 N@20: 0.05915, R@20: 0.07117, P@20: 0.03203
valid 	 N@50: 0.08298, R@50: 0.1356, P@50: 0.02477

2022-06-21 03:03:54,807 - [INFO] - E:67|train_time: 42.59, VALID_time: 1.848, loss: -6.678, best_valid(recall@20): 0.07158
valid 	 N@10: 0.04909, R@10: 0.04266, P@10: 0.03813
valid 	 N@20: 0.05934, R@20: 0.07154, P@20: 0.03214
valid 	 N@50: 0.08289, R@50: 0.1352, P@50: 0.02469

2022-06-21 03:04:39,989 - [INFO] - E:68|train_time: 42.41, VALID_time: 2.67, loss: -6.725, best_valid(recall@20): 0.07158
valid 	 N@10: 0.04887, R@10: 0.04277, P@10: 0.03807
valid 	 N@20: 0.05916, R@20: 0.07159, P@20: 0.03217
valid 	 N@50: 0.08284, R@50: 0.1355, P@50: 0.02478

2022-06-21 03:05:24,905 - [INFO] - E:69|train_time: 42.73, VALID_time: 2.053, loss: -6.884, best_valid(recall@20): 0.07159
valid 	 N@10: 0.04892, R@10: 0.04301, P@10: 0.03823
valid 	 N@20: 0.05906, R@20: 0.07156, P@20: 0.03216
valid 	 N@50: 0.08281, R@50: 0.1357, P@50: 0.0248

2022-06-21 03:06:09,670 - [INFO] - E:70|train_time: 42.79, VALID_time: 1.775, loss: -6.956, best_valid(recall@20): 0.07159
valid 	 N@10: 0.04883, R@10: 0.04271, P@10: 0.03805
valid 	 N@20: 0.05919, R@20: 0.07161, P@20: 0.03219
valid 	 N@50: 0.08297, R@50: 0.136, P@50: 0.02482

2022-06-21 03:06:54,835 - [INFO] - E:71|train_time: 42.96, VALID_time: 2.039, loss: -6.746, best_valid(recall@20): 0.07161
valid 	 N@10: 0.04895, R@10: 0.04277, P@10: 0.03816
valid 	 N@20: 0.05913, R@20: 0.07152, P@20: 0.03213
valid 	 N@50: 0.08284, R@50: 0.1357, P@50: 0.02477

2022-06-21 03:07:39,556 - [INFO] - E:72|train_time: 42.65, VALID_time: 1.948, loss: -6.922, best_valid(recall@20): 0.07161
valid 	 N@10: 0.0489, R@10: 0.04264, P@10: 0.0381
valid 	 N@20: 0.05921, R@20: 0.07156, P@20: 0.0322
valid 	 N@50: 0.08302, R@50: 0.136, P@50: 0.02483

2022-06-21 03:08:24,578 - [INFO] - E:73|train_time: 43.09, VALID_time: 1.802, loss: -6.736, best_valid(recall@20): 0.07161
valid 	 N@10: 0.04899, R@10: 0.04286, P@10: 0.03824
valid 	 N@20: 0.05921, R@20: 0.0717, P@20: 0.03213
valid 	 N@50: 0.08282, R@50: 0.1355, P@50: 0.02473

2022-06-21 03:09:09,629 - [INFO] - E:74|train_time: 42.94, VALID_time: 1.963, loss: -7.004, best_valid(recall@20): 0.0717
valid 	 N@10: 0.04897, R@10: 0.04275, P@10: 0.03809
valid 	 N@20: 0.05912, R@20: 0.07134, P@20: 0.03206
valid 	 N@50: 0.08296, R@50: 0.1358, P@50: 0.02479

2022-06-21 03:09:54,250 - [INFO] - E:75|train_time: 42.73, VALID_time: 1.769, loss: -7.027, best_valid(recall@20): 0.0717
valid 	 N@10: 0.04873, R@10: 0.04271, P@10: 0.03804
valid 	 N@20: 0.0591, R@20: 0.0716, P@20: 0.03223
valid 	 N@50: 0.08261, R@50: 0.1353, P@50: 0.02471

2022-06-21 03:10:38,675 - [INFO] - E:76|train_time: 42.58, VALID_time: 1.746, loss: -6.837, best_valid(recall@20): 0.0717
valid 	 N@10: 0.04885, R@10: 0.04273, P@10: 0.03804
valid 	 N@20: 0.059, R@20: 0.07116, P@20: 0.03206
valid 	 N@50: 0.08282, R@50: 0.1356, P@50: 0.02478

2022-06-21 03:11:23,274 - [INFO] - E:77|train_time: 42.82, VALID_time: 1.646, loss: -7.157, best_valid(recall@20): 0.0717
valid 	 N@10: 0.04882, R@10: 0.04276, P@10: 0.0382
valid 	 N@20: 0.05902, R@20: 0.07149, P@20: 0.03212
valid 	 N@50: 0.08282, R@50: 0.1359, P@50: 0.0248

2022-06-21 03:12:08,315 - [INFO] - E:78|train_time: 43.26, VALID_time: 1.698, loss: -6.836, best_valid(recall@20): 0.0717
valid 	 N@10: 0.04904, R@10: 0.04288, P@10: 0.03829
valid 	 N@20: 0.05923, R@20: 0.07165, P@20: 0.03223
valid 	 N@50: 0.0829, R@50: 0.1358, P@50: 0.02478

2022-06-21 03:12:52,603 - [INFO] - E:79|train_time: 42.5, VALID_time: 1.708, loss: -7.017, best_valid(recall@20): 0.0717
valid 	 N@10: 0.04899, R@10: 0.043, P@10: 0.03833
valid 	 N@20: 0.05907, R@20: 0.07142, P@20: 0.03215
valid 	 N@50: 0.08286, R@50: 0.1359, P@50: 0.0248

2022-06-21 03:13:37,267 - [INFO] - E:80|train_time: 42.75, VALID_time: 1.821, loss: -6.824, best_valid(recall@20): 0.0717
valid 	 N@10: 0.04897, R@10: 0.04301, P@10: 0.03832
valid 	 N@20: 0.05905, R@20: 0.07139, P@20: 0.03217
valid 	 N@50: 0.08285, R@50: 0.1359, P@50: 0.02479

2022-06-21 03:14:22,048 - [INFO] - E:81|train_time: 42.97, VALID_time: 1.692, loss: -6.668, best_valid(recall@20): 0.0717
valid 	 N@10: 0.0492, R@10: 0.043, P@10: 0.03839
valid 	 N@20: 0.05923, R@20: 0.07137, P@20: 0.03216
valid 	 N@50: 0.08299, R@50: 0.1357, P@50: 0.02479

2022-06-21 03:15:06,279 - [INFO] - E:82|train_time: 42.52, VALID_time: 1.621, loss: -6.881, best_valid(recall@20): 0.0717
valid 	 N@10: 0.0492, R@10: 0.0429, P@10: 0.03827
valid 	 N@20: 0.05949, R@20: 0.07177, P@20: 0.03231
valid 	 N@50: 0.08323, R@50: 0.1361, P@50: 0.02484

2022-06-21 03:15:51,008 - [INFO] - E:83|train_time: 42.74, VALID_time: 1.824, loss: -7.035, best_valid(recall@20): 0.07177
valid 	 N@10: 0.04901, R@10: 0.04296, P@10: 0.03824
valid 	 N@20: 0.05918, R@20: 0.07151, P@20: 0.03218
valid 	 N@50: 0.08295, R@50: 0.1358, P@50: 0.02481

2022-06-21 03:16:35,808 - [INFO] - E:84|train_time: 42.78, VALID_time: 1.924, loss: -6.987, best_valid(recall@20): 0.07177
valid 	 N@10: 0.04893, R@10: 0.04273, P@10: 0.03823
valid 	 N@20: 0.05935, R@20: 0.07191, P@20: 0.03234
valid 	 N@50: 0.08293, R@50: 0.1358, P@50: 0.02479

2022-06-21 03:17:20,342 - [INFO] - E:85|train_time: 42.7, VALID_time: 1.708, loss: -7.087, best_valid(recall@20): 0.07191
valid 	 N@10: 0.04898, R@10: 0.04271, P@10: 0.0381
valid 	 N@20: 0.05936, R@20: 0.07179, P@20: 0.03227
valid 	 N@50: 0.08296, R@50: 0.1357, P@50: 0.02479

2022-06-21 03:18:05,029 - [INFO] - E:86|train_time: 42.72, VALID_time: 1.81, loss: -6.498, best_valid(recall@20): 0.07191
valid 	 N@10: 0.04896, R@10: 0.04282, P@10: 0.03825
valid 	 N@20: 0.05924, R@20: 0.07171, P@20: 0.03225
valid 	 N@50: 0.08297, R@50: 0.1359, P@50: 0.02484

2022-06-21 03:18:49,223 - [INFO] - E:87|train_time: 42.39, VALID_time: 1.674, loss: -7.019, best_valid(recall@20): 0.07191
valid 	 N@10: 0.04909, R@10: 0.04296, P@10: 0.0383
valid 	 N@20: 0.05938, R@20: 0.07179, P@20: 0.03232
valid 	 N@50: 0.08315, R@50: 0.1362, P@50: 0.02486

2022-06-21 03:19:35,134 - [INFO] - E:88|train_time: 43.17, VALID_time: 2.658, loss: -6.866, best_valid(recall@20): 0.07191
valid 	 N@10: 0.04917, R@10: 0.04314, P@10: 0.03833
valid 	 N@20: 0.0594, R@20: 0.07171, P@20: 0.03237
valid 	 N@50: 0.08303, R@50: 0.1359, P@50: 0.0248

2022-06-21 03:20:20,040 - [INFO] - E:89|train_time: 43.0, VALID_time: 1.803, loss: -6.968, best_valid(recall@20): 0.07191
valid 	 N@10: 0.04887, R@10: 0.04275, P@10: 0.03813
valid 	 N@20: 0.05909, R@20: 0.0713, P@20: 0.0322
valid 	 N@50: 0.08299, R@50: 0.1362, P@50: 0.02483

2022-06-21 03:21:04,207 - [INFO] - E:90|train_time: 42.47, VALID_time: 1.604, loss: -7.172, best_valid(recall@20): 0.07191
valid 	 N@10: 0.0491, R@10: 0.0431, P@10: 0.03841
valid 	 N@20: 0.05928, R@20: 0.07171, P@20: 0.0323
valid 	 N@50: 0.08292, R@50: 0.1358, P@50: 0.0248

2022-06-21 03:21:48,606 - [INFO] - E:91|train_time: 42.28, VALID_time: 1.988, loss: -7.024, best_valid(recall@20): 0.07191
valid 	 N@10: 0.04904, R@10: 0.04281, P@10: 0.03818
valid 	 N@20: 0.05935, R@20: 0.07172, P@20: 0.03228
valid 	 N@50: 0.08307, R@50: 0.136, P@50: 0.0248

2022-06-21 03:22:32,876 - [INFO] - E:92|train_time: 42.45, VALID_time: 1.732, loss: -6.887, best_valid(recall@20): 0.07191
valid 	 N@10: 0.04894, R@10: 0.0428, P@10: 0.03814
valid 	 N@20: 0.05919, R@20: 0.07156, P@20: 0.03222
valid 	 N@50: 0.08291, R@50: 0.1358, P@50: 0.02478

2022-06-21 03:23:17,489 - [INFO] - E:93|train_time: 42.73, VALID_time: 1.734, loss: -6.803, best_valid(recall@20): 0.07191
valid 	 N@10: 0.04908, R@10: 0.04284, P@10: 0.03818
valid 	 N@20: 0.05916, R@20: 0.07128, P@20: 0.0321
valid 	 N@50: 0.08295, R@50: 0.1356, P@50: 0.02479

2022-06-21 03:24:02,464 - [INFO] - E:94|train_time: 42.46, VALID_time: 2.433, loss: -6.809, best_valid(recall@20): 0.07191
valid 	 N@10: 0.04913, R@10: 0.04279, P@10: 0.03822
valid 	 N@20: 0.05932, R@20: 0.07148, P@20: 0.03222
valid 	 N@50: 0.08292, R@50: 0.1354, P@50: 0.02474

2022-06-21 03:24:47,005 - [INFO] - E:95|train_time: 42.72, VALID_time: 1.669, loss: -6.524, best_valid(recall@20): 0.07191
valid 	 N@10: 0.04923, R@10: 0.04301, P@10: 0.03842
valid 	 N@20: 0.05941, R@20: 0.07173, P@20: 0.0323
valid 	 N@50: 0.08304, R@50: 0.1357, P@50: 0.0248

2022-06-21 03:25:31,756 - [INFO] - E:96|train_time: 42.65, VALID_time: 2.002, loss: -6.629, best_valid(recall@20): 0.07191
valid 	 N@10: 0.04904, R@10: 0.04287, P@10: 0.03823
valid 	 N@20: 0.05935, R@20: 0.07178, P@20: 0.0323
valid 	 N@50: 0.08291, R@50: 0.1356, P@50: 0.02478

2022-06-21 03:26:15,996 - [INFO] - E:97|train_time: 42.2, VALID_time: 1.931, loss: -6.791, best_valid(recall@20): 0.07191
valid 	 N@10: 0.04891, R@10: 0.04288, P@10: 0.03817
valid 	 N@20: 0.05923, R@20: 0.07175, P@20: 0.03229
valid 	 N@50: 0.08286, R@50: 0.1358, P@50: 0.02477

2022-06-21 03:26:59,787 - [INFO] - E:98|train_time: 42.06, VALID_time: 1.64, loss: -6.796, best_valid(recall@20): 0.07191
valid 	 N@10: 0.0489, R@10: 0.04267, P@10: 0.03806
valid 	 N@20: 0.05922, R@20: 0.07161, P@20: 0.03216
valid 	 N@50: 0.08291, R@50: 0.1356, P@50: 0.02478

2022-06-21 03:27:44,079 - [INFO] - E:99|train_time: 42.59, VALID_time: 1.608, loss: -6.885, best_valid(recall@20): 0.07191
valid 	 N@10: 0.04909, R@10: 0.04288, P@10: 0.03822
valid 	 N@20: 0.05938, R@20: 0.07179, P@20: 0.03227
valid 	 N@50: 0.08308, R@50: 0.1359, P@50: 0.02483

2022-06-21 03:28:28,955 - [INFO] - E:100|train_time: 42.61, VALID_time: 2.175, loss: -7.205, best_valid(recall@20): 0.07191
valid 	 N@10: 0.0491, R@10: 0.04293, P@10: 0.03838
valid 	 N@20: 0.05936, R@20: 0.07184, P@20: 0.03231
valid 	 N@50: 0.08296, R@50: 0.1357, P@50: 0.0248

2022-06-21 03:29:13,015 - [INFO] - E:101|train_time: 42.34, VALID_time: 1.63, loss: -6.992, best_valid(recall@20): 0.07191
valid 	 N@10: 0.049, R@10: 0.04297, P@10: 0.0383
valid 	 N@20: 0.05922, R@20: 0.07167, P@20: 0.03226
valid 	 N@50: 0.08279, R@50: 0.1355, P@50: 0.02476

2022-06-21 03:29:57,851 - [INFO] - E:102|train_time: 42.29, VALID_time: 2.445, loss: -6.846, best_valid(recall@20): 0.07191
valid 	 N@10: 0.04893, R@10: 0.04278, P@10: 0.03826
valid 	 N@20: 0.05931, R@20: 0.07193, P@20: 0.03232
valid 	 N@50: 0.08292, R@50: 0.1358, P@50: 0.02482

2022-06-21 03:30:42,047 - [INFO] - E:103|train_time: 42.3, VALID_time: 1.759, loss: -6.923, best_valid(recall@20): 0.07193
valid 	 N@10: 0.04894, R@10: 0.04292, P@10: 0.03826
valid 	 N@20: 0.05927, R@20: 0.07179, P@20: 0.03232
valid 	 N@50: 0.08309, R@50: 0.1363, P@50: 0.02489

2022-06-21 03:31:26,754 - [INFO] - E:104|train_time: 42.51, VALID_time: 2.091, loss: -7.096, best_valid(recall@20): 0.07193
valid 	 N@10: 0.04878, R@10: 0.0428, P@10: 0.03824
valid 	 N@20: 0.05916, R@20: 0.07188, P@20: 0.03231
valid 	 N@50: 0.08298, R@50: 0.1364, P@50: 0.0249

2022-06-21 03:32:11,280 - [INFO] - E:105|train_time: 42.74, VALID_time: 1.686, loss: -7.065, best_valid(recall@20): 0.07193
valid 	 N@10: 0.04894, R@10: 0.043, P@10: 0.03821
valid 	 N@20: 0.05917, R@20: 0.07159, P@20: 0.0322
valid 	 N@50: 0.08294, R@50: 0.1359, P@50: 0.02481

2022-06-21 03:32:55,985 - [INFO] - E:106|train_time: 42.64, VALID_time: 1.981, loss: -6.942, best_valid(recall@20): 0.07193
valid 	 N@10: 0.04932, R@10: 0.0433, P@10: 0.03852
valid 	 N@20: 0.05949, R@20: 0.07189, P@20: 0.03238
valid 	 N@50: 0.08309, R@50: 0.1359, P@50: 0.02481

2022-06-21 03:33:40,396 - [INFO] - E:107|train_time: 42.57, VALID_time: 1.75, loss: -7.038, best_valid(recall@20): 0.07193
valid 	 N@10: 0.04902, R@10: 0.04288, P@10: 0.03824
valid 	 N@20: 0.0595, R@20: 0.07208, P@20: 0.03241
valid 	 N@50: 0.08315, R@50: 0.1361, P@50: 0.02486

2022-06-21 03:34:24,869 - [INFO] - E:108|train_time: 42.52, VALID_time: 1.833, loss: -6.889, best_valid(recall@20): 0.07208
valid 	 N@10: 0.04925, R@10: 0.04315, P@10: 0.03845
valid 	 N@20: 0.05932, R@20: 0.07154, P@20: 0.03218
valid 	 N@50: 0.08315, R@50: 0.136, P@50: 0.02481

2022-06-21 03:35:10,270 - [INFO] - E:109|train_time: 42.93, VALID_time: 2.34, loss: -6.671, best_valid(recall@20): 0.07208
valid 	 N@10: 0.04907, R@10: 0.04281, P@10: 0.03821
valid 	 N@20: 0.05935, R@20: 0.07173, P@20: 0.03219
valid 	 N@50: 0.08319, R@50: 0.1361, P@50: 0.02486

2022-06-21 03:35:54,611 - [INFO] - E:110|train_time: 42.69, VALID_time: 1.581, loss: -6.597, best_valid(recall@20): 0.07208
valid 	 N@10: 0.04929, R@10: 0.04312, P@10: 0.03849
valid 	 N@20: 0.05939, R@20: 0.07172, P@20: 0.03219
valid 	 N@50: 0.08317, R@50: 0.136, P@50: 0.02484

2022-06-21 03:36:38,965 - [INFO] - E:111|train_time: 42.6, VALID_time: 1.678, loss: -6.791, best_valid(recall@20): 0.07208
valid 	 N@10: 0.04894, R@10: 0.04292, P@10: 0.03831
valid 	 N@20: 0.05912, R@20: 0.07151, P@20: 0.03221
valid 	 N@50: 0.08291, R@50: 0.136, P@50: 0.02481

2022-06-21 03:37:23,420 - [INFO] - E:112|train_time: 42.59, VALID_time: 1.791, loss: -7.149, best_valid(recall@20): 0.07208
valid 	 N@10: 0.04919, R@10: 0.04294, P@10: 0.03836
valid 	 N@20: 0.05947, R@20: 0.07186, P@20: 0.03233
valid 	 N@50: 0.08292, R@50: 0.1353, P@50: 0.02475

2022-06-21 03:38:09,020 - [INFO] - E:113|train_time: 43.12, VALID_time: 2.396, loss: -6.821, best_valid(recall@20): 0.07208
valid 	 N@10: 0.04916, R@10: 0.04294, P@10: 0.03834
valid 	 N@20: 0.0594, R@20: 0.07171, P@20: 0.03229
valid 	 N@50: 0.08319, R@50: 0.1361, P@50: 0.02486

2022-06-21 03:38:53,194 - [INFO] - E:114|train_time: 42.39, VALID_time: 1.661, loss: -7.116, best_valid(recall@20): 0.07208
valid 	 N@10: 0.04903, R@10: 0.04285, P@10: 0.03827
valid 	 N@20: 0.05926, R@20: 0.0715, P@20: 0.03222
valid 	 N@50: 0.08304, R@50: 0.1358, P@50: 0.02483

2022-06-21 03:39:37,776 - [INFO] - E:115|train_time: 42.19, VALID_time: 2.285, loss: -7.076, best_valid(recall@20): 0.07208
valid 	 N@10: 0.04918, R@10: 0.04301, P@10: 0.03851
valid 	 N@20: 0.05933, R@20: 0.07168, P@20: 0.03226
valid 	 N@50: 0.08314, R@50: 0.1362, P@50: 0.02486

2022-06-21 03:40:22,574 - [INFO] - E:116|train_time: 42.87, VALID_time: 1.759, loss: -6.844, best_valid(recall@20): 0.07208
valid 	 N@10: 0.0491, R@10: 0.04273, P@10: 0.03821
valid 	 N@20: 0.05942, R@20: 0.0717, P@20: 0.03225
valid 	 N@50: 0.08314, R@50: 0.1359, P@50: 0.02485

2022-06-21 03:41:07,660 - [INFO] - E:117|train_time: 42.86, VALID_time: 2.121, loss: -6.863, best_valid(recall@20): 0.07208
valid 	 N@10: 0.04903, R@10: 0.04277, P@10: 0.03822
valid 	 N@20: 0.0593, R@20: 0.07157, P@20: 0.03226
valid 	 N@50: 0.08305, R@50: 0.1359, P@50: 0.02483

2022-06-21 03:41:52,213 - [INFO] - E:118|train_time: 42.84, VALID_time: 1.613, loss: -6.746, best_valid(recall@20): 0.07208
valid 	 N@10: 0.04915, R@10: 0.04292, P@10: 0.03825
valid 	 N@20: 0.05943, R@20: 0.07175, P@20: 0.0323
valid 	 N@50: 0.08319, R@50: 0.1361, P@50: 0.02485

2022-06-21 03:42:36,733 - [INFO] - E:119|train_time: 42.46, VALID_time: 1.95, loss: -6.779, best_valid(recall@20): 0.07208
valid 	 N@10: 0.04939, R@10: 0.04295, P@10: 0.03831
valid 	 N@20: 0.05962, R@20: 0.07168, P@20: 0.0323
valid 	 N@50: 0.08348, R@50: 0.1363, P@50: 0.02491

2022-06-21 03:43:20,984 - [INFO] - E:120|train_time: 42.45, VALID_time: 1.714, loss: -6.641, best_valid(recall@20): 0.07208
valid 	 N@10: 0.04927, R@10: 0.04309, P@10: 0.03836
valid 	 N@20: 0.05944, R@20: 0.07164, P@20: 0.03229
valid 	 N@50: 0.08322, R@50: 0.136, P@50: 0.02486

2022-06-21 03:44:07,418 - [INFO] - E:121|train_time: 43.3, VALID_time: 2.998, loss: -7.042, best_valid(recall@20): 0.07208
valid 	 N@10: 0.0493, R@10: 0.04306, P@10: 0.03838
valid 	 N@20: 0.05951, R@20: 0.07172, P@20: 0.03231
valid 	 N@50: 0.08341, R@50: 0.1365, P@50: 0.02493

2022-06-21 03:44:55,424 - [INFO] - E:122|train_time: 45.48, VALID_time: 2.393, loss: -6.578, best_valid(recall@20): 0.07208
valid 	 N@10: 0.04931, R@10: 0.04302, P@10: 0.0384
valid 	 N@20: 0.05933, R@20: 0.07135, P@20: 0.03215
valid 	 N@50: 0.08324, R@50: 0.136, P@50: 0.02485

2022-06-21 03:45:43,789 - [INFO] - E:123|train_time: 46.06, VALID_time: 2.217, loss: -6.971, best_valid(recall@20): 0.07208
valid 	 N@10: 0.04912, R@10: 0.04286, P@10: 0.0382
valid 	 N@20: 0.05928, R@20: 0.07139, P@20: 0.03218
valid 	 N@50: 0.08334, R@50: 0.1365, P@50: 0.02492

2022-06-21 03:46:32,435 - [INFO] - E:124|train_time: 46.58, VALID_time: 1.945, loss: -6.793, best_valid(recall@20): 0.07208
valid 	 N@10: 0.0493, R@10: 0.0432, P@10: 0.03844
valid 	 N@20: 0.05951, R@20: 0.0719, P@20: 0.03234
valid 	 N@50: 0.08326, R@50: 0.1362, P@50: 0.02488

2022-06-21 03:47:20,351 - [INFO] - E:125|train_time: 45.3, VALID_time: 2.512, loss: -6.936, best_valid(recall@20): 0.07208
valid 	 N@10: 0.04927, R@10: 0.04305, P@10: 0.03832
valid 	 N@20: 0.05957, R@20: 0.07192, P@20: 0.03234
valid 	 N@50: 0.08333, R@50: 0.1362, P@50: 0.02487

2022-06-21 03:48:08,300 - [INFO] - E:126|train_time: 45.29, VALID_time: 2.526, loss: -6.939, best_valid(recall@20): 0.07208
valid 	 N@10: 0.04927, R@10: 0.04308, P@10: 0.03836
valid 	 N@20: 0.05955, R@20: 0.07188, P@20: 0.03234
valid 	 N@50: 0.08329, R@50: 0.1361, P@50: 0.0249

2022-06-21 03:48:54,919 - [INFO] - E:127|train_time: 44.45, VALID_time: 2.034, loss: -6.818, best_valid(recall@20): 0.07208
valid 	 N@10: 0.04922, R@10: 0.04308, P@10: 0.0383
valid 	 N@20: 0.05954, R@20: 0.07189, P@20: 0.03237
valid 	 N@50: 0.08323, R@50: 0.1362, P@50: 0.02485

2022-06-21 03:49:39,272 - [INFO] - E:128|train_time: 42.48, VALID_time: 1.769, loss: -6.91, best_valid(recall@20): 0.07208
valid 	 N@10: 0.0491, R@10: 0.04285, P@10: 0.03824
valid 	 N@20: 0.05947, R@20: 0.07178, P@20: 0.03236
valid 	 N@50: 0.08312, R@50: 0.136, P@50: 0.02482

2022-06-21 03:50:23,849 - [INFO] - E:129|train_time: 42.74, VALID_time: 1.741, loss: -7.152, best_valid(recall@20): 0.07208
valid 	 N@10: 0.04903, R@10: 0.0429, P@10: 0.03815
valid 	 N@20: 0.05944, R@20: 0.0718, P@20: 0.03236
valid 	 N@50: 0.08317, R@50: 0.1361, P@50: 0.02487

2022-06-21 03:51:08,274 - [INFO] - E:130|train_time: 42.22, VALID_time: 2.103, loss: -6.92, best_valid(recall@20): 0.07208
valid 	 N@10: 0.04921, R@10: 0.04308, P@10: 0.03837
valid 	 N@20: 0.05954, R@20: 0.07199, P@20: 0.0324
valid 	 N@50: 0.08323, R@50: 0.1361, P@50: 0.02488

2022-06-21 03:51:52,933 - [INFO] - E:131|train_time: 42.71, VALID_time: 1.81, loss: -6.875, best_valid(recall@20): 0.07208
valid 	 N@10: 0.04913, R@10: 0.04297, P@10: 0.03828
valid 	 N@20: 0.05953, R@20: 0.072, P@20: 0.03242
valid 	 N@50: 0.08321, R@50: 0.1361, P@50: 0.02489

2022-06-21 03:52:37,741 - [INFO] - E:132|train_time: 42.63, VALID_time: 2.076, loss: -6.863, best_valid(recall@20): 0.07208
valid 	 N@10: 0.04935, R@10: 0.04331, P@10: 0.03853
valid 	 N@20: 0.05962, R@20: 0.07205, P@20: 0.03249
valid 	 N@50: 0.08326, R@50: 0.1361, P@50: 0.02487

2022-06-21 03:53:23,078 - [INFO] - E:133|train_time: 43.25, VALID_time: 1.994, loss: -7.043, best_valid(recall@20): 0.07208
valid 	 N@10: 0.04941, R@10: 0.04314, P@10: 0.03842
valid 	 N@20: 0.05975, R@20: 0.07215, P@20: 0.03247
valid 	 N@50: 0.08343, R@50: 0.1363, P@50: 0.0249

2022-06-21 03:54:07,999 - [INFO] - E:134|train_time: 43.2, VALID_time: 1.603, loss: -6.812, best_valid(recall@20): 0.07215
valid 	 N@10: 0.04943, R@10: 0.04301, P@10: 0.03837
valid 	 N@20: 0.0598, R@20: 0.07211, P@20: 0.03248
valid 	 N@50: 0.08332, R@50: 0.1359, P@50: 0.02483

2022-06-21 03:54:53,301 - [INFO] - E:135|train_time: 42.62, VALID_time: 2.594, loss: -6.826, best_valid(recall@20): 0.07215
valid 	 N@10: 0.04928, R@10: 0.04297, P@10: 0.03834
valid 	 N@20: 0.05962, R@20: 0.07191, P@20: 0.03241
valid 	 N@50: 0.08346, R@50: 0.1365, P@50: 0.02492

2022-06-21 03:55:37,594 - [INFO] - E:136|train_time: 42.39, VALID_time: 1.798, loss: -7.049, best_valid(recall@20): 0.07215
valid 	 N@10: 0.04926, R@10: 0.04304, P@10: 0.03841
valid 	 N@20: 0.05953, R@20: 0.07186, P@20: 0.0324
valid 	 N@50: 0.08326, R@50: 0.1362, P@50: 0.02488

2022-06-21 03:56:22,236 - [INFO] - E:137|train_time: 42.57, VALID_time: 1.979, loss: -6.546, best_valid(recall@20): 0.07215
valid 	 N@10: 0.04922, R@10: 0.04302, P@10: 0.03838
valid 	 N@20: 0.05938, R@20: 0.07156, P@20: 0.03229
valid 	 N@50: 0.08319, R@50: 0.1361, P@50: 0.02485

2022-06-21 03:57:06,752 - [INFO] - E:138|train_time: 42.56, VALID_time: 1.865, loss: -6.884, best_valid(recall@20): 0.07215
valid 	 N@10: 0.0492, R@10: 0.04283, P@10: 0.03816
valid 	 N@20: 0.05947, R@20: 0.07161, P@20: 0.03224
valid 	 N@50: 0.08335, R@50: 0.1362, P@50: 0.02491

2022-06-21 03:57:52,144 - [INFO] - E:139|train_time: 42.81, VALID_time: 2.49, loss: -6.994, best_valid(recall@20): 0.07215
valid 	 N@10: 0.04935, R@10: 0.04288, P@10: 0.03834
valid 	 N@20: 0.05966, R@20: 0.07188, P@20: 0.03237
valid 	 N@50: 0.08337, R@50: 0.1361, P@50: 0.02488

2022-06-21 03:58:37,465 - [INFO] - E:140|train_time: 42.84, VALID_time: 2.273, loss: -6.718, best_valid(recall@20): 0.07215
valid 	 N@10: 0.04931, R@10: 0.04288, P@10: 0.03834
valid 	 N@20: 0.05963, R@20: 0.07178, P@20: 0.03239
valid 	 N@50: 0.08333, R@50: 0.136, P@50: 0.02488

2022-06-21 03:59:22,275 - [INFO] - E:141|train_time: 42.39, VALID_time: 2.322, loss: -7.044, best_valid(recall@20): 0.07215
valid 	 N@10: 0.04925, R@10: 0.04292, P@10: 0.03836
valid 	 N@20: 0.05953, R@20: 0.07189, P@20: 0.03233
valid 	 N@50: 0.08311, R@50: 0.1357, P@50: 0.02481

2022-06-21 04:00:06,225 - [INFO] - E:142|train_time: 42.16, VALID_time: 1.71, loss: -6.783, best_valid(recall@20): 0.07215
valid 	 N@10: 0.04919, R@10: 0.04291, P@10: 0.03832
valid 	 N@20: 0.05945, R@20: 0.07184, P@20: 0.03228
valid 	 N@50: 0.08324, R@50: 0.1362, P@50: 0.02489

2022-06-21 04:00:50,390 - [INFO] - E:143|train_time: 42.13, VALID_time: 1.933, loss: -7.074, best_valid(recall@20): 0.07215
valid 	 N@10: 0.04913, R@10: 0.04284, P@10: 0.0382
valid 	 N@20: 0.05953, R@20: 0.07193, P@20: 0.03234
valid 	 N@50: 0.08337, R@50: 0.1365, P@50: 0.02492

2022-06-21 04:01:34,605 - [INFO] - E:144|train_time: 42.31, VALID_time: 1.812, loss: -7.147, best_valid(recall@20): 0.07215
valid 	 N@10: 0.04898, R@10: 0.04273, P@10: 0.03808
valid 	 N@20: 0.05955, R@20: 0.07206, P@20: 0.03241
valid 	 N@50: 0.08318, R@50: 0.136, P@50: 0.02487

2022-06-21 04:02:19,187 - [INFO] - E:145|train_time: 42.43, VALID_time: 2.029, loss: -6.816, best_valid(recall@20): 0.07215
valid 	 N@10: 0.04908, R@10: 0.04297, P@10: 0.03836
valid 	 N@20: 0.0594, R@20: 0.07186, P@20: 0.03237
valid 	 N@50: 0.08301, R@50: 0.1358, P@50: 0.02481

2022-06-21 04:03:03,535 - [INFO] - E:146|train_time: 42.29, VALID_time: 1.968, loss: -6.865, best_valid(recall@20): 0.07215
valid 	 N@10: 0.049, R@10: 0.04278, P@10: 0.03822
valid 	 N@20: 0.05942, R@20: 0.07191, P@20: 0.03236
valid 	 N@50: 0.08308, R@50: 0.136, P@50: 0.02484

2022-06-21 04:03:47,644 - [INFO] - E:147|train_time: 42.04, VALID_time: 1.957, loss: -6.682, best_valid(recall@20): 0.07215
valid 	 N@10: 0.04915, R@10: 0.04298, P@10: 0.03839
valid 	 N@20: 0.05956, R@20: 0.07209, P@20: 0.03242
valid 	 N@50: 0.08324, R@50: 0.1362, P@50: 0.02488

2022-06-21 04:04:33,090 - [INFO] - E:148|train_time: 42.71, VALID_time: 2.633, loss: -6.743, best_valid(recall@20): 0.07215
valid 	 N@10: 0.0492, R@10: 0.04294, P@10: 0.03828
valid 	 N@20: 0.05956, R@20: 0.07189, P@20: 0.03238
valid 	 N@50: 0.08327, R@50: 0.1362, P@50: 0.02484

2022-06-21 04:05:17,819 - [INFO] - E:149|train_time: 42.48, VALID_time: 2.116, loss: -6.682, best_valid(recall@20): 0.07215
valid 	 N@10: 0.04918, R@10: 0.04281, P@10: 0.03822
valid 	 N@20: 0.05952, R@20: 0.07185, P@20: 0.03231
valid 	 N@50: 0.08326, R@50: 0.1362, P@50: 0.02486

2022-06-21 04:06:02,827 - [INFO] - E:150|train_time: 42.95, VALID_time: 1.972, loss: -6.915, best_valid(recall@20): 0.07215
valid 	 N@10: 0.04921, R@10: 0.04302, P@10: 0.03836
valid 	 N@20: 0.05954, R@20: 0.07195, P@20: 0.03238
valid 	 N@50: 0.0833, R@50: 0.1363, P@50: 0.0249

2022-06-21 04:06:47,691 - [INFO] - E:151|train_time: 43.01, VALID_time: 1.745, loss: -6.788, best_valid(recall@20): 0.07215
valid 	 N@10: 0.04928, R@10: 0.04312, P@10: 0.03847
valid 	 N@20: 0.05959, R@20: 0.07209, P@20: 0.03242
valid 	 N@50: 0.08319, R@50: 0.136, P@50: 0.02485

2022-06-21 04:07:33,476 - [INFO] - E:152|train_time: 43.34, VALID_time: 2.291, loss: -6.898, best_valid(recall@20): 0.07215
valid 	 N@10: 0.04912, R@10: 0.04282, P@10: 0.03823
valid 	 N@20: 0.05953, R@20: 0.07189, P@20: 0.03236
valid 	 N@50: 0.08333, R@50: 0.1364, P@50: 0.02488

2022-06-21 04:08:19,236 - [INFO] - E:153|train_time: 43.63, VALID_time: 1.963, loss: -7.06, best_valid(recall@20): 0.07215
valid 	 N@10: 0.04914, R@10: 0.04277, P@10: 0.03821
valid 	 N@20: 0.05958, R@20: 0.07188, P@20: 0.03243
valid 	 N@50: 0.08322, R@50: 0.136, P@50: 0.02485

2022-06-21 04:09:06,411 - [INFO] - E:154|train_time: 44.94, VALID_time: 2.129, loss: -6.973, best_valid(recall@20): 0.07215
valid 	 N@10: 0.04914, R@10: 0.04285, P@10: 0.0383
valid 	 N@20: 0.05954, R@20: 0.07195, P@20: 0.03243
valid 	 N@50: 0.08316, R@50: 0.136, P@50: 0.02483

2022-06-21 04:09:54,148 - [INFO] - E:155|train_time: 45.21, VALID_time: 2.43, loss: -7.131, best_valid(recall@20): 0.07215
valid 	 N@10: 0.04923, R@10: 0.04286, P@10: 0.03827
valid 	 N@20: 0.0597, R@20: 0.07204, P@20: 0.03246
valid 	 N@50: 0.08322, R@50: 0.1359, P@50: 0.02479

2022-06-21 04:10:51,048 - [INFO] - E:156|train_time: 53.96, VALID_time: 2.816, loss: -6.826, best_valid(recall@20): 0.07215
valid 	 N@10: 0.04919, R@10: 0.04287, P@10: 0.03829
valid 	 N@20: 0.05968, R@20: 0.07215, P@20: 0.03253
valid 	 N@50: 0.08322, R@50: 0.1361, P@50: 0.02482

2022-06-21 04:11:49,387 - [INFO] - E:157|train_time: 55.86, VALID_time: 2.384, loss: -6.615, best_valid(recall@20): 0.07215
valid 	 N@10: 0.04911, R@10: 0.04284, P@10: 0.03825
valid 	 N@20: 0.05948, R@20: 0.07188, P@20: 0.03237
valid 	 N@50: 0.08314, R@50: 0.136, P@50: 0.02482

2022-06-21 04:12:46,015 - [INFO] - E:158|train_time: 53.92, VALID_time: 2.601, loss: -6.773, best_valid(recall@20): 0.07215
valid 	 N@10: 0.04906, R@10: 0.04278, P@10: 0.03825
valid 	 N@20: 0.05948, R@20: 0.07195, P@20: 0.03242
valid 	 N@50: 0.08306, R@50: 0.1359, P@50: 0.02482

2022-06-21 04:13:44,565 - [INFO] - E:159|train_time: 55.16, VALID_time: 3.259, loss: -6.773, best_valid(recall@20): 0.07215
valid 	 N@10: 0.04914, R@10: 0.04287, P@10: 0.03832
valid 	 N@20: 0.05965, R@20: 0.07215, P@20: 0.0325
valid 	 N@50: 0.08329, R@50: 0.1363, P@50: 0.0249

2022-06-21 04:14:42,234 - [INFO] - E:160|train_time: 55.17, VALID_time: 2.379, loss: -6.965, best_valid(recall@20): 0.07215
valid 	 N@10: 0.04938, R@10: 0.0431, P@10: 0.03847
valid 	 N@20: 0.05976, R@20: 0.07227, P@20: 0.03249
valid 	 N@50: 0.08327, R@50: 0.136, P@50: 0.02484

2022-06-21 04:15:39,130 - [INFO] - E:161|train_time: 54.11, VALID_time: 2.643, loss: -6.989, best_valid(recall@20): 0.07227
valid 	 N@10: 0.04915, R@10: 0.0429, P@10: 0.03825
valid 	 N@20: 0.05969, R@20: 0.0722, P@20: 0.03248
valid 	 N@50: 0.08323, R@50: 0.136, P@50: 0.02483

2022-06-21 04:16:36,555 - [INFO] - E:162|train_time: 54.07, VALID_time: 3.244, loss: -6.844, best_valid(recall@20): 0.07227
valid 	 N@10: 0.04903, R@10: 0.04287, P@10: 0.03816
valid 	 N@20: 0.05963, R@20: 0.07232, P@20: 0.03248
valid 	 N@50: 0.08321, R@50: 0.1362, P@50: 0.02487

2022-06-21 04:17:33,019 - [INFO] - E:163|train_time: 54.0, VALID_time: 2.327, loss: -6.646, best_valid(recall@20): 0.07232
valid 	 N@10: 0.04898, R@10: 0.04272, P@10: 0.03818
valid 	 N@20: 0.05948, R@20: 0.07196, P@20: 0.0324
valid 	 N@50: 0.08311, R@50: 0.136, P@50: 0.02484

2022-06-21 04:18:31,404 - [INFO] - E:164|train_time: 54.66, VALID_time: 3.572, loss: -6.866, best_valid(recall@20): 0.07232
valid 	 N@10: 0.0491, R@10: 0.04273, P@10: 0.03823
valid 	 N@20: 0.05971, R@20: 0.07233, P@20: 0.03251
valid 	 N@50: 0.08333, R@50: 0.1363, P@50: 0.02489

2022-06-21 04:19:28,666 - [INFO] - E:165|train_time: 53.73, VALID_time: 3.152, loss: -6.937, best_valid(recall@20): 0.07233
valid 	 N@10: 0.04893, R@10: 0.04269, P@10: 0.03815
valid 	 N@20: 0.05953, R@20: 0.07213, P@20: 0.03247
valid 	 N@50: 0.08323, R@50: 0.1363, P@50: 0.02489

2022-06-21 04:20:25,974 - [INFO] - E:166|train_time: 54.5, VALID_time: 2.653, loss: -7.094, best_valid(recall@20): 0.07233
valid 	 N@10: 0.04902, R@10: 0.04295, P@10: 0.03829
valid 	 N@20: 0.05957, R@20: 0.07228, P@20: 0.03252
valid 	 N@50: 0.08309, R@50: 0.1359, P@50: 0.02486

2022-06-21 04:21:23,414 - [INFO] - E:167|train_time: 54.67, VALID_time: 2.635, loss: -6.854, best_valid(recall@20): 0.07233
valid 	 N@10: 0.04902, R@10: 0.04277, P@10: 0.03819
valid 	 N@20: 0.05945, R@20: 0.07191, P@20: 0.03236
valid 	 N@50: 0.0833, R@50: 0.1364, P@50: 0.02494

2022-06-21 04:22:20,336 - [INFO] - E:168|train_time: 54.06, VALID_time: 2.734, loss: -6.887, best_valid(recall@20): 0.07233
valid 	 N@10: 0.04897, R@10: 0.04289, P@10: 0.03822
valid 	 N@20: 0.05952, R@20: 0.07212, P@20: 0.03249
valid 	 N@50: 0.08319, R@50: 0.1362, P@50: 0.02491

2022-06-21 04:23:17,139 - [INFO] - E:169|train_time: 54.23, VALID_time: 2.463, loss: -6.812, best_valid(recall@20): 0.07233
valid 	 N@10: 0.04899, R@10: 0.04267, P@10: 0.03816
valid 	 N@20: 0.05951, R@20: 0.0719, P@20: 0.03243
valid 	 N@50: 0.08316, R@50: 0.1359, P@50: 0.02487

2022-06-21 04:24:14,380 - [INFO] - E:170|train_time: 53.75, VALID_time: 3.408, loss: -6.946, best_valid(recall@20): 0.07233
valid 	 N@10: 0.04913, R@10: 0.04275, P@10: 0.03823
valid 	 N@20: 0.05959, R@20: 0.07205, P@20: 0.03238
valid 	 N@50: 0.08332, R@50: 0.1362, P@50: 0.0249

2022-06-21 04:25:10,716 - [INFO] - E:171|train_time: 53.02, VALID_time: 3.222, loss: -6.687, best_valid(recall@20): 0.07233
valid 	 N@10: 0.04897, R@10: 0.04276, P@10: 0.03821
valid 	 N@20: 0.05951, R@20: 0.07211, P@20: 0.0325
valid 	 N@50: 0.08322, R@50: 0.1363, P@50: 0.02493

2022-06-21 04:26:07,425 - [INFO] - E:172|train_time: 53.8, VALID_time: 2.74, loss: -7.173, best_valid(recall@20): 0.07233
valid 	 N@10: 0.04908, R@10: 0.04285, P@10: 0.03824
valid 	 N@20: 0.05969, R@20: 0.07227, P@20: 0.03258
valid 	 N@50: 0.08317, R@50: 0.1359, P@50: 0.02485

2022-06-21 04:27:04,117 - [INFO] - E:173|train_time: 53.71, VALID_time: 2.846, loss: -6.76, best_valid(recall@20): 0.07233
valid 	 N@10: 0.04909, R@10: 0.04286, P@10: 0.03829
valid 	 N@20: 0.05958, R@20: 0.07216, P@20: 0.0325
valid 	 N@50: 0.08317, R@50: 0.1361, P@50: 0.02485

2022-06-21 04:28:01,086 - [INFO] - E:174|train_time: 53.94, VALID_time: 2.933, loss: -6.928, best_valid(recall@20): 0.07233
valid 	 N@10: 0.04917, R@10: 0.04298, P@10: 0.03841
valid 	 N@20: 0.05948, R@20: 0.07192, P@20: 0.03238
valid 	 N@50: 0.08323, R@50: 0.1362, P@50: 0.02488

2022-06-21 04:28:58,663 - [INFO] - E:175|train_time: 54.66, VALID_time: 2.749, loss: -7.085, best_valid(recall@20): 0.07233
valid 	 N@10: 0.04901, R@10: 0.0429, P@10: 0.03829
valid 	 N@20: 0.05956, R@20: 0.07223, P@20: 0.03253
valid 	 N@50: 0.08315, R@50: 0.1362, P@50: 0.02488

2022-06-21 04:29:55,426 - [INFO] - E:176|train_time: 54.19, VALID_time: 2.4, loss: -7.188, best_valid(recall@20): 0.07233
valid 	 N@10: 0.04911, R@10: 0.04294, P@10: 0.0383
valid 	 N@20: 0.05967, R@20: 0.07233, P@20: 0.03258
valid 	 N@50: 0.08318, R@50: 0.1361, P@50: 0.02487

2022-06-21 04:30:52,820 - [INFO] - E:177|train_time: 54.95, VALID_time: 2.294, loss: -6.638, best_valid(recall@20): 0.07233
valid 	 N@10: 0.04923, R@10: 0.04301, P@10: 0.03843
valid 	 N@20: 0.05957, R@20: 0.07203, P@20: 0.03249
valid 	 N@50: 0.08317, R@50: 0.1359, P@50: 0.02485

2022-06-21 04:31:49,365 - [INFO] - E:178|train_time: 53.97, VALID_time: 2.449, loss: -6.736, best_valid(recall@20): 0.07233
valid 	 N@10: 0.04915, R@10: 0.04296, P@10: 0.03828
valid 	 N@20: 0.0596, R@20: 0.07214, P@20: 0.03245
valid 	 N@50: 0.08321, R@50: 0.136, P@50: 0.02486

2022-06-21 04:32:45,127 - [INFO] - E:179|train_time: 53.44, VALID_time: 2.219, loss: -6.819, best_valid(recall@20): 0.07233
valid 	 N@10: 0.04901, R@10: 0.04287, P@10: 0.03826
valid 	 N@20: 0.05953, R@20: 0.0722, P@20: 0.03248
valid 	 N@50: 0.08317, R@50: 0.1362, P@50: 0.02488

2022-06-21 04:33:41,376 - [INFO] - E:180|train_time: 53.72, VALID_time: 2.414, loss: -6.82, best_valid(recall@20): 0.07233
valid 	 N@10: 0.0491, R@10: 0.04285, P@10: 0.03834
valid 	 N@20: 0.05948, R@20: 0.07199, P@20: 0.03235
valid 	 N@50: 0.08316, R@50: 0.136, P@50: 0.02486

2022-06-21 04:34:38,512 - [INFO] - E:181|train_time: 54.6, VALID_time: 2.409, loss: -6.91, best_valid(recall@20): 0.07233
valid 	 N@10: 0.04899, R@10: 0.04276, P@10: 0.03828
valid 	 N@20: 0.05954, R@20: 0.07218, P@20: 0.03252
valid 	 N@50: 0.08305, R@50: 0.1359, P@50: 0.02484

2022-06-21 04:35:35,340 - [INFO] - E:182|train_time: 53.63, VALID_time: 3.111, loss: -6.825, best_valid(recall@20): 0.07233
valid 	 N@10: 0.04899, R@10: 0.04283, P@10: 0.03822
valid 	 N@20: 0.05948, R@20: 0.07196, P@20: 0.03246
valid 	 N@50: 0.08311, R@50: 0.1361, P@50: 0.02485

2022-06-21 04:36:32,168 - [INFO] - E:183|train_time: 53.88, VALID_time: 2.753, loss: -6.868, best_valid(recall@20): 0.07233
valid 	 N@10: 0.04898, R@10: 0.04285, P@10: 0.03821
valid 	 N@20: 0.05945, R@20: 0.07197, P@20: 0.03239
valid 	 N@50: 0.08305, R@50: 0.1358, P@50: 0.02486

2022-06-21 04:37:29,210 - [INFO] - E:184|train_time: 54.14, VALID_time: 2.792, loss: -6.858, best_valid(recall@20): 0.07233
valid 	 N@10: 0.04915, R@10: 0.04291, P@10: 0.03828
valid 	 N@20: 0.05955, R@20: 0.07194, P@20: 0.0324
valid 	 N@50: 0.08322, R@50: 0.1361, P@50: 0.02485

2022-06-21 04:38:32,339 - [INFO] - E:185|train_time: 59.65, VALID_time: 3.34, loss: -6.905, best_valid(recall@20): 0.07233
valid 	 N@10: 0.04934, R@10: 0.04294, P@10: 0.03842
valid 	 N@20: 0.05971, R@20: 0.07208, P@20: 0.03242
valid 	 N@50: 0.08337, R@50: 0.1362, P@50: 0.02489

2022-06-21 04:39:32,040 - [INFO] - E:186|train_time: 56.67, VALID_time: 2.883, loss: -6.915, best_valid(recall@20): 0.07233
valid 	 N@10: 0.04915, R@10: 0.04275, P@10: 0.03822
valid 	 N@20: 0.05962, R@20: 0.07205, P@20: 0.0324
valid 	 N@50: 0.08338, R@50: 0.1364, P@50: 0.02491

2022-06-21 04:40:32,097 - [INFO] - E:187|train_time: 57.08, VALID_time: 2.831, loss: -6.806, best_valid(recall@20): 0.07233
valid 	 N@10: 0.04901, R@10: 0.04277, P@10: 0.03819
valid 	 N@20: 0.05965, R@20: 0.07226, P@20: 0.03255
valid 	 N@50: 0.08327, R@50: 0.1363, P@50: 0.02491

2022-06-21 04:41:34,053 - [INFO] - E:188|train_time: 57.45, VALID_time: 4.363, loss: -6.84, best_valid(recall@20): 0.07233
valid 	 N@10: 0.04897, R@10: 0.04261, P@10: 0.03812
valid 	 N@20: 0.0597, R@20: 0.07233, P@20: 0.03257
valid 	 N@50: 0.08327, R@50: 0.1363, P@50: 0.0249

2022-06-21 04:42:33,489 - [INFO] - E:189|train_time: 55.84, VALID_time: 3.39, loss: -6.725, best_valid(recall@20): 0.07233
valid 	 N@10: 0.04897, R@10: 0.04268, P@10: 0.03819
valid 	 N@20: 0.05966, R@20: 0.07236, P@20: 0.03257
valid 	 N@50: 0.0831, R@50: 0.1359, P@50: 0.02485

2022-06-21 04:43:29,102 - [INFO] - E:190|train_time: 53.28, VALID_time: 2.153, loss: -7.13, best_valid(recall@20): 0.07236
valid 	 N@10: 0.04908, R@10: 0.04273, P@10: 0.03815
valid 	 N@20: 0.05972, R@20: 0.07227, P@20: 0.03251
valid 	 N@50: 0.0832, R@50: 0.1359, P@50: 0.02483

2022-06-21 04:44:24,975 - [INFO] - E:191|train_time: 53.72, VALID_time: 2.002, loss: -6.802, best_valid(recall@20): 0.07236
valid 	 N@10: 0.04909, R@10: 0.04271, P@10: 0.03819
valid 	 N@20: 0.05969, R@20: 0.07211, P@20: 0.03252
valid 	 N@50: 0.08324, R@50: 0.136, P@50: 0.02487

2022-06-21 04:45:22,111 - [INFO] - E:192|train_time: 54.22, VALID_time: 2.805, loss: -6.692, best_valid(recall@20): 0.07236
valid 	 N@10: 0.04895, R@10: 0.04263, P@10: 0.03808
valid 	 N@20: 0.05962, R@20: 0.07214, P@20: 0.03252
valid 	 N@50: 0.08324, R@50: 0.1361, P@50: 0.02489

2022-06-21 04:46:20,124 - [INFO] - E:193|train_time: 55.36, VALID_time: 2.499, loss: -6.669, best_valid(recall@20): 0.07236
valid 	 N@10: 0.04903, R@10: 0.04287, P@10: 0.0382
valid 	 N@20: 0.05959, R@20: 0.07212, P@20: 0.03248
valid 	 N@50: 0.08321, R@50: 0.1361, P@50: 0.02487

2022-06-21 04:47:18,410 - [INFO] - E:194|train_time: 54.91, VALID_time: 3.268, loss: -6.928, best_valid(recall@20): 0.07236
valid 	 N@10: 0.049, R@10: 0.04275, P@10: 0.03807
valid 	 N@20: 0.05958, R@20: 0.0721, P@20: 0.03242
valid 	 N@50: 0.08328, R@50: 0.1362, P@50: 0.02491

2022-06-21 04:48:15,063 - [INFO] - E:195|train_time: 54.22, VALID_time: 2.293, loss: -7.262, best_valid(recall@20): 0.07236
valid 	 N@10: 0.04907, R@10: 0.04295, P@10: 0.03829
valid 	 N@20: 0.05945, R@20: 0.07197, P@20: 0.03238
valid 	 N@50: 0.08321, R@50: 0.1362, P@50: 0.02492

2022-06-21 04:49:12,755 - [INFO] - E:196|train_time: 54.65, VALID_time: 2.94, loss: -6.838, best_valid(recall@20): 0.07236
valid 	 N@10: 0.04905, R@10: 0.04279, P@10: 0.03817
valid 	 N@20: 0.05959, R@20: 0.07207, P@20: 0.03247
valid 	 N@50: 0.08326, R@50: 0.1361, P@50: 0.02491

2022-06-21 04:50:09,210 - [INFO] - E:197|train_time: 53.34, VALID_time: 2.959, loss: -7.111, best_valid(recall@20): 0.07236
valid 	 N@10: 0.04905, R@10: 0.04277, P@10: 0.03822
valid 	 N@20: 0.05944, R@20: 0.07184, P@20: 0.03235
valid 	 N@50: 0.08315, R@50: 0.136, P@50: 0.02486

2022-06-21 04:51:06,333 - [INFO] - E:198|train_time: 53.42, VALID_time: 3.597, loss: -6.906, best_valid(recall@20): 0.07236
valid 	 N@10: 0.04882, R@10: 0.0428, P@10: 0.03816
valid 	 N@20: 0.05937, R@20: 0.07207, P@20: 0.03243
valid 	 N@50: 0.08303, R@50: 0.1361, P@50: 0.02486

2022-06-21 04:52:02,570 - [INFO] - E:199|train_time: 54.01, VALID_time: 2.07, loss: -6.797, best_valid(recall@20): 0.07236
valid 	 N@10: 0.04895, R@10: 0.04277, P@10: 0.03814
valid 	 N@20: 0.05958, R@20: 0.07222, P@20: 0.0325
valid 	 N@50: 0.08317, R@50: 0.1361, P@50: 0.02487

2022-06-21 04:52:59,525 - [INFO] - E:200|train_time: 54.45, VALID_time: 2.423, loss: -6.78, best_valid(recall@20): 0.07236
valid 	 N@10: 0.04908, R@10: 0.04287, P@10: 0.0383
valid 	 N@20: 0.05965, R@20: 0.07229, P@20: 0.03256
valid 	 N@50: 0.08315, R@50: 0.136, P@50: 0.02485

2022-06-21 04:53:56,856 - [INFO] - E:201|train_time: 54.2, VALID_time: 2.986, loss: -6.878, best_valid(recall@20): 0.07236
valid 	 N@10: 0.04911, R@10: 0.04293, P@10: 0.0383
valid 	 N@20: 0.05965, R@20: 0.07227, P@20: 0.03253
valid 	 N@50: 0.08328, R@50: 0.1363, P@50: 0.02491

2022-06-21 04:54:53,121 - [INFO] - E:202|train_time: 54.25, VALID_time: 1.864, loss: -6.759, best_valid(recall@20): 0.07236
valid 	 N@10: 0.04887, R@10: 0.04269, P@10: 0.03811
valid 	 N@20: 0.05951, R@20: 0.07206, P@20: 0.03255
valid 	 N@50: 0.08307, R@50: 0.136, P@50: 0.02486

2022-06-21 04:55:49,807 - [INFO] - E:203|train_time: 54.39, VALID_time: 2.178, loss: -6.829, best_valid(recall@20): 0.07236
valid 	 N@10: 0.04906, R@10: 0.04296, P@10: 0.03826
valid 	 N@20: 0.05944, R@20: 0.07179, P@20: 0.03241
valid 	 N@50: 0.08322, R@50: 0.1363, P@50: 0.02491

2022-06-21 04:56:45,114 - [INFO] - E:204|train_time: 53.05, VALID_time: 2.169, loss: -6.788, best_valid(recall@20): 0.07236
valid 	 N@10: 0.04915, R@10: 0.04288, P@10: 0.0382
valid 	 N@20: 0.05957, R@20: 0.0718, P@20: 0.03247
valid 	 N@50: 0.08323, R@50: 0.1359, P@50: 0.02488

2022-06-21 04:57:41,683 - [INFO] - E:205|train_time: 53.44, VALID_time: 2.97, loss: -6.926, best_valid(recall@20): 0.07236
valid 	 N@10: 0.04921, R@10: 0.04305, P@10: 0.03833
valid 	 N@20: 0.05965, R@20: 0.07203, P@20: 0.03253
valid 	 N@50: 0.0833, R@50: 0.1362, P@50: 0.02489

2022-06-21 04:58:38,933 - [INFO] - E:206|train_time: 53.88, VALID_time: 3.247, loss: -6.792, best_valid(recall@20): 0.07236
valid 	 N@10: 0.04904, R@10: 0.04282, P@10: 0.03815
valid 	 N@20: 0.05966, R@20: 0.07223, P@20: 0.03259
valid 	 N@50: 0.0832, R@50: 0.1361, P@50: 0.02487

2022-06-21 04:59:35,251 - [INFO] - E:207|train_time: 53.37, VALID_time: 2.838, loss: -7.262, best_valid(recall@20): 0.07236
valid 	 N@10: 0.04913, R@10: 0.04315, P@10: 0.03834
valid 	 N@20: 0.05957, R@20: 0.07223, P@20: 0.03249
valid 	 N@50: 0.08319, R@50: 0.1362, P@50: 0.02489

2022-06-21 05:00:30,804 - [INFO] - E:208|train_time: 52.46, VALID_time: 2.913, loss: -6.882, best_valid(recall@20): 0.07236
valid 	 N@10: 0.04927, R@10: 0.0432, P@10: 0.03849
valid 	 N@20: 0.05961, R@20: 0.07213, P@20: 0.03253
valid 	 N@50: 0.08318, R@50: 0.136, P@50: 0.02487

2022-06-21 05:01:26,393 - [INFO] - E:209|train_time: 53.26, VALID_time: 2.234, loss: -6.91, best_valid(recall@20): 0.07236
valid 	 N@10: 0.04913, R@10: 0.04304, P@10: 0.03831
valid 	 N@20: 0.05948, R@20: 0.07186, P@20: 0.03244
valid 	 N@50: 0.08312, R@50: 0.136, P@50: 0.02484

2022-06-21 05:02:22,903 - [INFO] - E:210|train_time: 53.9, VALID_time: 2.489, loss: -7.029, best_valid(recall@20): 0.07236
valid 	 N@10: 0.04914, R@10: 0.0429, P@10: 0.03831
valid 	 N@20: 0.05961, R@20: 0.07209, P@20: 0.0325
valid 	 N@50: 0.08319, R@50: 0.136, P@50: 0.02487

2022-06-21 05:03:18,048 - [INFO] - E:211|train_time: 53.03, VALID_time: 2.0, loss: -6.8, best_valid(recall@20): 0.07236
valid 	 N@10: 0.04929, R@10: 0.04308, P@10: 0.03847
valid 	 N@20: 0.05962, R@20: 0.07203, P@20: 0.03245
valid 	 N@50: 0.08325, R@50: 0.1361, P@50: 0.02487

2022-06-21 05:04:14,331 - [INFO] - E:212|train_time: 53.55, VALID_time: 2.624, loss: -6.733, best_valid(recall@20): 0.07236
valid 	 N@10: 0.04902, R@10: 0.04264, P@10: 0.03807
valid 	 N@20: 0.05968, R@20: 0.07216, P@20: 0.03251
valid 	 N@50: 0.08327, R@50: 0.1361, P@50: 0.02488

2022-06-21 05:05:10,696 - [INFO] - E:213|train_time: 53.34, VALID_time: 2.908, loss: -6.93, best_valid(recall@20): 0.07236
valid 	 N@10: 0.04917, R@10: 0.04284, P@10: 0.03834
valid 	 N@20: 0.05955, R@20: 0.07195, P@20: 0.03241
valid 	 N@50: 0.08326, R@50: 0.1362, P@50: 0.02488

2022-06-21 05:06:01,106 - [INFO] - E:214|train_time: 48.04, VALID_time: 2.24, loss: -7.014, best_valid(recall@20): 0.07236
valid 	 N@10: 0.04909, R@10: 0.04275, P@10: 0.03823
valid 	 N@20: 0.0595, R@20: 0.07193, P@20: 0.03237
valid 	 N@50: 0.0832, R@50: 0.136, P@50: 0.02487

2022-06-21 05:06:49,018 - [INFO] - E:215|train_time: 45.66, VALID_time: 2.134, loss: -6.751, best_valid(recall@20): 0.07236
valid 	 N@10: 0.04902, R@10: 0.04282, P@10: 0.03821
valid 	 N@20: 0.05949, R@20: 0.07202, P@20: 0.0324
valid 	 N@50: 0.0832, R@50: 0.1362, P@50: 0.02489

2022-06-21 05:07:37,106 - [INFO] - E:216|train_time: 45.28, VALID_time: 2.707, loss: -6.914, best_valid(recall@20): 0.07236
valid 	 N@10: 0.04909, R@10: 0.0429, P@10: 0.03823
valid 	 N@20: 0.05956, R@20: 0.07214, P@20: 0.03242
valid 	 N@50: 0.08321, R@50: 0.1361, P@50: 0.02491

2022-06-21 05:08:24,521 - [INFO] - E:217|train_time: 45.5, VALID_time: 1.761, loss: -7.054, best_valid(recall@20): 0.07236
valid 	 N@10: 0.04913, R@10: 0.04293, P@10: 0.03833
valid 	 N@20: 0.05959, R@20: 0.07218, P@20: 0.03247
valid 	 N@50: 0.08319, R@50: 0.136, P@50: 0.02489

2022-06-21 05:09:12,965 - [INFO] - E:218|train_time: 45.45, VALID_time: 2.893, loss: -7.025, best_valid(recall@20): 0.07236
valid 	 N@10: 0.04929, R@10: 0.04297, P@10: 0.03839
valid 	 N@20: 0.05968, R@20: 0.07216, P@20: 0.03245
valid 	 N@50: 0.08334, R@50: 0.1362, P@50: 0.0249

2022-06-21 05:10:01,090 - [INFO] - E:219|train_time: 45.27, VALID_time: 2.689, loss: -6.817, best_valid(recall@20): 0.07236
valid 	 N@10: 0.04933, R@10: 0.04288, P@10: 0.0383
valid 	 N@20: 0.0599, R@20: 0.07245, P@20: 0.03255
valid 	 N@50: 0.0833, R@50: 0.1358, P@50: 0.02484

2022-06-21 05:10:50,130 - [INFO] - E:220|train_time: 46.33, VALID_time: 2.538, loss: -6.967, best_valid(recall@20): 0.07245
valid 	 N@10: 0.0492, R@10: 0.04283, P@10: 0.03821
valid 	 N@20: 0.05965, R@20: 0.07202, P@20: 0.03243
valid 	 N@50: 0.08323, R@50: 0.1358, P@50: 0.02487

2022-06-21 05:11:38,615 - [INFO] - E:221|train_time: 46.08, VALID_time: 2.289, loss: -6.888, best_valid(recall@20): 0.07245
valid 	 N@10: 0.04924, R@10: 0.04283, P@10: 0.03813
valid 	 N@20: 0.05972, R@20: 0.072, P@20: 0.03242
valid 	 N@50: 0.08336, R@50: 0.1361, P@50: 0.02485

2022-06-21 05:12:26,584 - [INFO] - E:222|train_time: 45.23, VALID_time: 2.645, loss: -6.934, best_valid(recall@20): 0.07245
valid 	 N@10: 0.04934, R@10: 0.04293, P@10: 0.03837
valid 	 N@20: 0.05973, R@20: 0.07206, P@20: 0.03248
valid 	 N@50: 0.08323, R@50: 0.1358, P@50: 0.02483

2022-06-21 05:13:14,318 - [INFO] - E:223|train_time: 45.52, VALID_time: 2.088, loss: -7.046, best_valid(recall@20): 0.07245
valid 	 N@10: 0.0495, R@10: 0.04314, P@10: 0.03845
valid 	 N@20: 0.05979, R@20: 0.07198, P@20: 0.03247
valid 	 N@50: 0.08343, R@50: 0.1361, P@50: 0.02487

2022-06-21 05:14:02,871 - [INFO] - E:224|train_time: 46.36, VALID_time: 2.101, loss: -6.895, best_valid(recall@20): 0.07245
valid 	 N@10: 0.04936, R@10: 0.04302, P@10: 0.03836
valid 	 N@20: 0.05976, R@20: 0.0721, P@20: 0.03252
valid 	 N@50: 0.08331, R@50: 0.1359, P@50: 0.02487

2022-06-21 05:14:50,567 - [INFO] - E:225|train_time: 45.44, VALID_time: 2.108, loss: -7.201, best_valid(recall@20): 0.07245
valid 	 N@10: 0.04936, R@10: 0.04313, P@10: 0.03841
valid 	 N@20: 0.05962, R@20: 0.07188, P@20: 0.0324
valid 	 N@50: 0.08328, R@50: 0.1359, P@50: 0.02487

2022-06-21 05:15:38,805 - [INFO] - E:226|train_time: 45.05, VALID_time: 3.113, loss: -6.937, best_valid(recall@20): 0.07245
valid 	 N@10: 0.04944, R@10: 0.04322, P@10: 0.03853
valid 	 N@20: 0.05967, R@20: 0.07199, P@20: 0.03243
valid 	 N@50: 0.0833, R@50: 0.1359, P@50: 0.02488

2022-06-21 05:16:27,959 - [INFO] - E:227|train_time: 45.75, VALID_time: 3.06, loss: -6.762, best_valid(recall@20): 0.07245
valid 	 N@10: 0.04922, R@10: 0.04311, P@10: 0.03833
valid 	 N@20: 0.05958, R@20: 0.07202, P@20: 0.03245
valid 	 N@50: 0.08314, R@50: 0.1357, P@50: 0.02486

2022-06-21 05:17:15,518 - [INFO] - E:228|train_time: 44.91, VALID_time: 2.463, loss: -6.69, best_valid(recall@20): 0.07245
valid 	 N@10: 0.04918, R@10: 0.04294, P@10: 0.03825
valid 	 N@20: 0.05968, R@20: 0.07209, P@20: 0.03253
valid 	 N@50: 0.08329, R@50: 0.136, P@50: 0.0249

2022-06-21 05:18:03,723 - [INFO] - E:229|train_time: 46.11, VALID_time: 1.985, loss: -6.693, best_valid(recall@20): 0.07245
valid 	 N@10: 0.04917, R@10: 0.04297, P@10: 0.03824
valid 	 N@20: 0.05962, R@20: 0.07217, P@20: 0.03243
valid 	 N@50: 0.08332, R@50: 0.1362, P@50: 0.02492

2022-06-21 05:18:53,315 - [INFO] - E:230|train_time: 46.24, VALID_time: 3.261, loss: -7.45, best_valid(recall@20): 0.07245
valid 	 N@10: 0.04933, R@10: 0.04316, P@10: 0.03846
valid 	 N@20: 0.05968, R@20: 0.07222, P@20: 0.03249
valid 	 N@50: 0.08327, R@50: 0.136, P@50: 0.02489

2022-06-21 05:19:40,774 - [INFO] - E:231|train_time: 45.48, VALID_time: 1.807, loss: -6.931, best_valid(recall@20): 0.07245
valid 	 N@10: 0.04923, R@10: 0.04297, P@10: 0.0383
valid 	 N@20: 0.05974, R@20: 0.07232, P@20: 0.03254
valid 	 N@50: 0.0833, R@50: 0.136, P@50: 0.0249

2022-06-21 05:20:28,647 - [INFO] - E:232|train_time: 44.97, VALID_time: 2.797, loss: -6.867, best_valid(recall@20): 0.07245
valid 	 N@10: 0.0492, R@10: 0.04305, P@10: 0.03832
valid 	 N@20: 0.05974, R@20: 0.07237, P@20: 0.03255
valid 	 N@50: 0.08336, R@50: 0.1363, P@50: 0.02491

2022-06-21 05:21:16,995 - [INFO] - E:233|train_time: 44.95, VALID_time: 3.274, loss: -6.752, best_valid(recall@20): 0.07245
valid 	 N@10: 0.0492, R@10: 0.04297, P@10: 0.03833
valid 	 N@20: 0.0598, R@20: 0.07244, P@20: 0.03261
valid 	 N@50: 0.08334, R@50: 0.1362, P@50: 0.0249

2022-06-21 05:22:05,468 - [INFO] - E:234|train_time: 45.64, VALID_time: 2.633, loss: -6.905, best_valid(recall@20): 0.07245
valid 	 N@10: 0.04922, R@10: 0.04292, P@10: 0.03828
valid 	 N@20: 0.05983, R@20: 0.07243, P@20: 0.03262
valid 	 N@50: 0.08326, R@50: 0.1359, P@50: 0.02485

2022-06-21 05:22:53,796 - [INFO] - E:235|train_time: 45.51, VALID_time: 2.659, loss: -6.751, best_valid(recall@20): 0.07245
valid 	 N@10: 0.0493, R@10: 0.04305, P@10: 0.0384
valid 	 N@20: 0.05976, R@20: 0.07224, P@20: 0.03257
valid 	 N@50: 0.08329, R@50: 0.136, P@50: 0.02487

2022-06-21 05:23:42,278 - [INFO] - E:236|train_time: 46.42, VALID_time: 1.931, loss: -6.946, best_valid(recall@20): 0.07245
valid 	 N@10: 0.04937, R@10: 0.04306, P@10: 0.03838
valid 	 N@20: 0.05981, R@20: 0.07229, P@20: 0.03253
valid 	 N@50: 0.08335, R@50: 0.136, P@50: 0.02488

2022-06-21 05:24:29,838 - [INFO] - E:237|train_time: 45.43, VALID_time: 2.008, loss: -6.985, best_valid(recall@20): 0.07245
valid 	 N@10: 0.04915, R@10: 0.04289, P@10: 0.03825
valid 	 N@20: 0.05963, R@20: 0.07207, P@20: 0.03247
valid 	 N@50: 0.08328, R@50: 0.1361, P@50: 0.02489

2022-06-21 05:25:18,764 - [INFO] - E:238|train_time: 46.22, VALID_time: 2.592, loss: -6.976, best_valid(recall@20): 0.07245
valid 	 N@10: 0.04917, R@10: 0.04284, P@10: 0.03832
valid 	 N@20: 0.05961, R@20: 0.07205, P@20: 0.03249
valid 	 N@50: 0.08328, R@50: 0.1362, P@50: 0.02491

2022-06-21 05:26:07,762 - [INFO] - E:239|train_time: 45.94, VALID_time: 2.965, loss: -6.968, best_valid(recall@20): 0.07245
valid 	 N@10: 0.04914, R@10: 0.04284, P@10: 0.03822
valid 	 N@20: 0.05967, R@20: 0.07214, P@20: 0.03253
valid 	 N@50: 0.0833, R@50: 0.1362, P@50: 0.02491

2022-06-21 05:26:56,761 - [INFO] - E:240|train_time: 46.61, VALID_time: 2.265, loss: -6.949, best_valid(recall@20): 0.07245
valid 	 N@10: 0.04931, R@10: 0.04314, P@10: 0.03837
valid 	 N@20: 0.05964, R@20: 0.07201, P@20: 0.03248
valid 	 N@50: 0.08336, R@50: 0.1363, P@50: 0.0249

2022-06-21 05:27:44,439 - [INFO] - E:241|train_time: 45.17, VALID_time: 2.405, loss: -6.718, best_valid(recall@20): 0.07245
valid 	 N@10: 0.04942, R@10: 0.04322, P@10: 0.03852
valid 	 N@20: 0.05969, R@20: 0.07208, P@20: 0.03247
valid 	 N@50: 0.08329, R@50: 0.136, P@50: 0.02486

2022-06-21 05:28:32,528 - [INFO] - E:242|train_time: 45.86, VALID_time: 2.074, loss: -6.961, best_valid(recall@20): 0.07245
valid 	 N@10: 0.04934, R@10: 0.04306, P@10: 0.03834
valid 	 N@20: 0.05974, R@20: 0.07216, P@20: 0.03248
valid 	 N@50: 0.08333, R@50: 0.1361, P@50: 0.02486

2022-06-21 05:29:20,224 - [INFO] - E:243|train_time: 45.39, VALID_time: 2.154, loss: -6.916, best_valid(recall@20): 0.07245
valid 	 N@10: 0.04933, R@10: 0.04313, P@10: 0.03839
valid 	 N@20: 0.05966, R@20: 0.07203, P@20: 0.03248
valid 	 N@50: 0.08337, R@50: 0.1363, P@50: 0.0249

2022-06-21 05:30:07,672 - [INFO] - E:244|train_time: 45.53, VALID_time: 1.837, loss: -6.733, best_valid(recall@20): 0.07245
valid 	 N@10: 0.04935, R@10: 0.04305, P@10: 0.03837
valid 	 N@20: 0.05972, R@20: 0.07203, P@20: 0.03248
valid 	 N@50: 0.08331, R@50: 0.1359, P@50: 0.02486

2022-06-21 05:30:55,920 - [INFO] - E:245|train_time: 45.71, VALID_time: 2.405, loss: -6.906, best_valid(recall@20): 0.07245
valid 	 N@10: 0.0492, R@10: 0.0428, P@10: 0.03822
valid 	 N@20: 0.05961, R@20: 0.07187, P@20: 0.03242
valid 	 N@50: 0.08337, R@50: 0.1363, P@50: 0.02488

2022-06-21 05:31:43,717 - [INFO] - E:246|train_time: 45.82, VALID_time: 1.857, loss: -6.777, best_valid(recall@20): 0.07245
valid 	 N@10: 0.04927, R@10: 0.04313, P@10: 0.03839
valid 	 N@20: 0.05961, R@20: 0.07204, P@20: 0.03246
valid 	 N@50: 0.08326, R@50: 0.1361, P@50: 0.02488

2022-06-21 05:32:31,417 - [INFO] - E:247|train_time: 45.35, VALID_time: 2.223, loss: -7.141, best_valid(recall@20): 0.07245
valid 	 N@10: 0.04906, R@10: 0.04303, P@10: 0.03824
valid 	 N@20: 0.05953, R@20: 0.07209, P@20: 0.03248
valid 	 N@50: 0.08311, R@50: 0.1359, P@50: 0.02486

2022-06-21 05:33:19,137 - [INFO] - E:248|train_time: 44.7, VALID_time: 2.912, loss: -7.028, best_valid(recall@20): 0.07245
valid 	 N@10: 0.04913, R@10: 0.04294, P@10: 0.03824
valid 	 N@20: 0.05956, R@20: 0.07194, P@20: 0.03246
valid 	 N@50: 0.08324, R@50: 0.1361, P@50: 0.02489

2022-06-21 05:34:11,881 - [INFO] - E:249|train_time: 49.58, VALID_time: 2.989, loss: -6.988, best_valid(recall@20): 0.07245
valid 	 N@10: 0.04907, R@10: 0.04283, P@10: 0.03819
valid 	 N@20: 0.05954, R@20: 0.07199, P@20: 0.03246
valid 	 N@50: 0.08309, R@50: 0.1358, P@50: 0.02484

2022-06-21 05:35:04,488 - [INFO] - E:250|train_time: 48.58, VALID_time: 3.865, loss: -7.128, best_valid(recall@20): 0.07245
valid 	 N@10: 0.04916, R@10: 0.04293, P@10: 0.03833
valid 	 N@20: 0.05948, R@20: 0.0718, P@20: 0.0324
valid 	 N@50: 0.08317, R@50: 0.136, P@50: 0.02486

2022-06-21 05:35:55,412 - [INFO] - E:251|train_time: 46.96, VALID_time: 3.73, loss: -6.985, best_valid(recall@20): 0.07245
valid 	 N@10: 0.04927, R@10: 0.04307, P@10: 0.03838
valid 	 N@20: 0.05953, R@20: 0.07178, P@20: 0.03239
valid 	 N@50: 0.08322, R@50: 0.136, P@50: 0.02485

2022-06-21 05:36:47,471 - [INFO] - E:252|train_time: 48.79, VALID_time: 3.061, loss: -6.914, best_valid(recall@20): 0.07245
valid 	 N@10: 0.04926, R@10: 0.04316, P@10: 0.0384
valid 	 N@20: 0.05943, R@20: 0.07161, P@20: 0.03231
valid 	 N@50: 0.08318, R@50: 0.1359, P@50: 0.02484

2022-06-21 05:37:38,329 - [INFO] - E:253|train_time: 48.67, VALID_time: 2.023, loss: -6.793, best_valid(recall@20): 0.07245
valid 	 N@10: 0.04921, R@10: 0.04305, P@10: 0.03834
valid 	 N@20: 0.05966, R@20: 0.07212, P@20: 0.03252
valid 	 N@50: 0.08318, R@50: 0.1359, P@50: 0.02484

2022-06-21 05:38:28,894 - [INFO] - E:254|train_time: 47.39, VALID_time: 3.045, loss: -7.083, best_valid(recall@20): 0.07245
valid 	 N@10: 0.04918, R@10: 0.04304, P@10: 0.03836
valid 	 N@20: 0.0596, R@20: 0.07212, P@20: 0.03249
valid 	 N@50: 0.08317, R@50: 0.136, P@50: 0.02486

2022-06-21 05:39:16,901 - [INFO] - E:255|train_time: 45.45, VALID_time: 2.418, loss: -6.804, best_valid(recall@20): 0.07245
valid 	 N@10: 0.0492, R@10: 0.04303, P@10: 0.0383
valid 	 N@20: 0.05955, R@20: 0.07193, P@20: 0.03242
valid 	 N@50: 0.0833, R@50: 0.1363, P@50: 0.02489

2022-06-21 05:40:05,715 - [INFO] - E:256|train_time: 46.05, VALID_time: 2.571, loss: -6.928, best_valid(recall@20): 0.07245
valid 	 N@10: 0.04928, R@10: 0.04315, P@10: 0.03848
valid 	 N@20: 0.05944, R@20: 0.07172, P@20: 0.03235
valid 	 N@50: 0.08323, R@50: 0.1361, P@50: 0.02489

2022-06-21 05:40:54,356 - [INFO] - E:257|train_time: 46.41, VALID_time: 2.132, loss: -6.94, best_valid(recall@20): 0.07245
valid 	 N@10: 0.04939, R@10: 0.04329, P@10: 0.03857
valid 	 N@20: 0.05963, R@20: 0.07204, P@20: 0.03244
valid 	 N@50: 0.08323, R@50: 0.1359, P@50: 0.02486

2022-06-21 05:41:43,058 - [INFO] - E:258|train_time: 46.48, VALID_time: 2.095, loss: -6.97, best_valid(recall@20): 0.07245
valid 	 N@10: 0.04927, R@10: 0.04305, P@10: 0.03842
valid 	 N@20: 0.05954, R@20: 0.07191, P@20: 0.03239
valid 	 N@50: 0.0832, R@50: 0.1359, P@50: 0.02486

2022-06-21 05:42:30,213 - [INFO] - E:259|train_time: 44.38, VALID_time: 2.615, loss: -7.157, best_valid(recall@20): 0.07245
valid 	 N@10: 0.04919, R@10: 0.04315, P@10: 0.03835
valid 	 N@20: 0.05944, R@20: 0.07178, P@20: 0.03238
valid 	 N@50: 0.0832, R@50: 0.1361, P@50: 0.02488

2022-06-21 05:43:18,013 - [INFO] - E:260|train_time: 45.24, VALID_time: 2.454, loss: -6.853, best_valid(recall@20): 0.07245
valid 	 N@10: 0.04931, R@10: 0.04312, P@10: 0.03834
valid 	 N@20: 0.05968, R@20: 0.0721, P@20: 0.03244
valid 	 N@50: 0.08326, R@50: 0.136, P@50: 0.02486

2022-06-21 05:44:07,095 - [INFO] - E:261|train_time: 46.26, VALID_time: 2.688, loss: -6.865, best_valid(recall@20): 0.07245
valid 	 N@10: 0.04951, R@10: 0.04334, P@10: 0.03858
valid 	 N@20: 0.05966, R@20: 0.07199, P@20: 0.03241
valid 	 N@50: 0.08334, R@50: 0.1361, P@50: 0.02487

2022-06-21 05:44:55,793 - [INFO] - E:262|train_time: 46.09, VALID_time: 2.462, loss: -6.708, best_valid(recall@20): 0.07245
valid 	 N@10: 0.04923, R@10: 0.04316, P@10: 0.03842
valid 	 N@20: 0.05961, R@20: 0.07214, P@20: 0.03253
valid 	 N@50: 0.08334, R@50: 0.1364, P@50: 0.02496

2022-06-21 05:45:43,098 - [INFO] - E:263|train_time: 44.81, VALID_time: 2.395, loss: -7.157, best_valid(recall@20): 0.07245
valid 	 N@10: 0.04933, R@10: 0.04324, P@10: 0.0385
valid 	 N@20: 0.05961, R@20: 0.07202, P@20: 0.03249
valid 	 N@50: 0.08329, R@50: 0.1362, P@50: 0.0249

2022-06-21 05:46:30,972 - [INFO] - E:264|train_time: 45.59, VALID_time: 2.139, loss: -6.966, best_valid(recall@20): 0.07245
valid 	 N@10: 0.0494, R@10: 0.04311, P@10: 0.03844
valid 	 N@20: 0.05968, R@20: 0.07191, P@20: 0.03245
valid 	 N@50: 0.08333, R@50: 0.136, P@50: 0.02488

2022-06-21 05:47:18,720 - [INFO] - E:265|train_time: 45.75, VALID_time: 1.903, loss: -6.908, best_valid(recall@20): 0.07245
valid 	 N@10: 0.0493, R@10: 0.04316, P@10: 0.0383
valid 	 N@20: 0.05968, R@20: 0.072, P@20: 0.03246
valid 	 N@50: 0.08339, R@50: 0.1362, P@50: 0.02491

2022-06-21 05:48:08,051 - [INFO] - E:266|train_time: 47.05, VALID_time: 2.151, loss: -6.996, best_valid(recall@20): 0.07245
valid 	 N@10: 0.0491, R@10: 0.04303, P@10: 0.03827
valid 	 N@20: 0.05948, R@20: 0.07185, P@20: 0.03242
valid 	 N@50: 0.08332, R@50: 0.1364, P@50: 0.02493

2022-06-21 05:48:55,983 - [INFO] - E:267|train_time: 44.92, VALID_time: 2.882, loss: -6.761, best_valid(recall@20): 0.07245
valid 	 N@10: 0.04937, R@10: 0.04326, P@10: 0.03846
valid 	 N@20: 0.05958, R@20: 0.07185, P@20: 0.03239
valid 	 N@50: 0.0833, R@50: 0.136, P@50: 0.02488

2022-06-21 05:49:43,582 - [INFO] - E:268|train_time: 44.88, VALID_time: 2.564, loss: -6.803, best_valid(recall@20): 0.07245
valid 	 N@10: 0.04943, R@10: 0.04325, P@10: 0.03852
valid 	 N@20: 0.05963, R@20: 0.07189, P@20: 0.03243
valid 	 N@50: 0.08328, R@50: 0.136, P@50: 0.02485

2022-06-21 05:50:31,089 - [INFO] - E:269|train_time: 45.12, VALID_time: 2.228, loss: -6.987, best_valid(recall@20): 0.07245
valid 	 N@10: 0.04931, R@10: 0.04318, P@10: 0.03842
valid 	 N@20: 0.05955, R@20: 0.07188, P@20: 0.0324
valid 	 N@50: 0.08313, R@50: 0.1357, P@50: 0.02482

2022-06-21 05:51:19,327 - [INFO] - E:270|train_time: 44.96, VALID_time: 3.167, loss: -7.131, best_valid(recall@20): 0.07245
valid 	 N@10: 0.04924, R@10: 0.04322, P@10: 0.03839
valid 	 N@20: 0.05957, R@20: 0.07204, P@20: 0.03244
valid 	 N@50: 0.08323, R@50: 0.1361, P@50: 0.0249

2022-06-21 05:51:19,327 - [INFO] - start to test!!

2022-06-21 05:51:20,598 - [INFO] - 
TEST 	 N@10: 0.04933, R@10: 0.04288, P@10: 0.0383
TEST 	 N@20: 0.0599, R@20: 0.07245, P@20: 0.03255
TEST 	 N@50: 0.0833, R@50: 0.1358, P@50: 0.02484

